#
# There is insufficient memory for the Java Runtime Environment to continue.
# Native memory allocation (malloc) failed to allocate 1048576 bytes. Error detail: AllocateHeap
# Possible reasons:
#   The system is out of physical RAM or swap space
#   This process is running with CompressedOops enabled, and the Java Heap may be blocking the growth of the native heap
# Possible solutions:
#   Reduce memory load on the system
#   Increase physical memory or swap space
#   Check if swap backing store is full
#   Decrease Java heap size (-Xmx/-Xms)
#   Decrease number of Java threads
#   Decrease Java thread stack sizes (-Xss)
#   Set larger code cache with -XX:ReservedCodeCacheSize=
#   JVM is running with Unscaled Compressed Oops mode in which the Java heap is
#     placed in the first 4GB address space. The Java Heap base address is the
#     maximum limit for the native heap growth. Please use -XX:HeapBaseMinAddress
#     to set the Java Heap base and to place the Java Heap above 4GB virtual address.
# This output file may be truncated or incomplete.
#
#  Out of Memory Error (allocation.cpp:44), pid=16272, tid=25140
#
# JRE version: OpenJDK Runtime Environment Temurin-21.0.8+9 (21.0.8+9) (build 21.0.8+9-LTS)
# Java VM: OpenJDK 64-Bit Server VM Temurin-21.0.8+9 (21.0.8+9-LTS, mixed mode, sharing, tiered, compressed oops, compressed class ptrs, parallel gc, windows-amd64)
# No core dump will be written. Minidumps are not enabled by default on client versions of Windows
#

---------------  S U M M A R Y ------------

Command Line: --add-modules=ALL-SYSTEM --add-opens=java.base/java.util=ALL-UNNAMED --add-opens=java.base/java.lang=ALL-UNNAMED --add-opens=java.base/sun.nio.fs=ALL-UNNAMED -Declipse.application=org.eclipse.jdt.ls.core.id1 -Dosgi.bundles.defaultStartLevel=4 -Declipse.product=org.eclipse.jdt.ls.core.product -Djava.import.generatesMetadataFilesAtProjectRoot=false -DDetectVMInstallationsJob.disabled=true -Dfile.encoding=utf8 -XX:+UseParallelGC -XX:GCTimeRatio=4 -XX:AdaptiveSizePolicyWeight=90 -Dsun.zip.disableMemoryMapping=true -Xmx2G -Xms100m -Xlog:disable -javaagent:c:\Users\Shreyansh Bhardwaj\.vscode\extensions\redhat.java-1.44.0-win32-x64\lombok\lombok-1.18.39-4050.jar -XX:+HeapDumpOnOutOfMemoryError -XX:HeapDumpPath=c:\Users\Shreyansh Bhardwaj\AppData\Roaming\Code\User\workspaceStorage\78c7e8b256210418a5575d8a2d98ab2c\redhat.java -Daether.dependencyCollector.impl=bf c:\Users\Shreyansh Bhardwaj\.vscode\extensions\redhat.java-1.44.0-win32-x64\server\plugins\org.eclipse.equinox.launcher_1.7.0.v20250519-0528.jar -configuration c:\Users\Shreyansh Bhardwaj\AppData\Roaming\Code\User\globalStorage\redhat.java\1.44.0\config_win -data c:\Users\Shreyansh Bhardwaj\AppData\Roaming\Code\User\workspaceStorage\78c7e8b256210418a5575d8a2d98ab2c\redhat.java\jdt_ws --pipe=\\.\pipe\lsp-42529f3acf770e6eb105e7e2401f3360-sock

Host: AMD Ryzen 5 5600H with Radeon Graphics         , 12 cores, 7G,  Windows 11 , 64 bit Build 22621 (10.0.22621.5415)
Time: Wed Aug  6 22:44:55 2025 India Standard Time elapsed time: 24853.174779 seconds (0d 6h 54m 13s)

---------------  T H R E A D  ---------------

Current thread (0x000001d3510c7f50):  JavaThread "Attach Listener" daemon [_thread_in_vm, id=25140, stack(0x000000571d100000,0x000000571d200000) (1024K)]

Stack: [0x000000571d100000,0x000000571d200000]
Native frames: (J=compiled Java code, j=interpreted, Vv=VM code, C=native code)
V  [jvm.dll+0x6d2449]
V  [jvm.dll+0x8ae341]
V  [jvm.dll+0x8b08be]
V  [jvm.dll+0x8b0fa3]
V  [jvm.dll+0x280c96]
V  [jvm.dll+0xc0347]
V  [jvm.dll+0x6d2cf9]
V  [jvm.dll+0x131116]
V  [jvm.dll+0x3f2d16]
V  [jvm.dll+0x857e6b]
V  [jvm.dll+0x6d0b0d]
C  [ucrtbase.dll+0x29333]
C  [KERNEL32.DLL+0x1259d]
C  [ntdll.dll+0x5af78]


---------------  P R O C E S S  ---------------

Threads class SMR info:
_java_thread_list=0x000001d373100d30, length=39, elements={
0x000001d351022110, 0x000001d3510c73a0, 0x000001d367abbf50, 0x000001d367abe030,
0x000001d3510c7f50, 0x000001d3510c8b00, 0x000001d3510ca560, 0x000001d3510cb2e0,
0x000001d368e4f0e0, 0x000001d368ecd6c0, 0x000001d3691771f0, 0x000001d36e5bc190,
0x000001d36e31b9a0, 0x000001d36e3a3870, 0x000001d36e3a3ed0, 0x000001d36eaf53d0,
0x000001d36ecd8c90, 0x000001d36e5fe8a0, 0x000001d36e5fe210, 0x000001d36e5ff5c0,
0x000001d36e5ffc50, 0x000001d36e601000, 0x000001d3701a19f0, 0x000001d3701a2da0,
0x000001d3701a5500, 0x000001d3701a7c60, 0x000001d3701a3ac0, 0x000001d3701a2080,
0x000001d3701a8980, 0x000001d3701a9010, 0x000001d3701a82f0, 0x000001d3701a4150,
0x000001d3701a68b0, 0x000001d3701a47e0, 0x000001d3701a75d0, 0x000001d3701a2710,
0x000001d3701a3430, 0x000001d3701a6220, 0x000001d373212650
}

Java Threads: ( => current thread )
  0x000001d351022110 JavaThread "main"                              [_thread_blocked, id=24448, stack(0x000000571ca00000,0x000000571cb00000) (1024K)]
  0x000001d3510c73a0 JavaThread "Reference Handler"          daemon [_thread_blocked, id=4272, stack(0x000000571ce00000,0x000000571cf00000) (1024K)]
  0x000001d367abbf50 JavaThread "Finalizer"                  daemon [_thread_blocked, id=17820, stack(0x000000571cf00000,0x000000571d000000) (1024K)]
  0x000001d367abe030 JavaThread "Signal Dispatcher"          daemon [_thread_blocked, id=9792, stack(0x000000571d000000,0x000000571d100000) (1024K)]
=>0x000001d3510c7f50 JavaThread "Attach Listener"            daemon [_thread_in_vm, id=25140, stack(0x000000571d100000,0x000000571d200000) (1024K)]
  0x000001d3510c8b00 JavaThread "Service Thread"             daemon [_thread_blocked, id=8620, stack(0x000000571d200000,0x000000571d300000) (1024K)]
  0x000001d3510ca560 JavaThread "Monitor Deflation Thread"   daemon [_thread_blocked, id=16620, stack(0x000000571d300000,0x000000571d400000) (1024K)]
  0x000001d3510cb2e0 JavaThread "C2 CompilerThread0"         daemon [_thread_blocked, id=16712, stack(0x000000571d400000,0x000000571d500000) (1024K)]
  0x000001d368e4f0e0 JavaThread "C1 CompilerThread0"         daemon [_thread_blocked, id=15104, stack(0x000000571d500000,0x000000571d600000) (1024K)]
  0x000001d368ecd6c0 JavaThread "Common-Cleaner"             daemon [_thread_blocked, id=4332, stack(0x000000571d600000,0x000000571d700000) (1024K)]
  0x000001d3691771f0 JavaThread "Notification Thread"        daemon [_thread_blocked, id=2588, stack(0x000000571d700000,0x000000571d800000) (1024K)]
  0x000001d36e5bc190 JavaThread "Active Thread: Equinox Container: ef605964-7b43-4587-8b2a-adfd78f9a8d5"        [_thread_blocked, id=24452, stack(0x000000571de00000,0x000000571df00000) (1024K)]
  0x000001d36e31b9a0 JavaThread "Refresh Thread: Equinox Container: ef605964-7b43-4587-8b2a-adfd78f9a8d5" daemon [_thread_blocked, id=18600, stack(0x000000571e000000,0x000000571e100000) (1024K)]
  0x000001d36e3a3870 JavaThread "Framework Event Dispatcher: Equinox Container: ef605964-7b43-4587-8b2a-adfd78f9a8d5" daemon [_thread_blocked, id=27092, stack(0x000000571e100000,0x000000571e200000) (1024K)]
  0x000001d36e3a3ed0 JavaThread "Start Level: Equinox Container: ef605964-7b43-4587-8b2a-adfd78f9a8d5" daemon [_thread_blocked, id=22776, stack(0x000000571e200000,0x000000571e300000) (1024K)]
  0x000001d36eaf53d0 JavaThread "Bundle File Closer"         daemon [_thread_blocked, id=10092, stack(0x000000571e500000,0x000000571e600000) (1024K)]
  0x000001d36ecd8c90 JavaThread "SCR Component Actor"        daemon [_thread_blocked, id=25012, stack(0x000000571e600000,0x000000571e700000) (1024K)]
  0x000001d36e5fe8a0 JavaThread "Worker-JM"                         [_thread_blocked, id=26296, stack(0x000000571e800000,0x000000571e900000) (1024K)]
  0x000001d36e5fe210 JavaThread "JNA Cleaner"                daemon [_thread_blocked, id=20992, stack(0x000000571e900000,0x000000571ea00000) (1024K)]
  0x000001d36e5ff5c0 JavaThread "Worker-2"                          [_thread_blocked, id=27372, stack(0x000000571ed00000,0x000000571ee00000) (1024K)]
  0x000001d36e5ffc50 JavaThread "Java indexing"              daemon [_thread_blocked, id=17428, stack(0x000000571ee00000,0x000000571ef00000) (1024K)]
  0x000001d36e601000 JavaThread "Thread-2"                   daemon [_thread_in_native, id=12332, stack(0x000000571f100000,0x000000571f200000) (1024K)]
  0x000001d3701a19f0 JavaThread "Thread-3"                   daemon [_thread_in_native, id=18820, stack(0x000000571f200000,0x000000571f300000) (1024K)]
  0x000001d3701a2da0 JavaThread "Thread-4"                   daemon [_thread_in_native, id=17748, stack(0x000000571f300000,0x000000571f400000) (1024K)]
  0x000001d3701a5500 JavaThread "Thread-5"                   daemon [_thread_in_native, id=13804, stack(0x000000571f400000,0x000000571f500000) (1024K)]
  0x000001d3701a7c60 JavaThread "Thread-6"                   daemon [_thread_in_native, id=20544, stack(0x000000571f500000,0x000000571f600000) (1024K)]
  0x000001d3701a3ac0 JavaThread "Thread-7"                   daemon [_thread_in_native, id=10196, stack(0x000000571f600000,0x000000571f700000) (1024K)]
  0x000001d3701a2080 JavaThread "Thread-8"                   daemon [_thread_in_native, id=27140, stack(0x000000571f700000,0x000000571f800000) (1024K)]
  0x000001d3701a8980 JavaThread "Thread-9"                   daemon [_thread_in_native, id=3576, stack(0x000000571f800000,0x000000571f900000) (1024K)]
  0x000001d3701a9010 JavaThread "Thread-10"                  daemon [_thread_in_native, id=24340, stack(0x000000571f900000,0x000000571fa00000) (1024K)]
  0x000001d3701a82f0 JavaThread "Thread-11"                  daemon [_thread_in_native, id=27528, stack(0x000000571fa00000,0x000000571fb00000) (1024K)]
  0x000001d3701a4150 JavaThread "Thread-12"                  daemon [_thread_in_native, id=25496, stack(0x000000571fb00000,0x000000571fc00000) (1024K)]
  0x000001d3701a68b0 JavaThread "Thread-13"                  daemon [_thread_in_native, id=13408, stack(0x000000571fc00000,0x000000571fd00000) (1024K)]
  0x000001d3701a47e0 JavaThread "Thread-14"                  daemon [_thread_in_native, id=26204, stack(0x000000571fd00000,0x000000571fe00000) (1024K)]
  0x000001d3701a75d0 JavaThread "pool-2-thread-1"                   [_thread_blocked, id=12872, stack(0x000000571fe00000,0x000000571ff00000) (1024K)]
  0x000001d3701a2710 JavaThread "WorkspaceEventsHandler"            [_thread_blocked, id=18728, stack(0x000000571ff00000,0x0000005720000000) (1024K)]
  0x000001d3701a3430 JavaThread "pool-1-thread-1"                   [_thread_blocked, id=9916, stack(0x0000005720000000,0x0000005720100000) (1024K)]
  0x000001d3701a6220 JavaThread "Worker-5"                          [_thread_blocked, id=712, stack(0x0000005720100000,0x0000005720200000) (1024K)]
  0x000001d373212650 JavaThread "Cleaner-0"                  daemon [_thread_blocked, id=18292, stack(0x0000005720600000,0x0000005720700000) (1024K)]
Total: 39

Other Threads:
  0x000001d3510c28c0 VMThread "VM Thread"                           [id=21644, stack(0x000000571cd00000,0x000000571ce00000) (1024K)]
  0x000001d351090f70 WatcherThread "VM Periodic Task Thread"        [id=26376, stack(0x000000571cc00000,0x000000571cd00000) (1024K)]
  0x000001d351042470 WorkerThread "GC Thread#0"                     [id=24284, stack(0x000000571cb00000,0x000000571cc00000) (1024K)]
  0x000001d36e3f98c0 WorkerThread "GC Thread#1"                     [id=16444, stack(0x000000571d800000,0x000000571d900000) (1024K)]
  0x000001d36e258c60 WorkerThread "GC Thread#2"                     [id=15296, stack(0x000000571d900000,0x000000571da00000) (1024K)]
  0x000001d3691dd340 WorkerThread "GC Thread#3"                     [id=26540, stack(0x000000571da00000,0x000000571db00000) (1024K)]
  0x000001d3691dd6e0 WorkerThread "GC Thread#4"                     [id=19744, stack(0x000000571db00000,0x000000571dc00000) (1024K)]
  0x000001d3691dda80 WorkerThread "GC Thread#5"                     [id=16532, stack(0x000000571dc00000,0x000000571dd00000) (1024K)]
  0x000001d3691dde20 WorkerThread "GC Thread#6"                     [id=9396, stack(0x000000571dd00000,0x000000571de00000) (1024K)]
  0x000001d36e58fe70 WorkerThread "GC Thread#7"                     [id=15920, stack(0x000000571df00000,0x000000571e000000) (1024K)]
  0x000001d36ea17db0 WorkerThread "GC Thread#8"                     [id=17880, stack(0x000000571e300000,0x000000571e400000) (1024K)]
  0x000001d36e7fd230 WorkerThread "GC Thread#9"                     [id=7316, stack(0x000000571e400000,0x000000571e500000) (1024K)]
Total: 12

Threads with active compile tasks:
Total: 0

VM state: not at safepoint (normal execution)

VM Mutex/Monitor currently owned by a thread: None

Heap address: 0x0000000080000000, size: 2048 MB, Compressed Oops mode: 32-bit

CDS archive(s) mapped at: [0x000001d300000000-0x000001d300ba0000-0x000001d300ba0000), size 12189696, SharedBaseAddress: 0x000001d300000000, ArchiveRelocationMode: 1.
Compressed class space mapped at: 0x000001d301000000-0x000001d341000000, reserved size: 1073741824
Narrow klass base: 0x000001d300000000, Narrow klass shift: 0, Narrow klass range: 0x100000000

GC Precious Log:
 CardTable entry size: 512
 CPUs: 12 total, 12 available
 Memory: 7532M
 Large Page Support: Disabled
 NUMA Support: Disabled
 Compressed Oops: Enabled (32-bit)
 Alignments: Space 512K, Generation 512K, Heap 2M
 Heap Min Capacity: 100M
 Heap Initial Capacity: 100M
 Heap Max Capacity: 2G
 Pre-touch: Disabled
 Parallel Workers: 10

Heap:
 PSYoungGen      total 22016K, used 2802K [0x00000000d5580000, 0x00000000d6e80000, 0x0000000100000000)
  eden space 21504K, 11% used [0x00000000d5580000,0x00000000d57fcaf8,0x00000000d6a80000)
  from space 512K, 50% used [0x00000000d6e00000,0x00000000d6e40000,0x00000000d6e80000)
  to   space 512K, 0% used [0x00000000d6d80000,0x00000000d6d80000,0x00000000d6e00000)
 ParOldGen       total 994816K, used 154885K [0x0000000080000000, 0x00000000bcb80000, 0x00000000d5580000)
  object space 994816K, 15% used [0x0000000080000000,0x0000000089741668,0x00000000bcb80000)
 Metaspace       used 77417K, committed 78784K, reserved 1179648K
  class space    used 7816K, committed 8384K, reserved 1048576K

Card table byte_map: [0x000001d3509f0000,0x000001d350e00000] _byte_map_base: 0x000001d3505f0000

Marking Bits: (ParMarkBitMap*) 0x00007ffa571fa340
 Begin Bits: [0x000001d3634c0000, 0x000001d3654c0000)
 End Bits:   [0x000001d3654c0000, 0x000001d3674c0000)

Polling page: 0x000001d3507e0000

Metaspace:

Usage:
  Non-class:     67.97 MB used.
      Class:      7.63 MB used.
       Both:     75.60 MB used.

Virtual space:
  Non-class space:      128.00 MB reserved,      68.75 MB ( 54%) committed,  2 nodes.
      Class space:        1.00 GB reserved,       8.19 MB ( <1%) committed,  1 nodes.
             Both:        1.12 GB reserved,      76.94 MB (  7%) committed. 

Chunk freelists:
   Non-Class:  11.31 MB
       Class:  7.62 MB
        Both:  18.93 MB

MaxMetaspaceSize: unlimited
CompressedClassSpaceSize: 1.00 GB
Initial GC threshold: 21.00 MB
Current GC threshold: 123.38 MB
CDS: on
 - commit_granule_bytes: 65536.
 - commit_granule_words: 8192.
 - virtual_space_node_default_size: 8388608.
 - enlarge_chunks_in_place: 1.
 - use_allocation_guard: 0.


Internal statistics:

num_allocs_failed_limit: 9.
num_arena_births: 1490.
num_arena_deaths: 490.
num_vsnodes_births: 3.
num_vsnodes_deaths: 0.
num_space_committed: 1231.
num_space_uncommitted: 0.
num_chunks_returned_to_freelist: 590.
num_chunks_taken_from_freelist: 5617.
num_chunk_merges: 185.
num_chunk_splits: 3173.
num_chunks_enlarged: 1744.
num_inconsistent_stats: 0.

CodeHeap 'non-profiled nmethods': size=120000Kb used=18086Kb max_used=18086Kb free=101913Kb
 bounds [0x000001d35bce0000, 0x000001d35ce90000, 0x000001d363210000]
CodeHeap 'profiled nmethods': size=120000Kb used=39632Kb max_used=39663Kb free=80367Kb
 bounds [0x000001d354210000, 0x000001d3568d0000, 0x000001d35b740000]
CodeHeap 'non-nmethods': size=5760Kb used=1478Kb max_used=1612Kb free=4281Kb
 bounds [0x000001d35b740000, 0x000001d35b9b0000, 0x000001d35bce0000]
CodeCache: size=245760Kb, used=59196Kb, max_used=59361Kb, free=186561Kb
 total_blobs=17564, nmethods=16765, adapters=703, full_count=0
Compilation: enabled, stopped_count=0, restarted_count=0

Compilation events (20 events):
Event: 21779.017 Thread 0x000001d3510cb2e0 18700       4       org.eclipse.jdt.ls.core.internal.filesystem.JLSFile::getChild (121 bytes)
Event: 21779.134 Thread 0x000001d3510cb2e0 nmethod 18700 0x000001d35ce87390 code [0x000001d35ce876c0, 0x000001d35ce88928]
Event: 22835.764 Thread 0x000001d368e4f0e0 18701       3       java.lang.invoke.LambdaForm$DMH/0x000001d301195000::invokeInterface (28 bytes)
Event: 22835.787 Thread 0x000001d368e4f0e0 nmethod 18701 0x000001d355104010 code [0x000001d355104200, 0x000001d355104998]
Event: 23404.571 Thread 0x000001d368e4f0e0 18702       3       java.lang.invoke.LambdaForm$DMH/0x000001d301838800::newInvokeSpecial (27 bytes)
Event: 23404.590 Thread 0x000001d368e4f0e0 nmethod 18702 0x000001d355103710 code [0x000001d355103900, 0x000001d355103e28]
Event: 23404.590 Thread 0x000001d368e4f0e0 18703       3       java.lang.invoke.LambdaForm$MH/0x000001d301838c00::invoke (63 bytes)
Event: 23404.614 Thread 0x000001d368e4f0e0 nmethod 18703 0x000001d355101c10 code [0x000001d355101f00, 0x000001d355103130]
Event: 23404.614 Thread 0x000001d368e4f0e0 18704       3       java.lang.invoke.LambdaForm$MH/0x000001d301839000::invoke (63 bytes)
Event: 23404.617 Thread 0x000001d368e4f0e0 nmethod 18704 0x000001d355100110 code [0x000001d355100400, 0x000001d355101630]
Event: 24665.516 Thread 0x000001d368e4f0e0 18705       3       org.eclipse.jdt.ls.core.internal.handlers.WorkspaceEventsHandler$$Lambda/0x000001d3017df620::accept (12 bytes)
Event: 24665.546 Thread 0x000001d368e4f0e0 nmethod 18705 0x000001d3550ffa90 code [0x000001d3550ffc60, 0x000001d3550fff70]
Event: 24665.546 Thread 0x000001d368e4f0e0 18706   !   3       org.eclipse.jdt.ls.core.internal.handlers.WorkspaceEventsHandler::lambda$1 (13 bytes)
Event: 24665.548 Thread 0x000001d368e4f0e0 nmethod 18706 0x000001d3550ff610 code [0x000001d3550ff7c0, 0x000001d3550ff970]
Event: 24665.548 Thread 0x000001d368e4f0e0 18707   !   3       java.util.concurrent.LinkedBlockingQueue::put (119 bytes)
Event: 24665.714 Thread 0x000001d368e4f0e0 nmethod 18707 0x000001d3550fc910 code [0x000001d3550fcd20, 0x000001d3550fea30]
Event: 24670.112 Thread 0x000001d368e4f0e0 18711       3       java.util.concurrent.locks.AbstractQueuedSynchronizer::acquireSharedInterruptibly (36 bytes)
Event: 24670.116 Thread 0x000001d368e4f0e0 nmethod 18711 0x000001d3550fbf90 code [0x000001d3550fc1a0, 0x000001d3550fc728]
Event: 24800.913 Thread 0x000001d3510cb2e0 18712       4       java.util.concurrent.atomic.AtomicLong::updateAndGet (59 bytes)
Event: 24800.942 Thread 0x000001d3510cb2e0 nmethod 18712 0x000001d35ce89710 code [0x000001d35ce898a0, 0x000001d35ce89a20]

GC Heap History (20 events):
Event: 3918.536 GC heap before
{Heap before GC invocations=1265 (full 4):
 PSYoungGen      total 24064K, used 23588K [0x00000000d5580000, 0x00000000d7280000, 0x0000000100000000)
  eden space 21504K, 100% used [0x00000000d5580000,0x00000000d6a80000,0x00000000d6a80000)
  from space 2560K, 81% used [0x00000000d7000000,0x00000000d7209220,0x00000000d7280000)
  to   space 3584K, 0% used [0x00000000d6b80000,0x00000000d6b80000,0x00000000d6f00000)
 ParOldGen       total 994816K, used 147381K [0x0000000080000000, 0x00000000bcb80000, 0x00000000d5580000)
  object space 994816K, 14% used [0x0000000080000000,0x0000000088fed480,0x00000000bcb80000)
 Metaspace       used 75037K, committed 76480K, reserved 1179648K
  class space    used 7480K, committed 8192K, reserved 1048576K
}
Event: 3918.546 GC heap after
{Heap after GC invocations=1265 (full 4):
 PSYoungGen      total 23552K, used 1780K [0x00000000d5580000, 0x00000000d7080000, 0x0000000100000000)
  eden space 21504K, 0% used [0x00000000d5580000,0x00000000d5580000,0x00000000d6a80000)
  from space 2048K, 86% used [0x00000000d6b80000,0x00000000d6d3d200,0x00000000d6d80000)
  to   space 2560K, 0% used [0x00000000d6e00000,0x00000000d6e00000,0x00000000d7080000)
 ParOldGen       total 994816K, used 149364K [0x0000000080000000, 0x00000000bcb80000, 0x00000000d5580000)
  object space 994816K, 15% used [0x0000000080000000,0x00000000891dd298,0x00000000bcb80000)
 Metaspace       used 75037K, committed 76480K, reserved 1179648K
  class space    used 7480K, committed 8192K, reserved 1048576K
}
Event: 3977.801 GC heap before
{Heap before GC invocations=1266 (full 4):
 PSYoungGen      total 23552K, used 23284K [0x00000000d5580000, 0x00000000d7080000, 0x0000000100000000)
  eden space 21504K, 100% used [0x00000000d5580000,0x00000000d6a80000,0x00000000d6a80000)
  from space 2048K, 86% used [0x00000000d6b80000,0x00000000d6d3d200,0x00000000d6d80000)
  to   space 2560K, 0% used [0x00000000d6e00000,0x00000000d6e00000,0x00000000d7080000)
 ParOldGen       total 994816K, used 149364K [0x0000000080000000, 0x00000000bcb80000, 0x00000000d5580000)
  object space 994816K, 15% used [0x0000000080000000,0x00000000891dd298,0x00000000bcb80000)
 Metaspace       used 75152K, committed 76608K, reserved 1179648K
  class space    used 7486K, committed 8192K, reserved 1048576K
}
Event: 3977.810 GC heap after
{Heap after GC invocations=1266 (full 4):
 PSYoungGen      total 23040K, used 1300K [0x00000000d5580000, 0x00000000d6f80000, 0x0000000100000000)
  eden space 21504K, 0% used [0x00000000d5580000,0x00000000d5580000,0x00000000d6a80000)
  from space 1536K, 84% used [0x00000000d6e00000,0x00000000d6f45200,0x00000000d6f80000)
  to   space 1536K, 0% used [0x00000000d6c80000,0x00000000d6c80000,0x00000000d6e00000)
 ParOldGen       total 994816K, used 150994K [0x0000000080000000, 0x00000000bcb80000, 0x00000000d5580000)
  object space 994816K, 15% used [0x0000000080000000,0x00000000893748b0,0x00000000bcb80000)
 Metaspace       used 75152K, committed 76608K, reserved 1179648K
  class space    used 7486K, committed 8192K, reserved 1048576K
}
Event: 3984.070 GC heap before
{Heap before GC invocations=1267 (full 4):
 PSYoungGen      total 23040K, used 22804K [0x00000000d5580000, 0x00000000d6f80000, 0x0000000100000000)
  eden space 21504K, 100% used [0x00000000d5580000,0x00000000d6a80000,0x00000000d6a80000)
  from space 1536K, 84% used [0x00000000d6e00000,0x00000000d6f45200,0x00000000d6f80000)
  to   space 1536K, 0% used [0x00000000d6c80000,0x00000000d6c80000,0x00000000d6e00000)
 ParOldGen       total 994816K, used 150994K [0x0000000080000000, 0x00000000bcb80000, 0x00000000d5580000)
  object space 994816K, 15% used [0x0000000080000000,0x00000000893748b0,0x00000000bcb80000)
 Metaspace       used 76627K, committed 77952K, reserved 1179648K
  class space    used 7702K, committed 8256K, reserved 1048576K
}
Event: 3984.091 GC heap after
{Heap after GC invocations=1267 (full 4):
 PSYoungGen      total 23040K, used 1279K [0x00000000d5580000, 0x00000000d6e80000, 0x0000000100000000)
  eden space 21504K, 0% used [0x00000000d5580000,0x00000000d5580000,0x00000000d6a80000)
  from space 1536K, 83% used [0x00000000d6c80000,0x00000000d6dbfc48,0x00000000d6e00000)
  to   space 512K, 0% used [0x00000000d6e00000,0x00000000d6e00000,0x00000000d6e80000)
 ParOldGen       total 994816K, used 152160K [0x0000000080000000, 0x00000000bcb80000, 0x00000000d5580000)
  object space 994816K, 15% used [0x0000000080000000,0x0000000089498220,0x00000000bcb80000)
 Metaspace       used 76627K, committed 77952K, reserved 1179648K
  class space    used 7702K, committed 8256K, reserved 1048576K
}
Event: 7181.366 GC heap before
{Heap before GC invocations=1268 (full 4):
 PSYoungGen      total 23040K, used 22783K [0x00000000d5580000, 0x00000000d6e80000, 0x0000000100000000)
  eden space 21504K, 100% used [0x00000000d5580000,0x00000000d6a80000,0x00000000d6a80000)
  from space 1536K, 83% used [0x00000000d6c80000,0x00000000d6dbfc48,0x00000000d6e00000)
  to   space 512K, 0% used [0x00000000d6e00000,0x00000000d6e00000,0x00000000d6e80000)
 ParOldGen       total 994816K, used 152160K [0x0000000080000000, 0x00000000bcb80000, 0x00000000d5580000)
  object space 994816K, 15% used [0x0000000080000000,0x0000000089498220,0x00000000bcb80000)
 Metaspace       used 76673K, committed 78016K, reserved 1179648K
  class space    used 7706K, committed 8256K, reserved 1048576K
}
Event: 7181.579 GC heap after
{Heap after GC invocations=1268 (full 4):
 PSYoungGen      total 22016K, used 320K [0x00000000d5580000, 0x00000000d6e80000, 0x0000000100000000)
  eden space 21504K, 0% used [0x00000000d5580000,0x00000000d5580000,0x00000000d6a80000)
  from space 512K, 62% used [0x00000000d6e00000,0x00000000d6e50000,0x00000000d6e80000)
  to   space 1024K, 0% used [0x00000000d6c80000,0x00000000d6c80000,0x00000000d6d80000)
 ParOldGen       total 994816K, used 153294K [0x0000000080000000, 0x00000000bcb80000, 0x00000000d5580000)
  object space 994816K, 15% used [0x0000000080000000,0x00000000895b3ad0,0x00000000bcb80000)
 Metaspace       used 76673K, committed 78016K, reserved 1179648K
  class space    used 7706K, committed 8256K, reserved 1048576K
}
Event: 17000.362 GC heap before
{Heap before GC invocations=1269 (full 4):
 PSYoungGen      total 22016K, used 21824K [0x00000000d5580000, 0x00000000d6e80000, 0x0000000100000000)
  eden space 21504K, 100% used [0x00000000d5580000,0x00000000d6a80000,0x00000000d6a80000)
  from space 512K, 62% used [0x00000000d6e00000,0x00000000d6e50000,0x00000000d6e80000)
  to   space 1024K, 0% used [0x00000000d6c80000,0x00000000d6c80000,0x00000000d6d80000)
 ParOldGen       total 994816K, used 153294K [0x0000000080000000, 0x00000000bcb80000, 0x00000000d5580000)
  object space 994816K, 15% used [0x0000000080000000,0x00000000895b3ad0,0x00000000bcb80000)
 Metaspace       used 76687K, committed 78016K, reserved 1179648K
  class space    used 7706K, committed 8256K, reserved 1048576K
}
Event: 17000.523 GC heap after
{Heap after GC invocations=1269 (full 4):
 PSYoungGen      total 22528K, used 288K [0x00000000d5580000, 0x00000000d6e80000, 0x0000000100000000)
  eden space 21504K, 0% used [0x00000000d5580000,0x00000000d5580000,0x00000000d6a80000)
  from space 1024K, 28% used [0x00000000d6c80000,0x00000000d6cc8000,0x00000000d6d80000)
  to   space 512K, 0% used [0x00000000d6e00000,0x00000000d6e00000,0x00000000d6e80000)
 ParOldGen       total 994816K, used 153350K [0x0000000080000000, 0x00000000bcb80000, 0x00000000d5580000)
  object space 994816K, 15% used [0x0000000080000000,0x00000000895c1ad0,0x00000000bcb80000)
 Metaspace       used 76687K, committed 78016K, reserved 1179648K
  class space    used 7706K, committed 8256K, reserved 1048576K
}
Event: 19128.004 GC heap before
{Heap before GC invocations=1270 (full 4):
 PSYoungGen      total 22528K, used 21792K [0x00000000d5580000, 0x00000000d6e80000, 0x0000000100000000)
  eden space 21504K, 100% used [0x00000000d5580000,0x00000000d6a80000,0x00000000d6a80000)
  from space 1024K, 28% used [0x00000000d6c80000,0x00000000d6cc8000,0x00000000d6d80000)
  to   space 512K, 0% used [0x00000000d6e00000,0x00000000d6e00000,0x00000000d6e80000)
 ParOldGen       total 994816K, used 153350K [0x0000000080000000, 0x00000000bcb80000, 0x00000000d5580000)
  object space 994816K, 15% used [0x0000000080000000,0x00000000895c1ad0,0x00000000bcb80000)
 Metaspace       used 76729K, committed 78016K, reserved 1179648K
  class space    used 7706K, committed 8256K, reserved 1048576K
}
Event: 19128.032 GC heap after
{Heap after GC invocations=1270 (full 4):
 PSYoungGen      total 22016K, used 352K [0x00000000d5580000, 0x00000000d6e80000, 0x0000000100000000)
  eden space 21504K, 0% used [0x00000000d5580000,0x00000000d5580000,0x00000000d6a80000)
  from space 512K, 68% used [0x00000000d6e00000,0x00000000d6e58000,0x00000000d6e80000)
  to   space 512K, 0% used [0x00000000d6d80000,0x00000000d6d80000,0x00000000d6e00000)
 ParOldGen       total 994816K, used 153374K [0x0000000080000000, 0x00000000bcb80000, 0x00000000d5580000)
  object space 994816K, 15% used [0x0000000080000000,0x00000000895c7ad0,0x00000000bcb80000)
 Metaspace       used 76729K, committed 78016K, reserved 1179648K
  class space    used 7706K, committed 8256K, reserved 1048576K
}
Event: 19129.165 GC heap before
{Heap before GC invocations=1271 (full 4):
 PSYoungGen      total 22016K, used 21848K [0x00000000d5580000, 0x00000000d6e80000, 0x0000000100000000)
  eden space 21504K, 99% used [0x00000000d5580000,0x00000000d6a7e2b0,0x00000000d6a80000)
  from space 512K, 68% used [0x00000000d6e00000,0x00000000d6e58000,0x00000000d6e80000)
  to   space 512K, 0% used [0x00000000d6d80000,0x00000000d6d80000,0x00000000d6e00000)
 ParOldGen       total 994816K, used 153374K [0x0000000080000000, 0x00000000bcb80000, 0x00000000d5580000)
  object space 994816K, 15% used [0x0000000080000000,0x00000000895c7ad0,0x00000000bcb80000)
 Metaspace       used 77404K, committed 78720K, reserved 1179648K
  class space    used 7816K, committed 8384K, reserved 1048576K
}
Event: 19129.169 GC heap after
{Heap after GC invocations=1271 (full 4):
 PSYoungGen      total 22016K, used 506K [0x00000000d5580000, 0x00000000d6e80000, 0x0000000100000000)
  eden space 21504K, 0% used [0x00000000d5580000,0x00000000d5580000,0x00000000d6a80000)
  from space 512K, 98% used [0x00000000d6d80000,0x00000000d6dfe920,0x00000000d6e00000)
  to   space 512K, 0% used [0x00000000d6e00000,0x00000000d6e00000,0x00000000d6e80000)
 ParOldGen       total 994816K, used 154137K [0x0000000080000000, 0x00000000bcb80000, 0x00000000d5580000)
  object space 994816K, 15% used [0x0000000080000000,0x0000000089686430,0x00000000bcb80000)
 Metaspace       used 77404K, committed 78720K, reserved 1179648K
  class space    used 7816K, committed 8384K, reserved 1048576K
}
Event: 19131.522 GC heap before
{Heap before GC invocations=1272 (full 4):
 PSYoungGen      total 22016K, used 22005K [0x00000000d5580000, 0x00000000d6e80000, 0x0000000100000000)
  eden space 21504K, 99% used [0x00000000d5580000,0x00000000d6a7ec18,0x00000000d6a80000)
  from space 512K, 98% used [0x00000000d6d80000,0x00000000d6dfe920,0x00000000d6e00000)
  to   space 512K, 0% used [0x00000000d6e00000,0x00000000d6e00000,0x00000000d6e80000)
 ParOldGen       total 994816K, used 154137K [0x0000000080000000, 0x00000000bcb80000, 0x00000000d5580000)
  object space 994816K, 15% used [0x0000000080000000,0x0000000089686430,0x00000000bcb80000)
 Metaspace       used 77411K, committed 78784K, reserved 1179648K
  class space    used 7816K, committed 8384K, reserved 1048576K
}
Event: 19131.524 GC heap after
{Heap after GC invocations=1272 (full 4):
 PSYoungGen      total 22016K, used 320K [0x00000000d5580000, 0x00000000d6e80000, 0x0000000100000000)
  eden space 21504K, 0% used [0x00000000d5580000,0x00000000d5580000,0x00000000d6a80000)
  from space 512K, 62% used [0x00000000d6e00000,0x00000000d6e50000,0x00000000d6e80000)
  to   space 1024K, 0% used [0x00000000d6c80000,0x00000000d6c80000,0x00000000d6d80000)
 ParOldGen       total 994816K, used 154669K [0x0000000080000000, 0x00000000bcb80000, 0x00000000d5580000)
  object space 994816K, 15% used [0x0000000080000000,0x000000008970b668,0x00000000bcb80000)
 Metaspace       used 77411K, committed 78784K, reserved 1179648K
  class space    used 7816K, committed 8384K, reserved 1048576K
}
Event: 20483.558 GC heap before
{Heap before GC invocations=1273 (full 4):
 PSYoungGen      total 22016K, used 21824K [0x00000000d5580000, 0x00000000d6e80000, 0x0000000100000000)
  eden space 21504K, 100% used [0x00000000d5580000,0x00000000d6a80000,0x00000000d6a80000)
  from space 512K, 62% used [0x00000000d6e00000,0x00000000d6e50000,0x00000000d6e80000)
  to   space 1024K, 0% used [0x00000000d6c80000,0x00000000d6c80000,0x00000000d6d80000)
 ParOldGen       total 994816K, used 154669K [0x0000000080000000, 0x00000000bcb80000, 0x00000000d5580000)
  object space 994816K, 15% used [0x0000000080000000,0x000000008970b668,0x00000000bcb80000)
 Metaspace       used 77411K, committed 78784K, reserved 1179648K
  class space    used 7816K, committed 8384K, reserved 1048576K
}
Event: 20483.688 GC heap after
{Heap after GC invocations=1273 (full 4):
 PSYoungGen      total 22528K, used 288K [0x00000000d5580000, 0x00000000d6e80000, 0x0000000100000000)
  eden space 21504K, 0% used [0x00000000d5580000,0x00000000d5580000,0x00000000d6a80000)
  from space 1024K, 28% used [0x00000000d6c80000,0x00000000d6cc8000,0x00000000d6d80000)
  to   space 512K, 0% used [0x00000000d6e00000,0x00000000d6e00000,0x00000000d6e80000)
 ParOldGen       total 994816K, used 154749K [0x0000000080000000, 0x00000000bcb80000, 0x00000000d5580000)
  object space 994816K, 15% used [0x0000000080000000,0x000000008971f668,0x00000000bcb80000)
 Metaspace       used 77411K, committed 78784K, reserved 1179648K
  class space    used 7816K, committed 8384K, reserved 1048576K
}
Event: 23284.068 GC heap before
{Heap before GC invocations=1274 (full 4):
 PSYoungGen      total 22528K, used 21792K [0x00000000d5580000, 0x00000000d6e80000, 0x0000000100000000)
  eden space 21504K, 100% used [0x00000000d5580000,0x00000000d6a80000,0x00000000d6a80000)
  from space 1024K, 28% used [0x00000000d6c80000,0x00000000d6cc8000,0x00000000d6d80000)
  to   space 512K, 0% used [0x00000000d6e00000,0x00000000d6e00000,0x00000000d6e80000)
 ParOldGen       total 994816K, used 154749K [0x0000000080000000, 0x00000000bcb80000, 0x00000000d5580000)
  object space 994816K, 15% used [0x0000000080000000,0x000000008971f668,0x00000000bcb80000)
 Metaspace       used 77412K, committed 78784K, reserved 1179648K
  class space    used 7816K, committed 8384K, reserved 1048576K
}
Event: 23284.148 GC heap after
{Heap after GC invocations=1274 (full 4):
 PSYoungGen      total 22016K, used 256K [0x00000000d5580000, 0x00000000d6e80000, 0x0000000100000000)
  eden space 21504K, 0% used [0x00000000d5580000,0x00000000d5580000,0x00000000d6a80000)
  from space 512K, 50% used [0x00000000d6e00000,0x00000000d6e40000,0x00000000d6e80000)
  to   space 512K, 0% used [0x00000000d6d80000,0x00000000d6d80000,0x00000000d6e00000)
 ParOldGen       total 994816K, used 154885K [0x0000000080000000, 0x00000000bcb80000, 0x00000000d5580000)
  object space 994816K, 15% used [0x0000000080000000,0x0000000089741668,0x00000000bcb80000)
 Metaspace       used 77412K, committed 78784K, reserved 1179648K
  class space    used 7816K, committed 8384K, reserved 1048576K
}

Dll operation events (11 events):
Event: 0.018 Loaded shared library c:\Users\Shreyansh Bhardwaj\.vscode\extensions\redhat.java-1.44.0-win32-x64\jre\21.0.8-win32-x86_64\bin\java.dll
Event: 0.175 Loaded shared library c:\Users\Shreyansh Bhardwaj\.vscode\extensions\redhat.java-1.44.0-win32-x64\jre\21.0.8-win32-x86_64\bin\zip.dll
Event: 0.205 Loaded shared library C:\Users\Shreyansh Bhardwaj\.vscode\extensions\redhat.java-1.44.0-win32-x64\jre\21.0.8-win32-x86_64\bin\instrument.dll
Event: 0.214 Loaded shared library C:\Users\Shreyansh Bhardwaj\.vscode\extensions\redhat.java-1.44.0-win32-x64\jre\21.0.8-win32-x86_64\bin\net.dll
Event: 0.217 Loaded shared library C:\Users\Shreyansh Bhardwaj\.vscode\extensions\redhat.java-1.44.0-win32-x64\jre\21.0.8-win32-x86_64\bin\nio.dll
Event: 0.222 Loaded shared library C:\Users\Shreyansh Bhardwaj\.vscode\extensions\redhat.java-1.44.0-win32-x64\jre\21.0.8-win32-x86_64\bin\zip.dll
Event: 0.251 Loaded shared library C:\Users\Shreyansh Bhardwaj\.vscode\extensions\redhat.java-1.44.0-win32-x64\jre\21.0.8-win32-x86_64\bin\jimage.dll
Event: 0.400 Loaded shared library c:\Users\Shreyansh Bhardwaj\.vscode\extensions\redhat.java-1.44.0-win32-x64\jre\21.0.8-win32-x86_64\bin\verify.dll
Event: 3.089 Loaded shared library C:\Users\Shreyansh Bhardwaj\AppData\Roaming\Code\User\globalStorage\redhat.java\1.44.0\config_win\org.eclipse.equinox.launcher\org.eclipse.equinox.launcher.win32.win32.x86_64_1.2.1400.v20250730-1736\eclipse_11913.dll
Event: 6.862 Loaded shared library C:\Users\Shreyansh Bhardwaj\AppData\Local\Temp\jna-1901370432\jna2373341355151699666.dll
Event: 53.217 Loaded shared library C:\Users\Shreyansh Bhardwaj\.vscode\extensions\redhat.java-1.44.0-win32-x64\jre\21.0.8-win32-x86_64\bin\sunmscapi.dll

Deoptimization events (20 events):
Event: 3978.329 Thread 0x000001d37320de20 DEOPT PACKING pc=0x000001d35c74cbb8 sp=0x000000571eafe8e0
Event: 3978.329 Thread 0x000001d37320de20 DEOPT UNPACKING pc=0x000001d35b793aa2 sp=0x000000571eafe860 mode 2
Event: 19128.181 Thread 0x000001d372726940 Uncommon trap: trap_request=0xffffff6e fr.pc=0x000001d35cd4a2bc relative=0x0000000000000a1c
Event: 19128.182 Thread 0x000001d372726940 Uncommon trap: reason=loop_limit_check action=maybe_recompile pc=0x000001d35cd4a2bc method=org.eclipse.jdt.internal.compiler.codegen.CharArrayCache.rehash()V @ 58 c2
Event: 19128.182 Thread 0x000001d372726940 DEOPT PACKING pc=0x000001d35cd4a2bc sp=0x000000571c9fdee0
Event: 19128.182 Thread 0x000001d372726940 DEOPT UNPACKING pc=0x000001d35b793aa2 sp=0x000000571c9fde98 mode 2
Event: 19128.848 Thread 0x000001d3727206d0 Uncommon trap: trap_request=0xffffff45 fr.pc=0x000001d35cd9c640 relative=0x00000000000000a0
Event: 19128.848 Thread 0x000001d3727206d0 Uncommon trap: reason=unstable_if action=reinterpret pc=0x000001d35cd9c640 method=org.eclipse.core.filesystem.provider.FileInfo.getAttribute(I)Z @ 39 c2
Event: 19128.848 Thread 0x000001d3727206d0 DEOPT PACKING pc=0x000001d35cd9c640 sp=0x000000571c8fe310
Event: 19128.848 Thread 0x000001d3727206d0 DEOPT UNPACKING pc=0x000001d35b793aa2 sp=0x000000571c8fe2a8 mode 2
Event: 19128.883 Thread 0x000001d3727206d0 Uncommon trap: trap_request=0xffffffc6 fr.pc=0x000001d35c4a273c relative=0x00000000000001dc
Event: 19128.883 Thread 0x000001d3727206d0 Uncommon trap: reason=bimorphic_or_optimized_type_check action=maybe_recompile pc=0x000001d35c4a273c method=java.util.stream.ReduceOps$ReduceOp.evaluateSequential(Ljava/util/stream/PipelineHelper;Ljava/util/Spliterator;)Ljava/lang/Object; @ 2 c2
Event: 19128.883 Thread 0x000001d3727206d0 DEOPT PACKING pc=0x000001d35c4a273c sp=0x000000571c8fe540
Event: 19128.883 Thread 0x000001d3727206d0 DEOPT UNPACKING pc=0x000001d35b793aa2 sp=0x000000571c8fe4c0 mode 2
Event: 19129.097 Thread 0x000001d3727206d0 DEOPT PACKING pc=0x000001d354c0d6cd sp=0x000000571c8fe110
Event: 19129.097 Thread 0x000001d3727206d0 DEOPT UNPACKING pc=0x000001d35b794242 sp=0x000000571c8fd570 mode 0
Event: 19129.188 Thread 0x000001d3727206d0 Uncommon trap: trap_request=0xffffff45 fr.pc=0x000001d35cc1b834 relative=0x0000000000000094
Event: 19129.188 Thread 0x000001d3727206d0 Uncommon trap: reason=unstable_if action=reinterpret pc=0x000001d35cc1b834 method=java.util.LinkedHashMap.afterNodeInsertion(Z)V @ 18 c2
Event: 19129.188 Thread 0x000001d3727206d0 DEOPT PACKING pc=0x000001d35cc1b834 sp=0x000000571c8fe810
Event: 19129.188 Thread 0x000001d3727206d0 DEOPT UNPACKING pc=0x000001d35b793aa2 sp=0x000000571c8fe790 mode 2

Classes loaded (20 events):
Event: 313.876 Loading class java/util/stream/Nodes$CollectorTask done
Event: 313.876 Loading class java/util/stream/Nodes$CollectorTask$OfRef done
Event: 314.027 Loading class java/util/function/LongFunction
Event: 314.029 Loading class java/util/function/LongFunction done
Event: 314.032 Loading class java/util/stream/Nodes$ConcNode
Event: 314.035 Loading class java/util/stream/Nodes$AbstractConcNode
Event: 314.039 Loading class java/util/stream/Nodes$AbstractConcNode done
Event: 314.039 Loading class java/util/stream/Nodes$ConcNode done
Event: 314.098 Loading class java/io/ObjectOutputStream$BlockDataOutputStream
Event: 314.101 Loading class java/io/ObjectOutputStream$BlockDataOutputStream done
Event: 314.102 Loading class java/io/ObjectOutputStream$HandleTable
Event: 314.103 Loading class java/io/ObjectOutputStream$HandleTable done
Event: 314.103 Loading class java/io/ObjectOutputStream$ReplaceTable
Event: 314.105 Loading class java/io/ObjectOutputStream$ReplaceTable done
Event: 2310.622 Loading class jdk/internal/ref/CleanerImpl$InnocuousThreadFactory
Event: 2310.623 Loading class jdk/internal/ref/CleanerImpl$InnocuousThreadFactory done
Event: 3978.228 Loading class java/io/CharArrayReader
Event: 3978.229 Loading class java/io/CharArrayReader done
Event: 3978.230 Loading class java/util/regex/Pattern$Bound
Event: 3978.230 Loading class java/util/regex/Pattern$Bound done

Classes unloaded (20 events):
Event: 2311.559 Thread 0x000001d3510c28c0 Unloading class 0x000001d30100d800 'java/lang/invoke/LambdaForm$MH+0x000001d30100d800'
Event: 2311.559 Thread 0x000001d3510c28c0 Unloading class 0x000001d30100d400 'java/lang/invoke/LambdaForm$MH+0x000001d30100d400'
Event: 2311.559 Thread 0x000001d3510c28c0 Unloading class 0x000001d30100d000 'java/lang/invoke/LambdaForm$MH+0x000001d30100d000'
Event: 2311.559 Thread 0x000001d3510c28c0 Unloading class 0x000001d30100cc00 'java/lang/invoke/LambdaForm$MH+0x000001d30100cc00'
Event: 2311.559 Thread 0x000001d3510c28c0 Unloading class 0x000001d30100c800 'java/lang/invoke/LambdaForm$BMH+0x000001d30100c800'
Event: 2311.559 Thread 0x000001d3510c28c0 Unloading class 0x000001d30100c000 'java/lang/invoke/LambdaForm$DMH+0x000001d30100c000'
Event: 2311.559 Thread 0x000001d3510c28c0 Unloading class 0x000001d301008c00 'java/lang/invoke/LambdaForm$MH+0x000001d301008c00'
Event: 2311.559 Thread 0x000001d3510c28c0 Unloading class 0x000001d301008800 'java/lang/invoke/LambdaForm$MH+0x000001d301008800'
Event: 2311.559 Thread 0x000001d3510c28c0 Unloading class 0x000001d301008400 'java/lang/invoke/LambdaForm$MH+0x000001d301008400'
Event: 2311.559 Thread 0x000001d3510c28c0 Unloading class 0x000001d301007000 'java/lang/invoke/LambdaForm$MH+0x000001d301007000'
Event: 2311.559 Thread 0x000001d3510c28c0 Unloading class 0x000001d301006c00 'java/lang/invoke/LambdaForm$MH+0x000001d301006c00'
Event: 2311.559 Thread 0x000001d3510c28c0 Unloading class 0x000001d301006800 'java/lang/invoke/LambdaForm$MH+0x000001d301006800'
Event: 2311.559 Thread 0x000001d3510c28c0 Unloading class 0x000001d301006400 'java/lang/invoke/LambdaForm$MH+0x000001d301006400'
Event: 2311.559 Thread 0x000001d3510c28c0 Unloading class 0x000001d301005c00 'java/lang/invoke/LambdaForm$BMH+0x000001d301005c00'
Event: 2311.559 Thread 0x000001d3510c28c0 Unloading class 0x000001d301004800 'java/lang/invoke/LambdaForm$DMH+0x000001d301004800'
Event: 2311.559 Thread 0x000001d3510c28c0 Unloading class 0x000001d301002800 'java/lang/invoke/LambdaForm$MH+0x000001d301002800'
Event: 2311.559 Thread 0x000001d3510c28c0 Unloading class 0x000001d301002400 'java/lang/invoke/LambdaForm$MH+0x000001d301002400'
Event: 2311.559 Thread 0x000001d3510c28c0 Unloading class 0x000001d301002000 'java/lang/invoke/LambdaForm$MH+0x000001d301002000'
Event: 2311.559 Thread 0x000001d3510c28c0 Unloading class 0x000001d301001800 'java/lang/invoke/LambdaForm$MH+0x000001d301001800'
Event: 2311.559 Thread 0x000001d3510c28c0 Unloading class 0x000001d301000400 'java/lang/invoke/LambdaForm$MH+0x000001d301000400'

Classes redefined (0 events):
No events

Internal exceptions (20 events):
Event: 3896.199 Thread 0x000001d37320de20 Exception <a 'sun/nio/fs/WindowsException'{0x00000000d5b3deb8}> (0x00000000d5b3deb8) 
thrown [s\src\hotspot\share\prims\jni.cpp, line 520]
Event: 3896.199 Thread 0x000001d37320de20 Exception <a 'sun/nio/fs/WindowsException'{0x00000000d5b3e798}> (0x00000000d5b3e798) 
thrown [s\src\hotspot\share\prims\jni.cpp, line 520]
Event: 3896.214 Thread 0x000001d37320de20 Exception <a 'sun/nio/fs/WindowsException'{0x00000000d5b61650}> (0x00000000d5b61650) 
thrown [s\src\hotspot\share\prims\jni.cpp, line 520]
Event: 3896.215 Thread 0x000001d37320de20 Exception <a 'sun/nio/fs/WindowsException'{0x00000000d5b61f30}> (0x00000000d5b61f30) 
thrown [s\src\hotspot\share\prims\jni.cpp, line 520]
Event: 3896.365 Thread 0x000001d37320f1d0 Exception <a 'java/lang/ArrayIndexOutOfBoundsException'{0x00000000d632d9a8}> (0x00000000d632d9a8) 
thrown [s\src\hotspot\share\runtime\sharedRuntime.cpp, line 625]
Event: 3896.704 Thread 0x000001d373211fc0 Implicit null exception at 0x000001d35c565608 to 0x000001d35c566964
Event: 3916.223 Thread 0x000001d37320de20 Implicit null exception at 0x000001d35bda84c3 to 0x000001d35bda8978
Event: 3916.562 Thread 0x000001d37320de20 Implicit null exception at 0x000001d35ca62db8 to 0x000001d35ca6a52c
Event: 3978.034 Thread 0x000001d37320de20 Implicit null exception at 0x000001d35c300408 to 0x000001d35c303664
Event: 3978.329 Thread 0x000001d37320de20 Exception <a 'java/lang/ArrayIndexOutOfBoundsException'{0x00000000d6a1eb20}: Index 2 out of bounds for length 2> (0x00000000d6a1eb20) 
thrown [s\src\hotspot\share\interpreter\interpreterRuntime.cpp, line 439]
Event: 6175.910 Thread 0x000001d3701a3430 Exception <a 'java/lang/IncompatibleClassChangeError'{0x00000000d6598608}: Found class java.lang.Object, but interface was expected> (0x00000000d6598608) 
thrown [s\src\hotspot\share\interpreter\linkResolver.cpp, line 840]
Event: 19128.051 Thread 0x000001d3727241e0 Exception <a 'sun/nio/fs/WindowsException'{0x00000000d5618f08}> (0x00000000d5618f08) 
thrown [s\src\hotspot\share\prims\jni.cpp, line 520]
Event: 19128.054 Thread 0x000001d3727241e0 Exception <a 'sun/nio/fs/WindowsException'{0x00000000d5619808}> (0x00000000d5619808) 
thrown [s\src\hotspot\share\prims\jni.cpp, line 520]
Event: 19128.057 Thread 0x000001d3727241e0 Exception <a 'sun/nio/fs/WindowsException'{0x00000000d561a568}> (0x00000000d561a568) 
thrown [s\src\hotspot\share\prims\jni.cpp, line 520]
Event: 19128.057 Thread 0x000001d3727241e0 Exception <a 'sun/nio/fs/WindowsException'{0x00000000d561ae48}> (0x00000000d561ae48) 
thrown [s\src\hotspot\share\prims\jni.cpp, line 520]
Event: 19128.062 Thread 0x000001d3727241e0 Exception <a 'sun/nio/fs/WindowsException'{0x00000000d56d3b28}> (0x00000000d56d3b28) 
thrown [s\src\hotspot\share\prims\jni.cpp, line 520]
Event: 19128.062 Thread 0x000001d3727241e0 Exception <a 'sun/nio/fs/WindowsException'{0x00000000d56d4408}> (0x00000000d56d4408) 
thrown [s\src\hotspot\share\prims\jni.cpp, line 520]
Event: 19128.117 Thread 0x000001d3727241e0 Exception <a 'sun/nio/fs/WindowsException'{0x00000000d59168d0}> (0x00000000d59168d0) 
thrown [s\src\hotspot\share\prims\jni.cpp, line 520]
Event: 19128.118 Thread 0x000001d3727241e0 Exception <a 'sun/nio/fs/WindowsException'{0x00000000d598c2e0}> (0x00000000d598c2e0) 
thrown [s\src\hotspot\share\prims\jni.cpp, line 520]
Event: 19128.610 Thread 0x000001d372726940 Exception <a 'java/lang/NoSuchMethodError'{0x00000000d5d647c8}: 'java.lang.Object java.lang.invoke.DirectMethodHandle$Holder.invokeStatic(java.lang.Object, int, int, java.lang.Object)'> (0x00000000d5d647c8) 
thrown [s\src\hotspot\share\interpreter\linkResolver.cpp, line 773]

ZGC Phase Switch (0 events):
No events

VM Operations (20 events):
Event: 24070.783 Executing VM operation: HandshakeAllThreads (HandshakeForDeflation)
Event: 24070.783 Executing VM operation: HandshakeAllThreads (HandshakeForDeflation) done
Event: 24070.783 Executing VM operation: RendezvousGCThreads
Event: 24070.783 Executing VM operation: RendezvousGCThreads done
Event: 24131.046 Executing VM operation: HandshakeAllThreads (HandshakeForDeflation)
Event: 24131.046 Executing VM operation: HandshakeAllThreads (HandshakeForDeflation) done
Event: 24131.046 Executing VM operation: RendezvousGCThreads
Event: 24131.046 Executing VM operation: RendezvousGCThreads done
Event: 24191.261 Executing VM operation: HandshakeAllThreads (HandshakeForDeflation)
Event: 24191.262 Executing VM operation: HandshakeAllThreads (HandshakeForDeflation) done
Event: 24191.262 Executing VM operation: RendezvousGCThreads
Event: 24191.262 Executing VM operation: RendezvousGCThreads done
Event: 24311.591 Executing VM operation: HandshakeAllThreads (HandshakeForDeflation)
Event: 24311.591 Executing VM operation: HandshakeAllThreads (HandshakeForDeflation) done
Event: 24311.591 Executing VM operation: RendezvousGCThreads
Event: 24311.591 Executing VM operation: RendezvousGCThreads done
Event: 24852.777 Executing VM operation: HandshakeAllThreads (HandshakeForDeflation)
Event: 24852.778 Executing VM operation: HandshakeAllThreads (HandshakeForDeflation) done
Event: 24852.778 Executing VM operation: RendezvousGCThreads
Event: 24852.778 Executing VM operation: RendezvousGCThreads done

Memory protections (0 events):
No events

Nmethod flushes (20 events):
Event: 2311.892 Thread 0x000001d3510c28c0 flushing  nmethod 0x000001d3554dc110
Event: 2311.892 Thread 0x000001d3510c28c0 flushing  nmethod 0x000001d3554e7a10
Event: 2311.892 Thread 0x000001d3510c28c0 flushing  nmethod 0x000001d3554fab90
Event: 2311.892 Thread 0x000001d3510c28c0 flushing  nmethod 0x000001d355512910
Event: 2311.892 Thread 0x000001d3510c28c0 flushing  nmethod 0x000001d355528310
Event: 2311.892 Thread 0x000001d3510c28c0 flushing  nmethod 0x000001d355528790
Event: 2311.892 Thread 0x000001d3510c28c0 flushing  nmethod 0x000001d35553f190
Event: 2311.892 Thread 0x000001d3510c28c0 flushing  nmethod 0x000001d355573290
Event: 2311.892 Thread 0x000001d3510c28c0 flushing  nmethod 0x000001d355591a10
Event: 2311.892 Thread 0x000001d3510c28c0 flushing  nmethod 0x000001d3555ccf10
Event: 2311.892 Thread 0x000001d3510c28c0 flushing  nmethod 0x000001d3555d8490
Event: 2311.892 Thread 0x000001d3510c28c0 flushing  nmethod 0x000001d3555d9890
Event: 2311.892 Thread 0x000001d3510c28c0 flushing  nmethod 0x000001d3555e3410
Event: 2311.892 Thread 0x000001d3510c28c0 flushing  nmethod 0x000001d3555e7f90
Event: 2311.892 Thread 0x000001d3510c28c0 flushing  nmethod 0x000001d35560d510
Event: 2311.892 Thread 0x000001d3510c28c0 flushing  nmethod 0x000001d35568e090
Event: 2311.892 Thread 0x000001d3510c28c0 flushing  nmethod 0x000001d355c4ba90
Event: 2311.892 Thread 0x000001d3510c28c0 flushing  nmethod 0x000001d355c54390
Event: 2311.892 Thread 0x000001d3510c28c0 flushing  nmethod 0x000001d355d92710
Event: 2311.892 Thread 0x000001d3510c28c0 flushing  nmethod 0x000001d355e41690

Events (20 events):
Event: 19129.087 Thread 0x000001d368e4f0e0 Thread added: 0x000001d37cd3f710
Event: 19129.090 Thread 0x000001d368e4f0e0 Thread added: 0x000001d37cd3ce30
Event: 19130.018 Thread 0x000001d37cd3ce30 Thread exited: 0x000001d37cd3ce30
Event: 19130.018 Thread 0x000001d37cd3f710 Thread exited: 0x000001d37cd3f710
Event: 19130.027 Thread 0x000001d3510cb2e0 Thread added: 0x000001d37cd3f710
Event: 19130.038 Thread 0x000001d368e4f0e0 Thread added: 0x000001d37cd3ce30
Event: 19130.774 Thread 0x000001d37cd3ce30 Thread exited: 0x000001d37cd3ce30
Event: 19130.774 Thread 0x000001d37cd3f710 Thread exited: 0x000001d37cd3f710
Event: 19133.465 Thread 0x000001d3510cb2e0 Thread added: 0x000001d37cd3ac20
Event: 19133.465 Thread 0x000001d3510cb2e0 Thread added: 0x000001d37cd3c760
Event: 19134.076 Thread 0x000001d37cd3c760 Thread exited: 0x000001d37cd3c760
Event: 19137.623 Thread 0x000001d37cd3ac20 Thread exited: 0x000001d37cd3ac20
Event: 19202.658 Thread 0x000001d3727241e0 Thread exited: 0x000001d3727241e0
Event: 19262.671 Thread 0x000001d3727206d0 Thread exited: 0x000001d3727206d0
Event: 19322.674 Thread 0x000001d372726940 Thread exited: 0x000001d372726940
Event: 19382.684 Thread 0x000001d372726fd0 Thread exited: 0x000001d372726fd0
Event: 19442.690 Thread 0x000001d372725590 Thread exited: 0x000001d372725590
Event: 19502.700 Thread 0x000001d372721a80 Thread exited: 0x000001d372721a80
Event: 19562.717 Thread 0x000001d372727660 Thread exited: 0x000001d372727660
Event: 19622.751 Thread 0x000001d372723b50 Thread exited: 0x000001d372723b50


Dynamic libraries:
0x00007ff77cc70000 - 0x00007ff77cc7e000 	c:\Users\Shreyansh Bhardwaj\.vscode\extensions\redhat.java-1.44.0-win32-x64\jre\21.0.8-win32-x86_64\bin\java.exe
0x00007ffb243f0000 - 0x00007ffb24607000 	C:\WINDOWS\SYSTEM32\ntdll.dll
0x00007ffb231d0000 - 0x00007ffb23294000 	C:\WINDOWS\System32\KERNEL32.DLL
0x00007ffb219f0000 - 0x00007ffb21dc2000 	C:\WINDOWS\System32\KERNELBASE.dll
0x00007ffb21730000 - 0x00007ffb21841000 	C:\WINDOWS\System32\ucrtbase.dll
0x00007ffadc9d0000 - 0x00007ffadc9e8000 	c:\Users\Shreyansh Bhardwaj\.vscode\extensions\redhat.java-1.44.0-win32-x64\jre\21.0.8-win32-x86_64\bin\jli.dll
0x00007ffb22550000 - 0x00007ffb22701000 	C:\WINDOWS\System32\USER32.dll
0x00007ffb21880000 - 0x00007ffb218a6000 	C:\WINDOWS\System32\win32u.dll
0x00007ffb23300000 - 0x00007ffb23329000 	C:\WINDOWS\System32\GDI32.dll
0x00007ffb21600000 - 0x00007ffb21723000 	C:\WINDOWS\System32\gdi32full.dll
0x00007ffb214e0000 - 0x00007ffb2157a000 	C:\WINDOWS\System32\msvcp_win.dll
0x00007ffadc4d0000 - 0x00007ffadc4ee000 	c:\Users\Shreyansh Bhardwaj\.vscode\extensions\redhat.java-1.44.0-win32-x64\jre\21.0.8-win32-x86_64\bin\VCRUNTIME140.dll
0x00007ffb0ffe0000 - 0x00007ffb1027b000 	C:\WINDOWS\WinSxS\amd64_microsoft.windows.common-controls_6595b64144ccf1df_6.0.22621.5547_none_27104afb73855772\COMCTL32.dll
0x00007ffb23b70000 - 0x00007ffb23c17000 	C:\WINDOWS\System32\msvcrt.dll
0x00007ffb23880000 - 0x00007ffb238b1000 	C:\WINDOWS\System32\IMM32.DLL
0x00007ffb0ed40000 - 0x00007ffb0ed4c000 	c:\Users\Shreyansh Bhardwaj\.vscode\extensions\redhat.java-1.44.0-win32-x64\jre\21.0.8-win32-x86_64\bin\vcruntime140_1.dll
0x00007ffadb500000 - 0x00007ffadb58d000 	c:\Users\Shreyansh Bhardwaj\.vscode\extensions\redhat.java-1.44.0-win32-x64\jre\21.0.8-win32-x86_64\bin\msvcp140.dll
0x00007ffa56540000 - 0x00007ffa572d7000 	c:\Users\Shreyansh Bhardwaj\.vscode\extensions\redhat.java-1.44.0-win32-x64\jre\21.0.8-win32-x86_64\bin\server\jvm.dll
0x00007ffb22fc0000 - 0x00007ffb23071000 	C:\WINDOWS\System32\ADVAPI32.dll
0x00007ffb236c0000 - 0x00007ffb23768000 	C:\WINDOWS\System32\sechost.dll
0x00007ffb21850000 - 0x00007ffb21878000 	C:\WINDOWS\System32\bcrypt.dll
0x00007ffb23080000 - 0x00007ffb23194000 	C:\WINDOWS\System32\RPCRT4.dll
0x00007ffb23350000 - 0x00007ffb233c1000 	C:\WINDOWS\System32\WS2_32.dll
0x00007ffb192b0000 - 0x00007ffb192e4000 	C:\WINDOWS\SYSTEM32\WINMM.dll
0x00007ffb17ac0000 - 0x00007ffb17aca000 	C:\WINDOWS\SYSTEM32\VERSION.dll
0x00007ffb213b0000 - 0x00007ffb213fd000 	C:\WINDOWS\SYSTEM32\POWRPROF.dll
0x00007ffb21390000 - 0x00007ffb213a3000 	C:\WINDOWS\SYSTEM32\UMPDC.dll
0x00007ffb204e0000 - 0x00007ffb204f8000 	C:\WINDOWS\SYSTEM32\kernel.appcore.dll
0x00007ffaff620000 - 0x00007ffaff62a000 	c:\Users\Shreyansh Bhardwaj\.vscode\extensions\redhat.java-1.44.0-win32-x64\jre\21.0.8-win32-x86_64\bin\jimage.dll
0x00007ffb1efa0000 - 0x00007ffb1f1d3000 	C:\WINDOWS\SYSTEM32\DBGHELP.DLL
0x00007ffb23f80000 - 0x00007ffb24313000 	C:\WINDOWS\System32\combase.dll
0x00007ffb238c0000 - 0x00007ffb23997000 	C:\WINDOWS\System32\OLEAUT32.dll
0x00007ffb05580000 - 0x00007ffb055b2000 	C:\WINDOWS\SYSTEM32\dbgcore.DLL
0x00007ffb22000000 - 0x00007ffb2207b000 	C:\WINDOWS\System32\bcryptPrimitives.dll
0x00007ffafeb60000 - 0x00007ffafeb6f000 	c:\Users\Shreyansh Bhardwaj\.vscode\extensions\redhat.java-1.44.0-win32-x64\jre\21.0.8-win32-x86_64\bin\instrument.dll
0x00007ffadc380000 - 0x00007ffadc39f000 	c:\Users\Shreyansh Bhardwaj\.vscode\extensions\redhat.java-1.44.0-win32-x64\jre\21.0.8-win32-x86_64\bin\java.dll
0x00007ffb22710000 - 0x00007ffb22fb2000 	C:\WINDOWS\System32\SHELL32.dll
0x00007ffb218b0000 - 0x00007ffb219ef000 	C:\WINDOWS\System32\wintypes.dll
0x00007ffb1f3c0000 - 0x00007ffb1fcdd000 	C:\WINDOWS\SYSTEM32\windows.storage.dll
0x00007ffb233d0000 - 0x00007ffb234dc000 	C:\WINDOWS\System32\SHCORE.dll
0x00007ffb23d00000 - 0x00007ffb23d69000 	C:\WINDOWS\System32\shlwapi.dll
0x00007ffb21410000 - 0x00007ffb2143b000 	C:\WINDOWS\SYSTEM32\profapi.dll
0x00007ffadbb90000 - 0x00007ffadbba8000 	c:\Users\Shreyansh Bhardwaj\.vscode\extensions\redhat.java-1.44.0-win32-x64\jre\21.0.8-win32-x86_64\bin\zip.dll
0x00007ffaf2c40000 - 0x00007ffaf2c50000 	C:\Users\Shreyansh Bhardwaj\.vscode\extensions\redhat.java-1.44.0-win32-x64\jre\21.0.8-win32-x86_64\bin\net.dll
0x00007ffb17e60000 - 0x00007ffb17f8c000 	C:\WINDOWS\SYSTEM32\WINHTTP.dll
0x00007ffb209b0000 - 0x00007ffb20a19000 	C:\WINDOWS\system32\mswsock.dll
0x00007ffadbad0000 - 0x00007ffadbae6000 	C:\Users\Shreyansh Bhardwaj\.vscode\extensions\redhat.java-1.44.0-win32-x64\jre\21.0.8-win32-x86_64\bin\nio.dll
0x00007ffaf2620000 - 0x00007ffaf2630000 	c:\Users\Shreyansh Bhardwaj\.vscode\extensions\redhat.java-1.44.0-win32-x64\jre\21.0.8-win32-x86_64\bin\verify.dll
0x00007ffad74e0000 - 0x00007ffad7525000 	C:\Users\Shreyansh Bhardwaj\AppData\Roaming\Code\User\globalStorage\redhat.java\1.44.0\config_win\org.eclipse.equinox.launcher\org.eclipse.equinox.launcher.win32.win32.x86_64_1.2.1400.v20250730-1736\eclipse_11913.dll
0x00007ffb23de0000 - 0x00007ffb23f80000 	C:\WINDOWS\System32\ole32.dll
0x00007ffb20c00000 - 0x00007ffb20c1b000 	C:\WINDOWS\SYSTEM32\CRYPTSP.dll
0x00007ffb204a0000 - 0x00007ffb204d7000 	C:\WINDOWS\system32\rsaenh.dll
0x00007ffb20a50000 - 0x00007ffb20a78000 	C:\WINDOWS\SYSTEM32\USERENV.dll
0x00007ffb20bc0000 - 0x00007ffb20bcc000 	C:\WINDOWS\SYSTEM32\CRYPTBASE.dll
0x00007ffb1ff80000 - 0x00007ffb1ffad000 	C:\WINDOWS\SYSTEM32\IPHLPAPI.DLL
0x00007ffb23c30000 - 0x00007ffb23c39000 	C:\WINDOWS\System32\NSI.dll
0x00007ffad36c0000 - 0x00007ffad3709000 	C:\Users\Shreyansh Bhardwaj\AppData\Local\Temp\jna-1901370432\jna2373341355151699666.dll
0x00007ffb23cf0000 - 0x00007ffb23cf8000 	C:\WINDOWS\System32\PSAPI.DLL
0x00007ffb17df0000 - 0x00007ffb17e09000 	C:\WINDOWS\SYSTEM32\dhcpcsvc6.DLL
0x00007ffb17db0000 - 0x00007ffb17dcf000 	C:\WINDOWS\SYSTEM32\dhcpcsvc.DLL
0x00007ffaff5f0000 - 0x00007ffaff5fe000 	C:\Users\Shreyansh Bhardwaj\.vscode\extensions\redhat.java-1.44.0-win32-x64\jre\21.0.8-win32-x86_64\bin\sunmscapi.dll
0x00007ffb21e90000 - 0x00007ffb21ff7000 	C:\WINDOWS\System32\CRYPT32.dll
0x00007ffb20df0000 - 0x00007ffb20e1d000 	C:\WINDOWS\SYSTEM32\ncrypt.dll
0x00007ffb20db0000 - 0x00007ffb20de7000 	C:\WINDOWS\SYSTEM32\NTASN1.dll

JVMTI agents:
c:\Users\Shreyansh Bhardwaj\.vscode\extensions\redhat.java-1.44.0-win32-x64\lombok\lombok-1.18.39-4050.jar path:c:\Users\Shreyansh Bhardwaj\.vscode\extensions\redhat.java-1.44.0-win32-x64\jre\21.0.8-win32-x86_64\bin\instrument.dll, loaded, initialized, instrumentlib options:none

dbghelp: loaded successfully - version: 4.0.5 - missing functions: none
symbol engine: initialized successfully - sym options: 0x614 - pdb path: .;c:\Users\Shreyansh Bhardwaj\.vscode\extensions\redhat.java-1.44.0-win32-x64\jre\21.0.8-win32-x86_64\bin;C:\WINDOWS\SYSTEM32;C:\WINDOWS\WinSxS\amd64_microsoft.windows.common-controls_6595b64144ccf1df_6.0.22621.5547_none_27104afb73855772;c:\Users\Shreyansh Bhardwaj\.vscode\extensions\redhat.java-1.44.0-win32-x64\jre\21.0.8-win32-x86_64\bin\server;C:\Users\Shreyansh Bhardwaj\AppData\Roaming\Code\User\globalStorage\redhat.java\1.44.0\config_win\org.eclipse.equinox.launcher\org.eclipse.equinox.launcher.win32.win32.x86_64_1.2.1400.v20250730-1736;C:\Users\Shreyansh Bhardwaj\AppData\Local\Temp\jna-1901370432

VM Arguments:
jvm_args: --add-modules=ALL-SYSTEM --add-opens=java.base/java.util=ALL-UNNAMED --add-opens=java.base/java.lang=ALL-UNNAMED --add-opens=java.base/sun.nio.fs=ALL-UNNAMED -Declipse.application=org.eclipse.jdt.ls.core.id1 -Dosgi.bundles.defaultStartLevel=4 -Declipse.product=org.eclipse.jdt.ls.core.product -Djava.import.generatesMetadataFilesAtProjectRoot=false -DDetectVMInstallationsJob.disabled=true -Dfile.encoding=utf8 -XX:+UseParallelGC -XX:GCTimeRatio=4 -XX:AdaptiveSizePolicyWeight=90 -Dsun.zip.disableMemoryMapping=true -Xmx2G -Xms100m -Xlog:disable -javaagent:c:\Users\Shreyansh Bhardwaj\.vscode\extensions\redhat.java-1.44.0-win32-x64\lombok\lombok-1.18.39-4050.jar -XX:+HeapDumpOnOutOfMemoryError -XX:HeapDumpPath=c:\Users\Shreyansh Bhardwaj\AppData\Roaming\Code\User\workspaceStorage\78c7e8b256210418a5575d8a2d98ab2c\redhat.java -Daether.dependencyCollector.impl=bf 
java_command: c:\Users\Shreyansh Bhardwaj\.vscode\extensions\redhat.java-1.44.0-win32-x64\server\plugins\org.eclipse.equinox.launcher_1.7.0.v20250519-0528.jar -configuration c:\Users\Shreyansh Bhardwaj\AppData\Roaming\Code\User\globalStorage\redhat.java\1.44.0\config_win -data c:\Users\Shreyansh Bhardwaj\AppData\Roaming\Code\User\workspaceStorage\78c7e8b256210418a5575d8a2d98ab2c\redhat.java\jdt_ws --pipe=\\.\pipe\lsp-42529f3acf770e6eb105e7e2401f3360-sock
java_class_path (initial): c:\Users\Shreyansh Bhardwaj\.vscode\extensions\redhat.java-1.44.0-win32-x64\server\plugins\org.eclipse.equinox.launcher_1.7.0.v20250519-0528.jar
Launcher Type: SUN_STANDARD

[Global flags]
    uintx AdaptiveSizePolicyWeight                 = 90                                        {product} {command line}
     intx CICompilerCount                          = 4                                         {product} {ergonomic}
    uintx GCTimeRatio                              = 4                                         {product} {command line}
     bool HeapDumpOnOutOfMemoryError               = true                                   {manageable} {command line}
    ccstr HeapDumpPath                             = c:\Users\Shreyansh Bhardwaj\AppData\Roaming\Code\User\workspaceStorage\78c7e8b256210418a5575d8a2d98ab2c\redhat.java         {manageable} {command line}
   size_t InitialHeapSize                          = 104857600                                 {product} {command line}
   size_t MaxHeapSize                              = 2147483648                                {product} {command line}
   size_t MaxNewSize                               = 715653120                                 {product} {ergonomic}
   size_t MinHeapDeltaBytes                        = 524288                                    {product} {ergonomic}
   size_t MinHeapSize                              = 104857600                                 {product} {command line}
   size_t NewSize                                  = 34603008                                  {product} {ergonomic}
    uintx NonNMethodCodeHeapSize                   = 5839372                                {pd product} {ergonomic}
    uintx NonProfiledCodeHeapSize                  = 122909434                              {pd product} {ergonomic}
   size_t OldSize                                  = 70254592                                  {product} {ergonomic}
    uintx ProfiledCodeHeapSize                     = 122909434                              {pd product} {ergonomic}
    uintx ReservedCodeCacheSize                    = 251658240                              {pd product} {ergonomic}
     bool SegmentedCodeCache                       = true                                      {product} {ergonomic}
   size_t SoftMaxHeapSize                          = 2147483648                             {manageable} {ergonomic}
     bool UseCompressedOops                        = true                           {product lp64_product} {ergonomic}
     bool UseLargePagesIndividualAllocation        = false                                  {pd product} {ergonomic}
     bool UseParallelGC                            = true                                      {product} {command line}

Logging:
Log output configuration:
 #0: stdout all=off uptime,level,tags foldmultilines=false
 #1: stderr all=off uptime,level,tags foldmultilines=false

Environment Variables:
JAVA_HOME=C:\Program Files\Java\jdk-21
PATH=C:\Program Files\SqlCmd\;C:\Program Files\Microsoft MPI\Bin\;C:\Program Files\Common Files\Oracle\Java\javapath;C:\Program Files (x86)\Common Files\Oracle\Java\java8path;C:\Program Files (x86)\Common Files\Oracle\Java\javapath;C:\Program Files\Eclipse Adoptium\jdk-21.0.3.9-hotspot\bin;C:\Windows\system32;C:\Windows;C:\Windows\System32\Wbem;C:\Windows\System32\WindowsPowerShell\v1.0\;C:\Windows\System32\OpenSSH\;C:\Program Files (x86)\NVIDIA Corporation\PhysX\Common;C:\Program Files\NVIDIA Corporation\NVIDIA NvDLISR;C:\WINDOWS\system32;C:\WINDOWS;C:\WINDOWS\System32\Wbem;C:\WINDOWS\System32\WindowsPowerShell\v1.0\;C:\WINDOWS\System32\OpenSSH\;C:\MinGW\bin;C:\SFML-2.6.1\bin;C:\Program Files\dotnet\;C:\Program Files\CMake\bin;C:\Program Files\Git\cmd;C:\Program Files\MySQL\MySQL Server 8.0\bin;C:\Program Files\Microsoft SQL Server\Client SDK\ODBC\170\Tools\Binn\;C:\Program Files (x86)\Microsoft SQL Server\160\DTS\Binn\;C:\Program Files\Azure Data Studio\bin;C:\Program Files (x86)\Windows Kits\10\Windows Performance Toolkit\;C:\Program Files (x86)\Microsoft SQL Server\160\Tools\Binn\;C:\Program Files\Microsoft SQL Server\160\Tools\Binn\;C:\Program Files\Microsoft SQL Server\160\DTS\Binn\;C:\Program Files\Docker\Docker\resources\bin;C:\Program Files\nodejs\;C:\Users\Shreyansh Bhardwaj\AppData\Local\Programs\Python\Python313\Scripts\;C:\Users\Shreyansh Bhardwaj\AppData\Local\Programs\Python\Python313\;C:\Users\Shreyansh Bhardwaj\AppData\Local\Programs\Python\Launcher\;C:\Program Files\MySQL\MySQL Shell 8.0\bin\;C:\Users\Shreyansh Bhardwaj\AppData\Local\Microsoft\WindowsApps;C:\Users\Shreyansh Bhardwaj\AppData\Local\Programs\Microsoft VS Code\bin;C:\Users\Shreyansh Bhardwaj\AppData\Local\Programs\mongosh\;C:\Users\Shreyansh Bhardwaj\.dotnet\tools;C:\msys64\ucrt64\bin;C:\Users\Shreyansh Bhardwaj\AppData\Local\Programs\Python\Python313\Scripts;;C:\Program Files\JetBrains\IntelliJ IDEA 2023.1.3\bin;;C:\Users\Shreyansh Bhardwaj\.dotnet\tools;C:\Program Files\Azure Data Studio\bin;C:\Users\Shreyansh Bhardwaj\AppData\Roaming\npm
USERNAME=Shreyansh Bhardwaj
OS=Windows_NT
PROCESSOR_IDENTIFIER=AMD64 Family 25 Model 80 Stepping 0, AuthenticAMD
TMP=C:\Users\SHREYA~1\AppData\Local\Temp
TEMP=C:\Users\SHREYA~1\AppData\Local\Temp




Periodic native trim disabled

---------------  S Y S T E M  ---------------

OS:
 Windows 11 , 64 bit Build 22621 (10.0.22621.5415)
OS uptime: 1 days 10:34 hours
Hyper-V role detected

CPU: total 12 (initial active 12) (12 cores per cpu, 2 threads per core) family 25 model 80 stepping 0 microcode 0x0, cx8, cmov, fxsr, ht, mmx, 3dnowpref, sse, sse2, sse3, ssse3, sse4a, sse4.1, sse4.2, popcnt, lzcnt, tsc, tscinvbit, avx, avx2, aes, erms, clmul, bmi1, bmi2, adx, sha, fma, vzeroupper, clflush, clflushopt, hv, rdtscp, rdpid, fsrm, f16c, cet_ss
Processor Information for processor 0
  Max Mhz: 3301, Current Mhz: 1908, Mhz Limit: 3301
Processor Information for processor 1
  Max Mhz: 3301, Current Mhz: 1908, Mhz Limit: 3301
Processor Information for processor 2
  Max Mhz: 3301, Current Mhz: 1805, Mhz Limit: 3301
Processor Information for processor 3
  Max Mhz: 3301, Current Mhz: 1908, Mhz Limit: 3301
Processor Information for processor 4
  Max Mhz: 3301, Current Mhz: 1805, Mhz Limit: 3301
Processor Information for processor 5
  Max Mhz: 3301, Current Mhz: 1908, Mhz Limit: 3301
Processor Information for processor 6
  Max Mhz: 3301, Current Mhz: 1908, Mhz Limit: 3301
Processor Information for processor 7
  Max Mhz: 3301, Current Mhz: 1805, Mhz Limit: 3301
Processor Information for processor 8
  Max Mhz: 3301, Current Mhz: 1805, Mhz Limit: 3301
Processor Information for processor 9
  Max Mhz: 3301, Current Mhz: 1805, Mhz Limit: 3301
Processor Information for processor 10
  Max Mhz: 3301, Current Mhz: 1805, Mhz Limit: 3301
Processor Information for processor 11
  Max Mhz: 3301, Current Mhz: 1805, Mhz Limit: 3301

Memory: 4k page, system-wide physical 7532M (359M free)
TotalPageFile size 21768M (AvailPageFile size 99M)
current process WorkingSet (physical memory assigned to process): 21M, peak: 735M
current process commit charge ("private bytes"): 1376M, peak: 1397M

vm_info: OpenJDK 64-Bit Server VM (21.0.8+9-LTS) for windows-amd64 JRE (21.0.8+9-LTS), built on 2025-07-15T00:00:00Z by "admin" with MS VC++ 17.7 (VS2022)

END.
