#
# There is insufficient memory for the Java Runtime Environment to continue.
# Native memory allocation (malloc) failed to allocate 1155376 bytes. Error detail: Chunk::new
# Possible reasons:
#   The system is out of physical RAM or swap space
#   This process is running with CompressedOops enabled, and the Java Heap may be blocking the growth of the native heap
# Possible solutions:
#   Reduce memory load on the system
#   Increase physical memory or swap space
#   Check if swap backing store is full
#   Decrease Java heap size (-Xmx/-Xms)
#   Decrease number of Java threads
#   Decrease Java thread stack sizes (-Xss)
#   Set larger code cache with -XX:ReservedCodeCacheSize=
#   JVM is running with Unscaled Compressed Oops mode in which the Java heap is
#     placed in the first 4GB address space. The Java Heap base address is the
#     maximum limit for the native heap growth. Please use -XX:HeapBaseMinAddress
#     to set the Java Heap base and to place the Java Heap above 4GB virtual address.
# This output file may be truncated or incomplete.
#
#  Out of Memory Error (arena.cpp:168), pid=24436, tid=17732
#
# JRE version: OpenJDK Runtime Environment Temurin-21.0.8+9 (21.0.8+9) (build 21.0.8+9-LTS)
# Java VM: OpenJDK 64-Bit Server VM Temurin-21.0.8+9 (21.0.8+9-LTS, mixed mode, sharing, tiered, compressed oops, compressed class ptrs, parallel gc, windows-amd64)
# No core dump will be written. Minidumps are not enabled by default on client versions of Windows
#

---------------  S U M M A R Y ------------

Command Line: --add-modules=ALL-SYSTEM --add-opens=java.base/java.util=ALL-UNNAMED --add-opens=java.base/java.lang=ALL-UNNAMED --add-opens=java.base/sun.nio.fs=ALL-UNNAMED -Declipse.application=org.eclipse.jdt.ls.core.id1 -Dosgi.bundles.defaultStartLevel=4 -Declipse.product=org.eclipse.jdt.ls.core.product -Djava.import.generatesMetadataFilesAtProjectRoot=false -DDetectVMInstallationsJob.disabled=true -Dfile.encoding=utf8 -XX:+UseParallelGC -XX:GCTimeRatio=4 -XX:AdaptiveSizePolicyWeight=90 -Dsun.zip.disableMemoryMapping=true -Xmx2G -Xms100m -Xlog:disable -javaagent:c:\Users\Shreyansh Bhardwaj\.vscode\extensions\redhat.java-1.44.0-win32-x64\lombok\lombok-1.18.39-4050.jar -XX:+HeapDumpOnOutOfMemoryError -XX:HeapDumpPath=c:\Users\Shreyansh Bhardwaj\AppData\Roaming\Code\User\workspaceStorage\78c7e8b256210418a5575d8a2d98ab2c\redhat.java -Daether.dependencyCollector.impl=bf c:\Users\Shreyansh Bhardwaj\.vscode\extensions\redhat.java-1.44.0-win32-x64\server\plugins\org.eclipse.equinox.launcher_1.7.0.v20250519-0528.jar -configuration c:\Users\Shreyansh Bhardwaj\AppData\Roaming\Code\User\globalStorage\redhat.java\1.44.0\config_win -data c:\Users\Shreyansh Bhardwaj\AppData\Roaming\Code\User\workspaceStorage\78c7e8b256210418a5575d8a2d98ab2c\redhat.java\jdt_ws --pipe=\\.\pipe\lsp-52da9858d18f7aecda4fd11a0e088d7f-sock

Host: AMD Ryzen 5 5600H with Radeon Graphics         , 12 cores, 7G,  Windows 11 , 64 bit Build 22621 (10.0.22621.5415)
Time: Wed Aug  6 15:36:43 2025 India Standard Time elapsed time: 12765.323920 seconds (0d 3h 32m 45s)

---------------  T H R E A D  ---------------

Current thread (0x000001f0b089bf40):  JavaThread "C2 CompilerThread0" daemon [_thread_in_native, id=17732, stack(0x0000003c09c00000,0x0000003c09d00000) (1024K)]


Current CompileTask:
C2:12765323 29539       4       lombok.eclipse.handlers.HandleToString::createToString (1412 bytes)

Stack: [0x0000003c09c00000,0x0000003c09d00000]
Native frames: (J=compiled Java code, j=interpreted, Vv=VM code, C=native code)
V  [jvm.dll+0x6d2449]
V  [jvm.dll+0x8ae341]
V  [jvm.dll+0x8b08be]
V  [jvm.dll+0x8b0fa3]
V  [jvm.dll+0x280c96]
V  [jvm.dll+0xc581d]
V  [jvm.dll+0xc5d53]
V  [jvm.dll+0x3b9162]
V  [jvm.dll+0x385315]
V  [jvm.dll+0x38477a]
V  [jvm.dll+0x248ed0]
V  [jvm.dll+0x2484af]
V  [jvm.dll+0x1c89ee]
V  [jvm.dll+0x257d4d]
V  [jvm.dll+0x2562ea]
V  [jvm.dll+0x3f2d16]
V  [jvm.dll+0x857e6b]
V  [jvm.dll+0x6d0b0d]
C  [ucrtbase.dll+0x29333]
C  [KERNEL32.DLL+0x1259d]
C  [ntdll.dll+0x5af78]


---------------  P R O C E S S  ---------------

Threads class SMR info:
_java_thread_list=0x000001f10f38eb20, length=84, elements={
0x000001f0b07e09f0, 0x000001f0b0886390, 0x000001f0b078c340, 0x000001f0b078d3e0,
0x000001f0b078e0f0, 0x000001f0b0886f40, 0x000001f0b088c0b0, 0x000001f0b089bf40,
0x000001f109571f50, 0x000001f0b0889950, 0x000001f0b088c740, 0x000001f0b088b390,
0x000001f0b08892c0, 0x000001f0b088ba20, 0x000001f0b0889fe0, 0x000001f0b088a670,
0x000001f0b088ad00, 0x000001f10a5ebc80, 0x000001f10a5e6dc0, 0x000001f10a5eb5f0,
0x000001f10a5ea240, 0x000001f10a5e8800, 0x000001f10a5ea8d0, 0x000001f10a5ec9a0,
0x000001f10a5eaf60, 0x000001f10a5ec310, 0x000001f10a5e6730, 0x000001f10a5ed030,
0x000001f10a5e60a0, 0x000001f10a5ed6c0, 0x000001f111526be0, 0x000001f111527f90,
0x000001f111528cb0, 0x000001f111527900, 0x000001f111529340, 0x000001f111525ec0,
0x000001f109939fc0, 0x000001f11afac2b0, 0x000001f10ab64250, 0x000001f10ab69e30,
0x000001f10ab68a80, 0x000001f10ab6ab50, 0x000001f10ab67040, 0x000001f10ab63bc0,
0x000001f1099408c0, 0x000001f10993c090, 0x000001f11afab590, 0x000001f10a5e9bb0,
0x000001f11de10870, 0x000001f11de17170, 0x000001f11de16ae0, 0x000001f11de11590,
0x000001f11de11c20, 0x000001f11de122b0, 0x000001f111126a30, 0x000001f11de13cf0,
0x000001f11de12940, 0x000001f11de13660, 0x000001f11de12fd0, 0x000001f11de14380,
0x000001f11de14a10, 0x000001f11de15730, 0x000001f10993a650, 0x000001f1099415e0,
0x000001f10993fba0, 0x000001f109940230, 0x000001f109940f50, 0x000001f10993ba00,
0x000001f10993cdb0, 0x000001f10993d440, 0x000001f10993dad0, 0x000001f10993e160,
0x000001f111526550, 0x000001f11afafdc0, 0x000001f10ab64f70, 0x000001f10ab683f0,
0x000001f10a5e8170, 0x000001f11d404700, 0x000001f11d40a2e0, 0x000001f11d4067d0,
0x000001f11d405ab0, 0x000001f11d409c50, 0x000001f11d4088a0, 0x000001f11d408210
}

Java Threads: ( => current thread )
  0x000001f0b07e09f0 JavaThread "main"                              [_thread_blocked, id=2176, stack(0x0000003c09200000,0x0000003c09300000) (1024K)]
  0x000001f0b0886390 JavaThread "Reference Handler"          daemon [_thread_blocked, id=27328, stack(0x0000003c09600000,0x0000003c09700000) (1024K)]
  0x000001f0b078c340 JavaThread "Finalizer"                  daemon [_thread_blocked, id=16076, stack(0x0000003c09700000,0x0000003c09800000) (1024K)]
  0x000001f0b078d3e0 JavaThread "Signal Dispatcher"          daemon [_thread_blocked, id=18268, stack(0x0000003c09800000,0x0000003c09900000) (1024K)]
  0x000001f0b078e0f0 JavaThread "Attach Listener"            daemon [_thread_blocked, id=17068, stack(0x0000003c09900000,0x0000003c09a00000) (1024K)]
  0x000001f0b0886f40 JavaThread "Service Thread"             daemon [_thread_blocked, id=7480, stack(0x0000003c09a00000,0x0000003c09b00000) (1024K)]
  0x000001f0b088c0b0 JavaThread "Monitor Deflation Thread"   daemon [_thread_blocked, id=21332, stack(0x0000003c09b00000,0x0000003c09c00000) (1024K)]
=>0x000001f0b089bf40 JavaThread "C2 CompilerThread0"         daemon [_thread_in_native, id=17732, stack(0x0000003c09c00000,0x0000003c09d00000) (1024K)]
  0x000001f109571f50 JavaThread "C1 CompilerThread0"         daemon [_thread_blocked, id=15688, stack(0x0000003c09d00000,0x0000003c09e00000) (1024K)]
  0x000001f0b0889950 JavaThread "Common-Cleaner"             daemon [_thread_blocked, id=25228, stack(0x0000003c09e00000,0x0000003c09f00000) (1024K)]
  0x000001f0b088c740 JavaThread "Notification Thread"        daemon [_thread_blocked, id=25884, stack(0x0000003c0a000000,0x0000003c0a100000) (1024K)]
  0x000001f0b088b390 JavaThread "Active Thread: Equinox Container: 8b404632-83fc-47fd-b804-1015bf4cc155"        [_thread_blocked, id=9288, stack(0x0000003c0a800000,0x0000003c0a900000) (1024K)]
  0x000001f0b08892c0 JavaThread "Refresh Thread: Equinox Container: 8b404632-83fc-47fd-b804-1015bf4cc155" daemon [_thread_blocked, id=1956, stack(0x0000003c0a100000,0x0000003c0a200000) (1024K)]
  0x000001f0b088ba20 JavaThread "Framework Event Dispatcher: Equinox Container: 8b404632-83fc-47fd-b804-1015bf4cc155" daemon [_thread_blocked, id=25868, stack(0x0000003c0a900000,0x0000003c0aa00000) (1024K)]
  0x000001f0b0889fe0 JavaThread "Start Level: Equinox Container: 8b404632-83fc-47fd-b804-1015bf4cc155" daemon [_thread_blocked, id=18600, stack(0x0000003c0aa00000,0x0000003c0ab00000) (1024K)]
  0x000001f0b088a670 JavaThread "Bundle File Closer"         daemon [_thread_blocked, id=25756, stack(0x0000003c0ab00000,0x0000003c0ac00000) (1024K)]
  0x000001f0b088ad00 JavaThread "SCR Component Actor"        daemon [_thread_blocked, id=16732, stack(0x0000003c09000000,0x0000003c09100000) (1024K)]
  0x000001f10a5ebc80 JavaThread "Worker-JM"                         [_thread_blocked, id=20440, stack(0x0000003c0b000000,0x0000003c0b100000) (1024K)]
  0x000001f10a5e6dc0 JavaThread "JNA Cleaner"                daemon [_thread_blocked, id=19732, stack(0x0000003c0b100000,0x0000003c0b200000) (1024K)]
  0x000001f10a5eb5f0 JavaThread "Java indexing"              daemon [_thread_in_Java, id=9264, stack(0x0000003c0af00000,0x0000003c0b000000) (1024K)]
  0x000001f10a5ea240 JavaThread "Thread-2"                   daemon [_thread_in_native, id=20464, stack(0x0000003c0b700000,0x0000003c0b800000) (1024K)]
  0x000001f10a5e8800 JavaThread "Thread-3"                   daemon [_thread_in_native, id=9836, stack(0x0000003c0b800000,0x0000003c0b900000) (1024K)]
  0x000001f10a5ea8d0 JavaThread "Thread-4"                   daemon [_thread_in_native, id=24152, stack(0x0000003c0b900000,0x0000003c0ba00000) (1024K)]
  0x000001f10a5ec9a0 JavaThread "Thread-5"                   daemon [_thread_in_native, id=17448, stack(0x0000003c0ba00000,0x0000003c0bb00000) (1024K)]
  0x000001f10a5eaf60 JavaThread "Thread-6"                   daemon [_thread_in_native, id=12252, stack(0x0000003c0bb00000,0x0000003c0bc00000) (1024K)]
  0x000001f10a5ec310 JavaThread "Thread-7"                   daemon [_thread_in_native, id=6724, stack(0x0000003c0bc00000,0x0000003c0bd00000) (1024K)]
  0x000001f10a5e6730 JavaThread "Thread-8"                   daemon [_thread_in_native, id=13128, stack(0x0000003c0bd00000,0x0000003c0be00000) (1024K)]
  0x000001f10a5ed030 JavaThread "Thread-9"                   daemon [_thread_in_native, id=16660, stack(0x0000003c0be00000,0x0000003c0bf00000) (1024K)]
  0x000001f10a5e60a0 JavaThread "Thread-10"                  daemon [_thread_in_native, id=14664, stack(0x0000003c0bf00000,0x0000003c0c000000) (1024K)]
  0x000001f10a5ed6c0 JavaThread "Thread-11"                  daemon [_thread_in_native, id=17380, stack(0x0000003c0c000000,0x0000003c0c100000) (1024K)]
  0x000001f111526be0 JavaThread "Thread-12"                  daemon [_thread_in_native, id=3660, stack(0x0000003c0c100000,0x0000003c0c200000) (1024K)]
  0x000001f111527f90 JavaThread "Thread-13"                  daemon [_thread_in_native, id=13560, stack(0x0000003c0c200000,0x0000003c0c300000) (1024K)]
  0x000001f111528cb0 JavaThread "Thread-14"                  daemon [_thread_in_native, id=11908, stack(0x0000003c0c300000,0x0000003c0c400000) (1024K)]
  0x000001f111527900 JavaThread "pool-2-thread-1"                   [_thread_blocked, id=26232, stack(0x0000003c0c400000,0x0000003c0c500000) (1024K)]
  0x000001f111529340 JavaThread "WorkspaceEventsHandler"            [_thread_blocked, id=24640, stack(0x0000003c0c500000,0x0000003c0c600000) (1024K)]
  0x000001f111525ec0 JavaThread "pool-1-thread-1"                   [_thread_blocked, id=25120, stack(0x0000003c0c600000,0x0000003c0c700000) (1024K)]
  0x000001f109939fc0 JavaThread "Cleaner-0"                  daemon [_thread_blocked, id=20100, stack(0x0000003c0f400000,0x0000003c0f500000) (1024K)]
  0x000001f11afac2b0 JavaThread "Worker-9"                          [_thread_blocked, id=13504, stack(0x0000003c08f00000,0x0000003c09000000) (1024K)]
  0x000001f10ab64250 JavaThread "ForkJoinPool.commonPool-worker-56" daemon [_thread_blocked, id=2352, stack(0x0000003c09100000,0x0000003c09200000) (1024K)]
  0x000001f10ab69e30 JavaThread "ForkJoinPool.commonPool-worker-57" daemon [_thread_blocked, id=26228, stack(0x0000003c0ae00000,0x0000003c0af00000) (1024K)]
  0x000001f10ab68a80 JavaThread "ForkJoinPool.commonPool-worker-58" daemon [_thread_blocked, id=15956, stack(0x0000003c0b200000,0x0000003c0b300000) (1024K)]
  0x000001f10ab6ab50 JavaThread "ForkJoinPool.commonPool-worker-59" daemon [_thread_blocked, id=25552, stack(0x0000003c0b300000,0x0000003c0b400000) (1024K)]
  0x000001f10ab67040 JavaThread "ForkJoinPool.commonPool-worker-61" daemon [_thread_blocked, id=20520, stack(0x0000003c0b500000,0x0000003c0b600000) (1024K)]
  0x000001f10ab63bc0 JavaThread "ForkJoinPool.commonPool-worker-62" daemon [_thread_blocked, id=14872, stack(0x0000003c0b600000,0x0000003c0b700000) (1024K)]
  0x000001f1099408c0 JavaThread "ForkJoinPool.commonPool-worker-63" daemon [_thread_blocked, id=4800, stack(0x0000003c0c700000,0x0000003c0c800000) (1024K)]
  0x000001f10993c090 JavaThread "ForkJoinPool.commonPool-worker-64" daemon [_thread_blocked, id=13764, stack(0x0000003c0c900000,0x0000003c0ca00000) (1024K)]
  0x000001f11afab590 JavaThread "Compiler Source File Reader" daemon [_thread_blocked, id=22696, stack(0x0000003c0cf00000,0x0000003c0d000000) (1024K)]
  0x000001f10a5e9bb0 JavaThread "Compiler Source File Reader" daemon [_thread_blocked, id=23900, stack(0x0000003c0d000000,0x0000003c0d100000) (1024K)]
  0x000001f11de10870 JavaThread "Worker-20: Java indexing... "        [_thread_blocked, id=16668, stack(0x0000003c0cb00000,0x0000003c0cc00000) (1024K)]
  0x000001f11de17170 JavaThread "Worker-21: Building"               [_thread_in_vm, id=22400, stack(0x0000003c0b400000,0x0000003c0b500000) (1024K)]
  0x000001f11de16ae0 JavaThread "Worker-22"                         [_thread_blocked, id=17328, stack(0x0000003c0c800000,0x0000003c0c900000) (1024K)]
  0x000001f11de11590 JavaThread "Worker-23"                         [_thread_blocked, id=3160, stack(0x0000003c0ca00000,0x0000003c0cb00000) (1024K)]
  0x000001f11de11c20 JavaThread "Compiler Source File Reader" daemon [_thread_blocked, id=10112, stack(0x0000003c0cc00000,0x0000003c0cd00000) (1024K)]
  0x000001f11de122b0 JavaThread "Compiler Source File Reader" daemon [_thread_blocked, id=17116, stack(0x0000003c0cd00000,0x0000003c0ce00000) (1024K)]
  0x000001f111126a30 JavaThread "C2 CompilerThread1"         daemon [_thread_in_vm, id=24964, stack(0x0000003c0ce00000,0x0000003c0cf00000) (1024K)]
  0x000001f11de13cf0 JavaThread "LocalFile Deleter"          daemon [_thread_blocked, id=10000, stack(0x0000003c0d100000,0x0000003c0d200000) (1024K)]
  0x000001f11de12940 JavaThread "LocalFile Deleter"          daemon [_thread_blocked, id=16948, stack(0x0000003c0d200000,0x0000003c0d300000) (1024K)]
  0x000001f11de13660 JavaThread "LocalFile Deleter"          daemon [_thread_blocked, id=26452, stack(0x0000003c0d300000,0x0000003c0d400000) (1024K)]
  0x000001f11de12fd0 JavaThread "LocalFile Deleter"          daemon [_thread_blocked, id=25404, stack(0x0000003c0d400000,0x0000003c0d500000) (1024K)]
  0x000001f11de14380 JavaThread "LocalFile Deleter"          daemon [_thread_blocked, id=21000, stack(0x0000003c0d500000,0x0000003c0d600000) (1024K)]
  0x000001f11de14a10 JavaThread "LocalFile Deleter"          daemon [_thread_blocked, id=17692, stack(0x0000003c0d600000,0x0000003c0d700000) (1024K)]
  0x000001f11de15730 JavaThread "LocalFile Deleter"          daemon [_thread_blocked, id=26736, stack(0x0000003c0d700000,0x0000003c0d800000) (1024K)]
  0x000001f10993a650 JavaThread "LocalFile Deleter"          daemon [_thread_blocked, id=24216, stack(0x0000003c0d800000,0x0000003c0d900000) (1024K)]
  0x000001f1099415e0 JavaThread "LocalFile Deleter"          daemon [_thread_blocked, id=21336, stack(0x0000003c0d900000,0x0000003c0da00000) (1024K)]
  0x000001f10993fba0 JavaThread "LocalFile Deleter"          daemon [_thread_blocked, id=24556, stack(0x0000003c0da00000,0x0000003c0db00000) (1024K)]
  0x000001f109940230 JavaThread "LocalFile Deleter"          daemon [_thread_blocked, id=20980, stack(0x0000003c0db00000,0x0000003c0dc00000) (1024K)]
  0x000001f109940f50 JavaThread "LocalFile Deleter"          daemon [_thread_blocked, id=25752, stack(0x0000003c0dc00000,0x0000003c0dd00000) (1024K)]
  0x000001f10993ba00 JavaThread "Compiler Source File Reader" daemon [_thread_blocked, id=24112, stack(0x0000003c0dd00000,0x0000003c0de00000) (1024K)]
  0x000001f10993cdb0 JavaThread "Compiler Source File Reader" daemon [_thread_blocked, id=15920, stack(0x0000003c0de00000,0x0000003c0df00000) (1024K)]
  0x000001f10993d440 JavaThread "Compiler Source File Reader" daemon [_thread_blocked, id=17724, stack(0x0000003c0df00000,0x0000003c0e000000) (1024K)]
  0x000001f10993dad0 JavaThread "Compiler Source File Reader" daemon [_thread_blocked, id=17252, stack(0x0000003c0e000000,0x0000003c0e100000) (1024K)]
  0x000001f10993e160 JavaThread "Compiler Source File Reader" daemon [_thread_blocked, id=14052, stack(0x0000003c0e100000,0x0000003c0e200000) (1024K)]
  0x000001f111526550 JavaThread "Compiler Source File Reader" daemon [_thread_blocked, id=11588, stack(0x0000003c0e200000,0x0000003c0e300000) (1024K)]
  0x000001f11afafdc0 JavaThread "Compiler Processing Task"   daemon [_thread_in_Java, id=10436, stack(0x0000003c0e300000,0x0000003c0e400000) (1024K)]
  0x000001f10ab64f70 JavaThread "Compiler Class File Writer" daemon [_thread_in_native, id=15392, stack(0x0000003c0e400000,0x0000003c0e500000) (1024K)]
  0x000001f10ab683f0 JavaThread "Compiler Class File Writer" daemon [_thread_blocked, id=24124, stack(0x0000003c0e500000,0x0000003c0e600000) (1024K)]
  0x000001f10a5e8170 JavaThread "Compiler Class File Writer" daemon [_thread_blocked, id=2832, stack(0x0000003c0e600000,0x0000003c0e700000) (1024K)]
  0x000001f11d404700 JavaThread "Compiler Class File Writer" daemon [_thread_blocked, id=23864, stack(0x0000003c0e700000,0x0000003c0e800000) (1024K)]
  0x000001f11d40a2e0 JavaThread "Compiler Class File Writer" daemon [_thread_blocked, id=21888, stack(0x0000003c0e800000,0x0000003c0e900000) (1024K)]
  0x000001f11d4067d0 JavaThread "Compiler Class File Writer" daemon [_thread_blocked, id=11780, stack(0x0000003c0e900000,0x0000003c0ea00000) (1024K)]
  0x000001f11d405ab0 JavaThread "Compiler Class File Writer" daemon [_thread_blocked, id=16588, stack(0x0000003c0ea00000,0x0000003c0eb00000) (1024K)]
  0x000001f11d409c50 JavaThread "Compiler Class File Writer" daemon [_thread_blocked, id=24956, stack(0x0000003c0eb00000,0x0000003c0ec00000) (1024K)]
  0x000001f11d4088a0 JavaThread "Compiler Class File Writer" daemon [_thread_blocked, id=10392, stack(0x0000003c0ec00000,0x0000003c0ed00000) (1024K)]
  0x000001f11d408210 JavaThread "Compiler Class File Writer" daemon [_thread_blocked, id=23948, stack(0x0000003c0ed00000,0x0000003c0ee00000) (1024K)]
Total: 84

Other Threads:
  0x000001f0b0881bc0 VMThread "VM Thread"                           [id=23328, stack(0x0000003c09500000,0x0000003c09600000) (1024K)]
  0x000001f0b08501b0 WatcherThread "VM Periodic Task Thread"        [id=18508, stack(0x0000003c09400000,0x0000003c09500000) (1024K)]
  0x000001f0b0800570 WorkerThread "GC Thread#0"                     [id=27248, stack(0x0000003c09300000,0x0000003c09400000) (1024K)]
  0x000001f10f299b70 WorkerThread "GC Thread#1"                     [id=27216, stack(0x0000003c0a200000,0x0000003c0a300000) (1024K)]
  0x000001f10a9d1050 WorkerThread "GC Thread#2"                     [id=19448, stack(0x0000003c0a300000,0x0000003c0a400000) (1024K)]
  0x000001f10abf7340 WorkerThread "GC Thread#3"                     [id=25852, stack(0x0000003c0a400000,0x0000003c0a500000) (1024K)]
  0x000001f10abf76e0 WorkerThread "GC Thread#4"                     [id=4588, stack(0x0000003c0a500000,0x0000003c0a600000) (1024K)]
  0x000001f10a5164b0 WorkerThread "GC Thread#5"                     [id=24672, stack(0x0000003c0a600000,0x0000003c0a700000) (1024K)]
  0x000001f10a516850 WorkerThread "GC Thread#6"                     [id=20212, stack(0x0000003c0a700000,0x0000003c0a800000) (1024K)]
  0x000001f109756130 WorkerThread "GC Thread#7"                     [id=22584, stack(0x0000003c09f00000,0x0000003c0a000000) (1024K)]
  0x000001f10ab8a420 WorkerThread "GC Thread#8"                     [id=18388, stack(0x0000003c0ac00000,0x0000003c0ad00000) (1024K)]
  0x000001f10ab89ce0 WorkerThread "GC Thread#9"                     [id=25656, stack(0x0000003c0ad00000,0x0000003c0ae00000) (1024K)]
Total: 12

Threads with active compile tasks:
C2 CompilerThread0  12765378 29539       4       lombok.eclipse.handlers.HandleToString::createToString (1412 bytes)
C2 CompilerThread1  12765378 29553       4       org.eclipse.jdt.internal.compiler.lookup.Scope::findMethod0 (1612 bytes)
Total: 2

VM state: not at safepoint (normal execution)

VM Mutex/Monitor currently owned by a thread: None

Heap address: 0x0000000080000000, size: 2048 MB, Compressed Oops mode: 32-bit

CDS archive(s) mapped at: [0x000001f0c8000000-0x000001f0c8ba0000-0x000001f0c8ba0000), size 12189696, SharedBaseAddress: 0x000001f0c8000000, ArchiveRelocationMode: 1.
Compressed class space mapped at: 0x000001f0c9000000-0x000001f109000000, reserved size: 1073741824
Narrow klass base: 0x000001f0c8000000, Narrow klass shift: 0, Narrow klass range: 0x100000000

GC Precious Log:
 CardTable entry size: 512
 CPUs: 12 total, 12 available
 Memory: 7532M
 Large Page Support: Disabled
 NUMA Support: Disabled
 Compressed Oops: Enabled (32-bit)
 Alignments: Space 512K, Generation 512K, Heap 2M
 Heap Min Capacity: 100M
 Heap Initial Capacity: 100M
 Heap Max Capacity: 2G
 Pre-touch: Disabled
 Parallel Workers: 10

Heap:
 PSYoungGen      total 22528K, used 21551K [0x00000000d5580000, 0x00000000d7000000, 0x0000000100000000)
  eden space 20480K, 96% used [0x00000000d5580000,0x00000000d68c3f50,0x00000000d6980000)
  from space 2048K, 89% used [0x00000000d6e00000,0x00000000d6fc8020,0x00000000d7000000)
  to   space 2560K, 0% used [0x00000000d6b00000,0x00000000d6b00000,0x00000000d6d80000)
 ParOldGen       total 1341952K, used 462692K [0x0000000080000000, 0x00000000d1e80000, 0x00000000d5580000)
  object space 1341952K, 34% used [0x0000000080000000,0x000000009c3d9040,0x00000000d1e80000)
 Metaspace       used 93526K, committed 95040K, reserved 1179648K
  class space    used 9433K, committed 10112K, reserved 1048576K

Card table byte_map: [0x000001f0b0180000,0x000001f0b0590000] _byte_map_base: 0x000001f0afd80000

Marking Bits: (ParMarkBitMap*) 0x00007ffabb10a340
 Begin Bits: [0x000001f0c2c80000, 0x000001f0c4c80000)
 End Bits:   [0x000001f0c4c80000, 0x000001f0c6c80000)

Polling page: 0x000001f0ae640000

Metaspace:

Usage:
  Non-class:     82.12 MB used.
      Class:      9.21 MB used.
       Both:     91.33 MB used.

Virtual space:
  Non-class space:      128.00 MB reserved,      82.94 MB ( 65%) committed,  2 nodes.
      Class space:        1.00 GB reserved,       9.88 MB ( <1%) committed,  1 nodes.
             Both:        1.12 GB reserved,      92.81 MB (  8%) committed. 

Chunk freelists:
   Non-Class:  12.31 MB
       Class:  6.16 MB
        Both:  18.47 MB

MaxMetaspaceSize: unlimited
CompressedClassSpaceSize: 1.00 GB
Initial GC threshold: 21.00 MB
Current GC threshold: 152.19 MB
CDS: on
 - commit_granule_bytes: 65536.
 - commit_granule_words: 8192.
 - virtual_space_node_default_size: 8388608.
 - enlarge_chunks_in_place: 1.
 - use_allocation_guard: 0.


Internal statistics:

num_allocs_failed_limit: 9.
num_arena_births: 2090.
num_arena_deaths: 712.
num_vsnodes_births: 3.
num_vsnodes_deaths: 0.
num_space_committed: 1485.
num_space_uncommitted: 0.
num_chunks_returned_to_freelist: 885.
num_chunks_taken_from_freelist: 7076.
num_chunk_merges: 273.
num_chunk_splits: 3938.
num_chunks_enlarged: 2114.
num_inconsistent_stats: 0.

CodeHeap 'non-profiled nmethods': size=120000Kb used=25658Kb max_used=28312Kb free=94341Kb
 bounds [0x000001f0bb4a0000, 0x000001f0bd050000, 0x000001f0c29d0000]
CodeHeap 'profiled nmethods': size=120000Kb used=47807Kb max_used=56553Kb free=72192Kb
 bounds [0x000001f0b39d0000, 0x000001f0b7110000, 0x000001f0baf00000]
CodeHeap 'non-nmethods': size=5760Kb used=1539Kb max_used=1603Kb free=4220Kb
 bounds [0x000001f0baf00000, 0x000001f0bb170000, 0x000001f0bb4a0000]
CodeCache: size=245760Kb, used=75004Kb, max_used=86468Kb, free=170753Kb
 total_blobs=21196, nmethods=20334, adapters=763, full_count=0
Compilation: enabled, stopped_count=0, restarted_count=0

Compilation events (20 events):
Event: 12765.294 Thread 0x000001f109571f50 nmethod 29573 0x000001f0b47b4e10 code [0x000001f0b47b4fe0, 0x000001f0b47b5308]
Event: 12765.294 Thread 0x000001f109571f50 29574       3       org.eclipse.core.internal.resources.Workspace::createResource (179 bytes)
Event: 12765.297 Thread 0x000001f109571f50 nmethod 29574 0x000001f0b3df9a90 code [0x000001f0b3df9dc0, 0x000001f0b3dfb6c8]
Event: 12765.299 Thread 0x000001f109571f50 29575       3       org.eclipse.jdt.internal.compiler.lookup.MethodBinding::asRawMethod (61 bytes)
Event: 12765.300 Thread 0x000001f109571f50 nmethod 29575 0x000001f0b46e9990 code [0x000001f0b46e9b80, 0x000001f0b46ea118]
Event: 12765.300 Thread 0x000001f109571f50 29576       3       org.eclipse.core.runtime.Path::addFileExtension (76 bytes)
Event: 12765.304 Thread 0x000001f109571f50 nmethod 29576 0x000001f0b44fdd10 code [0x000001f0b44fe160, 0x000001f0b4500678]
Event: 12765.304 Thread 0x000001f109571f50 29579   !   2       org.eclipse.jdt.internal.compiler.ClassFile::generateAnnotation (665 bytes)
Event: 12765.306 Thread 0x000001f109571f50 nmethod 29579 0x000001f0b51eb410 code [0x000001f0b51eb6e0, 0x000001f0b51ec2e0]
Event: 12765.307 Thread 0x000001f109571f50 29577       3       org.eclipse.jdt.internal.compiler.Compiler::shouldCleanup (12 bytes)
Event: 12765.307 Thread 0x000001f109571f50 nmethod 29577 0x000001f0b4422210 code [0x000001f0b44223c0, 0x000001f0b4422530]
Event: 12765.307 Thread 0x000001f109571f50 29578  s    3       org.eclipse.jdt.internal.compiler.Compiler::getUnitToProcess (41 bytes)
Event: 12765.307 Thread 0x000001f109571f50 nmethod 29578 0x000001f0b434df90 code [0x000001f0b434e160, 0x000001f0b434e5c8]
Event: 12765.309 Thread 0x000001f109571f50 29581       3       org.eclipse.jdt.internal.compiler.Compiler::process (218 bytes)
Event: 12765.312 Thread 0x000001f109571f50 nmethod 29581 0x000001f0b3f3b510 code [0x000001f0b3f3b7c0, 0x000001f0b3f3c1d0]
Event: 12765.312 Thread 0x000001f109571f50 29582       3       org.eclipse.jdt.internal.compiler.ast.Reference::nullStatus (101 bytes)
Event: 12765.313 Thread 0x000001f109571f50 nmethod 29582 0x000001f0b3d66d10 code [0x000001f0b3d66f80, 0x000001f0b3d679f8]
Event: 12765.314 Thread 0x000001f109571f50 29583   !   3       java.util.concurrent.ArrayBlockingQueue::poll (38 bytes)
Event: 12765.316 Thread 0x000001f109571f50 nmethod 29583 0x000001f0b594f990 code [0x000001f0b594fbe0, 0x000001f0b5950550]
Event: 12765.316 Thread 0x000001f109571f50 29586 %     3       org.eclipse.jdt.internal.core.builder.ReferenceCollection::internQualifiedNames @ 66 (289 bytes)

GC Heap History (20 events):
Event: 12764.404 GC heap before
{Heap before GC invocations=3321 (full 6):
 PSYoungGen      total 25600K, used 25216K [0x00000000d5580000, 0x00000000d7580000, 0x0000000100000000)
  eden space 22016K, 100% used [0x00000000d5580000,0x00000000d6b00000,0x00000000d6b00000)
  from space 3584K, 89% used [0x00000000d7200000,0x00000000d7520010,0x00000000d7580000)
  to   space 4096K, 0% used [0x00000000d6d80000,0x00000000d6d80000,0x00000000d7180000)
 ParOldGen       total 1341952K, used 439064K [0x0000000080000000, 0x00000000d1e80000, 0x00000000d5580000)
  object space 1341952K, 32% used [0x0000000080000000,0x000000009acc6158,0x00000000d1e80000)
 Metaspace       used 93445K, committed 94976K, reserved 1179648K
  class space    used 9433K, committed 10112K, reserved 1048576K
}
Event: 12764.417 GC heap after
{Heap after GC invocations=3321 (full 6):
 PSYoungGen      total 24576K, used 2176K [0x00000000d5580000, 0x00000000d7280000, 0x0000000100000000)
  eden space 22016K, 0% used [0x00000000d5580000,0x00000000d5580000,0x00000000d6b00000)
  from space 2560K, 85% used [0x00000000d6d80000,0x00000000d6fa0010,0x00000000d7000000)
  to   space 2560K, 0% used [0x00000000d7000000,0x00000000d7000000,0x00000000d7280000)
 ParOldGen       total 1341952K, used 442171K [0x0000000080000000, 0x00000000d1e80000, 0x00000000d5580000)
  object space 1341952K, 32% used [0x0000000080000000,0x000000009afcec70,0x00000000d1e80000)
 Metaspace       used 93445K, committed 94976K, reserved 1179648K
  class space    used 9433K, committed 10112K, reserved 1048576K
}
Event: 12764.482 GC heap before
{Heap before GC invocations=3322 (full 6):
 PSYoungGen      total 24576K, used 24192K [0x00000000d5580000, 0x00000000d7280000, 0x0000000100000000)
  eden space 22016K, 100% used [0x00000000d5580000,0x00000000d6b00000,0x00000000d6b00000)
  from space 2560K, 85% used [0x00000000d6d80000,0x00000000d6fa0010,0x00000000d7000000)
  to   space 2560K, 0% used [0x00000000d7000000,0x00000000d7000000,0x00000000d7280000)
 ParOldGen       total 1341952K, used 442171K [0x0000000080000000, 0x00000000d1e80000, 0x00000000d5580000)
  object space 1341952K, 32% used [0x0000000080000000,0x000000009afcec70,0x00000000d1e80000)
 Metaspace       used 93453K, committed 94976K, reserved 1179648K
  class space    used 9433K, committed 10112K, reserved 1048576K
}
Event: 12764.495 GC heap after
{Heap after GC invocations=3322 (full 6):
 PSYoungGen      total 23040K, used 2545K [0x00000000d5580000, 0x00000000d7800000, 0x0000000100000000)
  eden space 20480K, 0% used [0x00000000d5580000,0x00000000d5580000,0x00000000d6980000)
  from space 2560K, 99% used [0x00000000d7000000,0x00000000d727c4c8,0x00000000d7280000)
  to   space 6656K, 0% used [0x00000000d6980000,0x00000000d6980000,0x00000000d7000000)
 ParOldGen       total 1341952K, used 445591K [0x0000000080000000, 0x00000000d1e80000, 0x00000000d5580000)
  object space 1341952K, 33% used [0x0000000080000000,0x000000009b325f10,0x00000000d1e80000)
 Metaspace       used 93453K, committed 94976K, reserved 1179648K
  class space    used 9433K, committed 10112K, reserved 1048576K
}
Event: 12764.582 GC heap before
{Heap before GC invocations=3323 (full 6):
 PSYoungGen      total 23040K, used 23025K [0x00000000d5580000, 0x00000000d7800000, 0x0000000100000000)
  eden space 20480K, 100% used [0x00000000d5580000,0x00000000d6980000,0x00000000d6980000)
  from space 2560K, 99% used [0x00000000d7000000,0x00000000d727c4c8,0x00000000d7280000)
  to   space 6656K, 0% used [0x00000000d6980000,0x00000000d6980000,0x00000000d7000000)
 ParOldGen       total 1341952K, used 445591K [0x0000000080000000, 0x00000000d1e80000, 0x00000000d5580000)
  object space 1341952K, 33% used [0x0000000080000000,0x000000009b325f10,0x00000000d1e80000)
 Metaspace       used 93481K, committed 95040K, reserved 1179648K
  class space    used 9433K, committed 10112K, reserved 1048576K
}
Event: 12764.596 GC heap after
{Heap after GC invocations=3323 (full 6):
 PSYoungGen      total 22528K, used 1952K [0x00000000d5580000, 0x00000000d7080000, 0x0000000100000000)
  eden space 20480K, 0% used [0x00000000d5580000,0x00000000d5580000,0x00000000d6980000)
  from space 2048K, 95% used [0x00000000d6980000,0x00000000d6b68060,0x00000000d6b80000)
  to   space 3584K, 0% used [0x00000000d6d00000,0x00000000d6d00000,0x00000000d7080000)
 ParOldGen       total 1341952K, used 448183K [0x0000000080000000, 0x00000000d1e80000, 0x00000000d5580000)
  object space 1341952K, 33% used [0x0000000080000000,0x000000009b5adea0,0x00000000d1e80000)
 Metaspace       used 93481K, committed 95040K, reserved 1179648K
  class space    used 9433K, committed 10112K, reserved 1048576K
}
Event: 12764.661 GC heap before
{Heap before GC invocations=3324 (full 6):
 PSYoungGen      total 22528K, used 22432K [0x00000000d5580000, 0x00000000d7080000, 0x0000000100000000)
  eden space 20480K, 100% used [0x00000000d5580000,0x00000000d6980000,0x00000000d6980000)
  from space 2048K, 95% used [0x00000000d6980000,0x00000000d6b68060,0x00000000d6b80000)
  to   space 3584K, 0% used [0x00000000d6d00000,0x00000000d6d00000,0x00000000d7080000)
 ParOldGen       total 1341952K, used 448183K [0x0000000080000000, 0x00000000d1e80000, 0x00000000d5580000)
  object space 1341952K, 33% used [0x0000000080000000,0x000000009b5adea0,0x00000000d1e80000)
 Metaspace       used 93483K, committed 95040K, reserved 1179648K
  class space    used 9433K, committed 10112K, reserved 1048576K
}
Event: 12764.671 GC heap after
{Heap after GC invocations=3324 (full 6):
 PSYoungGen      total 22528K, used 1632K [0x00000000d5580000, 0x00000000d6f00000, 0x0000000100000000)
  eden space 20480K, 0% used [0x00000000d5580000,0x00000000d5580000,0x00000000d6980000)
  from space 2048K, 79% used [0x00000000d6d00000,0x00000000d6e98000,0x00000000d6f00000)
  to   space 2048K, 0% used [0x00000000d6980000,0x00000000d6980000,0x00000000d6b80000)
 ParOldGen       total 1341952K, used 450023K [0x0000000080000000, 0x00000000d1e80000, 0x00000000d5580000)
  object space 1341952K, 33% used [0x0000000080000000,0x000000009b779ea8,0x00000000d1e80000)
 Metaspace       used 93483K, committed 95040K, reserved 1179648K
  class space    used 9433K, committed 10112K, reserved 1048576K
}
Event: 12764.715 GC heap before
{Heap before GC invocations=3325 (full 6):
 PSYoungGen      total 22528K, used 22112K [0x00000000d5580000, 0x00000000d6f00000, 0x0000000100000000)
  eden space 20480K, 100% used [0x00000000d5580000,0x00000000d6980000,0x00000000d6980000)
  from space 2048K, 79% used [0x00000000d6d00000,0x00000000d6e98000,0x00000000d6f00000)
  to   space 2048K, 0% used [0x00000000d6980000,0x00000000d6980000,0x00000000d6b80000)
 ParOldGen       total 1341952K, used 450023K [0x0000000080000000, 0x00000000d1e80000, 0x00000000d5580000)
  object space 1341952K, 33% used [0x0000000080000000,0x000000009b779ea8,0x00000000d1e80000)
 Metaspace       used 93483K, committed 95040K, reserved 1179648K
  class space    used 9433K, committed 10112K, reserved 1048576K
}
Event: 12764.723 GC heap after
{Heap after GC invocations=3325 (full 6):
 PSYoungGen      total 22528K, used 1184K [0x00000000d5580000, 0x00000000d6d80000, 0x0000000100000000)
  eden space 20480K, 0% used [0x00000000d5580000,0x00000000d5580000,0x00000000d6980000)
  from space 2048K, 57% used [0x00000000d6980000,0x00000000d6aa8000,0x00000000d6b80000)
  to   space 1536K, 0% used [0x00000000d6c00000,0x00000000d6c00000,0x00000000d6d80000)
 ParOldGen       total 1341952K, used 451590K [0x0000000080000000, 0x00000000d1e80000, 0x00000000d5580000)
  object space 1341952K, 33% used [0x0000000080000000,0x000000009b901940,0x00000000d1e80000)
 Metaspace       used 93483K, committed 95040K, reserved 1179648K
  class space    used 9433K, committed 10112K, reserved 1048576K
}
Event: 12764.765 GC heap before
{Heap before GC invocations=3326 (full 6):
 PSYoungGen      total 22528K, used 21664K [0x00000000d5580000, 0x00000000d6d80000, 0x0000000100000000)
  eden space 20480K, 100% used [0x00000000d5580000,0x00000000d6980000,0x00000000d6980000)
  from space 2048K, 57% used [0x00000000d6980000,0x00000000d6aa8000,0x00000000d6b80000)
  to   space 1536K, 0% used [0x00000000d6c00000,0x00000000d6c00000,0x00000000d6d80000)
 ParOldGen       total 1341952K, used 451590K [0x0000000080000000, 0x00000000d1e80000, 0x00000000d5580000)
  object space 1341952K, 33% used [0x0000000080000000,0x000000009b901940,0x00000000d1e80000)
 Metaspace       used 93483K, committed 95040K, reserved 1179648K
  class space    used 9433K, committed 10112K, reserved 1048576K
}
Event: 12764.770 GC heap after
{Heap after GC invocations=3326 (full 6):
 PSYoungGen      total 22016K, used 1328K [0x00000000d5580000, 0x00000000d6d80000, 0x0000000100000000)
  eden space 20480K, 0% used [0x00000000d5580000,0x00000000d5580000,0x00000000d6980000)
  from space 1536K, 86% used [0x00000000d6c00000,0x00000000d6d4c348,0x00000000d6d80000)
  to   space 1536K, 0% used [0x00000000d6a80000,0x00000000d6a80000,0x00000000d6c00000)
 ParOldGen       total 1341952K, used 452670K [0x0000000080000000, 0x00000000d1e80000, 0x00000000d5580000)
  object space 1341952K, 33% used [0x0000000080000000,0x000000009ba0f9c0,0x00000000d1e80000)
 Metaspace       used 93483K, committed 95040K, reserved 1179648K
  class space    used 9433K, committed 10112K, reserved 1048576K
}
Event: 12764.850 GC heap before
{Heap before GC invocations=3327 (full 6):
 PSYoungGen      total 22016K, used 21808K [0x00000000d5580000, 0x00000000d6d80000, 0x0000000100000000)
  eden space 20480K, 100% used [0x00000000d5580000,0x00000000d6980000,0x00000000d6980000)
  from space 1536K, 86% used [0x00000000d6c00000,0x00000000d6d4c348,0x00000000d6d80000)
  to   space 1536K, 0% used [0x00000000d6a80000,0x00000000d6a80000,0x00000000d6c00000)
 ParOldGen       total 1341952K, used 452670K [0x0000000080000000, 0x00000000d1e80000, 0x00000000d5580000)
  object space 1341952K, 33% used [0x0000000080000000,0x000000009ba0f9c0,0x00000000d1e80000)
 Metaspace       used 93483K, committed 95040K, reserved 1179648K
  class space    used 9433K, committed 10112K, reserved 1048576K
}
Event: 12764.867 GC heap after
{Heap after GC invocations=3327 (full 6):
 PSYoungGen      total 22016K, used 1521K [0x00000000d5580000, 0x00000000d7580000, 0x0000000100000000)
  eden space 20480K, 0% used [0x00000000d5580000,0x00000000d5580000,0x00000000d6980000)
  from space 1536K, 99% used [0x00000000d6a80000,0x00000000d6bfc4b8,0x00000000d6c00000)
  to   space 6144K, 0% used [0x00000000d6f80000,0x00000000d6f80000,0x00000000d7580000)
 ParOldGen       total 1341952K, used 456451K [0x0000000080000000, 0x00000000d1e80000, 0x00000000d5580000)
  object space 1341952K, 34% used [0x0000000080000000,0x000000009bdc0fe0,0x00000000d1e80000)
 Metaspace       used 93483K, committed 95040K, reserved 1179648K
  class space    used 9433K, committed 10112K, reserved 1048576K
}
Event: 12764.954 GC heap before
{Heap before GC invocations=3328 (full 6):
 PSYoungGen      total 22016K, used 22001K [0x00000000d5580000, 0x00000000d7580000, 0x0000000100000000)
  eden space 20480K, 100% used [0x00000000d5580000,0x00000000d6980000,0x00000000d6980000)
  from space 1536K, 99% used [0x00000000d6a80000,0x00000000d6bfc4b8,0x00000000d6c00000)
  to   space 6144K, 0% used [0x00000000d6f80000,0x00000000d6f80000,0x00000000d7580000)
 ParOldGen       total 1341952K, used 456451K [0x0000000080000000, 0x00000000d1e80000, 0x00000000d5580000)
  object space 1341952K, 34% used [0x0000000080000000,0x000000009bdc0fe0,0x00000000d1e80000)
 Metaspace       used 93497K, committed 95040K, reserved 1179648K
  class space    used 9433K, committed 10112K, reserved 1048576K
}
Event: 12764.967 GC heap after
{Heap after GC invocations=3328 (full 6):
 PSYoungGen      total 23040K, used 2080K [0x00000000d5580000, 0x00000000d7200000, 0x0000000100000000)
  eden space 20480K, 0% used [0x00000000d5580000,0x00000000d5580000,0x00000000d6980000)
  from space 2560K, 81% used [0x00000000d6f80000,0x00000000d7188000,0x00000000d7200000)
  to   space 3584K, 0% used [0x00000000d6b00000,0x00000000d6b00000,0x00000000d6e80000)
 ParOldGen       total 1341952K, used 458031K [0x0000000080000000, 0x00000000d1e80000, 0x00000000d5580000)
  object space 1341952K, 34% used [0x0000000080000000,0x000000009bf4bdf0,0x00000000d1e80000)
 Metaspace       used 93497K, committed 95040K, reserved 1179648K
  class space    used 9433K, committed 10112K, reserved 1048576K
}
Event: 12765.008 GC heap before
{Heap before GC invocations=3329 (full 6):
 PSYoungGen      total 23040K, used 22560K [0x00000000d5580000, 0x00000000d7200000, 0x0000000100000000)
  eden space 20480K, 100% used [0x00000000d5580000,0x00000000d6980000,0x00000000d6980000)
  from space 2560K, 81% used [0x00000000d6f80000,0x00000000d7188000,0x00000000d7200000)
  to   space 3584K, 0% used [0x00000000d6b00000,0x00000000d6b00000,0x00000000d6e80000)
 ParOldGen       total 1341952K, used 458031K [0x0000000080000000, 0x00000000d1e80000, 0x00000000d5580000)
  object space 1341952K, 34% used [0x0000000080000000,0x000000009bf4bdf0,0x00000000d1e80000)
 Metaspace       used 93498K, committed 95040K, reserved 1179648K
  class space    used 9433K, committed 10112K, reserved 1048576K
}
Event: 12765.031 GC heap after
{Heap after GC invocations=3329 (full 6):
 PSYoungGen      total 23552K, used 2848K [0x00000000d5580000, 0x00000000d7000000, 0x0000000100000000)
  eden space 20480K, 0% used [0x00000000d5580000,0x00000000d5580000,0x00000000d6980000)
  from space 3072K, 92% used [0x00000000d6b00000,0x00000000d6dc8010,0x00000000d6e00000)
  to   space 2048K, 0% used [0x00000000d6e00000,0x00000000d6e00000,0x00000000d7000000)
 ParOldGen       total 1341952K, used 460005K [0x0000000080000000, 0x00000000d1e80000, 0x00000000d5580000)
  object space 1341952K, 34% used [0x0000000080000000,0x000000009c139548,0x00000000d1e80000)
 Metaspace       used 93498K, committed 95040K, reserved 1179648K
  class space    used 9433K, committed 10112K, reserved 1048576K
}
Event: 12765.151 GC heap before
{Heap before GC invocations=3330 (full 6):
 PSYoungGen      total 23552K, used 23328K [0x00000000d5580000, 0x00000000d7000000, 0x0000000100000000)
  eden space 20480K, 100% used [0x00000000d5580000,0x00000000d6980000,0x00000000d6980000)
  from space 3072K, 92% used [0x00000000d6b00000,0x00000000d6dc8010,0x00000000d6e00000)
  to   space 2048K, 0% used [0x00000000d6e00000,0x00000000d6e00000,0x00000000d7000000)
 ParOldGen       total 1341952K, used 460005K [0x0000000080000000, 0x00000000d1e80000, 0x00000000d5580000)
  object space 1341952K, 34% used [0x0000000080000000,0x000000009c139548,0x00000000d1e80000)
 Metaspace       used 93504K, committed 95040K, reserved 1179648K
  class space    used 9433K, committed 10112K, reserved 1048576K
}
Event: 12765.164 GC heap after
{Heap after GC invocations=3330 (full 6):
 PSYoungGen      total 22528K, used 1824K [0x00000000d5580000, 0x00000000d7000000, 0x0000000100000000)
  eden space 20480K, 0% used [0x00000000d5580000,0x00000000d5580000,0x00000000d6980000)
  from space 2048K, 89% used [0x00000000d6e00000,0x00000000d6fc8020,0x00000000d7000000)
  to   space 2560K, 0% used [0x00000000d6b00000,0x00000000d6b00000,0x00000000d6d80000)
 ParOldGen       total 1341952K, used 462692K [0x0000000080000000, 0x00000000d1e80000, 0x00000000d5580000)
  object space 1341952K, 34% used [0x0000000080000000,0x000000009c3d9040,0x00000000d1e80000)
 Metaspace       used 93504K, committed 95040K, reserved 1179648K
  class space    used 9433K, committed 10112K, reserved 1048576K
}

Dll operation events (12 events):
Event: 0.019 Loaded shared library c:\Users\Shreyansh Bhardwaj\.vscode\extensions\redhat.java-1.44.0-win32-x64\jre\21.0.8-win32-x86_64\bin\java.dll
Event: 0.175 Loaded shared library c:\Users\Shreyansh Bhardwaj\.vscode\extensions\redhat.java-1.44.0-win32-x64\jre\21.0.8-win32-x86_64\bin\zip.dll
Event: 0.222 Loaded shared library C:\Users\Shreyansh Bhardwaj\.vscode\extensions\redhat.java-1.44.0-win32-x64\jre\21.0.8-win32-x86_64\bin\instrument.dll
Event: 0.233 Loaded shared library C:\Users\Shreyansh Bhardwaj\.vscode\extensions\redhat.java-1.44.0-win32-x64\jre\21.0.8-win32-x86_64\bin\net.dll
Event: 0.237 Loaded shared library C:\Users\Shreyansh Bhardwaj\.vscode\extensions\redhat.java-1.44.0-win32-x64\jre\21.0.8-win32-x86_64\bin\nio.dll
Event: 0.244 Loaded shared library C:\Users\Shreyansh Bhardwaj\.vscode\extensions\redhat.java-1.44.0-win32-x64\jre\21.0.8-win32-x86_64\bin\zip.dll
Event: 0.279 Loaded shared library C:\Users\Shreyansh Bhardwaj\.vscode\extensions\redhat.java-1.44.0-win32-x64\jre\21.0.8-win32-x86_64\bin\jimage.dll
Event: 0.445 Loaded shared library c:\Users\Shreyansh Bhardwaj\.vscode\extensions\redhat.java-1.44.0-win32-x64\jre\21.0.8-win32-x86_64\bin\verify.dll
Event: 10.879 Loaded shared library C:\Users\Shreyansh Bhardwaj\AppData\Roaming\Code\User\globalStorage\redhat.java\1.44.0\config_win\org.eclipse.equinox.launcher\org.eclipse.equinox.launcher.win32.win32.x86_64_1.2.1400.v20250730-1736\eclipse_11913.dll
Event: 36.124 Loaded shared library C:\Users\Shreyansh Bhardwaj\AppData\Local\Temp\jna-1901370432\jna11939148338857559727.dll
Event: 98.114 Loaded shared library C:\Users\Shreyansh Bhardwaj\.vscode\extensions\redhat.java-1.44.0-win32-x64\jre\21.0.8-win32-x86_64\bin\sunmscapi.dll
Event: 204.183 Loaded shared library C:\Users\Shreyansh Bhardwaj\.vscode\extensions\redhat.java-1.44.0-win32-x64\jre\21.0.8-win32-x86_64\bin\extnet.dll

Deoptimization events (20 events):
Event: 12765.171 Thread 0x000001f11afafdc0 Uncommon trap: trap_request=0xffffffc6 fr.pc=0x000001f0bc6d039c relative=0x000000000000093c
Event: 12765.171 Thread 0x000001f11afafdc0 Uncommon trap: reason=bimorphic_or_optimized_type_check action=maybe_recompile pc=0x000001f0bc6d039c method=org.eclipse.jdt.internal.compiler.lookup.ConstraintTypeFormula.reduce(Lorg/eclipse/jdt/internal/compiler/lookup/InferenceContext18;)Ljava/lang/Obje
Event: 12765.171 Thread 0x000001f11afafdc0 DEOPT PACKING pc=0x000001f0bc6d039c sp=0x0000003c0e3fe080
Event: 12765.171 Thread 0x000001f11afafdc0 DEOPT UNPACKING pc=0x000001f0baf53aa2 sp=0x0000003c0e3fe008 mode 2
Event: 12765.172 Thread 0x000001f11afafdc0 Uncommon trap: trap_request=0xffffffc6 fr.pc=0x000001f0bc6d039c relative=0x000000000000093c
Event: 12765.172 Thread 0x000001f11afafdc0 Uncommon trap: reason=bimorphic_or_optimized_type_check action=maybe_recompile pc=0x000001f0bc6d039c method=org.eclipse.jdt.internal.compiler.lookup.ConstraintTypeFormula.reduce(Lorg/eclipse/jdt/internal/compiler/lookup/InferenceContext18;)Ljava/lang/Obje
Event: 12765.172 Thread 0x000001f11afafdc0 DEOPT PACKING pc=0x000001f0bc6d039c sp=0x0000003c0e3fdf50
Event: 12765.172 Thread 0x000001f11afafdc0 DEOPT UNPACKING pc=0x000001f0baf53aa2 sp=0x0000003c0e3fded8 mode 2
Event: 12765.188 Thread 0x000001f11afafdc0 Uncommon trap: trap_request=0xffffffde fr.pc=0x000001f0bcd665ec relative=0x0000000000000fcc
Event: 12765.188 Thread 0x000001f11afafdc0 Uncommon trap: reason=class_check action=maybe_recompile pc=0x000001f0bcd665ec method=org.eclipse.jdt.internal.compiler.ast.MessageSend.generateCode(Lorg/eclipse/jdt/internal/compiler/lookup/BlockScope;Lorg/eclipse/jdt/internal/compiler/codegen/CodeStream
Event: 12765.188 Thread 0x000001f11afafdc0 DEOPT PACKING pc=0x000001f0bcd665ec sp=0x0000003c0e3fe7a0
Event: 12765.189 Thread 0x000001f11afafdc0 DEOPT UNPACKING pc=0x000001f0baf53aa2 sp=0x0000003c0e3fe730 mode 2
Event: 12765.246 Thread 0x000001f11afafdc0 Uncommon trap: trap_request=0xffffffe4 fr.pc=0x000001f0bceec338 relative=0x00000000000006b8
Event: 12765.246 Thread 0x000001f11afafdc0 Uncommon trap: reason=range_check action=make_not_entrant pc=0x000001f0bceec338 method=org.eclipse.jdt.internal.compiler.ClassFile.generateAnnotation(Lorg/eclipse/jdt/internal/compiler/ast/Annotation;I)V @ 254 c2
Event: 12765.246 Thread 0x000001f11afafdc0 DEOPT PACKING pc=0x000001f0bceec338 sp=0x0000003c0e3fe9e0
Event: 12765.246 Thread 0x000001f11afafdc0 DEOPT UNPACKING pc=0x000001f0baf53aa2 sp=0x0000003c0e3fe920 mode 2
Event: 12765.313 Thread 0x000001f11afafdc0 Uncommon trap: trap_request=0xffffff45 fr.pc=0x000001f0bb74c47c relative=0x00000000000004fc
Event: 12765.313 Thread 0x000001f11afafdc0 Uncommon trap: reason=unstable_if action=reinterpret pc=0x000001f0bb74c47c method=org.eclipse.jdt.internal.compiler.lookup.MethodScope.computeLocalVariablePositions(ILorg/eclipse/jdt/internal/compiler/codegen/CodeStream;)V @ 156 c2
Event: 12765.313 Thread 0x000001f11afafdc0 DEOPT PACKING pc=0x000001f0bb74c47c sp=0x0000003c0e3feb00
Event: 12765.313 Thread 0x000001f11afafdc0 DEOPT UNPACKING pc=0x000001f0baf53aa2 sp=0x0000003c0e3feab0 mode 2

Classes loaded (20 events):
Event: 12464.217 Loading class java/util/stream/LongStream done
Event: 12464.217 Loading class java/util/stream/LongPipeline done
Event: 12464.217 Loading class java/util/stream/LongPipeline$StatelessOp done
Event: 12464.217 Loading class java/util/stream/ReferencePipeline$5 done
Event: 12464.217 Loading class java/util/stream/FindOps$FindSink$OfLong
Event: 12464.217 Loading class java/util/stream/Sink$OfLong
Event: 12464.219 Loading class java/util/stream/Sink$OfLong done
Event: 12464.219 Loading class java/util/stream/FindOps$FindSink$OfLong done
Event: 12464.222 Loading class java/util/OptionalLong
Event: 12464.222 Loading class java/util/OptionalLong done
Event: 12464.223 Loading class java/util/stream/ReferencePipeline$5$1
Event: 12464.223 Loading class java/util/stream/ReferencePipeline$5$1 done
Event: 12464.224 Loading class sun/net/www/HeaderParser
Event: 12464.224 Loading class sun/net/www/HeaderParser done
Event: 12562.871 Loading class jdk/internal/module/IllegalAccessLogger
Event: 12562.875 Loading class jdk/internal/module/IllegalAccessLogger done
Event: 12763.644 Loading class java/util/ArrayDeque$DeqSpliterator
Event: 12763.657 Loading class java/util/ArrayDeque$DeqSpliterator done
Event: 12765.103 Loading class jdk/internal/module/IllegalAccessLogger
Event: 12765.104 Loading class jdk/internal/module/IllegalAccessLogger done

Classes unloaded (20 events):
Event: 12456.050 Thread 0x000001f0b0881bc0 Unloading class 0x000001f0c92a4c00 'java/lang/invoke/LambdaForm$MH+0x000001f0c92a4c00'
Event: 12456.050 Thread 0x000001f0b0881bc0 Unloading class 0x000001f0c92b7000 'java/lang/invoke/LambdaForm$MH+0x000001f0c92b7000'
Event: 12456.050 Thread 0x000001f0b0881bc0 Unloading class 0x000001f0c9360800 'java/lang/invoke/LambdaForm$MH+0x000001f0c9360800'
Event: 12456.050 Thread 0x000001f0b0881bc0 Unloading class 0x000001f0c9480000 'java/lang/invoke/LambdaForm$MH+0x000001f0c9480000'
Event: 12456.050 Thread 0x000001f0b0881bc0 Unloading class 0x000001f0c94ec400 'java/lang/invoke/LambdaForm$MH+0x000001f0c94ec400'
Event: 12456.050 Thread 0x000001f0b0881bc0 Unloading class 0x000001f0c9578c00 'java/lang/invoke/LambdaForm$MH+0x000001f0c9578c00'
Event: 12456.050 Thread 0x000001f0b0881bc0 Unloading class 0x000001f0c9579400 'java/lang/invoke/LambdaForm$MH+0x000001f0c9579400'
Event: 12456.050 Thread 0x000001f0b0881bc0 Unloading class 0x000001f0c957b400 'java/lang/invoke/LambdaForm$MH+0x000001f0c957b400'
Event: 12456.050 Thread 0x000001f0b0881bc0 Unloading class 0x000001f0c965c000 'java/lang/invoke/LambdaForm$MH+0x000001f0c965c000'
Event: 12456.050 Thread 0x000001f0b0881bc0 Unloading class 0x000001f0c9679c00 'java/lang/invoke/LambdaForm$MH+0x000001f0c9679c00'
Event: 12456.050 Thread 0x000001f0b0881bc0 Unloading class 0x000001f0c967b400 'java/lang/invoke/LambdaForm$MH+0x000001f0c967b400'
Event: 12456.052 Thread 0x000001f0b0881bc0 Unloading class 0x000001f0c969c800 'java/lang/invoke/LambdaForm$MH+0x000001f0c969c800'
Event: 12456.053 Thread 0x000001f0b0881bc0 Unloading class 0x000001f0c96d8800 'java/lang/invoke/LambdaForm$MH+0x000001f0c96d8800'
Event: 12456.053 Thread 0x000001f0b0881bc0 Unloading class 0x000001f0c9700c00 'java/lang/invoke/LambdaForm$MH+0x000001f0c9700c00'
Event: 12456.053 Thread 0x000001f0b0881bc0 Unloading class 0x000001f0c9701c00 'java/lang/invoke/LambdaForm$MH+0x000001f0c9701c00'
Event: 12456.053 Thread 0x000001f0b0881bc0 Unloading class 0x000001f0c9702800 'java/lang/invoke/LambdaForm$MH+0x000001f0c9702800'
Event: 12456.053 Thread 0x000001f0b0881bc0 Unloading class 0x000001f0c9778000 'java/lang/invoke/LambdaForm$MH+0x000001f0c9778000'
Event: 12456.054 Thread 0x000001f0b0881bc0 Unloading class 0x000001f0c97a1400 'java/lang/invoke/LambdaForm$MH+0x000001f0c97a1400'
Event: 12456.054 Thread 0x000001f0b0881bc0 Unloading class 0x000001f0c97a2000 'java/lang/invoke/LambdaForm$MH+0x000001f0c97a2000'
Event: 12456.055 Thread 0x000001f0b0881bc0 Unloading class 0x000001f0c97a2800 'java/lang/invoke/LambdaForm$MH+0x000001f0c97a2800'

Classes redefined (0 events):
No events

Internal exceptions (20 events):
Event: 12764.515 Thread 0x000001f11de13660 Exception <a 'sun/nio/fs/WindowsException'{0x00000000d5a25d00}> (0x00000000d5a25d00) 
thrown [s\src\hotspot\share\prims\jni.cpp, line 520]
Event: 12764.516 Thread 0x000001f11de12fd0 Exception <a 'sun/nio/fs/WindowsException'{0x00000000d5a347e8}> (0x00000000d5a347e8) 
thrown [s\src\hotspot\share\prims\jni.cpp, line 520]
Event: 12764.516 Thread 0x000001f11de14380 Exception <a 'sun/nio/fs/WindowsException'{0x00000000d5a43300}> (0x00000000d5a43300) 
thrown [s\src\hotspot\share\prims\jni.cpp, line 520]
Event: 12764.516 Thread 0x000001f11de13660 Exception <a 'sun/nio/fs/WindowsException'{0x00000000d5a27da0}> (0x00000000d5a27da0) 
thrown [s\src\hotspot\share\prims\jni.cpp, line 520]
Event: 12764.517 Thread 0x000001f11de14a10 Exception <a 'sun/nio/fs/WindowsException'{0x00000000d5a60958}> (0x00000000d5a60958) 
thrown [s\src\hotspot\share\prims\jni.cpp, line 520]
Event: 12764.518 Thread 0x000001f1099415e0 Exception <a 'sun/nio/fs/WindowsException'{0x00000000d5a7dcf0}> (0x00000000d5a7dcf0) 
thrown [s\src\hotspot\share\prims\jni.cpp, line 520]
Event: 12764.518 Thread 0x000001f10993a650 Exception <a 'sun/nio/fs/WindowsException'{0x00000000d5a6fe10}> (0x00000000d5a6fe10) 
thrown [s\src\hotspot\share\prims\jni.cpp, line 520]
Event: 12764.519 Thread 0x000001f10993fba0 Exception <a 'sun/nio/fs/WindowsException'{0x00000000d5a9b320}> (0x00000000d5a9b320) 
thrown [s\src\hotspot\share\prims\jni.cpp, line 520]
Event: 12764.519 Thread 0x000001f1099415e0 Exception <a 'sun/nio/fs/WindowsException'{0x00000000d5a7f2b0}> (0x00000000d5a7f2b0) 
thrown [s\src\hotspot\share\prims\jni.cpp, line 520]
Event: 12764.519 Thread 0x000001f11de12940 Exception <a 'sun/nio/fs/WindowsException'{0x00000000d5a19908}> (0x00000000d5a19908) 
thrown [s\src\hotspot\share\prims\jni.cpp, line 520]
Event: 12764.520 Thread 0x000001f11de13cf0 Exception <a 'sun/nio/fs/WindowsException'{0x00000000d5971dc8}> (0x00000000d5971dc8) 
thrown [s\src\hotspot\share\prims\jni.cpp, line 520]
Event: 12764.522 Thread 0x000001f11de12940 Exception <a 'sun/nio/fs/WindowsException'{0x00000000d5a1b3b8}> (0x00000000d5a1b3b8) 
thrown [s\src\hotspot\share\prims\jni.cpp, line 520]
Event: 12764.524 Thread 0x000001f10993a650 Exception <a 'sun/nio/fs/WindowsException'{0x00000000d5a732c0}> (0x00000000d5a732c0) 
thrown [s\src\hotspot\share\prims\jni.cpp, line 520]
Event: 12764.525 Thread 0x000001f10993a650 Exception <a 'sun/nio/fs/WindowsException'{0x00000000d5a754d8}> (0x00000000d5a754d8) 
thrown [s\src\hotspot\share\prims\jni.cpp, line 520]
Event: 12764.525 Thread 0x000001f11de14a10 Exception <a 'sun/nio/fs/WindowsException'{0x00000000d5a63ea0}> (0x00000000d5a63ea0) 
thrown [s\src\hotspot\share\prims\jni.cpp, line 520]
Event: 12764.531 Thread 0x000001f11de13cf0 Exception <a 'sun/nio/fs/WindowsException'{0x00000000d5977688}> (0x00000000d5977688) 
thrown [s\src\hotspot\share\prims\jni.cpp, line 520]
Event: 12764.535 Thread 0x000001f11de13cf0 Exception <a 'sun/nio/fs/WindowsException'{0x00000000d5979e70}> (0x00000000d5979e70) 
thrown [s\src\hotspot\share\prims\jni.cpp, line 520]
Event: 12764.536 Thread 0x000001f109940f50 Exception <a 'sun/nio/fs/WindowsException'{0x00000000d5aad3c8}> (0x00000000d5aad3c8) 
thrown [s\src\hotspot\share\prims\jni.cpp, line 520]
Event: 12764.536 Thread 0x000001f11de15730 Exception <a 'sun/nio/fs/WindowsException'{0x00000000d5a57940}> (0x00000000d5a57940) 
thrown [s\src\hotspot\share\prims\jni.cpp, line 520]
Event: 12764.537 Thread 0x000001f11de12fd0 Exception <a 'sun/nio/fs/WindowsException'{0x00000000d5a38648}> (0x00000000d5a38648) 
thrown [s\src\hotspot\share\prims\jni.cpp, line 520]

ZGC Phase Switch (0 events):
No events

VM Operations (20 events):
Event: 12764.404 Executing VM operation: ParallelGCFailedAllocation (Allocation Failure)
Event: 12764.417 Executing VM operation: ParallelGCFailedAllocation (Allocation Failure) done
Event: 12764.482 Executing VM operation: ParallelGCFailedAllocation (Allocation Failure)
Event: 12764.495 Executing VM operation: ParallelGCFailedAllocation (Allocation Failure) done
Event: 12764.582 Executing VM operation: ParallelGCFailedAllocation (Allocation Failure)
Event: 12764.596 Executing VM operation: ParallelGCFailedAllocation (Allocation Failure) done
Event: 12764.645 Executing VM operation: ParallelGCFailedAllocation (Allocation Failure)
Event: 12764.671 Executing VM operation: ParallelGCFailedAllocation (Allocation Failure) done
Event: 12764.706 Executing VM operation: ParallelGCFailedAllocation (Allocation Failure)
Event: 12764.723 Executing VM operation: ParallelGCFailedAllocation (Allocation Failure) done
Event: 12764.765 Executing VM operation: ParallelGCFailedAllocation (Allocation Failure)
Event: 12764.770 Executing VM operation: ParallelGCFailedAllocation (Allocation Failure) done
Event: 12764.850 Executing VM operation: ParallelGCFailedAllocation (Allocation Failure)
Event: 12764.867 Executing VM operation: ParallelGCFailedAllocation (Allocation Failure) done
Event: 12764.954 Executing VM operation: ParallelGCFailedAllocation (Allocation Failure)
Event: 12764.967 Executing VM operation: ParallelGCFailedAllocation (Allocation Failure) done
Event: 12765.008 Executing VM operation: ParallelGCFailedAllocation (Allocation Failure)
Event: 12765.031 Executing VM operation: ParallelGCFailedAllocation (Allocation Failure) done
Event: 12765.146 Executing VM operation: ParallelGCFailedAllocation (Allocation Failure)
Event: 12765.164 Executing VM operation: ParallelGCFailedAllocation (Allocation Failure) done

Memory protections (0 events):
No events

Nmethod flushes (20 events):
Event: 12457.404 Thread 0x000001f0b0881bc0 flushing  nmethod 0x000001f0b6864610
Event: 12457.404 Thread 0x000001f0b0881bc0 flushing osr nmethod 0x000001f0b686d290
Event: 12457.405 Thread 0x000001f0b0881bc0 flushing  nmethod 0x000001f0b6876910
Event: 12457.405 Thread 0x000001f0b0881bc0 flushing  nmethod 0x000001f0b6879390
Event: 12457.405 Thread 0x000001f0b0881bc0 flushing  nmethod 0x000001f0b68be410
Event: 12457.405 Thread 0x000001f0b0881bc0 flushing  nmethod 0x000001f0b68cde10
Event: 12457.405 Thread 0x000001f0b0881bc0 flushing  nmethod 0x000001f0b68f8f90
Event: 12457.405 Thread 0x000001f0b0881bc0 flushing  nmethod 0x000001f0b6943e90
Event: 12457.405 Thread 0x000001f0b0881bc0 flushing  nmethod 0x000001f0b694b310
Event: 12457.405 Thread 0x000001f0b0881bc0 flushing  nmethod 0x000001f0b6960610
Event: 12457.405 Thread 0x000001f0b0881bc0 flushing  nmethod 0x000001f0b69a9290
Event: 12457.405 Thread 0x000001f0b0881bc0 flushing  nmethod 0x000001f0b6a6f010
Event: 12457.405 Thread 0x000001f0b0881bc0 flushing  nmethod 0x000001f0b6a75210
Event: 12457.405 Thread 0x000001f0b0881bc0 flushing  nmethod 0x000001f0b6a84a90
Event: 12457.405 Thread 0x000001f0b0881bc0 flushing  nmethod 0x000001f0b6aca310
Event: 12457.405 Thread 0x000001f0b0881bc0 flushing  nmethod 0x000001f0b6ad4e90
Event: 12457.405 Thread 0x000001f0b0881bc0 flushing  nmethod 0x000001f0b6b02410
Event: 12457.405 Thread 0x000001f0b0881bc0 flushing  nmethod 0x000001f0b6ba4410
Event: 12457.405 Thread 0x000001f0b0881bc0 flushing  nmethod 0x000001f0b6ba9210
Event: 12457.405 Thread 0x000001f0b0881bc0 flushing  nmethod 0x000001f0b6c25d90

Events (20 events):
Event: 12764.516 Thread 0x000001f11de12fd0 Thread added: 0x000001f10993fba0
Event: 12764.516 Thread 0x000001f11de12fd0 Thread added: 0x000001f109940230
Event: 12764.517 Thread 0x000001f11de14a10 Thread added: 0x000001f109940f50
Event: 12764.562 Thread 0x000001f11de17170 Thread added: 0x000001f10993ba00
Event: 12764.562 Thread 0x000001f11de17170 Thread added: 0x000001f10993cdb0
Event: 12764.563 Thread 0x000001f11de17170 Thread added: 0x000001f10993d440
Event: 12764.563 Thread 0x000001f11de17170 Thread added: 0x000001f10993dad0
Event: 12764.564 Thread 0x000001f11de17170 Thread added: 0x000001f10993e160
Event: 12764.565 Thread 0x000001f11de17170 Thread added: 0x000001f111526550
Event: 12765.106 Thread 0x000001f11de17170 Thread added: 0x000001f11afafdc0
Event: 12765.141 Thread 0x000001f11de17170 Thread added: 0x000001f10ab64f70
Event: 12765.177 Thread 0x000001f11de17170 Thread added: 0x000001f10ab683f0
Event: 12765.196 Thread 0x000001f11de17170 Thread added: 0x000001f10a5e8170
Event: 12765.201 Thread 0x000001f11de17170 Thread added: 0x000001f11d404700
Event: 12765.216 Thread 0x000001f11de17170 Thread added: 0x000001f11d40a2e0
Event: 12765.226 Thread 0x000001f11de17170 Thread added: 0x000001f11d4067d0
Event: 12765.231 Thread 0x000001f11de17170 Thread added: 0x000001f11d405ab0
Event: 12765.236 Thread 0x000001f11de17170 Thread added: 0x000001f11d409c50
Event: 12765.241 Thread 0x000001f11de17170 Thread added: 0x000001f11d4088a0
Event: 12765.241 Thread 0x000001f11de17170 Thread added: 0x000001f11d408210


Dynamic libraries:
0x00007ff6928b0000 - 0x00007ff6928be000 	c:\Users\Shreyansh Bhardwaj\.vscode\extensions\redhat.java-1.44.0-win32-x64\jre\21.0.8-win32-x86_64\bin\java.exe
0x00007ffb243f0000 - 0x00007ffb24607000 	C:\WINDOWS\SYSTEM32\ntdll.dll
0x00007ffb231d0000 - 0x00007ffb23294000 	C:\WINDOWS\System32\KERNEL32.DLL
0x00007ffb219f0000 - 0x00007ffb21dc2000 	C:\WINDOWS\System32\KERNELBASE.dll
0x00007ffb21730000 - 0x00007ffb21841000 	C:\WINDOWS\System32\ucrtbase.dll
0x00007ffaf8d00000 - 0x00007ffaf8d18000 	c:\Users\Shreyansh Bhardwaj\.vscode\extensions\redhat.java-1.44.0-win32-x64\jre\21.0.8-win32-x86_64\bin\jli.dll
0x00007ffb22550000 - 0x00007ffb22701000 	C:\WINDOWS\System32\USER32.dll
0x00007ffb21880000 - 0x00007ffb218a6000 	C:\WINDOWS\System32\win32u.dll
0x00007ffb23300000 - 0x00007ffb23329000 	C:\WINDOWS\System32\GDI32.dll
0x00007ffb21600000 - 0x00007ffb21723000 	C:\WINDOWS\System32\gdi32full.dll
0x00007ffb214e0000 - 0x00007ffb2157a000 	C:\WINDOWS\System32\msvcp_win.dll
0x00007ffaf2c00000 - 0x00007ffaf2c1e000 	c:\Users\Shreyansh Bhardwaj\.vscode\extensions\redhat.java-1.44.0-win32-x64\jre\21.0.8-win32-x86_64\bin\VCRUNTIME140.dll
0x00007ffb0ffe0000 - 0x00007ffb1027b000 	C:\WINDOWS\WinSxS\amd64_microsoft.windows.common-controls_6595b64144ccf1df_6.0.22621.5547_none_27104afb73855772\COMCTL32.dll
0x00007ffb23b70000 - 0x00007ffb23c17000 	C:\WINDOWS\System32\msvcrt.dll
0x00007ffb23880000 - 0x00007ffb238b1000 	C:\WINDOWS\System32\IMM32.DLL
0x00007ffb154e0000 - 0x00007ffb154ec000 	c:\Users\Shreyansh Bhardwaj\.vscode\extensions\redhat.java-1.44.0-win32-x64\jre\21.0.8-win32-x86_64\bin\vcruntime140_1.dll
0x00007ffadc8e0000 - 0x00007ffadc96d000 	c:\Users\Shreyansh Bhardwaj\.vscode\extensions\redhat.java-1.44.0-win32-x64\jre\21.0.8-win32-x86_64\bin\msvcp140.dll
0x00007ffaba450000 - 0x00007ffabb1e7000 	c:\Users\Shreyansh Bhardwaj\.vscode\extensions\redhat.java-1.44.0-win32-x64\jre\21.0.8-win32-x86_64\bin\server\jvm.dll
0x00007ffb22fc0000 - 0x00007ffb23071000 	C:\WINDOWS\System32\ADVAPI32.dll
0x00007ffb236c0000 - 0x00007ffb23768000 	C:\WINDOWS\System32\sechost.dll
0x00007ffb21850000 - 0x00007ffb21878000 	C:\WINDOWS\System32\bcrypt.dll
0x00007ffb23080000 - 0x00007ffb23194000 	C:\WINDOWS\System32\RPCRT4.dll
0x00007ffb23350000 - 0x00007ffb233c1000 	C:\WINDOWS\System32\WS2_32.dll
0x00007ffb213b0000 - 0x00007ffb213fd000 	C:\WINDOWS\SYSTEM32\POWRPROF.dll
0x00007ffb192b0000 - 0x00007ffb192e4000 	C:\WINDOWS\SYSTEM32\WINMM.dll
0x00007ffb17ac0000 - 0x00007ffb17aca000 	C:\WINDOWS\SYSTEM32\VERSION.dll
0x00007ffb21390000 - 0x00007ffb213a3000 	C:\WINDOWS\SYSTEM32\UMPDC.dll
0x00007ffb204e0000 - 0x00007ffb204f8000 	C:\WINDOWS\SYSTEM32\kernel.appcore.dll
0x00007ffb11020000 - 0x00007ffb1102a000 	c:\Users\Shreyansh Bhardwaj\.vscode\extensions\redhat.java-1.44.0-win32-x64\jre\21.0.8-win32-x86_64\bin\jimage.dll
0x00007ffb1efa0000 - 0x00007ffb1f1d3000 	C:\WINDOWS\SYSTEM32\DBGHELP.DLL
0x00007ffb23f80000 - 0x00007ffb24313000 	C:\WINDOWS\System32\combase.dll
0x00007ffb238c0000 - 0x00007ffb23997000 	C:\WINDOWS\System32\OLEAUT32.dll
0x00007ffb05580000 - 0x00007ffb055b2000 	C:\WINDOWS\SYSTEM32\dbgcore.DLL
0x00007ffb22000000 - 0x00007ffb2207b000 	C:\WINDOWS\System32\bcryptPrimitives.dll
0x00007ffb0f380000 - 0x00007ffb0f38f000 	c:\Users\Shreyansh Bhardwaj\.vscode\extensions\redhat.java-1.44.0-win32-x64\jre\21.0.8-win32-x86_64\bin\instrument.dll
0x00007ffaf8d60000 - 0x00007ffaf8d7f000 	c:\Users\Shreyansh Bhardwaj\.vscode\extensions\redhat.java-1.44.0-win32-x64\jre\21.0.8-win32-x86_64\bin\java.dll
0x00007ffb22710000 - 0x00007ffb22fb2000 	C:\WINDOWS\System32\SHELL32.dll
0x00007ffb218b0000 - 0x00007ffb219ef000 	C:\WINDOWS\System32\wintypes.dll
0x00007ffb1f3c0000 - 0x00007ffb1fcdd000 	C:\WINDOWS\SYSTEM32\windows.storage.dll
0x00007ffb233d0000 - 0x00007ffb234dc000 	C:\WINDOWS\System32\SHCORE.dll
0x00007ffb23d00000 - 0x00007ffb23d69000 	C:\WINDOWS\System32\shlwapi.dll
0x00007ffb21410000 - 0x00007ffb2143b000 	C:\WINDOWS\SYSTEM32\profapi.dll
0x00007ffb0eef0000 - 0x00007ffb0ef08000 	c:\Users\Shreyansh Bhardwaj\.vscode\extensions\redhat.java-1.44.0-win32-x64\jre\21.0.8-win32-x86_64\bin\zip.dll
0x00007ffb1db10000 - 0x00007ffb1db20000 	C:\Users\Shreyansh Bhardwaj\.vscode\extensions\redhat.java-1.44.0-win32-x64\jre\21.0.8-win32-x86_64\bin\net.dll
0x00007ffb17e60000 - 0x00007ffb17f8c000 	C:\WINDOWS\SYSTEM32\WINHTTP.dll
0x00007ffb209b0000 - 0x00007ffb20a19000 	C:\WINDOWS\system32\mswsock.dll
0x00007ffb0a210000 - 0x00007ffb0a226000 	C:\Users\Shreyansh Bhardwaj\.vscode\extensions\redhat.java-1.44.0-win32-x64\jre\21.0.8-win32-x86_64\bin\nio.dll
0x00007ffb19ff0000 - 0x00007ffb1a000000 	c:\Users\Shreyansh Bhardwaj\.vscode\extensions\redhat.java-1.44.0-win32-x64\jre\21.0.8-win32-x86_64\bin\verify.dll
0x00007ffadc0b0000 - 0x00007ffadc0f5000 	C:\Users\Shreyansh Bhardwaj\AppData\Roaming\Code\User\globalStorage\redhat.java\1.44.0\config_win\org.eclipse.equinox.launcher\org.eclipse.equinox.launcher.win32.win32.x86_64_1.2.1400.v20250730-1736\eclipse_11913.dll
0x00007ffb23de0000 - 0x00007ffb23f80000 	C:\WINDOWS\System32\ole32.dll
0x00007ffb20c00000 - 0x00007ffb20c1b000 	C:\WINDOWS\SYSTEM32\CRYPTSP.dll
0x00007ffb204a0000 - 0x00007ffb204d7000 	C:\WINDOWS\system32\rsaenh.dll
0x00007ffb20a50000 - 0x00007ffb20a78000 	C:\WINDOWS\SYSTEM32\USERENV.dll
0x00007ffb20bc0000 - 0x00007ffb20bcc000 	C:\WINDOWS\SYSTEM32\CRYPTBASE.dll
0x00007ffb1ff80000 - 0x00007ffb1ffad000 	C:\WINDOWS\SYSTEM32\IPHLPAPI.DLL
0x00007ffb23c30000 - 0x00007ffb23c39000 	C:\WINDOWS\System32\NSI.dll
0x00007ffad4370000 - 0x00007ffad43b9000 	C:\Users\Shreyansh Bhardwaj\AppData\Local\Temp\jna-1901370432\jna11939148338857559727.dll
0x00007ffb23cf0000 - 0x00007ffb23cf8000 	C:\WINDOWS\System32\PSAPI.DLL
0x00007ffb17df0000 - 0x00007ffb17e09000 	C:\WINDOWS\SYSTEM32\dhcpcsvc6.DLL
0x00007ffb17db0000 - 0x00007ffb17dcf000 	C:\WINDOWS\SYSTEM32\dhcpcsvc.DLL
0x00007ffaf8d80000 - 0x00007ffaf8d8e000 	C:\Users\Shreyansh Bhardwaj\.vscode\extensions\redhat.java-1.44.0-win32-x64\jre\21.0.8-win32-x86_64\bin\sunmscapi.dll
0x00007ffb21e90000 - 0x00007ffb21ff7000 	C:\WINDOWS\System32\CRYPT32.dll
0x00007ffb20df0000 - 0x00007ffb20e1d000 	C:\WINDOWS\SYSTEM32\ncrypt.dll
0x00007ffb20db0000 - 0x00007ffb20de7000 	C:\WINDOWS\SYSTEM32\NTASN1.dll
0x00007ffb1ffb0000 - 0x00007ffb200a8000 	C:\WINDOWS\SYSTEM32\DNSAPI.dll
0x00007ffb14ad0000 - 0x00007ffb14ada000 	C:\Windows\System32\rasadhlp.dll
0x00007ffb14a40000 - 0x00007ffb14ac4000 	C:\WINDOWS\System32\fwpuclnt.dll
0x00007ffb1c410000 - 0x00007ffb1c419000 	C:\Users\Shreyansh Bhardwaj\.vscode\extensions\redhat.java-1.44.0-win32-x64\jre\21.0.8-win32-x86_64\bin\extnet.dll
0x00007ffad1110000 - 0x00007ffad1118000 	C:\WINDOWS\system32\wshunix.dll

JVMTI agents:
c:\Users\Shreyansh Bhardwaj\.vscode\extensions\redhat.java-1.44.0-win32-x64\lombok\lombok-1.18.39-4050.jar path:c:\Users\Shreyansh Bhardwaj\.vscode\extensions\redhat.java-1.44.0-win32-x64\jre\21.0.8-win32-x86_64\bin\instrument.dll, loaded, initialized, instrumentlib options:none

dbghelp: loaded successfully - version: 4.0.5 - missing functions: none
symbol engine: initialized successfully - sym options: 0x614 - pdb path: .;c:\Users\Shreyansh Bhardwaj\.vscode\extensions\redhat.java-1.44.0-win32-x64\jre\21.0.8-win32-x86_64\bin;C:\WINDOWS\SYSTEM32;C:\WINDOWS\WinSxS\amd64_microsoft.windows.common-controls_6595b64144ccf1df_6.0.22621.5547_none_27104afb73855772;c:\Users\Shreyansh Bhardwaj\.vscode\extensions\redhat.java-1.44.0-win32-x64\jre\21.0.8-win32-x86_64\bin\server;C:\Users\Shreyansh Bhardwaj\AppData\Roaming\Code\User\globalStorage\redhat.java\1.44.0\config_win\org.eclipse.equinox.launcher\org.eclipse.equinox.launcher.win32.win32.x86_64_1.2.1400.v20250730-1736;C:\Users\Shreyansh Bhardwaj\AppData\Local\Temp\jna-1901370432

VM Arguments:
jvm_args: --add-modules=ALL-SYSTEM --add-opens=java.base/java.util=ALL-UNNAMED --add-opens=java.base/java.lang=ALL-UNNAMED --add-opens=java.base/sun.nio.fs=ALL-UNNAMED -Declipse.application=org.eclipse.jdt.ls.core.id1 -Dosgi.bundles.defaultStartLevel=4 -Declipse.product=org.eclipse.jdt.ls.core.product -Djava.import.generatesMetadataFilesAtProjectRoot=false -DDetectVMInstallationsJob.disabled=true -Dfile.encoding=utf8 -XX:+UseParallelGC -XX:GCTimeRatio=4 -XX:AdaptiveSizePolicyWeight=90 -Dsun.zip.disableMemoryMapping=true -Xmx2G -Xms100m -Xlog:disable -javaagent:c:\Users\Shreyansh Bhardwaj\.vscode\extensions\redhat.java-1.44.0-win32-x64\lombok\lombok-1.18.39-4050.jar -XX:+HeapDumpOnOutOfMemoryError -XX:HeapDumpPath=c:\Users\Shreyansh Bhardwaj\AppData\Roaming\Code\User\workspaceStorage\78c7e8b256210418a5575d8a2d98ab2c\redhat.java -Daether.dependencyCollector.impl=bf 
java_command: c:\Users\Shreyansh Bhardwaj\.vscode\extensions\redhat.java-1.44.0-win32-x64\server\plugins\org.eclipse.equinox.launcher_1.7.0.v20250519-0528.jar -configuration c:\Users\Shreyansh Bhardwaj\AppData\Roaming\Code\User\globalStorage\redhat.java\1.44.0\config_win -data c:\Users\Shreyansh Bhardwaj\AppData\Roaming\Code\User\workspaceStorage\78c7e8b256210418a5575d8a2d98ab2c\redhat.java\jdt_ws --pipe=\\.\pipe\lsp-52da9858d18f7aecda4fd11a0e088d7f-sock
java_class_path (initial): c:\Users\Shreyansh Bhardwaj\.vscode\extensions\redhat.java-1.44.0-win32-x64\server\plugins\org.eclipse.equinox.launcher_1.7.0.v20250519-0528.jar
Launcher Type: SUN_STANDARD

[Global flags]
    uintx AdaptiveSizePolicyWeight                 = 90                                        {product} {command line}
     intx CICompilerCount                          = 4                                         {product} {ergonomic}
    uintx GCTimeRatio                              = 4                                         {product} {command line}
     bool HeapDumpOnOutOfMemoryError               = true                                   {manageable} {command line}
    ccstr HeapDumpPath                             = c:\Users\Shreyansh Bhardwaj\AppData\Roaming\Code\User\workspaceStorage\78c7e8b256210418a5575d8a2d98ab2c\redhat.java         {manageable} {command line}
   size_t InitialHeapSize                          = 104857600                                 {product} {command line}
   size_t MaxHeapSize                              = 2147483648                                {product} {command line}
   size_t MaxNewSize                               = 715653120                                 {product} {ergonomic}
   size_t MinHeapDeltaBytes                        = 524288                                    {product} {ergonomic}
   size_t MinHeapSize                              = 104857600                                 {product} {command line}
   size_t NewSize                                  = 34603008                                  {product} {ergonomic}
    uintx NonNMethodCodeHeapSize                   = 5839372                                {pd product} {ergonomic}
    uintx NonProfiledCodeHeapSize                  = 122909434                              {pd product} {ergonomic}
   size_t OldSize                                  = 70254592                                  {product} {ergonomic}
    uintx ProfiledCodeHeapSize                     = 122909434                              {pd product} {ergonomic}
    uintx ReservedCodeCacheSize                    = 251658240                              {pd product} {ergonomic}
     bool SegmentedCodeCache                       = true                                      {product} {ergonomic}
   size_t SoftMaxHeapSize                          = 2147483648                             {manageable} {ergonomic}
     bool UseCompressedOops                        = true                           {product lp64_product} {ergonomic}
     bool UseLargePagesIndividualAllocation        = false                                  {pd product} {ergonomic}
     bool UseParallelGC                            = true                                      {product} {command line}

Logging:
Log output configuration:
 #0: stdout all=off uptime,level,tags foldmultilines=false
 #1: stderr all=off uptime,level,tags foldmultilines=false

Environment Variables:
JAVA_HOME=C:\Program Files\Java\jdk-21
PATH=C:\Program Files\SqlCmd\;C:\Program Files\Microsoft MPI\Bin\;C:\Program Files\Common Files\Oracle\Java\javapath;C:\Program Files (x86)\Common Files\Oracle\Java\java8path;C:\Program Files (x86)\Common Files\Oracle\Java\javapath;C:\Program Files\Eclipse Adoptium\jdk-21.0.3.9-hotspot\bin;C:\Windows\system32;C:\Windows;C:\Windows\System32\Wbem;C:\Windows\System32\WindowsPowerShell\v1.0\;C:\Windows\System32\OpenSSH\;C:\Program Files (x86)\NVIDIA Corporation\PhysX\Common;C:\Program Files\NVIDIA Corporation\NVIDIA NvDLISR;C:\WINDOWS\system32;C:\WINDOWS;C:\WINDOWS\System32\Wbem;C:\WINDOWS\System32\WindowsPowerShell\v1.0\;C:\WINDOWS\System32\OpenSSH\;C:\MinGW\bin;C:\SFML-2.6.1\bin;C:\Program Files\dotnet\;C:\Program Files\CMake\bin;C:\Program Files\Git\cmd;C:\Program Files\MySQL\MySQL Server 8.0\bin;C:\Program Files\Microsoft SQL Server\Client SDK\ODBC\170\Tools\Binn\;C:\Program Files (x86)\Microsoft SQL Server\160\DTS\Binn\;C:\Program Files\Azure Data Studio\bin;C:\Program Files (x86)\Windows Kits\10\Windows Performance Toolkit\;C:\Program Files (x86)\Microsoft SQL Server\160\Tools\Binn\;C:\Program Files\Microsoft SQL Server\160\Tools\Binn\;C:\Program Files\Microsoft SQL Server\160\DTS\Binn\;C:\Program Files\Docker\Docker\resources\bin;C:\Program Files\nodejs\;C:\Users\Shreyansh Bhardwaj\AppData\Local\Programs\Python\Python313\Scripts\;C:\Users\Shreyansh Bhardwaj\AppData\Local\Programs\Python\Python313\;C:\Users\Shreyansh Bhardwaj\AppData\Local\Programs\Python\Launcher\;C:\Program Files\MySQL\MySQL Shell 8.0\bin\;C:\Users\Shreyansh Bhardwaj\AppData\Local\Microsoft\WindowsApps;C:\Users\Shreyansh Bhardwaj\AppData\Local\Programs\Microsoft VS Code\bin;C:\Users\Shreyansh Bhardwaj\AppData\Local\Programs\mongosh\;C:\Users\Shreyansh Bhardwaj\.dotnet\tools;C:\msys64\ucrt64\bin;C:\Users\Shreyansh Bhardwaj\AppData\Local\Programs\Python\Python313\Scripts;;C:\Program Files\JetBrains\IntelliJ IDEA 2023.1.3\bin;;C:\Users\Shreyansh Bhardwaj\.dotnet\tools;C:\Program Files\Azure Data Studio\bin;C:\Users\Shreyansh Bhardwaj\AppData\Roaming\npm
USERNAME=Shreyansh Bhardwaj
OS=Windows_NT
PROCESSOR_IDENTIFIER=AMD64 Family 25 Model 80 Stepping 0, AuthenticAMD
TMP=C:\Users\SHREYA~1\AppData\Local\Temp
TEMP=C:\Users\SHREYA~1\AppData\Local\Temp




Periodic native trim disabled

---------------  S Y S T E M  ---------------

OS:
 Windows 11 , 64 bit Build 22621 (10.0.22621.5415)
OS uptime: 1 days 3:26 hours
Hyper-V role detected

CPU: total 12 (initial active 12) (12 cores per cpu, 2 threads per core) family 25 model 80 stepping 0 microcode 0x0, cx8, cmov, fxsr, ht, mmx, 3dnowpref, sse, sse2, sse3, ssse3, sse4a, sse4.1, sse4.2, popcnt, lzcnt, tsc, tscinvbit, avx, avx2, aes, erms, clmul, bmi1, bmi2, adx, sha, fma, vzeroupper, clflush, clflushopt, hv, rdtscp, rdpid, fsrm, f16c, cet_ss
Processor Information for the first 12 processors :
  Max Mhz: 3301, Current Mhz: 3301, Mhz Limit: 3301

Memory: 4k page, system-wide physical 7532M (179M free)
TotalPageFile size 21768M (AvailPageFile size 4M)
current process WorkingSet (physical memory assigned to process): 373M, peak: 1000M
current process commit charge ("private bytes"): 1761M, peak: 1801M

vm_info: OpenJDK 64-Bit Server VM (21.0.8+9-LTS) for windows-amd64 JRE (21.0.8+9-LTS), built on 2025-07-15T00:00:00Z by "admin" with MS VC++ 17.7 (VS2022)

END.
