#
# There is insufficient memory for the Java Runtime Environment to continue.
# Native memory allocation (malloc) failed to allocate 1006416 bytes. Error detail: Chunk::new
# Possible reasons:
#   The system is out of physical RAM or swap space
#   This process is running with CompressedOops enabled, and the Java Heap may be blocking the growth of the native heap
# Possible solutions:
#   Reduce memory load on the system
#   Increase physical memory or swap space
#   Check if swap backing store is full
#   Decrease Java heap size (-Xmx/-Xms)
#   Decrease number of Java threads
#   Decrease Java thread stack sizes (-Xss)
#   Set larger code cache with -XX:ReservedCodeCacheSize=
#   JVM is running with Unscaled Compressed Oops mode in which the Java heap is
#     placed in the first 4GB address space. The Java Heap base address is the
#     maximum limit for the native heap growth. Please use -XX:HeapBaseMinAddress
#     to set the Java Heap base and to place the Java Heap above 4GB virtual address.
# This output file may be truncated or incomplete.
#
#  Out of Memory Error (arena.cpp:168), pid=14320, tid=28556
#
# JRE version: OpenJDK Runtime Environment Temurin-21.0.8+9 (21.0.8+9) (build 21.0.8+9-LTS)
# Java VM: OpenJDK 64-Bit Server VM Temurin-21.0.8+9 (21.0.8+9-LTS, mixed mode, sharing, tiered, compressed oops, compressed class ptrs, parallel gc, windows-amd64)
# No core dump will be written. Minidumps are not enabled by default on client versions of Windows
#

---------------  S U M M A R Y ------------

Command Line: --add-modules=ALL-SYSTEM --add-opens=java.base/java.util=ALL-UNNAMED --add-opens=java.base/java.lang=ALL-UNNAMED --add-opens=java.base/sun.nio.fs=ALL-UNNAMED -Declipse.application=org.eclipse.jdt.ls.core.id1 -Dosgi.bundles.defaultStartLevel=4 -Declipse.product=org.eclipse.jdt.ls.core.product -Djava.import.generatesMetadataFilesAtProjectRoot=false -DDetectVMInstallationsJob.disabled=true -Dfile.encoding=utf8 -XX:+UseParallelGC -XX:GCTimeRatio=4 -XX:AdaptiveSizePolicyWeight=90 -Dsun.zip.disableMemoryMapping=true -Xmx2G -Xms100m -Xlog:disable -javaagent:c:\Users\Shreyansh Bhardwaj\.vscode\extensions\redhat.java-1.44.0-win32-x64\lombok\lombok-1.18.39-4050.jar -XX:+HeapDumpOnOutOfMemoryError -XX:HeapDumpPath=c:\Users\Shreyansh Bhardwaj\AppData\Roaming\Code\User\workspaceStorage\78c7e8b256210418a5575d8a2d98ab2c\redhat.java -Daether.dependencyCollector.impl=bf c:\Users\Shreyansh Bhardwaj\.vscode\extensions\redhat.java-1.44.0-win32-x64\server\plugins\org.eclipse.equinox.launcher_1.7.0.v20250519-0528.jar -configuration c:\Users\Shreyansh Bhardwaj\AppData\Roaming\Code\User\globalStorage\redhat.java\1.44.0\config_win -data c:\Users\Shreyansh Bhardwaj\AppData\Roaming\Code\User\workspaceStorage\78c7e8b256210418a5575d8a2d98ab2c\redhat.java\jdt_ws --pipe=\\.\pipe\lsp-6713df397cd703c231751c478edc7aba-sock

Host: AMD Ryzen 5 5600H with Radeon Graphics         , 12 cores, 7G,  Windows 11 , 64 bit Build 22621 (10.0.22621.5415)
Time: Mon Aug  4 16:35:52 2025 India Standard Time elapsed time: 35.334731 seconds (0d 0h 0m 35s)

---------------  T H R E A D  ---------------

Current thread (0x00000271665cbef0):  JavaThread "C2 CompilerThread0" daemon [_thread_in_native, id=28556, stack(0x0000009784200000,0x0000009784300000) (1024K)]


Current CompileTask:
C2:35334 12430   !   4       org.eclipse.osgi.internal.loader.BundleLoader::findRequiredSource (283 bytes)

Stack: [0x0000009784200000,0x0000009784300000]
Native frames: (J=compiled Java code, j=interpreted, Vv=VM code, C=native code)
V  [jvm.dll+0x6d2449]
V  [jvm.dll+0x8ae341]
V  [jvm.dll+0x8b08be]
V  [jvm.dll+0x8b0fa3]
V  [jvm.dll+0x280c96]
V  [jvm.dll+0xc581d]
V  [jvm.dll+0xc5d53]
V  [jvm.dll+0x3b9162]
V  [jvm.dll+0x1e108a]
V  [jvm.dll+0x249022]
V  [jvm.dll+0x2484af]
V  [jvm.dll+0x1c89ee]
V  [jvm.dll+0x257d4d]
V  [jvm.dll+0x2562ea]
V  [jvm.dll+0x3f2d16]
V  [jvm.dll+0x857e6b]
V  [jvm.dll+0x6d0b0d]
C  [ucrtbase.dll+0x29333]
C  [KERNEL32.DLL+0x1259d]
C  [ntdll.dll+0x5af78]


---------------  P R O C E S S  ---------------

Threads class SMR info:
_java_thread_list=0x00000271483231b0, length=76, elements={
0x00000271665232f0, 0x00000271665c7400, 0x00000271664cbaf0, 0x00000271665c7fb0,
0x00000271665c8b60, 0x00000271665ca720, 0x00000271665cb170, 0x00000271665cbef0,
0x00000271665d79d0, 0x000002717e307480, 0x000002717e560640, 0x000002717f75c4a0,
0x000002717f798700, 0x000002717f5f9ca0, 0x0000027145038d00, 0x00000271451da1b0,
0x000002714523c260, 0x000002717f692b40, 0x000002717f694580, 0x000002717f694c10,
0x000002717f693ef0, 0x000002717f6931d0, 0x000002717f693860, 0x000002717f6924b0,
0x000002717f6952a0, 0x000002717f695930, 0x000002714664cc10, 0x0000027146649e20,
0x0000027146647d50, 0x000002714664b1d0, 0x00000271466483e0, 0x0000027146647030,
0x00000271466476c0, 0x000002714664d2a0, 0x000002714664b860, 0x000002714664d930,
0x000002714664bef0, 0x0000027146648a70, 0x0000027146649100, 0x000002714664dfc0,
0x0000027146649790, 0x000002714664a4b0, 0x0000027147e7bc40, 0x0000027147e7e3a0,
0x0000027147e7dd10, 0x0000027147e7ea30, 0x0000027147e7b5b0, 0x0000027147e7c2d0,
0x0000027147e7c960, 0x0000027147e7d680, 0x0000027147410580, 0x00000271474112a0,
0x0000027147414db0, 0x000002714740de20, 0x0000027147410c10, 0x0000027147414720,
0x0000027147411930, 0x000002714740eb40, 0x0000027147411fc0, 0x0000027147412ce0,
0x0000027147415440, 0x000002714740e4b0, 0x0000027147412650, 0x000002714740f1d0,
0x0000027147413370, 0x000002714740f860, 0x0000027147413a00, 0x000002714740fef0,
0x0000027147414090, 0x00000271473b0df0, 0x00000271473b7d80, 0x00000271473b69d0,
0x00000271473b8410, 0x00000271473b7060, 0x00000271473b76f0, 0x00000271473b1b10
}

Java Threads: ( => current thread )
  0x00000271665232f0 JavaThread "main"                              [_thread_blocked, id=7132, stack(0x0000009783800000,0x0000009783900000) (1024K)]
  0x00000271665c7400 JavaThread "Reference Handler"          daemon [_thread_blocked, id=27732, stack(0x0000009783c00000,0x0000009783d00000) (1024K)]
  0x00000271664cbaf0 JavaThread "Finalizer"                  daemon [_thread_blocked, id=3980, stack(0x0000009783d00000,0x0000009783e00000) (1024K)]
  0x00000271665c7fb0 JavaThread "Signal Dispatcher"          daemon [_thread_blocked, id=23416, stack(0x0000009783e00000,0x0000009783f00000) (1024K)]
  0x00000271665c8b60 JavaThread "Attach Listener"            daemon [_thread_blocked, id=28544, stack(0x0000009783f00000,0x0000009784000000) (1024K)]
  0x00000271665ca720 JavaThread "Service Thread"             daemon [_thread_blocked, id=28548, stack(0x0000009784000000,0x0000009784100000) (1024K)]
  0x00000271665cb170 JavaThread "Monitor Deflation Thread"   daemon [_thread_blocked, id=28552, stack(0x0000009784100000,0x0000009784200000) (1024K)]
=>0x00000271665cbef0 JavaThread "C2 CompilerThread0"         daemon [_thread_in_native, id=28556, stack(0x0000009784200000,0x0000009784300000) (1024K)]
  0x00000271665d79d0 JavaThread "C1 CompilerThread0"         daemon [_thread_blocked, id=27148, stack(0x0000009784300000,0x0000009784400000) (1024K)]
  0x000002717e307480 JavaThread "Common-Cleaner"             daemon [_thread_blocked, id=27612, stack(0x0000009784400000,0x0000009784500000) (1024K)]
  0x000002717e560640 JavaThread "Notification Thread"        daemon [_thread_blocked, id=27272, stack(0x0000009784500000,0x0000009784600000) (1024K)]
  0x000002717f75c4a0 JavaThread "Active Thread: Equinox Container: 2576d99a-1629-4f16-9b1d-0c24f08e54e9"        [_thread_blocked, id=5844, stack(0x0000009784c00000,0x0000009784d00000) (1024K)]
  0x000002717f798700 JavaThread "Refresh Thread: Equinox Container: 2576d99a-1629-4f16-9b1d-0c24f08e54e9" daemon [_thread_blocked, id=28364, stack(0x0000009784e00000,0x0000009784f00000) (1024K)]
  0x000002717f5f9ca0 JavaThread "Framework Event Dispatcher: Equinox Container: 2576d99a-1629-4f16-9b1d-0c24f08e54e9" daemon [_thread_blocked, id=25888, stack(0x0000009784f00000,0x0000009785000000) (1024K)]
  0x0000027145038d00 JavaThread "Start Level: Equinox Container: 2576d99a-1629-4f16-9b1d-0c24f08e54e9" daemon [_thread_blocked, id=24492, stack(0x0000009785000000,0x0000009785100000) (1024K)]
  0x00000271451da1b0 JavaThread "Bundle File Closer"         daemon [_thread_blocked, id=10068, stack(0x0000009785300000,0x0000009785400000) (1024K)]
  0x000002714523c260 JavaThread "SCR Component Actor"        daemon [_thread_blocked, id=22160, stack(0x0000009785400000,0x0000009785500000) (1024K)]
  0x000002717f692b40 JavaThread "Worker-JM"                         [_thread_blocked, id=3556, stack(0x0000009785600000,0x0000009785700000) (1024K)]
  0x000002717f694580 JavaThread "JNA Cleaner"                daemon [_thread_blocked, id=19092, stack(0x0000009785700000,0x0000009785800000) (1024K)]
  0x000002717f694c10 JavaThread "Worker-0: Java indexing... "        [_thread_blocked, id=25196, stack(0x0000009785800000,0x0000009785900000) (1024K)]
  0x000002717f693ef0 JavaThread "Worker-1"                          [_thread_blocked, id=2464, stack(0x0000009785900000,0x0000009785a00000) (1024K)]
  0x000002717f6931d0 JavaThread "Worker-2: Initialize workspace"        [_thread_blocked, id=21336, stack(0x0000009785a00000,0x0000009785b00000) (1024K)]
  0x000002717f693860 JavaThread "Java indexing"              daemon [_thread_blocked, id=8888, stack(0x0000009785b00000,0x0000009785c00000) (1024K)]
  0x000002717f6924b0 JavaThread "Worker-3"                          [_thread_blocked, id=24420, stack(0x0000009785c00000,0x0000009785d00000) (1024K)]
  0x000002717f6952a0 JavaThread "Worker-4"                          [_thread_blocked, id=21408, stack(0x0000009785d00000,0x0000009785e00000) (1024K)]
  0x000002717f695930 JavaThread "Thread-2"                   daemon [_thread_in_native, id=27028, stack(0x0000009785e00000,0x0000009785f00000) (1024K)]
  0x000002714664cc10 JavaThread "Thread-3"                   daemon [_thread_in_native, id=2408, stack(0x0000009785f00000,0x0000009786000000) (1024K)]
  0x0000027146649e20 JavaThread "Thread-4"                   daemon [_thread_in_native, id=19384, stack(0x0000009786000000,0x0000009786100000) (1024K)]
  0x0000027146647d50 JavaThread "Thread-5"                   daemon [_thread_in_native, id=26072, stack(0x0000009786100000,0x0000009786200000) (1024K)]
  0x000002714664b1d0 JavaThread "Thread-6"                   daemon [_thread_in_native, id=24528, stack(0x0000009786200000,0x0000009786300000) (1024K)]
  0x00000271466483e0 JavaThread "Thread-7"                   daemon [_thread_in_native, id=27964, stack(0x0000009786300000,0x0000009786400000) (1024K)]
  0x0000027146647030 JavaThread "Thread-8"                   daemon [_thread_in_native, id=5660, stack(0x0000009786400000,0x0000009786500000) (1024K)]
  0x00000271466476c0 JavaThread "Thread-9"                   daemon [_thread_in_native, id=14396, stack(0x0000009786500000,0x0000009786600000) (1024K)]
  0x000002714664d2a0 JavaThread "Thread-10"                  daemon [_thread_in_native, id=27948, stack(0x0000009786600000,0x0000009786700000) (1024K)]
  0x000002714664b860 JavaThread "Thread-11"                  daemon [_thread_in_native, id=20692, stack(0x0000009786700000,0x0000009786800000) (1024K)]
  0x000002714664d930 JavaThread "Thread-12"                  daemon [_thread_in_native, id=14884, stack(0x0000009786800000,0x0000009786900000) (1024K)]
  0x000002714664bef0 JavaThread "Thread-13"                  daemon [_thread_in_native, id=27952, stack(0x0000009786900000,0x0000009786a00000) (1024K)]
  0x0000027146648a70 JavaThread "Thread-14"                  daemon [_thread_in_native, id=27888, stack(0x0000009786a00000,0x0000009786b00000) (1024K)]
  0x0000027146649100 JavaThread "pool-2-thread-1"                   [_thread_blocked, id=24872, stack(0x0000009786b00000,0x0000009786c00000) (1024K)]
  0x000002714664dfc0 JavaThread "WorkspaceEventsHandler"            [_thread_blocked, id=28040, stack(0x0000009786c00000,0x0000009786d00000) (1024K)]
  0x0000027146649790 JavaThread "pool-1-thread-1"                   [_thread_blocked, id=14608, stack(0x0000009786d00000,0x0000009786e00000) (1024K)]
  0x000002714664a4b0 JavaThread "Worker-5"                          [_thread_blocked, id=26500, stack(0x0000009786e00000,0x0000009786f00000) (1024K)]
  0x0000027147e7bc40 JavaThread "LocalFile Deleter"          daemon [_thread_blocked, id=27640, stack(0x0000009785500000,0x0000009785600000) (1024K)]
  0x0000027147e7e3a0 JavaThread "LocalFile Deleter"          daemon [_thread_blocked, id=6680, stack(0x0000009786f00000,0x0000009787000000) (1024K)]
  0x0000027147e7dd10 JavaThread "LocalFile Deleter"          daemon [_thread_blocked, id=9112, stack(0x0000009787000000,0x0000009787100000) (1024K)]
  0x0000027147e7ea30 JavaThread "LocalFile Deleter"          daemon [_thread_blocked, id=26480, stack(0x0000009787100000,0x0000009787200000) (1024K)]
  0x0000027147e7b5b0 JavaThread "LocalFile Deleter"          daemon [_thread_blocked, id=23836, stack(0x0000009787200000,0x0000009787300000) (1024K)]
  0x0000027147e7c2d0 JavaThread "LocalFile Deleter"          daemon [_thread_blocked, id=21936, stack(0x0000009787300000,0x0000009787400000) (1024K)]
  0x0000027147e7c960 JavaThread "LocalFile Deleter"          daemon [_thread_blocked, id=22360, stack(0x0000009787400000,0x0000009787500000) (1024K)]
  0x0000027147e7d680 JavaThread "LocalFile Deleter"          daemon [_thread_blocked, id=27912, stack(0x0000009787500000,0x0000009787600000) (1024K)]
  0x0000027147410580 JavaThread "LocalFile Deleter"          daemon [_thread_blocked, id=19900, stack(0x0000009787600000,0x0000009787700000) (1024K)]
  0x00000271474112a0 JavaThread "LocalFile Deleter"          daemon [_thread_blocked, id=22512, stack(0x0000009787700000,0x0000009787800000) (1024K)]
  0x0000027147414db0 JavaThread "LocalFile Deleter"          daemon [_thread_blocked, id=13448, stack(0x0000009787800000,0x0000009787900000) (1024K)]
  0x000002714740de20 JavaThread "LocalFile Deleter"          daemon [_thread_blocked, id=27720, stack(0x0000009787900000,0x0000009787a00000) (1024K)]
  0x0000027147410c10 JavaThread "Compiler Source File Reader" daemon [_thread_blocked, id=16968, stack(0x0000009787a00000,0x0000009787b00000) (1024K)]
  0x0000027147414720 JavaThread "Compiler Source File Reader" daemon [_thread_blocked, id=15084, stack(0x0000009787b00000,0x0000009787c00000) (1024K)]
  0x0000027147411930 JavaThread "Compiler Source File Reader" daemon [_thread_blocked, id=26956, stack(0x0000009787c00000,0x0000009787d00000) (1024K)]
  0x000002714740eb40 JavaThread "Compiler Source File Reader" daemon [_thread_blocked, id=2832, stack(0x0000009787d00000,0x0000009787e00000) (1024K)]
  0x0000027147411fc0 JavaThread "Compiler Source File Reader" daemon [_thread_blocked, id=18776, stack(0x0000009787e00000,0x0000009787f00000) (1024K)]
  0x0000027147412ce0 JavaThread "Compiler Source File Reader" daemon [_thread_blocked, id=28260, stack(0x0000009787f00000,0x0000009788000000) (1024K)]
  0x0000027147415440 JavaThread "Compiler Source File Reader" daemon [_thread_blocked, id=6792, stack(0x0000009788000000,0x0000009788100000) (1024K)]
  0x000002714740e4b0 JavaThread "Compiler Source File Reader" daemon [_thread_blocked, id=27708, stack(0x0000009788100000,0x0000009788200000) (1024K)]
  0x0000027147412650 JavaThread "Compiler Source File Reader" daemon [_thread_blocked, id=3412, stack(0x0000009788200000,0x0000009788300000) (1024K)]
  0x000002714740f1d0 JavaThread "Compiler Source File Reader" daemon [_thread_blocked, id=4784, stack(0x0000009788300000,0x0000009788400000) (1024K)]
  0x0000027147413370 JavaThread "Compiler Processing Task"   daemon [_thread_blocked, id=3552, stack(0x0000009788400000,0x0000009788500000) (1024K)]
  0x000002714740f860 JavaThread "Compiler Class File Writer" daemon [_thread_blocked, id=17180, stack(0x0000009788500000,0x0000009788600000) (1024K)]
  0x0000027147413a00 JavaThread "Compiler Class File Writer" daemon [_thread_blocked, id=28324, stack(0x0000009788600000,0x0000009788700000) (1024K)]
  0x000002714740fef0 JavaThread "Compiler Class File Writer" daemon [_thread_blocked, id=3420, stack(0x0000009788700000,0x0000009788800000) (1024K)]
  0x0000027147414090 JavaThread "Compiler Class File Writer" daemon [_thread_blocked, id=21636, stack(0x0000009788800000,0x0000009788900000) (1024K)]
  0x00000271473b0df0 JavaThread "Compiler Class File Writer" daemon [_thread_blocked, id=28396, stack(0x0000009788900000,0x0000009788a00000) (1024K)]
  0x00000271473b7d80 JavaThread "Compiler Class File Writer" daemon [_thread_blocked, id=19324, stack(0x0000009788a00000,0x0000009788b00000) (1024K)]
  0x00000271473b69d0 JavaThread "Compiler Class File Writer" daemon [_thread_blocked, id=28344, stack(0x0000009788b00000,0x0000009788c00000) (1024K)]
  0x00000271473b8410 JavaThread "Compiler Class File Writer" daemon [_thread_blocked, id=28316, stack(0x0000009788c00000,0x0000009788d00000) (1024K)]
  0x00000271473b7060 JavaThread "Compiler Class File Writer" daemon [_thread_blocked, id=28452, stack(0x0000009788d00000,0x0000009788e00000) (1024K)]
  0x00000271473b76f0 JavaThread "Compiler Class File Writer" daemon [_thread_blocked, id=27600, stack(0x0000009788e00000,0x0000009788f00000) (1024K)]
  0x00000271473b1b10 JavaThread "SCR Component Registry"     daemon [_thread_blocked, id=26864, stack(0x0000009788f00000,0x0000009789000000) (1024K)]
Total: 76

Other Threads:
  0x00000271664b7280 VMThread "VM Thread"                           [id=28404, stack(0x0000009783b00000,0x0000009783c00000) (1024K)]
  0x00000271665901b0 WatcherThread "VM Periodic Task Thread"        [id=28328, stack(0x0000009783a00000,0x0000009783b00000) (1024K)]
  0x0000027166541840 WorkerThread "GC Thread#0"                     [id=9436, stack(0x0000009783900000,0x0000009783a00000) (1024K)]
  0x000002717f42bb40 WorkerThread "GC Thread#1"                     [id=9072, stack(0x0000009784600000,0x0000009784700000) (1024K)]
  0x000002717f4ebe00 WorkerThread "GC Thread#2"                     [id=22784, stack(0x0000009784700000,0x0000009784800000) (1024K)]
  0x000002717f42bee0 WorkerThread "GC Thread#3"                     [id=25440, stack(0x0000009784800000,0x0000009784900000) (1024K)]
  0x000002717f42c280 WorkerThread "GC Thread#4"                     [id=27944, stack(0x0000009784900000,0x0000009784a00000) (1024K)]
  0x000002717f42c620 WorkerThread "GC Thread#5"                     [id=16636, stack(0x0000009784a00000,0x0000009784b00000) (1024K)]
  0x000002717f4014d0 WorkerThread "GC Thread#6"                     [id=12052, stack(0x0000009784b00000,0x0000009784c00000) (1024K)]
  0x000002717f79d5b0 WorkerThread "GC Thread#7"                     [id=28380, stack(0x0000009784d00000,0x0000009784e00000) (1024K)]
  0x000002717f977a40 WorkerThread "GC Thread#8"                     [id=28272, stack(0x0000009785100000,0x0000009785200000) (1024K)]
  0x0000027145320730 WorkerThread "GC Thread#9"                     [id=28276, stack(0x0000009785200000,0x0000009785300000) (1024K)]
Total: 12

Threads with active compile tasks:
C2 CompilerThread0  35363 12430   !   4       org.eclipse.osgi.internal.loader.BundleLoader::findRequiredSource (283 bytes)
Total: 1

VM state: not at safepoint (normal execution)

VM Mutex/Monitor currently owned by a thread: None

Heap address: 0x0000000080000000, size: 2048 MB, Compressed Oops mode: 32-bit

CDS archive(s) mapped at: [0x0000027100000000-0x0000027100ba0000-0x0000027100ba0000), size 12189696, SharedBaseAddress: 0x0000027100000000, ArchiveRelocationMode: 1.
Compressed class space mapped at: 0x0000027101000000-0x0000027141000000, reserved size: 1073741824
Narrow klass base: 0x0000027100000000, Narrow klass shift: 0, Narrow klass range: 0x100000000

GC Precious Log:
 CardTable entry size: 512
 CPUs: 12 total, 12 available
 Memory: 7532M
 Large Page Support: Disabled
 NUMA Support: Disabled
 Compressed Oops: Enabled (32-bit)
 Alignments: Space 512K, Generation 512K, Heap 2M
 Heap Min Capacity: 100M
 Heap Initial Capacity: 100M
 Heap Max Capacity: 2G
 Pre-touch: Disabled
 Parallel Workers: 10

Heap:
 PSYoungGen      total 3584K, used 1038K [0x00000000d5580000, 0x00000000d5980000, 0x0000000100000000)
  eden space 3072K, 19% used [0x00000000d5580000,0x00000000d5618b78,0x00000000d5880000)
  from space 512K, 83% used [0x00000000d5880000,0x00000000d58eb008,0x00000000d5900000)
  to   space 512K, 0% used [0x00000000d5900000,0x00000000d5900000,0x00000000d5980000)
 ParOldGen       total 551424K, used 347554K [0x0000000080000000, 0x00000000a1a80000, 0x00000000d5580000)
  object space 551424K, 63% used [0x0000000080000000,0x0000000095368a48,0x00000000a1a80000)
 Metaspace       used 67123K, committed 68608K, reserved 1114112K
  class space    used 7087K, committed 7744K, reserved 1048576K

Card table byte_map: [0x0000027165ec0000,0x00000271662d0000] _byte_map_base: 0x0000027165ac0000

Marking Bits: (ParMarkBitMap*) 0x00007ff99635a340
 Begin Bits: [0x00000271789c0000, 0x000002717a9c0000)
 End Bits:   [0x000002717a9c0000, 0x000002717c9c0000)

Polling page: 0x0000027164340000

Metaspace:

Usage:
  Non-class:     58.63 MB used.
      Class:      6.92 MB used.
       Both:     65.55 MB used.

Virtual space:
  Non-class space:       64.00 MB reserved,      59.44 MB ( 93%) committed,  1 nodes.
      Class space:        1.00 GB reserved,       7.56 MB ( <1%) committed,  1 nodes.
             Both:        1.06 GB reserved,      67.00 MB (  6%) committed. 

Chunk freelists:
   Non-Class:  4.05 MB
       Class:  8.28 MB
        Both:  12.33 MB

MaxMetaspaceSize: unlimited
CompressedClassSpaceSize: 1.00 GB
Initial GC threshold: 21.00 MB
Current GC threshold: 97.31 MB
CDS: on
 - commit_granule_bytes: 65536.
 - commit_granule_words: 8192.
 - virtual_space_node_default_size: 8388608.
 - enlarge_chunks_in_place: 1.
 - use_allocation_guard: 0.


Internal statistics:

num_allocs_failed_limit: 9.
num_arena_births: 1230.
num_arena_deaths: 14.
num_vsnodes_births: 2.
num_vsnodes_deaths: 0.
num_space_committed: 1072.
num_space_uncommitted: 0.
num_chunks_returned_to_freelist: 23.
num_chunks_taken_from_freelist: 4372.
num_chunk_merges: 13.
num_chunk_splits: 2651.
num_chunks_enlarged: 1443.
num_inconsistent_stats: 0.

CodeHeap 'non-profiled nmethods': size=120000Kb used=6680Kb max_used=6680Kb free=113319Kb
 bounds [0x00000271711e0000, 0x0000027171870000, 0x0000027178710000]
CodeHeap 'profiled nmethods': size=120000Kb used=25271Kb max_used=25271Kb free=94728Kb
 bounds [0x0000027169710000, 0x000002716afc0000, 0x0000027170c40000]
CodeHeap 'non-nmethods': size=5760Kb used=1453Kb max_used=1492Kb free=4306Kb
 bounds [0x0000027170c40000, 0x0000027170eb0000, 0x00000271711e0000]
CodeCache: size=245760Kb, used=33404Kb, max_used=33443Kb, free=212353Kb
 total_blobs=12726, nmethods=11959, adapters=673, full_count=0
Compilation: enabled, stopped_count=0, restarted_count=0

Compilation events (20 events):
Event: 35.273 Thread 0x00000271665d79d0 nmethod 12694 0x0000027171865490 code [0x0000027171865620, 0x00000271718656e8]
Event: 35.287 Thread 0x00000271665d79d0 12696       2       java.util.LinkedHashMap::<init> (15 bytes)
Event: 35.287 Thread 0x00000271665d79d0 nmethod 12696 0x000002716afb3c90 code [0x000002716afb3e20, 0x000002716afb3f38]
Event: 35.287 Thread 0x00000271665d79d0 12697       1       org.apache.maven.artifact.DefaultArtifact::getScope (5 bytes)
Event: 35.287 Thread 0x00000271665d79d0 nmethod 12697 0x0000027171865790 code [0x0000027171865920, 0x00000271718659e8]
Event: 35.287 Thread 0x00000271665d79d0 12698       1       org.apache.maven.artifact.DefaultArtifact::getFile (5 bytes)
Event: 35.287 Thread 0x00000271665d79d0 nmethod 12698 0x0000027171865a90 code [0x0000027171865c20, 0x0000027171865ce8]
Event: 35.288 Thread 0x00000271665d79d0 12699       2       org.eclipse.m2e.core.embedder.ArtifactKey::<init> (26 bytes)
Event: 35.288 Thread 0x00000271665d79d0 nmethod 12699 0x000002716afb4010 code [0x000002716afb41a0, 0x000002716afb42f8]
Event: 35.288 Thread 0x00000271665d79d0 12700       1       org.apache.maven.artifact.DefaultArtifact::getArtifactHandler (5 bytes)
Event: 35.288 Thread 0x00000271665d79d0 nmethod 12700 0x0000027171865d90 code [0x0000027171865f20, 0x0000027171865fe8]
Event: 35.288 Thread 0x00000271665d79d0 12701       2       org.eclipse.jdt.internal.core.JavaProject::equals (38 bytes)
Event: 35.289 Thread 0x00000271665d79d0 nmethod 12701 0x000002716afb4390 code [0x000002716afb4560, 0x000002716afb47c0]
Event: 35.293 Thread 0x00000271665d79d0 12702 % !   2       java.util.jar.Attributes::read @ 214 (494 bytes)
Event: 35.297 Thread 0x00000271665d79d0 nmethod 12702% 0x000002716afb4910 code [0x000002716afb4e80, 0x000002716afb6df0]
Event: 35.297 Thread 0x00000271665d79d0 12703       2       java.lang.invoke.MethodHandles::insertArgumentsChecks (51 bytes)
Event: 35.297 Thread 0x00000271665d79d0 nmethod 12703 0x000002716afb8210 code [0x000002716afb83e0, 0x000002716afb8660]
Event: 35.298 Thread 0x00000271665d79d0 12704   !   2       java.util.jar.Attributes::read (494 bytes)
Event: 35.299 Thread 0x00000271665d79d0 nmethod 12704 0x000002716afb8890 code [0x000002716afb8de0, 0x000002716afba980]
Event: 35.332 Thread 0x00000271665d79d0 12707       2       java.util.jar.Attributes::<init> (7 bytes)

GC Heap History (20 events):
Event: 35.241 GC heap before
{Heap before GC invocations=1260 (full 3):
 PSYoungGen      total 2560K, used 2304K [0x00000000d5580000, 0x00000000d5900000, 0x0000000100000000)
  eden space 2048K, 100% used [0x00000000d5580000,0x00000000d5780000,0x00000000d5780000)
  from space 512K, 50% used [0x00000000d5880000,0x00000000d58c0000,0x00000000d5900000)
  to   space 512K, 0% used [0x00000000d5800000,0x00000000d5800000,0x00000000d5880000)
 ParOldGen       total 551424K, used 342443K [0x0000000080000000, 0x00000000a1a80000, 0x00000000d5580000)
  object space 551424K, 62% used [0x0000000080000000,0x0000000094e6add0,0x00000000a1a80000)
 Metaspace       used 67073K, committed 68544K, reserved 1114112K
  class space    used 7081K, committed 7744K, reserved 1048576K
}
Event: 35.243 GC heap after
{Heap after GC invocations=1260 (full 3):
 PSYoungGen      total 2560K, used 496K [0x00000000d5580000, 0x00000000d5980000, 0x0000000100000000)
  eden space 2048K, 0% used [0x00000000d5580000,0x00000000d5580000,0x00000000d5780000)
  from space 512K, 96% used [0x00000000d5800000,0x00000000d587c148,0x00000000d5880000)
  to   space 1024K, 0% used [0x00000000d5880000,0x00000000d5880000,0x00000000d5980000)
 ParOldGen       total 551424K, used 342587K [0x0000000080000000, 0x00000000a1a80000, 0x00000000d5580000)
  object space 551424K, 62% used [0x0000000080000000,0x0000000094e8edf0,0x00000000a1a80000)
 Metaspace       used 67073K, committed 68544K, reserved 1114112K
  class space    used 7081K, committed 7744K, reserved 1048576K
}
Event: 35.267 GC heap before
{Heap before GC invocations=1261 (full 3):
 PSYoungGen      total 2560K, used 2544K [0x00000000d5580000, 0x00000000d5980000, 0x0000000100000000)
  eden space 2048K, 100% used [0x00000000d5580000,0x00000000d5780000,0x00000000d5780000)
  from space 512K, 96% used [0x00000000d5800000,0x00000000d587c148,0x00000000d5880000)
  to   space 1024K, 0% used [0x00000000d5880000,0x00000000d5880000,0x00000000d5980000)
 ParOldGen       total 551424K, used 342587K [0x0000000080000000, 0x00000000a1a80000, 0x00000000d5580000)
  object space 551424K, 62% used [0x0000000080000000,0x0000000094e8edf0,0x00000000a1a80000)
 Metaspace       used 67076K, committed 68544K, reserved 1114112K
  class space    used 7081K, committed 7744K, reserved 1048576K
}
Event: 35.268 GC heap after
{Heap after GC invocations=1261 (full 3):
 PSYoungGen      total 2560K, used 416K [0x00000000d5580000, 0x00000000d5900000, 0x0000000100000000)
  eden space 2048K, 0% used [0x00000000d5580000,0x00000000d5580000,0x00000000d5780000)
  from space 512K, 81% used [0x00000000d5880000,0x00000000d58e8000,0x00000000d5900000)
  to   space 512K, 0% used [0x00000000d5800000,0x00000000d5800000,0x00000000d5880000)
 ParOldGen       total 551424K, used 343018K [0x0000000080000000, 0x00000000a1a80000, 0x00000000d5580000)
  object space 551424K, 62% used [0x0000000080000000,0x0000000094efaa98,0x00000000a1a80000)
 Metaspace       used 67076K, committed 68544K, reserved 1114112K
  class space    used 7081K, committed 7744K, reserved 1048576K
}
Event: 35.274 GC heap before
{Heap before GC invocations=1262 (full 3):
 PSYoungGen      total 2560K, used 2464K [0x00000000d5580000, 0x00000000d5900000, 0x0000000100000000)
  eden space 2048K, 100% used [0x00000000d5580000,0x00000000d5780000,0x00000000d5780000)
  from space 512K, 81% used [0x00000000d5880000,0x00000000d58e8000,0x00000000d5900000)
  to   space 512K, 0% used [0x00000000d5800000,0x00000000d5800000,0x00000000d5880000)
 ParOldGen       total 551424K, used 343018K [0x0000000080000000, 0x00000000a1a80000, 0x00000000d5580000)
  object space 551424K, 62% used [0x0000000080000000,0x0000000094efaa98,0x00000000a1a80000)
 Metaspace       used 67078K, committed 68544K, reserved 1114112K
  class space    used 7082K, committed 7744K, reserved 1048576K
}
Event: 35.276 GC heap after
{Heap after GC invocations=1262 (full 3):
 PSYoungGen      total 2560K, used 475K [0x00000000d5580000, 0x00000000d5900000, 0x0000000100000000)
  eden space 2048K, 0% used [0x00000000d5580000,0x00000000d5580000,0x00000000d5780000)
  from space 512K, 92% used [0x00000000d5800000,0x00000000d5876c08,0x00000000d5880000)
  to   space 512K, 0% used [0x00000000d5880000,0x00000000d5880000,0x00000000d5900000)
 ParOldGen       total 551424K, used 343338K [0x0000000080000000, 0x00000000a1a80000, 0x00000000d5580000)
  object space 551424K, 62% used [0x0000000080000000,0x0000000094f4aa98,0x00000000a1a80000)
 Metaspace       used 67078K, committed 68544K, reserved 1114112K
  class space    used 7082K, committed 7744K, reserved 1048576K
}
Event: 35.283 GC heap before
{Heap before GC invocations=1263 (full 3):
 PSYoungGen      total 2560K, used 2523K [0x00000000d5580000, 0x00000000d5900000, 0x0000000100000000)
  eden space 2048K, 100% used [0x00000000d5580000,0x00000000d5780000,0x00000000d5780000)
  from space 512K, 92% used [0x00000000d5800000,0x00000000d5876c08,0x00000000d5880000)
  to   space 512K, 0% used [0x00000000d5880000,0x00000000d5880000,0x00000000d5900000)
 ParOldGen       total 551424K, used 343338K [0x0000000080000000, 0x00000000a1a80000, 0x00000000d5580000)
  object space 551424K, 62% used [0x0000000080000000,0x0000000094f4aa98,0x00000000a1a80000)
 Metaspace       used 67082K, committed 68544K, reserved 1114112K
  class space    used 7083K, committed 7744K, reserved 1048576K
}
Event: 35.285 GC heap after
{Heap after GC invocations=1263 (full 3):
 PSYoungGen      total 2560K, used 384K [0x00000000d5580000, 0x00000000d5900000, 0x0000000100000000)
  eden space 2048K, 0% used [0x00000000d5580000,0x00000000d5580000,0x00000000d5780000)
  from space 512K, 75% used [0x00000000d5880000,0x00000000d58e0000,0x00000000d5900000)
  to   space 512K, 0% used [0x00000000d5800000,0x00000000d5800000,0x00000000d5880000)
 ParOldGen       total 551424K, used 343661K [0x0000000080000000, 0x00000000a1a80000, 0x00000000d5580000)
  object space 551424K, 62% used [0x0000000080000000,0x0000000094f9b6a0,0x00000000a1a80000)
 Metaspace       used 67082K, committed 68544K, reserved 1114112K
  class space    used 7083K, committed 7744K, reserved 1048576K
}
Event: 35.290 GC heap before
{Heap before GC invocations=1264 (full 3):
 PSYoungGen      total 2560K, used 2432K [0x00000000d5580000, 0x00000000d5900000, 0x0000000100000000)
  eden space 2048K, 100% used [0x00000000d5580000,0x00000000d5780000,0x00000000d5780000)
  from space 512K, 75% used [0x00000000d5880000,0x00000000d58e0000,0x00000000d5900000)
  to   space 512K, 0% used [0x00000000d5800000,0x00000000d5800000,0x00000000d5880000)
 ParOldGen       total 551424K, used 343661K [0x0000000080000000, 0x00000000a1a80000, 0x00000000d5580000)
  object space 551424K, 62% used [0x0000000080000000,0x0000000094f9b6a0,0x00000000a1a80000)
 Metaspace       used 67122K, committed 68608K, reserved 1114112K
  class space    used 7087K, committed 7744K, reserved 1048576K
}
Event: 35.292 GC heap after
{Heap after GC invocations=1264 (full 3):
 PSYoungGen      total 2560K, used 512K [0x00000000d5580000, 0x00000000d5980000, 0x0000000100000000)
  eden space 2048K, 0% used [0x00000000d5580000,0x00000000d5580000,0x00000000d5780000)
  from space 512K, 100% used [0x00000000d5800000,0x00000000d5880000,0x00000000d5880000)
  to   space 1024K, 0% used [0x00000000d5880000,0x00000000d5880000,0x00000000d5980000)
 ParOldGen       total 551424K, used 343957K [0x0000000080000000, 0x00000000a1a80000, 0x00000000d5580000)
  object space 551424K, 62% used [0x0000000080000000,0x0000000094fe56a0,0x00000000a1a80000)
 Metaspace       used 67122K, committed 68608K, reserved 1114112K
  class space    used 7087K, committed 7744K, reserved 1048576K
}
Event: 35.300 GC heap before
{Heap before GC invocations=1265 (full 3):
 PSYoungGen      total 2560K, used 2558K [0x00000000d5580000, 0x00000000d5980000, 0x0000000100000000)
  eden space 2048K, 99% used [0x00000000d5580000,0x00000000d577f8e8,0x00000000d5780000)
  from space 512K, 100% used [0x00000000d5800000,0x00000000d5880000,0x00000000d5880000)
  to   space 1024K, 0% used [0x00000000d5880000,0x00000000d5880000,0x00000000d5980000)
 ParOldGen       total 551424K, used 343957K [0x0000000080000000, 0x00000000a1a80000, 0x00000000d5580000)
  object space 551424K, 62% used [0x0000000080000000,0x0000000094fe56a0,0x00000000a1a80000)
 Metaspace       used 67122K, committed 68608K, reserved 1114112K
  class space    used 7087K, committed 7744K, reserved 1048576K
}
Event: 35.303 GC heap after
{Heap after GC invocations=1265 (full 3):
 PSYoungGen      total 2560K, used 502K [0x00000000d5580000, 0x00000000d5900000, 0x0000000100000000)
  eden space 2048K, 0% used [0x00000000d5580000,0x00000000d5580000,0x00000000d5780000)
  from space 512K, 98% used [0x00000000d5880000,0x00000000d58fd808,0x00000000d5900000)
  to   space 512K, 0% used [0x00000000d5800000,0x00000000d5800000,0x00000000d5880000)
 ParOldGen       total 551424K, used 344325K [0x0000000080000000, 0x00000000a1a80000, 0x00000000d5580000)
  object space 551424K, 62% used [0x0000000080000000,0x00000000950416a0,0x00000000a1a80000)
 Metaspace       used 67122K, committed 68608K, reserved 1114112K
  class space    used 7087K, committed 7744K, reserved 1048576K
}
Event: 35.307 GC heap before
{Heap before GC invocations=1266 (full 3):
 PSYoungGen      total 2560K, used 2550K [0x00000000d5580000, 0x00000000d5900000, 0x0000000100000000)
  eden space 2048K, 100% used [0x00000000d5580000,0x00000000d5780000,0x00000000d5780000)
  from space 512K, 98% used [0x00000000d5880000,0x00000000d58fd808,0x00000000d5900000)
  to   space 512K, 0% used [0x00000000d5800000,0x00000000d5800000,0x00000000d5880000)
 ParOldGen       total 551424K, used 344325K [0x0000000080000000, 0x00000000a1a80000, 0x00000000d5580000)
  object space 551424K, 62% used [0x0000000080000000,0x00000000950416a0,0x00000000a1a80000)
 Metaspace       used 67122K, committed 68608K, reserved 1114112K
  class space    used 7087K, committed 7744K, reserved 1048576K
}
Event: 35.308 GC heap after
{Heap after GC invocations=1266 (full 3):
 PSYoungGen      total 2560K, used 384K [0x00000000d5580000, 0x00000000d5900000, 0x0000000100000000)
  eden space 2048K, 0% used [0x00000000d5580000,0x00000000d5580000,0x00000000d5780000)
  from space 512K, 75% used [0x00000000d5800000,0x00000000d5860000,0x00000000d5880000)
  to   space 512K, 0% used [0x00000000d5880000,0x00000000d5880000,0x00000000d5900000)
 ParOldGen       total 551424K, used 344603K [0x0000000080000000, 0x00000000a1a80000, 0x00000000d5580000)
  object space 551424K, 62% used [0x0000000080000000,0x0000000095086ea8,0x00000000a1a80000)
 Metaspace       used 67122K, committed 68608K, reserved 1114112K
  class space    used 7087K, committed 7744K, reserved 1048576K
}
Event: 35.313 GC heap before
{Heap before GC invocations=1267 (full 3):
 PSYoungGen      total 2560K, used 2432K [0x00000000d5580000, 0x00000000d5900000, 0x0000000100000000)
  eden space 2048K, 100% used [0x00000000d5580000,0x00000000d5780000,0x00000000d5780000)
  from space 512K, 75% used [0x00000000d5800000,0x00000000d5860000,0x00000000d5880000)
  to   space 512K, 0% used [0x00000000d5880000,0x00000000d5880000,0x00000000d5900000)
 ParOldGen       total 551424K, used 344603K [0x0000000080000000, 0x00000000a1a80000, 0x00000000d5580000)
  object space 551424K, 62% used [0x0000000080000000,0x0000000095086ea8,0x00000000a1a80000)
 Metaspace       used 67122K, committed 68608K, reserved 1114112K
  class space    used 7087K, committed 7744K, reserved 1048576K
}
Event: 35.314 GC heap after
{Heap after GC invocations=1267 (full 3):
 PSYoungGen      total 3072K, used 320K [0x00000000d5580000, 0x00000000d5900000, 0x0000000100000000)
  eden space 2560K, 0% used [0x00000000d5580000,0x00000000d5580000,0x00000000d5800000)
  from space 512K, 62% used [0x00000000d5880000,0x00000000d58d0000,0x00000000d5900000)
  to   space 512K, 0% used [0x00000000d5800000,0x00000000d5800000,0x00000000d5880000)
 ParOldGen       total 551424K, used 345560K [0x0000000080000000, 0x00000000a1a80000, 0x00000000d5580000)
  object space 551424K, 62% used [0x0000000080000000,0x0000000095176020,0x00000000a1a80000)
 Metaspace       used 67122K, committed 68608K, reserved 1114112K
  class space    used 7087K, committed 7744K, reserved 1048576K
}
Event: 35.320 GC heap before
{Heap before GC invocations=1268 (full 3):
 PSYoungGen      total 3072K, used 2880K [0x00000000d5580000, 0x00000000d5900000, 0x0000000100000000)
  eden space 2560K, 100% used [0x00000000d5580000,0x00000000d5800000,0x00000000d5800000)
  from space 512K, 62% used [0x00000000d5880000,0x00000000d58d0000,0x00000000d5900000)
  to   space 512K, 0% used [0x00000000d5800000,0x00000000d5800000,0x00000000d5880000)
 ParOldGen       total 551424K, used 345560K [0x0000000080000000, 0x00000000a1a80000, 0x00000000d5580000)
  object space 551424K, 62% used [0x0000000080000000,0x0000000095176020,0x00000000a1a80000)
 Metaspace       used 67122K, committed 68608K, reserved 1114112K
  class space    used 7087K, committed 7744K, reserved 1048576K
}
Event: 35.321 GC heap after
{Heap after GC invocations=1268 (full 3):
 PSYoungGen      total 3072K, used 384K [0x00000000d5580000, 0x00000000d5980000, 0x0000000100000000)
  eden space 2560K, 0% used [0x00000000d5580000,0x00000000d5580000,0x00000000d5800000)
  from space 512K, 75% used [0x00000000d5800000,0x00000000d5860000,0x00000000d5880000)
  to   space 512K, 0% used [0x00000000d5900000,0x00000000d5900000,0x00000000d5980000)
 ParOldGen       total 551424K, used 345712K [0x0000000080000000, 0x00000000a1a80000, 0x00000000d5580000)
  object space 551424K, 62% used [0x0000000080000000,0x000000009519c020,0x00000000a1a80000)
 Metaspace       used 67122K, committed 68608K, reserved 1114112K
  class space    used 7087K, committed 7744K, reserved 1048576K
}
Event: 35.328 GC heap before
{Heap before GC invocations=1269 (full 3):
 PSYoungGen      total 3072K, used 2944K [0x00000000d5580000, 0x00000000d5980000, 0x0000000100000000)
  eden space 2560K, 100% used [0x00000000d5580000,0x00000000d5800000,0x00000000d5800000)
  from space 512K, 75% used [0x00000000d5800000,0x00000000d5860000,0x00000000d5880000)
  to   space 512K, 0% used [0x00000000d5900000,0x00000000d5900000,0x00000000d5980000)
 ParOldGen       total 551424K, used 345712K [0x0000000080000000, 0x00000000a1a80000, 0x00000000d5580000)
  object space 551424K, 62% used [0x0000000080000000,0x000000009519c020,0x00000000a1a80000)
 Metaspace       used 67122K, committed 68608K, reserved 1114112K
  class space    used 7087K, committed 7744K, reserved 1048576K
}
Event: 35.330 GC heap after
{Heap after GC invocations=1269 (full 3):
 PSYoungGen      total 3584K, used 486K [0x00000000d5580000, 0x00000000d5980000, 0x0000000100000000)
  eden space 3072K, 0% used [0x00000000d5580000,0x00000000d5580000,0x00000000d5880000)
  from space 512K, 95% used [0x00000000d5900000,0x00000000d5979aa0,0x00000000d5980000)
  to   space 512K, 0% used [0x00000000d5880000,0x00000000d5880000,0x00000000d5900000)
 ParOldGen       total 551424K, used 346698K [0x0000000080000000, 0x00000000a1a80000, 0x00000000d5580000)
  object space 551424K, 62% used [0x0000000080000000,0x0000000095292a48,0x00000000a1a80000)
 Metaspace       used 67122K, committed 68608K, reserved 1114112K
  class space    used 7087K, committed 7744K, reserved 1048576K
}

Dll operation events (12 events):
Event: 0.017 Loaded shared library c:\Users\Shreyansh Bhardwaj\.vscode\extensions\redhat.java-1.44.0-win32-x64\jre\21.0.8-win32-x86_64\bin\java.dll
Event: 0.159 Loaded shared library c:\Users\Shreyansh Bhardwaj\.vscode\extensions\redhat.java-1.44.0-win32-x64\jre\21.0.8-win32-x86_64\bin\zip.dll
Event: 0.197 Loaded shared library C:\Users\Shreyansh Bhardwaj\.vscode\extensions\redhat.java-1.44.0-win32-x64\jre\21.0.8-win32-x86_64\bin\instrument.dll
Event: 0.213 Loaded shared library C:\Users\Shreyansh Bhardwaj\.vscode\extensions\redhat.java-1.44.0-win32-x64\jre\21.0.8-win32-x86_64\bin\net.dll
Event: 0.216 Loaded shared library C:\Users\Shreyansh Bhardwaj\.vscode\extensions\redhat.java-1.44.0-win32-x64\jre\21.0.8-win32-x86_64\bin\nio.dll
Event: 0.221 Loaded shared library C:\Users\Shreyansh Bhardwaj\.vscode\extensions\redhat.java-1.44.0-win32-x64\jre\21.0.8-win32-x86_64\bin\zip.dll
Event: 0.247 Loaded shared library C:\Users\Shreyansh Bhardwaj\.vscode\extensions\redhat.java-1.44.0-win32-x64\jre\21.0.8-win32-x86_64\bin\jimage.dll
Event: 0.363 Loaded shared library c:\Users\Shreyansh Bhardwaj\.vscode\extensions\redhat.java-1.44.0-win32-x64\jre\21.0.8-win32-x86_64\bin\verify.dll
Event: 1.922 Loaded shared library C:\Users\Shreyansh Bhardwaj\AppData\Roaming\Code\User\globalStorage\redhat.java\1.44.0\config_win\org.eclipse.equinox.launcher\org.eclipse.equinox.launcher.win32.win32.x86_64_1.2.1400.v20250730-1736\eclipse_11913.dll
Event: 4.293 Loaded shared library C:\Users\Shreyansh Bhardwaj\AppData\Local\Temp\jna-1901370432\jna8290662972015660292.dll
Event: 6.819 Loaded shared library C:\Users\Shreyansh Bhardwaj\.vscode\extensions\redhat.java-1.44.0-win32-x64\jre\21.0.8-win32-x86_64\bin\sunmscapi.dll
Event: 7.361 Loaded shared library C:\Users\Shreyansh Bhardwaj\.vscode\extensions\redhat.java-1.44.0-win32-x64\jre\21.0.8-win32-x86_64\bin\extnet.dll

Deoptimization events (20 events):
Event: 35.145 Thread 0x000002717f693860 DEOPT PACKING pc=0x000002716aef863b sp=0x0000009785bfeaa0
Event: 35.145 Thread 0x000002717f693860 DEOPT UNPACKING pc=0x0000027170c94242 sp=0x0000009785bfdfd8 mode 0
Event: 35.233 Thread 0x000002717f693860 DEOPT PACKING pc=0x000002716aef863b sp=0x0000009785bfeaa0
Event: 35.233 Thread 0x000002717f693860 DEOPT UNPACKING pc=0x0000027170c94242 sp=0x0000009785bfdfd8 mode 0
Event: 35.249 Thread 0x000002717f693860 DEOPT PACKING pc=0x000002716aef863b sp=0x0000009785bfeaa0
Event: 35.249 Thread 0x000002717f693860 DEOPT UNPACKING pc=0x0000027170c94242 sp=0x0000009785bfdfd8 mode 0
Event: 35.269 Thread 0x000002717f6931d0 Uncommon trap: trap_request=0xffffffde fr.pc=0x00000271716fb0b4 relative=0x0000000000000274
Event: 35.269 Thread 0x000002717f6931d0 Uncommon trap: reason=class_check action=maybe_recompile pc=0x00000271716fb0b4 method=java.util.Comparator.lambda$comparing$77a9974f$1(Ljava/util/function/Function;Ljava/lang/Object;Ljava/lang/Object;)I @ 7 c2
Event: 35.269 Thread 0x000002717f6931d0 DEOPT PACKING pc=0x00000271716fb0b4 sp=0x0000009785afd940
Event: 35.269 Thread 0x000002717f6931d0 DEOPT UNPACKING pc=0x0000027170c93aa2 sp=0x0000009785afd870 mode 2
Event: 35.274 Thread 0x000002717f693860 DEOPT PACKING pc=0x000002716aef863b sp=0x0000009785bfeaa0
Event: 35.274 Thread 0x000002717f693860 DEOPT UNPACKING pc=0x0000027170c94242 sp=0x0000009785bfdfd8 mode 0
Event: 35.286 Thread 0x000002717f693860 DEOPT PACKING pc=0x000002716aef863b sp=0x0000009785bfeaa0
Event: 35.286 Thread 0x000002717f693860 DEOPT UNPACKING pc=0x0000027170c94242 sp=0x0000009785bfdfd8 mode 0
Event: 35.303 Thread 0x000002717f6931d0 DEOPT PACKING pc=0x000002716aef863b sp=0x0000009785afdc50
Event: 35.303 Thread 0x000002717f6931d0 DEOPT UNPACKING pc=0x0000027170c94242 sp=0x0000009785afd188 mode 0
Event: 35.316 Thread 0x000002717f693860 DEOPT PACKING pc=0x000002716aef863b sp=0x0000009785bfeaa0
Event: 35.316 Thread 0x000002717f693860 DEOPT UNPACKING pc=0x0000027170c94242 sp=0x0000009785bfdfd8 mode 0
Event: 35.326 Thread 0x000002717f693860 DEOPT PACKING pc=0x000002716aef863b sp=0x0000009785bfeaa0
Event: 35.326 Thread 0x000002717f693860 DEOPT UNPACKING pc=0x0000027170c94242 sp=0x0000009785bfdfd8 mode 0

Classes loaded (20 events):
Event: 33.598 Loading class java/util/TreeMap$ValueSpliterator
Event: 33.598 Loading class java/util/TreeMap$TreeMapSpliterator
Event: 33.599 Loading class java/util/TreeMap$TreeMapSpliterator done
Event: 33.599 Loading class java/util/TreeMap$ValueSpliterator done
Event: 33.621 Loading class java/util/concurrent/CompletionException
Event: 33.622 Loading class java/util/concurrent/CompletionException done
Event: 33.626 Loading class java/nio/file/FileTreeWalker$1
Event: 33.626 Loading class java/nio/file/FileTreeWalker$1 done
Event: 34.813 Loading class java/util/Collections$SynchronizedRandomAccessList
Event: 34.813 Loading class java/util/Collections$SynchronizedList
Event: 34.814 Loading class java/util/Collections$SynchronizedList done
Event: 34.814 Loading class java/util/Collections$SynchronizedRandomAccessList done
Event: 34.840 Loading class java/util/concurrent/CompletableFuture$Signaller
Event: 34.840 Loading class java/util/concurrent/CompletableFuture$Signaller done
Event: 34.986 Loading class java/nio/charset/CharacterCodingException
Event: 34.987 Loading class java/nio/charset/CharacterCodingException done
Event: 34.987 Loading class java/io/SequenceInputStream
Event: 34.987 Loading class java/io/SequenceInputStream done
Event: 35.148 Loading class java/util/Hashtable$KeySet
Event: 35.148 Loading class java/util/Hashtable$KeySet done

Classes unloaded (7 events):
Event: 5.077 Thread 0x00000271664b7280 Unloading class 0x00000271011ab800 'java/lang/invoke/LambdaForm$MH+0x00000271011ab800'
Event: 5.077 Thread 0x00000271664b7280 Unloading class 0x00000271011ab400 'java/lang/invoke/LambdaForm$MH+0x00000271011ab400'
Event: 5.077 Thread 0x00000271664b7280 Unloading class 0x00000271011ab000 'java/lang/invoke/LambdaForm$MH+0x00000271011ab000'
Event: 5.077 Thread 0x00000271664b7280 Unloading class 0x00000271011aac00 'java/lang/invoke/LambdaForm$MH+0x00000271011aac00'
Event: 5.077 Thread 0x00000271664b7280 Unloading class 0x00000271011aa800 'java/lang/invoke/LambdaForm$BMH+0x00000271011aa800'
Event: 5.077 Thread 0x00000271664b7280 Unloading class 0x00000271011aa400 'java/lang/invoke/LambdaForm$DMH+0x00000271011aa400'
Event: 5.077 Thread 0x00000271664b7280 Unloading class 0x00000271011a9000 'java/lang/invoke/LambdaForm$DMH+0x00000271011a9000'

Classes redefined (0 events):
No events

Internal exceptions (20 events):
Event: 35.116 Thread 0x0000027146649790 Exception <a 'sun/nio/fs/WindowsException'{0x00000000d5690d88}> (0x00000000d5690d88) 
thrown [s\src\hotspot\share\prims\jni.cpp, line 520]
Event: 35.116 Thread 0x0000027146649790 Exception <a 'sun/nio/fs/WindowsException'{0x00000000d56913d8}> (0x00000000d56913d8) 
thrown [s\src\hotspot\share\prims\jni.cpp, line 520]
Event: 35.117 Thread 0x0000027146649790 Exception <a 'sun/nio/fs/WindowsException'{0x00000000d5694850}> (0x00000000d5694850) 
thrown [s\src\hotspot\share\prims\jni.cpp, line 520]
Event: 35.117 Thread 0x0000027146649790 Exception <a 'sun/nio/fs/WindowsException'{0x00000000d5694ea0}> (0x00000000d5694ea0) 
thrown [s\src\hotspot\share\prims\jni.cpp, line 520]
Event: 35.117 Thread 0x0000027146649790 Exception <a 'sun/nio/fs/WindowsException'{0x00000000d5695ef8}> (0x00000000d5695ef8) 
thrown [s\src\hotspot\share\prims\jni.cpp, line 520]
Event: 35.117 Thread 0x0000027146649790 Exception <a 'sun/nio/fs/WindowsException'{0x00000000d5696528}> (0x00000000d5696528) 
thrown [s\src\hotspot\share\prims\jni.cpp, line 520]
Event: 35.117 Thread 0x0000027146649790 Exception <a 'sun/nio/fs/WindowsException'{0x00000000d56970b0}> (0x00000000d56970b0) 
thrown [s\src\hotspot\share\prims\jni.cpp, line 520]
Event: 35.117 Thread 0x0000027146649790 Exception <a 'sun/nio/fs/WindowsException'{0x00000000d5697978}> (0x00000000d5697978) 
thrown [s\src\hotspot\share\prims\jni.cpp, line 520]
Event: 35.179 Thread 0x000002717f6931d0 Exception <a 'sun/nio/fs/WindowsException'{0x00000000d5743d20}> (0x00000000d5743d20) 
thrown [s\src\hotspot\share\prims\jni.cpp, line 520]
Event: 35.179 Thread 0x000002717f6931d0 Exception <a 'sun/nio/fs/WindowsException'{0x00000000d5744350}> (0x00000000d5744350) 
thrown [s\src\hotspot\share\prims\jni.cpp, line 520]
Event: 35.181 Thread 0x000002717f6931d0 Exception <a 'sun/nio/fs/WindowsException'{0x00000000d57452c8}> (0x00000000d57452c8) 
thrown [s\src\hotspot\share\prims\jni.cpp, line 520]
Event: 35.181 Thread 0x000002717f6931d0 Exception <a 'sun/nio/fs/WindowsException'{0x00000000d57458f8}> (0x00000000d57458f8) 
thrown [s\src\hotspot\share\prims\jni.cpp, line 520]
Event: 35.184 Thread 0x000002717f6931d0 Exception <a 'java/io/FileNotFoundException'{0x00000000d575e060}> (0x00000000d575e060) 
thrown [s\src\hotspot\share\prims\jni.cpp, line 520]
Event: 35.185 Thread 0x000002717f6931d0 Exception <a 'java/io/FileNotFoundException'{0x00000000d575f088}> (0x00000000d575f088) 
thrown [s\src\hotspot\share\prims\jni.cpp, line 520]
Event: 35.194 Thread 0x000002717f6931d0 Exception <a 'sun/nio/fs/WindowsException'{0x00000000d559f5c0}> (0x00000000d559f5c0) 
thrown [s\src\hotspot\share\prims\jni.cpp, line 520]
Event: 35.194 Thread 0x000002717f6931d0 Exception <a 'sun/nio/fs/WindowsException'{0x00000000d559fbf0}> (0x00000000d559fbf0) 
thrown [s\src\hotspot\share\prims\jni.cpp, line 520]
Event: 35.201 Thread 0x0000027146649790 Exception <a 'java/lang/IncompatibleClassChangeError'{0x00000000d55df318}: Found class java.lang.Object, but interface was expected> (0x00000000d55df318) 
thrown [s\src\hotspot\share\interpreter\linkResolver.cpp, line 840]
Event: 35.207 Thread 0x000002717f693860 Exception <a 'sun/nio/fs/WindowsException'{0x00000000d55ebf98}> (0x00000000d55ebf98) 
thrown [s\src\hotspot\share\prims\jni.cpp, line 520]
Event: 35.274 Thread 0x000002717f6931d0 Exception <a 'sun/nio/fs/WindowsException'{0x00000000d5748e78}> (0x00000000d5748e78) 
thrown [s\src\hotspot\share\prims\jni.cpp, line 520]
Event: 35.274 Thread 0x000002717f6931d0 Exception <a 'sun/nio/fs/WindowsException'{0x00000000d57752b0}> (0x00000000d57752b0) 
thrown [s\src\hotspot\share\prims\jni.cpp, line 520]

ZGC Phase Switch (0 events):
No events

VM Operations (20 events):
Event: 35.241 Executing VM operation: ParallelGCFailedAllocation (Allocation Failure)
Event: 35.243 Executing VM operation: ParallelGCFailedAllocation (Allocation Failure) done
Event: 35.250 Executing VM operation: ParallelGCFailedAllocation (Allocation Failure)
Event: 35.268 Executing VM operation: ParallelGCFailedAllocation (Allocation Failure) done
Event: 35.274 Executing VM operation: ParallelGCFailedAllocation (Allocation Failure)
Event: 35.276 Executing VM operation: ParallelGCFailedAllocation (Allocation Failure) done
Event: 35.283 Executing VM operation: ParallelGCFailedAllocation (Allocation Failure)
Event: 35.285 Executing VM operation: ParallelGCFailedAllocation (Allocation Failure) done
Event: 35.290 Executing VM operation: ParallelGCFailedAllocation (Allocation Failure)
Event: 35.292 Executing VM operation: ParallelGCFailedAllocation (Allocation Failure) done
Event: 35.300 Executing VM operation: ParallelGCFailedAllocation (Allocation Failure)
Event: 35.303 Executing VM operation: ParallelGCFailedAllocation (Allocation Failure) done
Event: 35.307 Executing VM operation: ParallelGCFailedAllocation (Allocation Failure)
Event: 35.309 Executing VM operation: ParallelGCFailedAllocation (Allocation Failure) done
Event: 35.313 Executing VM operation: ParallelGCFailedAllocation (Allocation Failure)
Event: 35.314 Executing VM operation: ParallelGCFailedAllocation (Allocation Failure) done
Event: 35.320 Executing VM operation: ParallelGCFailedAllocation (Allocation Failure)
Event: 35.321 Executing VM operation: ParallelGCFailedAllocation (Allocation Failure) done
Event: 35.328 Executing VM operation: ParallelGCFailedAllocation (Allocation Failure)
Event: 35.330 Executing VM operation: ParallelGCFailedAllocation (Allocation Failure) done

Memory protections (0 events):
No events

Nmethod flushes (20 events):
Event: 29.782 Thread 0x00000271664b7280 flushing  nmethod 0x0000027169f1ca10
Event: 29.782 Thread 0x00000271664b7280 flushing  nmethod 0x0000027169f1d510
Event: 29.782 Thread 0x00000271664b7280 flushing  nmethod 0x0000027169f20790
Event: 29.782 Thread 0x00000271664b7280 flushing  nmethod 0x0000027169f25d90
Event: 29.782 Thread 0x00000271664b7280 flushing  nmethod 0x0000027169f26890
Event: 29.782 Thread 0x00000271664b7280 flushing  nmethod 0x0000027169f52f90
Event: 29.782 Thread 0x00000271664b7280 flushing  nmethod 0x0000027169f94d90
Event: 29.782 Thread 0x00000271664b7280 flushing  nmethod 0x0000027169fbf010
Event: 29.782 Thread 0x00000271664b7280 flushing  nmethod 0x0000027169fc4c90
Event: 29.782 Thread 0x00000271664b7280 flushing  nmethod 0x0000027169fc8510
Event: 29.782 Thread 0x00000271664b7280 flushing  nmethod 0x0000027169fdb910
Event: 29.782 Thread 0x00000271664b7280 flushing  nmethod 0x000002716a004b10
Event: 29.782 Thread 0x00000271664b7280 flushing  nmethod 0x000002716a008790
Event: 29.782 Thread 0x00000271664b7280 flushing  nmethod 0x000002716a05dd90
Event: 29.782 Thread 0x00000271664b7280 flushing  nmethod 0x000002716a06f490
Event: 29.782 Thread 0x00000271664b7280 flushing  nmethod 0x000002716a077290
Event: 29.782 Thread 0x00000271664b7280 flushing  nmethod 0x000002716a077810
Event: 29.782 Thread 0x00000271664b7280 flushing  nmethod 0x000002716a077c10
Event: 29.782 Thread 0x00000271664b7280 flushing  nmethod 0x000002716a078710
Event: 29.782 Thread 0x00000271664b7280 flushing osr nmethod 0x000002716a08b910

Events (20 events):
Event: 32.478 Thread 0x000002717f6952a0 Thread added: 0x00000271473b21a0
Event: 32.478 Thread 0x000002717f6952a0 Thread added: 0x00000271473b1b10
Event: 32.478 Thread 0x000002717f6952a0 Thread added: 0x00000271473b5620
Event: 32.478 Thread 0x000002717f6952a0 Thread added: 0x00000271473b2830
Event: 32.947 Thread 0x00000271473b21a0 Thread exited: 0x00000271473b21a0
Event: 32.947 Thread 0x00000271473b2830 Thread exited: 0x00000271473b2830
Event: 32.947 Thread 0x00000271473b1b10 Thread exited: 0x00000271473b1b10
Event: 32.947 Thread 0x00000271473b5620 Thread exited: 0x00000271473b5620
Event: 32.947 Thread 0x00000271473b1480 Thread exited: 0x00000271473b1480
Event: 33.256 Thread 0x000002717f6952a0 Thread added: 0x00000271473b6340
Event: 33.256 Thread 0x000002717f6952a0 Thread added: 0x00000271473b1480
Event: 33.256 Thread 0x000002717f6952a0 Thread added: 0x00000271473b4f90
Event: 33.257 Thread 0x000002717f6952a0 Thread added: 0x00000271473b1b10
Event: 33.257 Thread 0x000002717f6952a0 Thread added: 0x00000271473b21a0
Event: 33.282 Thread 0x00000271473b21a0 Thread exited: 0x00000271473b21a0
Event: 33.283 Thread 0x00000271473b6340 Thread exited: 0x00000271473b6340
Event: 33.283 Thread 0x00000271473b1b10 Thread exited: 0x00000271473b1b10
Event: 33.283 Thread 0x00000271473b4f90 Thread exited: 0x00000271473b4f90
Event: 33.283 Thread 0x00000271473b1480 Thread exited: 0x00000271473b1480
Event: 35.270 Thread 0x000002717f6931d0 Thread added: 0x00000271473b1b10


Dynamic libraries:
0x00007ff6f2a40000 - 0x00007ff6f2a4e000 	c:\Users\Shreyansh Bhardwaj\.vscode\extensions\redhat.java-1.44.0-win32-x64\jre\21.0.8-win32-x86_64\bin\java.exe
0x00007ffa7e0d0000 - 0x00007ffa7e2e7000 	C:\WINDOWS\SYSTEM32\ntdll.dll
0x00007ffa7c500000 - 0x00007ffa7c5c4000 	C:\WINDOWS\System32\KERNEL32.DLL
0x00007ffa7b580000 - 0x00007ffa7b952000 	C:\WINDOWS\System32\KERNELBASE.dll
0x00007ffa7b1c0000 - 0x00007ffa7b2d1000 	C:\WINDOWS\System32\ucrtbase.dll
0x00007ffa21d30000 - 0x00007ffa21d48000 	c:\Users\Shreyansh Bhardwaj\.vscode\extensions\redhat.java-1.44.0-win32-x64\jre\21.0.8-win32-x86_64\bin\jli.dll
0x00007ffa7dcf0000 - 0x00007ffa7dea1000 	C:\WINDOWS\System32\USER32.dll
0x00007ffa7bc90000 - 0x00007ffa7bcb6000 	C:\WINDOWS\System32\win32u.dll
0x00007ffa7c610000 - 0x00007ffa7c639000 	C:\WINDOWS\System32\GDI32.dll
0x00007ffa7baa0000 - 0x00007ffa7bbc3000 	C:\WINDOWS\System32\gdi32full.dll
0x00007ffa7bcc0000 - 0x00007ffa7bd5a000 	C:\WINDOWS\System32\msvcp_win.dll
0x00007ffa1f780000 - 0x00007ffa1f79e000 	c:\Users\Shreyansh Bhardwaj\.vscode\extensions\redhat.java-1.44.0-win32-x64\jre\21.0.8-win32-x86_64\bin\VCRUNTIME140.dll
0x00007ffa697b0000 - 0x00007ffa69a4b000 	C:\WINDOWS\WinSxS\amd64_microsoft.windows.common-controls_6595b64144ccf1df_6.0.22621.5547_none_27104afb73855772\COMCTL32.dll
0x00007ffa7bd80000 - 0x00007ffa7be27000 	C:\WINDOWS\System32\msvcrt.dll
0x00007ffa7c5d0000 - 0x00007ffa7c601000 	C:\WINDOWS\System32\IMM32.DLL
0x00007ffa34f60000 - 0x00007ffa34f6c000 	c:\Users\Shreyansh Bhardwaj\.vscode\extensions\redhat.java-1.44.0-win32-x64\jre\21.0.8-win32-x86_64\bin\vcruntime140_1.dll
0x00007ffa1eba0000 - 0x00007ffa1ec2d000 	c:\Users\Shreyansh Bhardwaj\.vscode\extensions\redhat.java-1.44.0-win32-x64\jre\21.0.8-win32-x86_64\bin\msvcp140.dll
0x00007ff9956a0000 - 0x00007ff996437000 	c:\Users\Shreyansh Bhardwaj\.vscode\extensions\redhat.java-1.44.0-win32-x64\jre\21.0.8-win32-x86_64\bin\server\jvm.dll
0x00007ffa7c060000 - 0x00007ffa7c111000 	C:\WINDOWS\System32\ADVAPI32.dll
0x00007ffa7db60000 - 0x00007ffa7dc08000 	C:\WINDOWS\System32\sechost.dll
0x00007ffa7b550000 - 0x00007ffa7b578000 	C:\WINDOWS\System32\bcrypt.dll
0x00007ffa7d5b0000 - 0x00007ffa7d6c4000 	C:\WINDOWS\System32\RPCRT4.dll
0x00007ffa7d530000 - 0x00007ffa7d5a1000 	C:\WINDOWS\System32\WS2_32.dll
0x00007ffa7b090000 - 0x00007ffa7b0dd000 	C:\WINDOWS\SYSTEM32\POWRPROF.dll
0x00007ffa72ee0000 - 0x00007ffa72f14000 	C:\WINDOWS\SYSTEM32\WINMM.dll
0x00007ffa72710000 - 0x00007ffa7271a000 	C:\WINDOWS\SYSTEM32\VERSION.dll
0x00007ffa7b070000 - 0x00007ffa7b083000 	C:\WINDOWS\SYSTEM32\UMPDC.dll
0x00007ffa7a110000 - 0x00007ffa7a128000 	C:\WINDOWS\SYSTEM32\kernel.appcore.dll
0x00007ffa34ea0000 - 0x00007ffa34eaa000 	c:\Users\Shreyansh Bhardwaj\.vscode\extensions\redhat.java-1.44.0-win32-x64\jre\21.0.8-win32-x86_64\bin\jimage.dll
0x00007ffa78c80000 - 0x00007ffa78eb3000 	C:\WINDOWS\SYSTEM32\DBGHELP.DLL
0x00007ffa7d010000 - 0x00007ffa7d3a3000 	C:\WINDOWS\System32\combase.dll
0x00007ffa7dc10000 - 0x00007ffa7dce7000 	C:\WINDOWS\System32\OLEAUT32.dll
0x00007ffa5cdc0000 - 0x00007ffa5cdf2000 	C:\WINDOWS\SYSTEM32\dbgcore.DLL
0x00007ffa7b4d0000 - 0x00007ffa7b54b000 	C:\WINDOWS\System32\bcryptPrimitives.dll
0x00007ffa34230000 - 0x00007ffa3423f000 	c:\Users\Shreyansh Bhardwaj\.vscode\extensions\redhat.java-1.44.0-win32-x64\jre\21.0.8-win32-x86_64\bin\instrument.dll
0x00007ffa1eb20000 - 0x00007ffa1eb3f000 	c:\Users\Shreyansh Bhardwaj\.vscode\extensions\redhat.java-1.44.0-win32-x64\jre\21.0.8-win32-x86_64\bin\java.dll
0x00007ffa7c740000 - 0x00007ffa7cfe2000 	C:\WINDOWS\System32\SHELL32.dll
0x00007ffa7b960000 - 0x00007ffa7ba9f000 	C:\WINDOWS\System32\wintypes.dll
0x00007ffa790a0000 - 0x00007ffa799bd000 	C:\WINDOWS\SYSTEM32\windows.storage.dll
0x00007ffa7bf50000 - 0x00007ffa7c05c000 	C:\WINDOWS\System32\SHCORE.dll
0x00007ffa7c6d0000 - 0x00007ffa7c739000 	C:\WINDOWS\System32\shlwapi.dll
0x00007ffa7b0f0000 - 0x00007ffa7b11b000 	C:\WINDOWS\SYSTEM32\profapi.dll
0x00007ffa1e800000 - 0x00007ffa1e818000 	c:\Users\Shreyansh Bhardwaj\.vscode\extensions\redhat.java-1.44.0-win32-x64\jre\21.0.8-win32-x86_64\bin\zip.dll
0x00007ffa33bc0000 - 0x00007ffa33bd0000 	C:\Users\Shreyansh Bhardwaj\.vscode\extensions\redhat.java-1.44.0-win32-x64\jre\21.0.8-win32-x86_64\bin\net.dll
0x00007ffa71f90000 - 0x00007ffa720bc000 	C:\WINDOWS\SYSTEM32\WINHTTP.dll
0x00007ffa7a620000 - 0x00007ffa7a689000 	C:\WINDOWS\system32\mswsock.dll
0x00007ffa14fa0000 - 0x00007ffa14fb6000 	C:\Users\Shreyansh Bhardwaj\.vscode\extensions\redhat.java-1.44.0-win32-x64\jre\21.0.8-win32-x86_64\bin\nio.dll
0x00007ffa76370000 - 0x00007ffa76380000 	c:\Users\Shreyansh Bhardwaj\.vscode\extensions\redhat.java-1.44.0-win32-x64\jre\21.0.8-win32-x86_64\bin\verify.dll
0x00007ffa353b0000 - 0x00007ffa353f5000 	C:\Users\Shreyansh Bhardwaj\AppData\Roaming\Code\User\globalStorage\redhat.java\1.44.0\config_win\org.eclipse.equinox.launcher\org.eclipse.equinox.launcher.win32.win32.x86_64_1.2.1400.v20250730-1736\eclipse_11913.dll
0x00007ffa7c120000 - 0x00007ffa7c2c0000 	C:\WINDOWS\System32\ole32.dll
0x00007ffa7a840000 - 0x00007ffa7a85b000 	C:\WINDOWS\SYSTEM32\CRYPTSP.dll
0x00007ffa7a130000 - 0x00007ffa7a167000 	C:\WINDOWS\system32\rsaenh.dll
0x00007ffa7a6d0000 - 0x00007ffa7a6f8000 	C:\WINDOWS\SYSTEM32\USERENV.dll
0x00007ffa7a830000 - 0x00007ffa7a83c000 	C:\WINDOWS\SYSTEM32\CRYPTBASE.dll
0x00007ffa79c20000 - 0x00007ffa79c4d000 	C:\WINDOWS\SYSTEM32\IPHLPAPI.DLL
0x00007ffa7d4c0000 - 0x00007ffa7d4c9000 	C:\WINDOWS\System32\NSI.dll
0x00007ffa1ef50000 - 0x00007ffa1ef99000 	C:\Users\Shreyansh Bhardwaj\AppData\Local\Temp\jna-1901370432\jna8290662972015660292.dll
0x00007ffa7bd60000 - 0x00007ffa7bd68000 	C:\WINDOWS\System32\PSAPI.DLL
0x00007ffa72720000 - 0x00007ffa72739000 	C:\WINDOWS\SYSTEM32\dhcpcsvc6.DLL
0x00007ffa71e90000 - 0x00007ffa71eaf000 	C:\WINDOWS\SYSTEM32\dhcpcsvc.DLL
0x00007ffa63900000 - 0x00007ffa6390e000 	C:\Users\Shreyansh Bhardwaj\.vscode\extensions\redhat.java-1.44.0-win32-x64\jre\21.0.8-win32-x86_64\bin\sunmscapi.dll
0x00007ffa7b2e0000 - 0x00007ffa7b447000 	C:\WINDOWS\System32\CRYPT32.dll
0x00007ffa7aa60000 - 0x00007ffa7aa8d000 	C:\WINDOWS\SYSTEM32\ncrypt.dll
0x00007ffa7aa20000 - 0x00007ffa7aa57000 	C:\WINDOWS\SYSTEM32\NTASN1.dll
0x00007ffa79c90000 - 0x00007ffa79d88000 	C:\WINDOWS\SYSTEM32\DNSAPI.dll
0x00007ffa6e5a0000 - 0x00007ffa6e5aa000 	C:\Windows\System32\rasadhlp.dll
0x00007ffa760e0000 - 0x00007ffa760e9000 	C:\Users\Shreyansh Bhardwaj\.vscode\extensions\redhat.java-1.44.0-win32-x64\jre\21.0.8-win32-x86_64\bin\extnet.dll

JVMTI agents:
c:\Users\Shreyansh Bhardwaj\.vscode\extensions\redhat.java-1.44.0-win32-x64\lombok\lombok-1.18.39-4050.jar path:c:\Users\Shreyansh Bhardwaj\.vscode\extensions\redhat.java-1.44.0-win32-x64\jre\21.0.8-win32-x86_64\bin\instrument.dll, loaded, initialized, instrumentlib options:none

dbghelp: loaded successfully - version: 4.0.5 - missing functions: none
symbol engine: initialized successfully - sym options: 0x614 - pdb path: .;c:\Users\Shreyansh Bhardwaj\.vscode\extensions\redhat.java-1.44.0-win32-x64\jre\21.0.8-win32-x86_64\bin;C:\WINDOWS\SYSTEM32;C:\WINDOWS\WinSxS\amd64_microsoft.windows.common-controls_6595b64144ccf1df_6.0.22621.5547_none_27104afb73855772;c:\Users\Shreyansh Bhardwaj\.vscode\extensions\redhat.java-1.44.0-win32-x64\jre\21.0.8-win32-x86_64\bin\server;C:\Users\Shreyansh Bhardwaj\AppData\Roaming\Code\User\globalStorage\redhat.java\1.44.0\config_win\org.eclipse.equinox.launcher\org.eclipse.equinox.launcher.win32.win32.x86_64_1.2.1400.v20250730-1736;C:\Users\Shreyansh Bhardwaj\AppData\Local\Temp\jna-1901370432

VM Arguments:
jvm_args: --add-modules=ALL-SYSTEM --add-opens=java.base/java.util=ALL-UNNAMED --add-opens=java.base/java.lang=ALL-UNNAMED --add-opens=java.base/sun.nio.fs=ALL-UNNAMED -Declipse.application=org.eclipse.jdt.ls.core.id1 -Dosgi.bundles.defaultStartLevel=4 -Declipse.product=org.eclipse.jdt.ls.core.product -Djava.import.generatesMetadataFilesAtProjectRoot=false -DDetectVMInstallationsJob.disabled=true -Dfile.encoding=utf8 -XX:+UseParallelGC -XX:GCTimeRatio=4 -XX:AdaptiveSizePolicyWeight=90 -Dsun.zip.disableMemoryMapping=true -Xmx2G -Xms100m -Xlog:disable -javaagent:c:\Users\Shreyansh Bhardwaj\.vscode\extensions\redhat.java-1.44.0-win32-x64\lombok\lombok-1.18.39-4050.jar -XX:+HeapDumpOnOutOfMemoryError -XX:HeapDumpPath=c:\Users\Shreyansh Bhardwaj\AppData\Roaming\Code\User\workspaceStorage\78c7e8b256210418a5575d8a2d98ab2c\redhat.java -Daether.dependencyCollector.impl=bf 
java_command: c:\Users\Shreyansh Bhardwaj\.vscode\extensions\redhat.java-1.44.0-win32-x64\server\plugins\org.eclipse.equinox.launcher_1.7.0.v20250519-0528.jar -configuration c:\Users\Shreyansh Bhardwaj\AppData\Roaming\Code\User\globalStorage\redhat.java\1.44.0\config_win -data c:\Users\Shreyansh Bhardwaj\AppData\Roaming\Code\User\workspaceStorage\78c7e8b256210418a5575d8a2d98ab2c\redhat.java\jdt_ws --pipe=\\.\pipe\lsp-6713df397cd703c231751c478edc7aba-sock
java_class_path (initial): c:\Users\Shreyansh Bhardwaj\.vscode\extensions\redhat.java-1.44.0-win32-x64\server\plugins\org.eclipse.equinox.launcher_1.7.0.v20250519-0528.jar
Launcher Type: SUN_STANDARD

[Global flags]
    uintx AdaptiveSizePolicyWeight                 = 90                                        {product} {command line}
     intx CICompilerCount                          = 4                                         {product} {ergonomic}
    uintx GCTimeRatio                              = 4                                         {product} {command line}
     bool HeapDumpOnOutOfMemoryError               = true                                   {manageable} {command line}
    ccstr HeapDumpPath                             = c:\Users\Shreyansh Bhardwaj\AppData\Roaming\Code\User\workspaceStorage\78c7e8b256210418a5575d8a2d98ab2c\redhat.java         {manageable} {command line}
   size_t InitialHeapSize                          = 104857600                                 {product} {command line}
   size_t MaxHeapSize                              = 2147483648                                {product} {command line}
   size_t MaxNewSize                               = 715653120                                 {product} {ergonomic}
   size_t MinHeapDeltaBytes                        = 524288                                    {product} {ergonomic}
   size_t MinHeapSize                              = 104857600                                 {product} {command line}
   size_t NewSize                                  = 34603008                                  {product} {ergonomic}
    uintx NonNMethodCodeHeapSize                   = 5839372                                {pd product} {ergonomic}
    uintx NonProfiledCodeHeapSize                  = 122909434                              {pd product} {ergonomic}
   size_t OldSize                                  = 70254592                                  {product} {ergonomic}
    uintx ProfiledCodeHeapSize                     = 122909434                              {pd product} {ergonomic}
    uintx ReservedCodeCacheSize                    = 251658240                              {pd product} {ergonomic}
     bool SegmentedCodeCache                       = true                                      {product} {ergonomic}
   size_t SoftMaxHeapSize                          = 2147483648                             {manageable} {ergonomic}
     bool UseCompressedOops                        = true                           {product lp64_product} {ergonomic}
     bool UseLargePagesIndividualAllocation        = false                                  {pd product} {ergonomic}
     bool UseParallelGC                            = true                                      {product} {command line}

Logging:
Log output configuration:
 #0: stdout all=off uptime,level,tags foldmultilines=false
 #1: stderr all=off uptime,level,tags foldmultilines=false

Environment Variables:
JAVA_HOME=C:\Program Files\Java\jdk-21
PATH=C:\Program Files\SqlCmd\;C:\Program Files\Microsoft MPI\Bin\;C:\Program Files\Common Files\Oracle\Java\javapath;C:\Program Files (x86)\Common Files\Oracle\Java\java8path;C:\Program Files (x86)\Common Files\Oracle\Java\javapath;C:\Program Files\Eclipse Adoptium\jdk-21.0.3.9-hotspot\bin;C:\Windows\system32;C:\Windows;C:\Windows\System32\Wbem;C:\Windows\System32\WindowsPowerShell\v1.0\;C:\Windows\System32\OpenSSH\;C:\Program Files (x86)\NVIDIA Corporation\PhysX\Common;C:\Program Files\NVIDIA Corporation\NVIDIA NvDLISR;C:\WINDOWS\system32;C:\WINDOWS;C:\WINDOWS\System32\Wbem;C:\WINDOWS\System32\WindowsPowerShell\v1.0\;C:\WINDOWS\System32\OpenSSH\;C:\MinGW\bin;C:\SFML-2.6.1\bin;C:\Program Files\dotnet\;C:\Program Files\CMake\bin;C:\Program Files\Git\cmd;C:\Program Files\MySQL\MySQL Server 8.0\bin;C:\Program Files\Microsoft SQL Server\Client SDK\ODBC\170\Tools\Binn\;C:\Program Files (x86)\Microsoft SQL Server\160\DTS\Binn\;C:\Program Files\Azure Data Studio\bin;C:\Program Files (x86)\Windows Kits\10\Windows Performance Toolkit\;C:\Program Files (x86)\Microsoft SQL Server\160\Tools\Binn\;C:\Program Files\Microsoft SQL Server\160\Tools\Binn\;C:\Program Files\Microsoft SQL Server\160\DTS\Binn\;C:\Program Files\Docker\Docker\resources\bin;C:\Program Files\nodejs\;C:\Users\Shreyansh Bhardwaj\AppData\Local\Programs\Python\Python313\Scripts\;C:\Users\Shreyansh Bhardwaj\AppData\Local\Programs\Python\Python313\;C:\Users\Shreyansh Bhardwaj\AppData\Local\Programs\Python\Launcher\;C:\Program Files\MySQL\MySQL Shell 8.0\bin\;C:\Users\Shreyansh Bhardwaj\AppData\Local\Microsoft\WindowsApps;C:\Users\Shreyansh Bhardwaj\AppData\Local\Programs\Microsoft VS Code\bin;C:\Users\Shreyansh Bhardwaj\AppData\Local\Programs\mongosh\;C:\Users\Shreyansh Bhardwaj\.dotnet\tools;C:\msys64\ucrt64\bin;C:\Users\Shreyansh Bhardwaj\AppData\Local\Programs\Python\Python313\Scripts;;C:\Program Files\JetBrains\IntelliJ IDEA 2023.1.3\bin;;C:\Users\Shreyansh Bhardwaj\.dotnet\tools;C:\Program Files\Azure Data Studio\bin;C:\Users\Shreyansh Bhardwaj\AppData\Roaming\npm
USERNAME=Shreyansh Bhardwaj
OS=Windows_NT
PROCESSOR_IDENTIFIER=AMD64 Family 25 Model 80 Stepping 0, AuthenticAMD
TMP=C:\Users\SHREYA~1\AppData\Local\Temp
TEMP=C:\Users\SHREYA~1\AppData\Local\Temp




Periodic native trim disabled

---------------  S Y S T E M  ---------------

OS:
 Windows 11 , 64 bit Build 22621 (10.0.22621.5415)
OS uptime: 1 days 2:34 hours
Hyper-V role detected

CPU: total 12 (initial active 12) (12 cores per cpu, 2 threads per core) family 25 model 80 stepping 0 microcode 0x0, cx8, cmov, fxsr, ht, mmx, 3dnowpref, sse, sse2, sse3, ssse3, sse4a, sse4.1, sse4.2, popcnt, lzcnt, tsc, tscinvbit, avx, avx2, aes, erms, clmul, bmi1, bmi2, adx, sha, fma, vzeroupper, clflush, clflushopt, hv, rdtscp, rdpid, fsrm, f16c, cet_ss
Processor Information for the first 12 processors :
  Max Mhz: 3301, Current Mhz: 3301, Mhz Limit: 3301

Memory: 4k page, system-wide physical 7532M (137M free)
TotalPageFile size 21768M (AvailPageFile size 72M)
current process WorkingSet (physical memory assigned to process): 698M, peak: 732M
current process commit charge ("private bytes"): 835M, peak: 837M

vm_info: OpenJDK 64-Bit Server VM (21.0.8+9-LTS) for windows-amd64 JRE (21.0.8+9-LTS), built on 2025-07-15T00:00:00Z by "admin" with MS VC++ 17.7 (VS2022)

END.
