#
# There is insufficient memory for the Java Runtime Environment to continue.
# Native memory allocation (malloc) failed to allocate 417136 bytes. Error detail: Chunk::new
# Possible reasons:
#   The system is out of physical RAM or swap space
#   This process is running with CompressedOops enabled, and the Java Heap may be blocking the growth of the native heap
# Possible solutions:
#   Reduce memory load on the system
#   Increase physical memory or swap space
#   Check if swap backing store is full
#   Decrease Java heap size (-Xmx/-Xms)
#   Decrease number of Java threads
#   Decrease Java thread stack sizes (-Xss)
#   Set larger code cache with -XX:ReservedCodeCacheSize=
#   JVM is running with Unscaled Compressed Oops mode in which the Java heap is
#     placed in the first 4GB address space. The Java Heap base address is the
#     maximum limit for the native heap growth. Please use -XX:HeapBaseMinAddress
#     to set the Java Heap base and to place the Java Heap above 4GB virtual address.
# This output file may be truncated or incomplete.
#
#  Out of Memory Error (arena.cpp:168), pid=2276, tid=6652
#
# JRE version: OpenJDK Runtime Environment Temurin-21.0.8+9 (21.0.8+9) (build 21.0.8+9-LTS)
# Java VM: OpenJDK 64-Bit Server VM Temurin-21.0.8+9 (21.0.8+9-LTS, mixed mode, sharing, tiered, compressed oops, compressed class ptrs, parallel gc, windows-amd64)
# No core dump will be written. Minidumps are not enabled by default on client versions of Windows
#

---------------  S U M M A R Y ------------

Command Line: --add-modules=ALL-SYSTEM --add-opens=java.base/java.util=ALL-UNNAMED --add-opens=java.base/java.lang=ALL-UNNAMED --add-opens=java.base/sun.nio.fs=ALL-UNNAMED -Declipse.application=org.eclipse.jdt.ls.core.id1 -Dosgi.bundles.defaultStartLevel=4 -Declipse.product=org.eclipse.jdt.ls.core.product -Djava.import.generatesMetadataFilesAtProjectRoot=false -DDetectVMInstallationsJob.disabled=true -Dfile.encoding=utf8 -XX:+UseParallelGC -XX:GCTimeRatio=4 -XX:AdaptiveSizePolicyWeight=90 -Dsun.zip.disableMemoryMapping=true -Xmx2G -Xms100m -Xlog:disable -javaagent:c:\Users\Shreyansh Bhardwaj\.vscode\extensions\redhat.java-1.44.0-win32-x64\lombok\lombok-1.18.39-4050.jar c:\Users\Shreyansh Bhardwaj\.vscode\extensions\redhat.java-1.44.0-win32-x64\server\plugins\org.eclipse.equinox.launcher_1.7.0.v20250519-0528.jar -configuration c:\Users\Shreyansh Bhardwaj\AppData\Roaming\Code\User\globalStorage\redhat.java\1.44.0\config_ss_win -data c:\Users\Shreyansh Bhardwaj\AppData\Roaming\Code\User\workspaceStorage\78c7e8b256210418a5575d8a2d98ab2c\redhat.java\ss_ws --pipe=\\.\pipe\lsp-66521202c5c62a5c581fd711b91477ef-sock

Host: AMD Ryzen 5 5600H with Radeon Graphics         , 12 cores, 7G,  Windows 11 , 64 bit Build 22621 (10.0.22621.5415)
Time: Thu Aug  7 11:21:38 2025 India Standard Time elapsed time: 61.054135 seconds (0d 0h 1m 1s)

---------------  T H R E A D  ---------------

Current thread (0x0000026ff5ef7470):  JavaThread "C2 CompilerThread1" daemon [_thread_in_native, id=6652, stack(0x000000861a100000,0x000000861a200000) (1024K)]


Current CompileTask:
C2:61054 7684       4       java.io.DataOutputStream::writeUTF (389 bytes)

Stack: [0x000000861a100000,0x000000861a200000]
Native frames: (J=compiled Java code, j=interpreted, Vv=VM code, C=native code)
V  [jvm.dll+0x6d2449]
V  [jvm.dll+0x8ae341]
V  [jvm.dll+0x8b08be]
V  [jvm.dll+0x8b0fa3]
V  [jvm.dll+0x280c96]
V  [jvm.dll+0xc581d]
V  [jvm.dll+0xc5d53]
V  [jvm.dll+0x3b919c]
V  [jvm.dll+0x385315]
V  [jvm.dll+0x38477a]
V  [jvm.dll+0x248ed0]
V  [jvm.dll+0x2484af]
V  [jvm.dll+0x1c89ee]
V  [jvm.dll+0x257d4d]
V  [jvm.dll+0x2562ea]
V  [jvm.dll+0x3f2d16]
V  [jvm.dll+0x857e6b]
V  [jvm.dll+0x6d0b0d]
C  [ucrtbase.dll+0x29333]
C  [KERNEL32.DLL+0x1259d]
C  [ntdll.dll+0x5af78]


---------------  P R O C E S S  ---------------

Threads class SMR info:
_java_thread_list=0x0000026ff7d8cae0, length=39, elements={
0x0000026f96e81fe0, 0x0000026f96f24180, 0x0000026f96f25680, 0x0000026f96f27760,
0x0000026f96f28620, 0x0000026f96f2cb10, 0x0000026f96f320a0, 0x0000026f96f34840,
0x0000026f96f35cd0, 0x0000026fefc9f110, 0x0000026fefca1870, 0x0000026fefca1f00,
0x0000026fefca11e0, 0x0000026fefca2590, 0x0000026fefca0b50, 0x0000026ff5cb8000,
0x0000026ff5cb5210, 0x0000026ff5cb58a0, 0x0000026ff5cb5f30, 0x0000026ff5cb65c0,
0x0000026ff5cb72e0, 0x0000026ff5cb2420, 0x0000026ff5cb2ab0, 0x0000026ff5cb7970,
0x0000026ff5cb1700, 0x0000026ff5cb1070, 0x0000026ff5cb8690, 0x0000026ff5cb1d90,
0x0000026ff5cb44f0, 0x0000026ff5cb4b80, 0x0000026ff5cb3140, 0x0000026fefc9fe30,
0x0000026ff6dc8590, 0x0000026ff6dc7f00, 0x0000026ff6dc36d0, 0x0000026ff6dc6b50,
0x0000026ff6dc4a80, 0x0000026ff5ef7470, 0x0000026ff6dc5110
}

Java Threads: ( => current thread )
  0x0000026f96e81fe0 JavaThread "main"                              [_thread_blocked, id=26888, stack(0x000000861a200000,0x000000861a300000) (1024K)]
  0x0000026f96f24180 JavaThread "Reference Handler"          daemon [_thread_blocked, id=2072, stack(0x000000861a600000,0x000000861a700000) (1024K)]
  0x0000026f96f25680 JavaThread "Finalizer"                  daemon [_thread_blocked, id=8292, stack(0x000000861a700000,0x000000861a800000) (1024K)]
  0x0000026f96f27760 JavaThread "Signal Dispatcher"          daemon [_thread_blocked, id=18864, stack(0x000000861a800000,0x000000861a900000) (1024K)]
  0x0000026f96f28620 JavaThread "Attach Listener"            daemon [_thread_blocked, id=26292, stack(0x000000861a900000,0x000000861aa00000) (1024K)]
  0x0000026f96f2cb10 JavaThread "Service Thread"             daemon [_thread_blocked, id=8084, stack(0x000000861aa00000,0x000000861ab00000) (1024K)]
  0x0000026f96f320a0 JavaThread "Monitor Deflation Thread"   daemon [_thread_blocked, id=9964, stack(0x000000861ab00000,0x000000861ac00000) (1024K)]
  0x0000026f96f34840 JavaThread "C2 CompilerThread0"         daemon [_thread_blocked, id=22176, stack(0x000000861ac00000,0x000000861ad00000) (1024K)]
  0x0000026f96f35cd0 JavaThread "C1 CompilerThread0"         daemon [_thread_blocked, id=17620, stack(0x000000861ad00000,0x000000861ae00000) (1024K)]
  0x0000026fefc9f110 JavaThread "Common-Cleaner"             daemon [_thread_blocked, id=13496, stack(0x000000861ae00000,0x000000861af00000) (1024K)]
  0x0000026fefca1870 JavaThread "Notification Thread"        daemon [_thread_blocked, id=26856, stack(0x000000861b000000,0x000000861b100000) (1024K)]
  0x0000026fefca1f00 JavaThread "Active Thread: Equinox Container: 3c0661ff-2ebb-49f2-9235-ff223100a5a7"        [_thread_blocked, id=17304, stack(0x000000861b700000,0x000000861b800000) (1024K)]
  0x0000026fefca11e0 JavaThread "Framework Event Dispatcher: Equinox Container: 3c0661ff-2ebb-49f2-9235-ff223100a5a7" daemon [_thread_blocked, id=10684, stack(0x000000861b800000,0x000000861b900000) (1024K)]
  0x0000026fefca2590 JavaThread "Start Level: Equinox Container: 3c0661ff-2ebb-49f2-9235-ff223100a5a7" daemon [_thread_blocked, id=17316, stack(0x000000861b900000,0x000000861ba00000) (1024K)]
  0x0000026fefca0b50 JavaThread "JNA Cleaner"                daemon [_thread_blocked, id=18084, stack(0x000000861be00000,0x000000861bf00000) (1024K)]
  0x0000026ff5cb8000 JavaThread "Thread-2"                   daemon [_thread_in_native, id=21796, stack(0x000000861c300000,0x000000861c400000) (1024K)]
  0x0000026ff5cb5210 JavaThread "Thread-3"                   daemon [_thread_in_native, id=25424, stack(0x000000861c400000,0x000000861c500000) (1024K)]
  0x0000026ff5cb58a0 JavaThread "Thread-4"                   daemon [_thread_in_native, id=10116, stack(0x000000861c500000,0x000000861c600000) (1024K)]
  0x0000026ff5cb5f30 JavaThread "Thread-5"                   daemon [_thread_in_native, id=14628, stack(0x000000861c600000,0x000000861c700000) (1024K)]
  0x0000026ff5cb65c0 JavaThread "Thread-6"                   daemon [_thread_in_native, id=22668, stack(0x000000861c700000,0x000000861c800000) (1024K)]
  0x0000026ff5cb72e0 JavaThread "Thread-7"                   daemon [_thread_in_native, id=21948, stack(0x000000861c800000,0x000000861c900000) (1024K)]
  0x0000026ff5cb2420 JavaThread "Thread-8"                   daemon [_thread_in_native, id=26488, stack(0x000000861c900000,0x000000861ca00000) (1024K)]
  0x0000026ff5cb2ab0 JavaThread "Thread-9"                   daemon [_thread_in_native, id=25580, stack(0x000000861ca00000,0x000000861cb00000) (1024K)]
  0x0000026ff5cb7970 JavaThread "Thread-10"                  daemon [_thread_in_native, id=28260, stack(0x000000861cb00000,0x000000861cc00000) (1024K)]
  0x0000026ff5cb1700 JavaThread "Thread-11"                  daemon [_thread_in_native, id=26820, stack(0x000000861cc00000,0x000000861cd00000) (1024K)]
  0x0000026ff5cb1070 JavaThread "Thread-12"                  daemon [_thread_in_native, id=27556, stack(0x000000861cd00000,0x000000861ce00000) (1024K)]
  0x0000026ff5cb8690 JavaThread "Thread-13"                  daemon [_thread_in_native, id=19684, stack(0x000000861ce00000,0x000000861cf00000) (1024K)]
  0x0000026ff5cb1d90 JavaThread "Thread-14"                  daemon [_thread_in_native, id=5844, stack(0x000000861cf00000,0x000000861d000000) (1024K)]
  0x0000026ff5cb44f0 JavaThread "pool-2-thread-1"                   [_thread_blocked, id=27880, stack(0x000000861d000000,0x000000861d100000) (1024K)]
  0x0000026ff5cb4b80 JavaThread "WorkspaceEventsHandler"            [_thread_blocked, id=10532, stack(0x000000861d100000,0x000000861d200000) (1024K)]
  0x0000026ff5cb3140 JavaThread "pool-1-thread-1"                   [_thread_blocked, id=10980, stack(0x000000861d200000,0x000000861d300000) (1024K)]
  0x0000026fefc9fe30 JavaThread "ForkJoinPool.commonPool-worker-1" daemon [_thread_blocked, id=18216, stack(0x000000861bc00000,0x000000861bd00000) (1024K)]
  0x0000026ff6dc8590 JavaThread "ForkJoinPool.commonPool-worker-2" daemon [_thread_blocked, id=27252, stack(0x000000861d400000,0x000000861d500000) (1024K)]
  0x0000026ff6dc7f00 JavaThread "ForkJoinPool.commonPool-worker-3" daemon [_thread_blocked, id=8692, stack(0x000000861d500000,0x000000861d600000) (1024K)]
  0x0000026ff6dc36d0 JavaThread "ForkJoinPool.commonPool-worker-4" daemon [_thread_blocked, id=14556, stack(0x000000861d600000,0x000000861d700000) (1024K)]
  0x0000026ff6dc6b50 JavaThread "ForkJoinPool.commonPool-worker-5" daemon [_thread_blocked, id=16532, stack(0x000000861d700000,0x000000861d800000) (1024K)]
  0x0000026ff6dc4a80 JavaThread "pool-3-thread-1"                   [_thread_blocked, id=21052, stack(0x000000861a000000,0x000000861a100000) (1024K)]
=>0x0000026ff5ef7470 JavaThread "C2 CompilerThread1"         daemon [_thread_in_native, id=6652, stack(0x000000861a100000,0x000000861a200000) (1024K)]
  0x0000026ff6dc5110 JavaThread "Framework stop - Equinox Container: 3c0661ff-2ebb-49f2-9235-ff223100a5a7"        [_thread_blocked, id=16992, stack(0x000000861af00000,0x000000861b000000) (1024K)]
Total: 39

Other Threads:
  0x0000026f96e12d00 VMThread "VM Thread"                           [id=3028, stack(0x000000861a500000,0x000000861a600000) (1024K)]
  0x0000026f96d0ca00 WatcherThread "VM Periodic Task Thread"        [id=27712, stack(0x000000861a400000,0x000000861a500000) (1024K)]
  0x0000026f96ea2590 WorkerThread "GC Thread#0"                     [id=13100, stack(0x000000861a300000,0x000000861a400000) (1024K)]
  0x0000026ff545b260 WorkerThread "GC Thread#1"                     [id=2192, stack(0x000000861b100000,0x000000861b200000) (1024K)]
  0x0000026ff501c010 WorkerThread "GC Thread#2"                     [id=17880, stack(0x000000861b200000,0x000000861b300000) (1024K)]
  0x0000026ff52d37a0 WorkerThread "GC Thread#3"                     [id=13648, stack(0x000000861b300000,0x000000861b400000) (1024K)]
  0x0000026ff52d3b40 WorkerThread "GC Thread#4"                     [id=23836, stack(0x000000861b400000,0x000000861b500000) (1024K)]
  0x0000026ff52d3ee0 WorkerThread "GC Thread#5"                     [id=2060, stack(0x000000861b500000,0x000000861b600000) (1024K)]
  0x0000026ff53f5f20 WorkerThread "GC Thread#6"                     [id=15380, stack(0x000000861b600000,0x000000861b700000) (1024K)]
  0x0000026ff5578e60 WorkerThread "GC Thread#7"                     [id=10720, stack(0x000000861ba00000,0x000000861bb00000) (1024K)]
  0x0000026ff58d2150 WorkerThread "GC Thread#8"                     [id=19164, stack(0x000000861bf00000,0x000000861c000000) (1024K)]
  0x0000026ff578b940 WorkerThread "GC Thread#9"                     [id=4340, stack(0x000000861c000000,0x000000861c100000) (1024K)]
Total: 12

Threads with active compile tasks:
C2 CompilerThread1  61109 7684       4       java.io.DataOutputStream::writeUTF (389 bytes)
Total: 1

VM state: not at safepoint (normal execution)

VM Mutex/Monitor currently owned by a thread: None

Heap address: 0x0000000080000000, size: 2048 MB, Compressed Oops mode: 32-bit

CDS archive(s) mapped at: [0x0000026fae000000-0x0000026faeba0000-0x0000026faeba0000), size 12189696, SharedBaseAddress: 0x0000026fae000000, ArchiveRelocationMode: 1.
Compressed class space mapped at: 0x0000026faf000000-0x0000026fef000000, reserved size: 1073741824
Narrow klass base: 0x0000026fae000000, Narrow klass shift: 0, Narrow klass range: 0x100000000

GC Precious Log:
 CardTable entry size: 512
 CPUs: 12 total, 12 available
 Memory: 7532M
 Large Page Support: Disabled
 NUMA Support: Disabled
 Compressed Oops: Enabled (32-bit)
 Alignments: Space 512K, Generation 512K, Heap 2M
 Heap Min Capacity: 100M
 Heap Initial Capacity: 100M
 Heap Max Capacity: 2G
 Pre-touch: Disabled
 Parallel Workers: 10

Heap:
 PSYoungGen      total 23552K, used 13687K [0x00000000d5580000, 0x00000000d7280000, 0x0000000100000000)
  eden space 22016K, 57% used [0x00000000d5580000,0x00000000d61c6280,0x00000000d6b00000)
  from space 1536K, 72% used [0x00000000d7100000,0x00000000d7217c68,0x00000000d7280000)
  to   space 3072K, 0% used [0x00000000d6c80000,0x00000000d6c80000,0x00000000d6f80000)
 ParOldGen       total 68608K, used 45996K [0x0000000080000000, 0x0000000084300000, 0x00000000d5580000)
  object space 68608K, 67% used [0x0000000080000000,0x0000000082ceb258,0x0000000084300000)
 Metaspace       used 45879K, committed 46912K, reserved 1114112K
  class space    used 4649K, committed 5120K, reserved 1048576K

Card table byte_map: [0x0000026f96820000,0x0000026f96c30000] _byte_map_base: 0x0000026f96420000

Marking Bits: (ParMarkBitMap*) 0x00007ffa6c09a340
 Begin Bits: [0x0000026fa9320000, 0x0000026fab320000)
 End Bits:   [0x0000026fab320000, 0x0000026fad320000)

Polling page: 0x0000026f94ca0000

Metaspace:

Usage:
  Non-class:     40.26 MB used.
      Class:      4.54 MB used.
       Both:     44.80 MB used.

Virtual space:
  Non-class space:       64.00 MB reserved,      40.81 MB ( 64%) committed,  1 nodes.
      Class space:        1.00 GB reserved,       5.00 MB ( <1%) committed,  1 nodes.
             Both:        1.06 GB reserved,      45.81 MB (  4%) committed. 

Chunk freelists:
   Non-Class:  6.91 MB
       Class:  10.95 MB
        Both:  17.86 MB

MaxMetaspaceSize: unlimited
CompressedClassSpaceSize: 1.00 GB
Initial GC threshold: 21.00 MB
Current GC threshold: 58.38 MB
CDS: on
 - commit_granule_bytes: 65536.
 - commit_granule_words: 8192.
 - virtual_space_node_default_size: 8388608.
 - enlarge_chunks_in_place: 1.
 - use_allocation_guard: 0.


Internal statistics:

num_allocs_failed_limit: 6.
num_arena_births: 1082.
num_arena_deaths: 188.
num_vsnodes_births: 2.
num_vsnodes_deaths: 0.
num_space_committed: 733.
num_space_uncommitted: 0.
num_chunks_returned_to_freelist: 267.
num_chunks_taken_from_freelist: 3251.
num_chunk_merges: 103.
num_chunk_splits: 1932.
num_chunks_enlarged: 1120.
num_inconsistent_stats: 0.

CodeHeap 'non-profiled nmethods': size=120000Kb used=3841Kb max_used=3841Kb free=116159Kb
 bounds [0x0000026fa1b40000, 0x0000026fa1f10000, 0x0000026fa9070000]
CodeHeap 'profiled nmethods': size=120000Kb used=15955Kb max_used=15955Kb free=104044Kb
 bounds [0x0000026f9a070000, 0x0000026f9b010000, 0x0000026fa15a0000]
CodeHeap 'non-nmethods': size=5760Kb used=1417Kb max_used=1465Kb free=4342Kb
 bounds [0x0000026fa15a0000, 0x0000026fa1810000, 0x0000026fa1b40000]
CodeCache: size=245760Kb, used=21213Kb, max_used=21261Kb, free=224545Kb
 total_blobs=8000, nmethods=7273, adapters=632, full_count=0
Compilation: enabled, stopped_count=0, restarted_count=0

Compilation events (20 events):
Event: 61.016 Thread 0x0000026f96f35cd0 nmethod 7695 0x0000026fa1efc790 code [0x0000026fa1efc920, 0x0000026fa1efc9e8]
Event: 61.017 Thread 0x0000026f96f35cd0 7697       3       java.lang.Class::copyMethods (36 bytes)
Event: 61.018 Thread 0x0000026f96f35cd0 nmethod 7697 0x0000026f9affd810 code [0x0000026f9affda60, 0x0000026f9affe450]
Event: 61.018 Thread 0x0000026f96f35cd0 7698       3       org.osgi.service.log.LogLevel::implies (15 bytes)
Event: 61.018 Thread 0x0000026f96f35cd0 nmethod 7698 0x0000026f9affe910 code [0x0000026f9affeac0, 0x0000026f9affec68]
Event: 61.024 Thread 0x0000026f96f34840 nmethod 7689 0x0000026fa1efca90 code [0x0000026fa1efcc80, 0x0000026fa1efd088]
Event: 61.024 Thread 0x0000026f96f34840 7691       4       java.util.concurrent.locks.ReentrantReadWriteLock$ReadLock::lock (9 bytes)
Event: 61.026 Thread 0x0000026f96f35cd0 7699       3       org.eclipse.osgi.framework.eventmgr.ListenerQueue::<init> (38 bytes)
Event: 61.026 Thread 0x0000026f96f35cd0 nmethod 7699 0x0000026f9affed10 code [0x0000026f9affeee0, 0x0000026f9afff300]
Event: 61.026 Thread 0x0000026f96f35cd0 7700       3       org.eclipse.osgi.storage.BundleInfo$Generation::getDomain (6 bytes)
Event: 61.026 Thread 0x0000026f96f35cd0 nmethod 7700 0x0000026f9afff490 code [0x0000026f9afff640, 0x0000026f9afff780]
Event: 61.026 Thread 0x0000026f96f35cd0 7701   !   3       org.eclipse.osgi.storage.BundleInfo$Generation::getDomain (90 bytes)
Event: 61.027 Thread 0x0000026f96f35cd0 nmethod 7701 0x0000026f9afff810 code [0x0000026f9afff9c0, 0x0000026f9afffc10]
Event: 61.035 Thread 0x0000026f96f34840 nmethod 7691 0x0000026fa1efd510 code [0x0000026fa1efd700, 0x0000026fa1efdb38]
Event: 61.035 Thread 0x0000026f96f34840 7696       4       java.util.AbstractCollection::isEmpty (13 bytes)
Event: 61.036 Thread 0x0000026f96f34840 nmethod 7696 0x0000026fa1efe010 code [0x0000026fa1efe1a0, 0x0000026fa1efe258]
Event: 61.037 Thread 0x0000026f96f35cd0 7702       3       java.util.HashMap::clear (50 bytes)
Event: 61.037 Thread 0x0000026f96f35cd0 nmethod 7702 0x0000026f9afffd10 code [0x0000026f9afffec0, 0x0000026f9b000230]
Event: 61.042 Thread 0x0000026f96f35cd0 7703       3       java.util.zip.CRC32::<init> (5 bytes)
Event: 61.042 Thread 0x0000026f96f35cd0 nmethod 7703 0x0000026f9b000390 code [0x0000026f9b000540, 0x0000026f9b0006a8]

GC Heap History (20 events):
Event: 18.282 GC heap before
{Heap before GC invocations=21 (full 2):
 PSYoungGen      total 23552K, used 22016K [0x00000000d5580000, 0x00000000d6f80000, 0x0000000100000000)
  eden space 22016K, 100% used [0x00000000d5580000,0x00000000d6b00000,0x00000000d6b00000)
  from space 1536K, 0% used [0x00000000d6e00000,0x00000000d6e00000,0x00000000d6f80000)
  to   space 2048K, 0% used [0x00000000d6b80000,0x00000000d6b80000,0x00000000d6d80000)
 ParOldGen       total 68608K, used 33388K [0x0000000080000000, 0x0000000084300000, 0x00000000d5580000)
  object space 68608K, 48% used [0x0000000080000000,0x000000008209b390,0x0000000084300000)
 Metaspace       used 35661K, committed 36544K, reserved 1114112K
  class space    used 3641K, committed 4032K, reserved 1048576K
}
Event: 18.298 GC heap after
{Heap after GC invocations=21 (full 2):
 PSYoungGen      total 24064K, used 480K [0x00000000d5580000, 0x00000000d6e80000, 0x0000000100000000)
  eden space 22016K, 0% used [0x00000000d5580000,0x00000000d5580000,0x00000000d6b00000)
  from space 2048K, 23% used [0x00000000d6b80000,0x00000000d6bf8000,0x00000000d6d80000)
  to   space 1024K, 0% used [0x00000000d6d80000,0x00000000d6d80000,0x00000000d6e80000)
 ParOldGen       total 68608K, used 33396K [0x0000000080000000, 0x0000000084300000, 0x00000000d5580000)
  object space 68608K, 48% used [0x0000000080000000,0x000000008209d390,0x0000000084300000)
 Metaspace       used 35661K, committed 36544K, reserved 1114112K
  class space    used 3641K, committed 4032K, reserved 1048576K
}
Event: 19.056 GC heap before
{Heap before GC invocations=22 (full 2):
 PSYoungGen      total 24064K, used 22435K [0x00000000d5580000, 0x00000000d6e80000, 0x0000000100000000)
  eden space 22016K, 99% used [0x00000000d5580000,0x00000000d6af0e70,0x00000000d6b00000)
  from space 2048K, 23% used [0x00000000d6b80000,0x00000000d6bf8000,0x00000000d6d80000)
  to   space 1024K, 0% used [0x00000000d6d80000,0x00000000d6d80000,0x00000000d6e80000)
 ParOldGen       total 68608K, used 33396K [0x0000000080000000, 0x0000000084300000, 0x00000000d5580000)
  object space 68608K, 48% used [0x0000000080000000,0x000000008209d390,0x0000000084300000)
 Metaspace       used 37108K, committed 38080K, reserved 1114112K
  class space    used 3776K, committed 4224K, reserved 1048576K
}
Event: 19.059 GC heap after
{Heap after GC invocations=22 (full 2):
 PSYoungGen      total 23040K, used 1015K [0x00000000d5580000, 0x00000000d7000000, 0x0000000100000000)
  eden space 22016K, 0% used [0x00000000d5580000,0x00000000d5580000,0x00000000d6b00000)
  from space 1024K, 99% used [0x00000000d6d80000,0x00000000d6e7dd20,0x00000000d6e80000)
  to   space 2560K, 0% used [0x00000000d6b00000,0x00000000d6b00000,0x00000000d6d80000)
 ParOldGen       total 68608K, used 34404K [0x0000000080000000, 0x0000000084300000, 0x00000000d5580000)
  object space 68608K, 50% used [0x0000000080000000,0x0000000082199290,0x0000000084300000)
 Metaspace       used 37108K, committed 38080K, reserved 1114112K
  class space    used 3776K, committed 4224K, reserved 1048576K
}
Event: 19.219 GC heap before
{Heap before GC invocations=23 (full 2):
 PSYoungGen      total 23040K, used 23031K [0x00000000d5580000, 0x00000000d7000000, 0x0000000100000000)
  eden space 22016K, 100% used [0x00000000d5580000,0x00000000d6b00000,0x00000000d6b00000)
  from space 1024K, 99% used [0x00000000d6d80000,0x00000000d6e7dd20,0x00000000d6e80000)
  to   space 2560K, 0% used [0x00000000d6b00000,0x00000000d6b00000,0x00000000d6d80000)
 ParOldGen       total 68608K, used 34404K [0x0000000080000000, 0x0000000084300000, 0x00000000d5580000)
  object space 68608K, 50% used [0x0000000080000000,0x0000000082199290,0x0000000084300000)
 Metaspace       used 37127K, committed 38144K, reserved 1114112K
  class space    used 3776K, committed 4224K, reserved 1048576K
}
Event: 19.226 GC heap after
{Heap after GC invocations=23 (full 2):
 PSYoungGen      total 23040K, used 822K [0x00000000d5580000, 0x00000000d6e00000, 0x0000000100000000)
  eden space 22016K, 0% used [0x00000000d5580000,0x00000000d5580000,0x00000000d6b00000)
  from space 1024K, 80% used [0x00000000d6b00000,0x00000000d6bcd868,0x00000000d6c00000)
  to   space 1536K, 0% used [0x00000000d6c80000,0x00000000d6c80000,0x00000000d6e00000)
 ParOldGen       total 68608K, used 35446K [0x0000000080000000, 0x0000000084300000, 0x00000000d5580000)
  object space 68608K, 51% used [0x0000000080000000,0x000000008229dbf0,0x0000000084300000)
 Metaspace       used 37127K, committed 38144K, reserved 1114112K
  class space    used 3776K, committed 4224K, reserved 1048576K
}
Event: 20.315 GC heap before
{Heap before GC invocations=24 (full 2):
 PSYoungGen      total 23040K, used 22838K [0x00000000d5580000, 0x00000000d6e00000, 0x0000000100000000)
  eden space 22016K, 100% used [0x00000000d5580000,0x00000000d6b00000,0x00000000d6b00000)
  from space 1024K, 80% used [0x00000000d6b00000,0x00000000d6bcd868,0x00000000d6c00000)
  to   space 1536K, 0% used [0x00000000d6c80000,0x00000000d6c80000,0x00000000d6e00000)
 ParOldGen       total 68608K, used 35446K [0x0000000080000000, 0x0000000084300000, 0x00000000d5580000)
  object space 68608K, 51% used [0x0000000080000000,0x000000008229dbf0,0x0000000084300000)
 Metaspace       used 39200K, committed 40192K, reserved 1114112K
  class space    used 3977K, committed 4416K, reserved 1048576K
}
Event: 20.317 GC heap after
{Heap after GC invocations=24 (full 2):
 PSYoungGen      total 23040K, used 768K [0x00000000d5580000, 0x00000000d6d80000, 0x0000000100000000)
  eden space 22016K, 0% used [0x00000000d5580000,0x00000000d5580000,0x00000000d6b00000)
  from space 1024K, 75% used [0x00000000d6c80000,0x00000000d6d40000,0x00000000d6d80000)
  to   space 1024K, 0% used [0x00000000d6b00000,0x00000000d6b00000,0x00000000d6c00000)
 ParOldGen       total 68608K, used 35462K [0x0000000080000000, 0x0000000084300000, 0x00000000d5580000)
  object space 68608K, 51% used [0x0000000080000000,0x00000000822a1bf0,0x0000000084300000)
 Metaspace       used 39200K, committed 40192K, reserved 1114112K
  class space    used 3977K, committed 4416K, reserved 1048576K
}
Event: 21.888 GC heap before
{Heap before GC invocations=25 (full 2):
 PSYoungGen      total 23040K, used 22784K [0x00000000d5580000, 0x00000000d6d80000, 0x0000000100000000)
  eden space 22016K, 100% used [0x00000000d5580000,0x00000000d6b00000,0x00000000d6b00000)
  from space 1024K, 75% used [0x00000000d6c80000,0x00000000d6d40000,0x00000000d6d80000)
  to   space 1024K, 0% used [0x00000000d6b00000,0x00000000d6b00000,0x00000000d6c00000)
 ParOldGen       total 68608K, used 35462K [0x0000000080000000, 0x0000000084300000, 0x00000000d5580000)
  object space 68608K, 51% used [0x0000000080000000,0x00000000822a1bf0,0x0000000084300000)
 Metaspace       used 41255K, committed 42176K, reserved 1114112K
  class space    used 4200K, committed 4608K, reserved 1048576K
}
Event: 21.893 GC heap after
{Heap after GC invocations=25 (full 2):
 PSYoungGen      total 23040K, used 1011K [0x00000000d5580000, 0x00000000d7000000, 0x0000000100000000)
  eden space 22016K, 0% used [0x00000000d5580000,0x00000000d5580000,0x00000000d6b00000)
  from space 1024K, 98% used [0x00000000d6b00000,0x00000000d6bfcd98,0x00000000d6c00000)
  to   space 2560K, 0% used [0x00000000d6d80000,0x00000000d6d80000,0x00000000d7000000)
 ParOldGen       total 68608K, used 36365K [0x0000000080000000, 0x0000000084300000, 0x00000000d5580000)
  object space 68608K, 53% used [0x0000000080000000,0x0000000082383508,0x0000000084300000)
 Metaspace       used 41255K, committed 42176K, reserved 1114112K
  class space    used 4200K, committed 4608K, reserved 1048576K
}
Event: 22.479 GC heap before
{Heap before GC invocations=26 (full 2):
 PSYoungGen      total 23040K, used 23027K [0x00000000d5580000, 0x00000000d7000000, 0x0000000100000000)
  eden space 22016K, 100% used [0x00000000d5580000,0x00000000d6b00000,0x00000000d6b00000)
  from space 1024K, 98% used [0x00000000d6b00000,0x00000000d6bfcd98,0x00000000d6c00000)
  to   space 2560K, 0% used [0x00000000d6d80000,0x00000000d6d80000,0x00000000d7000000)
 ParOldGen       total 68608K, used 36365K [0x0000000080000000, 0x0000000084300000, 0x00000000d5580000)
  object space 68608K, 53% used [0x0000000080000000,0x0000000082383508,0x0000000084300000)
 Metaspace       used 41956K, committed 42944K, reserved 1114112K
  class space    used 4255K, committed 4672K, reserved 1048576K
}
Event: 22.496 GC heap after
{Heap after GC invocations=26 (full 2):
 PSYoungGen      total 24064K, used 1904K [0x00000000d5580000, 0x00000000d6f80000, 0x0000000100000000)
  eden space 22016K, 0% used [0x00000000d5580000,0x00000000d5580000,0x00000000d6b00000)
  from space 2048K, 92% used [0x00000000d6d80000,0x00000000d6f5c048,0x00000000d6f80000)
  to   space 2048K, 0% used [0x00000000d6b80000,0x00000000d6b80000,0x00000000d6d80000)
 ParOldGen       total 68608K, used 37209K [0x0000000080000000, 0x0000000084300000, 0x00000000d5580000)
  object space 68608K, 54% used [0x0000000080000000,0x0000000082456420,0x0000000084300000)
 Metaspace       used 41956K, committed 42944K, reserved 1114112K
  class space    used 4255K, committed 4672K, reserved 1048576K
}
Event: 23.118 GC heap before
{Heap before GC invocations=27 (full 2):
 PSYoungGen      total 24064K, used 23920K [0x00000000d5580000, 0x00000000d6f80000, 0x0000000100000000)
  eden space 22016K, 100% used [0x00000000d5580000,0x00000000d6b00000,0x00000000d6b00000)
  from space 2048K, 92% used [0x00000000d6d80000,0x00000000d6f5c048,0x00000000d6f80000)
  to   space 2048K, 0% used [0x00000000d6b80000,0x00000000d6b80000,0x00000000d6d80000)
 ParOldGen       total 68608K, used 37209K [0x0000000080000000, 0x0000000084300000, 0x00000000d5580000)
  object space 68608K, 54% used [0x0000000080000000,0x0000000082456420,0x0000000084300000)
 Metaspace       used 43348K, committed 44480K, reserved 1114112K
  class space    used 4395K, committed 4864K, reserved 1048576K
}
Event: 23.130 GC heap after
{Heap after GC invocations=27 (full 2):
 PSYoungGen      total 24064K, used 2019K [0x00000000d5580000, 0x00000000d7300000, 0x0000000100000000)
  eden space 22016K, 0% used [0x00000000d5580000,0x00000000d5580000,0x00000000d6b00000)
  from space 2048K, 98% used [0x00000000d6b80000,0x00000000d6d78c68,0x00000000d6d80000)
  to   space 4096K, 0% used [0x00000000d6f00000,0x00000000d6f00000,0x00000000d7300000)
 ParOldGen       total 68608K, used 38950K [0x0000000080000000, 0x0000000084300000, 0x00000000d5580000)
  object space 68608K, 56% used [0x0000000080000000,0x0000000082609a88,0x0000000084300000)
 Metaspace       used 43348K, committed 44480K, reserved 1114112K
  class space    used 4395K, committed 4864K, reserved 1048576K
}
Event: 23.694 GC heap before
{Heap before GC invocations=28 (full 2):
 PSYoungGen      total 24064K, used 24035K [0x00000000d5580000, 0x00000000d7300000, 0x0000000100000000)
  eden space 22016K, 100% used [0x00000000d5580000,0x00000000d6b00000,0x00000000d6b00000)
  from space 2048K, 98% used [0x00000000d6b80000,0x00000000d6d78c68,0x00000000d6d80000)
  to   space 4096K, 0% used [0x00000000d6f00000,0x00000000d6f00000,0x00000000d7300000)
 ParOldGen       total 68608K, used 38950K [0x0000000080000000, 0x0000000084300000, 0x00000000d5580000)
  object space 68608K, 56% used [0x0000000080000000,0x0000000082609a88,0x0000000084300000)
 Metaspace       used 43946K, committed 44992K, reserved 1114112K
  class space    used 4434K, committed 4864K, reserved 1048576K
}
Event: 23.700 GC heap after
{Heap after GC invocations=28 (full 2):
 PSYoungGen      total 23552K, used 1360K [0x00000000d5580000, 0x00000000d7080000, 0x0000000100000000)
  eden space 22016K, 0% used [0x00000000d5580000,0x00000000d5580000,0x00000000d6b00000)
  from space 1536K, 88% used [0x00000000d6f00000,0x00000000d7054010,0x00000000d7080000)
  to   space 2560K, 0% used [0x00000000d6b80000,0x00000000d6b80000,0x00000000d6e00000)
 ParOldGen       total 68608K, used 40881K [0x0000000080000000, 0x0000000084300000, 0x00000000d5580000)
  object space 68608K, 59% used [0x0000000080000000,0x00000000827ec4a0,0x0000000084300000)
 Metaspace       used 43946K, committed 44992K, reserved 1114112K
  class space    used 4434K, committed 4864K, reserved 1048576K
}
Event: 50.873 GC heap before
{Heap before GC invocations=29 (full 2):
 PSYoungGen      total 23552K, used 23376K [0x00000000d5580000, 0x00000000d7080000, 0x0000000100000000)
  eden space 22016K, 100% used [0x00000000d5580000,0x00000000d6b00000,0x00000000d6b00000)
  from space 1536K, 88% used [0x00000000d6f00000,0x00000000d7054010,0x00000000d7080000)
  to   space 2560K, 0% used [0x00000000d6b80000,0x00000000d6b80000,0x00000000d6e00000)
 ParOldGen       total 68608K, used 40881K [0x0000000080000000, 0x0000000084300000, 0x00000000d5580000)
  object space 68608K, 59% used [0x0000000080000000,0x00000000827ec4a0,0x0000000084300000)
 Metaspace       used 44265K, committed 45376K, reserved 1114112K
  class space    used 4438K, committed 4928K, reserved 1048576K
}
Event: 50.880 GC heap after
{Heap after GC invocations=29 (full 2):
 PSYoungGen      total 24576K, used 2553K [0x00000000d5580000, 0x00000000d7700000, 0x0000000100000000)
  eden space 22016K, 0% used [0x00000000d5580000,0x00000000d5580000,0x00000000d6b00000)
  from space 2560K, 99% used [0x00000000d6b80000,0x00000000d6dfe760,0x00000000d6e00000)
  to   space 6144K, 0% used [0x00000000d7100000,0x00000000d7100000,0x00000000d7700000)
 ParOldGen       total 68608K, used 43430K [0x0000000080000000, 0x0000000084300000, 0x00000000d5580000)
  object space 68608K, 63% used [0x0000000080000000,0x0000000082a698c0,0x0000000084300000)
 Metaspace       used 44265K, committed 45376K, reserved 1114112K
  class space    used 4438K, committed 4928K, reserved 1048576K
}
Event: 52.846 GC heap before
{Heap before GC invocations=30 (full 2):
 PSYoungGen      total 24576K, used 24569K [0x00000000d5580000, 0x00000000d7700000, 0x0000000100000000)
  eden space 22016K, 99% used [0x00000000d5580000,0x00000000d6afffe0,0x00000000d6b00000)
  from space 2560K, 99% used [0x00000000d6b80000,0x00000000d6dfe760,0x00000000d6e00000)
  to   space 6144K, 0% used [0x00000000d7100000,0x00000000d7100000,0x00000000d7700000)
 ParOldGen       total 68608K, used 43430K [0x0000000080000000, 0x0000000084300000, 0x00000000d5580000)
  object space 68608K, 63% used [0x0000000080000000,0x0000000082a698c0,0x0000000084300000)
 Metaspace       used 45404K, committed 46592K, reserved 1114112K
  class space    used 4585K, committed 5120K, reserved 1048576K
}
Event: 52.851 GC heap after
{Heap after GC invocations=30 (full 2):
 PSYoungGen      total 23552K, used 1119K [0x00000000d5580000, 0x00000000d7280000, 0x0000000100000000)
  eden space 22016K, 0% used [0x00000000d5580000,0x00000000d5580000,0x00000000d6b00000)
  from space 1536K, 72% used [0x00000000d7100000,0x00000000d7217c68,0x00000000d7280000)
  to   space 3072K, 0% used [0x00000000d6c80000,0x00000000d6c80000,0x00000000d6f80000)
 ParOldGen       total 68608K, used 45996K [0x0000000080000000, 0x0000000084300000, 0x00000000d5580000)
  object space 68608K, 67% used [0x0000000080000000,0x0000000082ceb258,0x0000000084300000)
 Metaspace       used 45404K, committed 46592K, reserved 1114112K
  class space    used 4585K, committed 5120K, reserved 1048576K
}

Dll operation events (10 events):
Event: 0.019 Loaded shared library c:\Users\Shreyansh Bhardwaj\.vscode\extensions\redhat.java-1.44.0-win32-x64\jre\21.0.8-win32-x86_64\bin\java.dll
Event: 0.159 Loaded shared library c:\Users\Shreyansh Bhardwaj\.vscode\extensions\redhat.java-1.44.0-win32-x64\jre\21.0.8-win32-x86_64\bin\zip.dll
Event: 0.196 Loaded shared library C:\Users\Shreyansh Bhardwaj\.vscode\extensions\redhat.java-1.44.0-win32-x64\jre\21.0.8-win32-x86_64\bin\instrument.dll
Event: 0.204 Loaded shared library C:\Users\Shreyansh Bhardwaj\.vscode\extensions\redhat.java-1.44.0-win32-x64\jre\21.0.8-win32-x86_64\bin\net.dll
Event: 0.208 Loaded shared library C:\Users\Shreyansh Bhardwaj\.vscode\extensions\redhat.java-1.44.0-win32-x64\jre\21.0.8-win32-x86_64\bin\nio.dll
Event: 0.213 Loaded shared library C:\Users\Shreyansh Bhardwaj\.vscode\extensions\redhat.java-1.44.0-win32-x64\jre\21.0.8-win32-x86_64\bin\zip.dll
Event: 0.242 Loaded shared library C:\Users\Shreyansh Bhardwaj\.vscode\extensions\redhat.java-1.44.0-win32-x64\jre\21.0.8-win32-x86_64\bin\jimage.dll
Event: 0.375 Loaded shared library c:\Users\Shreyansh Bhardwaj\.vscode\extensions\redhat.java-1.44.0-win32-x64\jre\21.0.8-win32-x86_64\bin\verify.dll
Event: 2.492 Loaded shared library C:\Users\Shreyansh Bhardwaj\AppData\Roaming\Code\User\globalStorage\redhat.java\1.44.0\config_ss_win\org.eclipse.equinox.launcher\org.eclipse.equinox.launcher.win32.win32.x86_64_1.2.1400.v20250730-1736\eclipse_11913.dll
Event: 7.885 Loaded shared library C:\Users\Shreyansh Bhardwaj\AppData\Local\Temp\jna-1901370432\jna12686081827944978680.dll

Deoptimization events (20 events):
Event: 60.991 Thread 0x0000026ff6dc5110 Uncommon trap: trap_request=0xffffffde fr.pc=0x0000026fa1ed0eb8 relative=0x0000000000001078
Event: 60.991 Thread 0x0000026ff6dc5110 Uncommon trap: reason=class_check action=maybe_recompile pc=0x0000026fa1ed0eb8 method=java.io.DataOutputStream.write([BII)V @ 7 c2
Event: 60.991 Thread 0x0000026ff6dc5110 DEOPT PACKING pc=0x0000026fa1ed0eb8 sp=0x000000861affe300
Event: 60.991 Thread 0x0000026ff6dc5110 DEOPT UNPACKING pc=0x0000026fa15f3aa2 sp=0x000000861affe240 mode 2
Event: 60.991 Thread 0x0000026ff6dc5110 Uncommon trap: trap_request=0xffffffde fr.pc=0x0000026fa1ebfc70 relative=0x0000000000000410
Event: 60.991 Thread 0x0000026ff6dc5110 Uncommon trap: reason=class_check action=maybe_recompile pc=0x0000026fa1ebfc70 method=java.io.DataOutputStream.writeByte(I)V @ 5 c2
Event: 60.991 Thread 0x0000026ff6dc5110 DEOPT PACKING pc=0x0000026fa1ebfc70 sp=0x000000861affe370
Event: 60.991 Thread 0x0000026ff6dc5110 DEOPT UNPACKING pc=0x0000026fa15f3aa2 sp=0x000000861affe338 mode 2
Event: 60.991 Thread 0x0000026ff6dc5110 Uncommon trap: trap_request=0xffffffde fr.pc=0x0000026fa1ec74f8 relative=0x00000000000005f8
Event: 60.991 Thread 0x0000026ff6dc5110 Uncommon trap: reason=class_check action=maybe_recompile pc=0x0000026fa1ec74f8 method=java.io.DataOutputStream.writeInt(I)V @ 19 c2
Event: 60.991 Thread 0x0000026ff6dc5110 DEOPT PACKING pc=0x0000026fa1ec74f8 sp=0x000000861affe360
Event: 60.991 Thread 0x0000026ff6dc5110 DEOPT UNPACKING pc=0x0000026fa15f3aa2 sp=0x000000861affe328 mode 2
Event: 60.991 Thread 0x0000026ff6dc5110 Uncommon trap: trap_request=0xffffffde fr.pc=0x0000026fa1ed5614 relative=0x0000000000000894
Event: 60.991 Thread 0x0000026ff6dc5110 Uncommon trap: reason=class_check action=maybe_recompile pc=0x0000026fa1ed5614 method=java.io.DataOutputStream.write([BII)V @ 7 c2
Event: 60.991 Thread 0x0000026ff6dc5110 DEOPT PACKING pc=0x0000026fa1ed5614 sp=0x000000861affe250
Event: 60.991 Thread 0x0000026ff6dc5110 DEOPT UNPACKING pc=0x0000026fa15f3aa2 sp=0x000000861affe238 mode 2
Event: 60.991 Thread 0x0000026ff6dc5110 Uncommon trap: trap_request=0xffffffde fr.pc=0x0000026fa1ebfc70 relative=0x0000000000000410
Event: 60.991 Thread 0x0000026ff6dc5110 Uncommon trap: reason=class_check action=maybe_recompile pc=0x0000026fa1ebfc70 method=java.io.DataOutputStream.writeByte(I)V @ 5 c2
Event: 60.991 Thread 0x0000026ff6dc5110 DEOPT PACKING pc=0x0000026fa1ebfc70 sp=0x000000861affe370
Event: 60.991 Thread 0x0000026ff6dc5110 DEOPT UNPACKING pc=0x0000026fa15f3aa2 sp=0x000000861affe338 mode 2

Classes loaded (20 events):
Event: 60.046 Loading class java/util/stream/Nodes$CollectorTask done
Event: 60.046 Loading class java/util/stream/Nodes$CollectorTask$OfRef done
Event: 60.047 Loading class java/util/function/LongFunction
Event: 60.047 Loading class java/util/function/LongFunction done
Event: 60.047 Loading class java/util/stream/Nodes$ConcNode
Event: 60.047 Loading class java/util/stream/Nodes$AbstractConcNode
Event: 60.048 Loading class java/util/stream/Nodes$AbstractConcNode done
Event: 60.048 Loading class java/util/stream/Nodes$ConcNode done
Event: 60.049 Loading class java/util/stream/Nodes$ToArrayTask$OfRef
Event: 60.050 Loading class java/util/stream/Nodes$ToArrayTask
Event: 60.051 Loading class java/util/stream/Nodes$ToArrayTask done
Event: 60.051 Loading class java/util/stream/Nodes$ToArrayTask$OfRef done
Event: 60.751 Loading class java/lang/Throwable$WrappedPrintWriter
Event: 60.752 Loading class java/lang/Throwable$PrintStreamOrWriter
Event: 60.755 Loading class java/lang/Throwable$PrintStreamOrWriter done
Event: 60.755 Loading class java/lang/Throwable$WrappedPrintWriter done
Event: 60.911 Loading class java/util/Hashtable$KeySet
Event: 60.912 Loading class java/util/Hashtable$KeySet done
Event: 61.006 Loading class javax/security/auth/login/Configuration
Event: 61.008 Loading class javax/security/auth/login/Configuration done

Classes unloaded (20 events):
Event: 17.287 Thread 0x0000026f96e12d00 Unloading class 0x0000026faf386800 'java/lang/invoke/LambdaForm$MH+0x0000026faf386800'
Event: 17.287 Thread 0x0000026f96e12d00 Unloading class 0x0000026faf385800 'java/lang/invoke/LambdaForm$MH+0x0000026faf385800'
Event: 17.287 Thread 0x0000026f96e12d00 Unloading class 0x0000026faf385400 'java/lang/invoke/LambdaForm$MH+0x0000026faf385400'
Event: 17.287 Thread 0x0000026f96e12d00 Unloading class 0x0000026faf385000 'java/lang/invoke/LambdaForm$MH+0x0000026faf385000'
Event: 17.287 Thread 0x0000026f96e12d00 Unloading class 0x0000026faf384c00 'java/lang/invoke/LambdaForm$MH+0x0000026faf384c00'
Event: 17.287 Thread 0x0000026f96e12d00 Unloading class 0x0000026faf384800 'java/lang/invoke/LambdaForm$MH+0x0000026faf384800'
Event: 17.287 Thread 0x0000026f96e12d00 Unloading class 0x0000026faf384000 'java/lang/invoke/LambdaForm$MH+0x0000026faf384000'
Event: 17.287 Thread 0x0000026f96e12d00 Unloading class 0x0000026faf383c00 'java/lang/invoke/LambdaForm$MH+0x0000026faf383c00'
Event: 17.287 Thread 0x0000026f96e12d00 Unloading class 0x0000026faf383800 'java/lang/invoke/LambdaForm$MH+0x0000026faf383800'
Event: 17.287 Thread 0x0000026f96e12d00 Unloading class 0x0000026faf383000 'java/lang/invoke/LambdaForm$MH+0x0000026faf383000'
Event: 17.287 Thread 0x0000026f96e12d00 Unloading class 0x0000026faf382c00 'java/lang/invoke/LambdaForm$MH+0x0000026faf382c00'
Event: 17.287 Thread 0x0000026f96e12d00 Unloading class 0x0000026faf382800 'java/lang/invoke/LambdaForm$MH+0x0000026faf382800'
Event: 17.287 Thread 0x0000026f96e12d00 Unloading class 0x0000026faf382400 'java/lang/invoke/LambdaForm$MH+0x0000026faf382400'
Event: 17.287 Thread 0x0000026f96e12d00 Unloading class 0x0000026faf382000 'java/lang/invoke/LambdaForm$MH+0x0000026faf382000'
Event: 17.287 Thread 0x0000026f96e12d00 Unloading class 0x0000026faf381800 'java/lang/invoke/LambdaForm$MH+0x0000026faf381800'
Event: 17.287 Thread 0x0000026f96e12d00 Unloading class 0x0000026faf381c00 'java/lang/invoke/LambdaForm$MH+0x0000026faf381c00'
Event: 17.287 Thread 0x0000026f96e12d00 Unloading class 0x0000026faf381000 'java/lang/invoke/LambdaForm$DMH+0x0000026faf381000'
Event: 17.287 Thread 0x0000026f96e12d00 Unloading class 0x0000026faf380c00 'java/lang/invoke/LambdaForm$DMH+0x0000026faf380c00'
Event: 17.287 Thread 0x0000026f96e12d00 Unloading class 0x0000026faf380400 'java/lang/invoke/LambdaForm$DMH+0x0000026faf380400'
Event: 17.287 Thread 0x0000026f96e12d00 Unloading class 0x0000026faf380000 'java/lang/invoke/LambdaForm$DMH+0x0000026faf380000'

Classes redefined (0 events):
No events

Internal exceptions (20 events):
Event: 22.135 Thread 0x0000026fefc9fe30 Exception <a 'java/lang/NoSuchMethodError'{0x00000000d5c4bd50}: 'java.lang.Object java.lang.invoke.DirectMethodHandle$Holder.invokeStatic(java.lang.Object, int, java.lang.Object)'> (0x00000000d5c4bd50) 
thrown [s\src\hotspot\share\interpreter\linkResolver.cpp, line 773]
Event: 22.213 Thread 0x0000026fefc9fe30 Exception <a 'java/lang/NoSuchMethodError'{0x00000000d614ac00}: 'void java.lang.invoke.DelegatingMethodHandle$Holder.reinvoke_L(java.lang.Object, java.lang.Object, java.lang.Object, int, java.lang.Object, int, int)'> (0x00000000d614ac00) 
thrown [s\src\hotspot\share\interpreter\linkResolver.cpp, line 773]
Event: 22.667 Thread 0x0000026fefc9fe30 Exception <a 'java/lang/LinkageError'{0x00000000d5b87900}: loader lombok.launch.ShadowClassLoader @3b71d55d attempted duplicate class definition for lombok.launch.PatchFixesHider$Val. (lombok.launch.PatchFixesHider$Val is in unnamed module of loader lombok.launch.ShadowClassLoader @3b71d55d, parent loader org.eclipse.osgi.internal.loader.EquinoxClassLoader @c6e7735)> (0x00000000d5b87900) 
thrown [s\src\hotspot\share\classfile\systemDictionary.cpp, line 1682]
Event: 22.710 Thread 0x0000026ff5cb6c50 Exception <a 'java/lang/LinkageError'{0x00000000d5bf0d38}: loader lombok.launch.ShadowClassLoader @3b71d55d attempted duplicate class definition for lombok.launch.PatchFixesHider$ExtensionMethod. (lombok.launch.PatchFixesHider$ExtensionMethod is in unnamed module of loader lombok.launch.ShadowClassLoader @3b71d55d, parent loader org.eclipse.osgi.internal.loader.EquinoxClassLoader @c6e7735)> (0x00000000d5bf0d38) 
thrown [s\src\hotspot\share\classfile\systemDictionary.cpp, line 1682]
Event: 22.982 Thread 0x0000026ff5cb6c50 Exception <a 'java/io/FileNotFoundException'{0x00000000d653be00}> (0x00000000d653be00) 
thrown [s\src\hotspot\share\prims\jni.cpp, line 520]
Event: 22.983 Thread 0x0000026ff5cb6c50 Exception <a 'java/io/FileNotFoundException'{0x00000000d653ce70}> (0x00000000d653ce70) 
thrown [s\src\hotspot\share\prims\jni.cpp, line 520]
Event: 22.983 Thread 0x0000026ff5cb6c50 Exception <a 'java/io/FileNotFoundException'{0x00000000d653dc58}> (0x00000000d653dc58) 
thrown [s\src\hotspot\share\prims\jni.cpp, line 520]
Event: 60.012 Thread 0x0000026ff5cb3140 Exception <a 'java/lang/NoSuchMethodError'{0x00000000d5b90170}: 'void java.lang.invoke.DirectMethodHandle$Holder.invokeInterface(java.lang.Object, java.lang.Object)'> (0x00000000d5b90170) 
thrown [s\src\hotspot\share\interpreter\linkResolver.cpp, line 773]
Event: 60.032 Thread 0x0000026ff5cb37d0 Implicit null exception at 0x0000026fa1dff2ae to 0x0000026fa1e00114
Event: 60.061 Thread 0x0000026ff5cb37d0 Exception <a 'java/io/FileNotFoundException'{0x00000000d5ceb828}> (0x00000000d5ceb828) 
thrown [s\src\hotspot\share\prims\jni.cpp, line 520]
Event: 60.287 Thread 0x0000026ff5cb37d0 Exception <a 'java/lang/NoSuchMethodError'{0x00000000d5f11930}: 'java.lang.Object java.lang.invoke.DirectMethodHandle$Holder.newInvokeSpecial(java.lang.Object, java.lang.Object, java.lang.Object, java.lang.Object, java.lang.Object, java.lang.Object, java.lang.Object, java.lang.Object, java.lang.Object, java.lang.Object)'> (0x00000000d5f11930) 
thrown [s\src\hotspot\share\interpreter\linkResolver.cpp, line 773]
Event: 60.305 Thread 0x0000026ff6dc5110 Implicit null exception at 0x0000026fa1ec298d to 0x0000026fa1ec3d58
Event: 60.665 Thread 0x0000026ff5cb37d0 Exception <a 'sun/nio/fs/WindowsException'{0x00000000d5ffbf28}> (0x00000000d5ffbf28) 
thrown [s\src\hotspot\share\prims\jni.cpp, line 520]
Event: 60.750 Thread 0x0000026ff5cb3140 Exception <a 'java/io/IOException'{0x00000000d5c2c4e0}> (0x00000000d5c2c4e0) 
thrown [s\src\hotspot\share\prims\jni.cpp, line 520]
Event: 60.850 Thread 0x0000026ff6dc5110 Exception <a 'sun/nio/fs/WindowsException'{0x00000000d60a8ef8}> (0x00000000d60a8ef8) 
thrown [s\src\hotspot\share\prims\jni.cpp, line 520]
Event: 60.851 Thread 0x0000026ff6dc5110 Exception <a 'sun/nio/fs/WindowsException'{0x00000000d60a9568}> (0x00000000d60a9568) 
thrown [s\src\hotspot\share\prims\jni.cpp, line 520]
Event: 60.852 Thread 0x0000026ff6dc5110 Exception <a 'sun/nio/fs/WindowsException'{0x00000000d60a9f90}> (0x00000000d60a9f90) 
thrown [s\src\hotspot\share\prims\jni.cpp, line 520]
Event: 60.853 Thread 0x0000026ff6dc5110 Exception <a 'sun/nio/fs/WindowsException'{0x00000000d60aa5c0}> (0x00000000d60aa5c0) 
thrown [s\src\hotspot\share\prims\jni.cpp, line 520]
Event: 60.913 Thread 0x0000026ff6dc5110 Exception <a 'java/io/FileNotFoundException'{0x00000000d60eb418}> (0x00000000d60eb418) 
thrown [s\src\hotspot\share\prims\jni.cpp, line 520]
Event: 60.916 Thread 0x0000026ff6dc5110 Exception <a 'java/io/FileNotFoundException'{0x00000000d60ec490}> (0x00000000d60ec490) 
thrown [s\src\hotspot\share\prims\jni.cpp, line 520]

ZGC Phase Switch (0 events):
No events

VM Operations (20 events):
Event: 52.545 Executing VM operation: HandshakeAllThreads (Deoptimize)
Event: 52.545 Executing VM operation: HandshakeAllThreads (Deoptimize) done
Event: 52.545 Executing VM operation: Cleanup
Event: 52.546 Executing VM operation: Cleanup done
Event: 52.571 Executing VM operation: HandshakeAllThreads (Deoptimize)
Event: 52.571 Executing VM operation: HandshakeAllThreads (Deoptimize) done
Event: 52.632 Executing VM operation: HandshakeAllThreads (Deoptimize)
Event: 52.632 Executing VM operation: HandshakeAllThreads (Deoptimize) done
Event: 52.846 Executing VM operation: ParallelGCFailedAllocation (Allocation Failure)
Event: 52.851 Executing VM operation: ParallelGCFailedAllocation (Allocation Failure) done
Event: 53.858 Executing VM operation: Cleanup
Event: 53.858 Executing VM operation: Cleanup done
Event: 60.046 Executing VM operation: HandshakeAllThreads (HandshakeForDeflation)
Event: 60.046 Executing VM operation: HandshakeAllThreads (HandshakeForDeflation) done
Event: 60.046 Executing VM operation: Cleanup
Event: 60.046 Executing VM operation: Cleanup done
Event: 60.046 Executing VM operation: RendezvousGCThreads
Event: 60.046 Executing VM operation: RendezvousGCThreads done
Event: 60.980 Executing VM operation: HandshakeAllThreads (Deoptimize)
Event: 60.980 Executing VM operation: HandshakeAllThreads (Deoptimize) done

Memory protections (0 events):
No events

Nmethod flushes (20 events):
Event: 17.313 Thread 0x0000026f96e12d00 flushing  nmethod 0x0000026f9a4cdd10
Event: 17.313 Thread 0x0000026f96e12d00 flushing  nmethod 0x0000026f9a4ce890
Event: 17.313 Thread 0x0000026f96e12d00 flushing  nmethod 0x0000026f9a4ced10
Event: 17.313 Thread 0x0000026f96e12d00 flushing  nmethod 0x0000026f9a4d0010
Event: 17.313 Thread 0x0000026f96e12d00 flushing  nmethod 0x0000026f9a4d3010
Event: 17.313 Thread 0x0000026f96e12d00 flushing  nmethod 0x0000026f9a4d3890
Event: 17.313 Thread 0x0000026f96e12d00 flushing  nmethod 0x0000026f9a4d4090
Event: 17.313 Thread 0x0000026f96e12d00 flushing  nmethod 0x0000026f9a4d4890
Event: 17.313 Thread 0x0000026f96e12d00 flushing  nmethod 0x0000026f9a4d4f90
Event: 17.313 Thread 0x0000026f96e12d00 flushing  nmethod 0x0000026f9a4d6590
Event: 17.313 Thread 0x0000026f96e12d00 flushing  nmethod 0x0000026f9a4d6d90
Event: 17.313 Thread 0x0000026f96e12d00 flushing  nmethod 0x0000026f9a4d7b10
Event: 17.313 Thread 0x0000026f96e12d00 flushing  nmethod 0x0000026f9a4d8910
Event: 17.313 Thread 0x0000026f96e12d00 flushing  nmethod 0x0000026f9a4db990
Event: 17.313 Thread 0x0000026f96e12d00 flushing  nmethod 0x0000026f9a4f7190
Event: 17.313 Thread 0x0000026f96e12d00 flushing  nmethod 0x0000026f9a509090
Event: 17.313 Thread 0x0000026f96e12d00 flushing  nmethod 0x0000026f9a50cf90
Event: 17.313 Thread 0x0000026f96e12d00 flushing  nmethod 0x0000026f9a50d910
Event: 17.313 Thread 0x0000026f96e12d00 flushing  nmethod 0x0000026f9a551010
Event: 17.313 Thread 0x0000026f96e12d00 flushing  nmethod 0x0000026f9a561290

Events (20 events):
Event: 42.918 Thread 0x0000026f96f35cd0 Thread added: 0x0000026ff67960d0
Event: 44.430 Thread 0x0000026ff67960d0 Thread exited: 0x0000026ff67960d0
Event: 51.641 Thread 0x0000026f96f34840 Thread added: 0x0000026ff5ef88e0
Event: 52.462 Thread 0x0000026ff5ef88e0 Thread exited: 0x0000026ff5ef88e0
Event: 52.466 Thread 0x0000026f96f35cd0 Thread added: 0x0000026ff5ef7b40
Event: 58.505 Thread 0x0000026ff5ef7b40 Thread exited: 0x0000026ff5ef7b40
Event: 60.018 Thread 0x0000026ff5cb3140 Thread added: 0x0000026ff6dc4a80
Event: 60.041 Thread 0x0000026ff5cb37d0 Thread added: 0x0000026ff6dc5110
Event: 60.048 Thread 0x0000026ff6dc5110 Thread added: 0x0000026ff6dc9940
Event: 60.051 Thread 0x0000026ff6dc9940 Thread exited: 0x0000026ff6dc9940
Event: 60.052 Thread 0x0000026ff6dc5110 Thread exited: 0x0000026ff6dc5110
Event: 60.131 Thread 0x0000026f96f34840 Thread added: 0x0000026ff5ef7470
Event: 60.292 Thread 0x0000026ff5cb37d0 Thread added: 0x0000026ff6dc3d60
Event: 60.297 Thread 0x0000026ff6dc3d60 Thread added: 0x0000026ff6dc5110
Event: 60.311 Thread 0x0000026ff6dc3d60 Thread added: 0x0000026ff6dc57a0
Event: 60.631 Thread 0x0000026ff6dc57a0 Thread exited: 0x0000026ff6dc57a0
Event: 60.633 Thread 0x0000026ff6dc5110 Thread exited: 0x0000026ff6dc5110
Event: 60.633 Thread 0x0000026ff6dc3d60 Thread exited: 0x0000026ff6dc3d60
Event: 60.788 Thread 0x0000026f96e81fe0 Thread added: 0x0000026ff6dc5110
Event: 60.968 Thread 0x0000026ff6dc5110 Thread added: 0x0000026ff6dc3040


Dynamic libraries:
0x00007ff645c00000 - 0x00007ff645c0e000 	c:\Users\Shreyansh Bhardwaj\.vscode\extensions\redhat.java-1.44.0-win32-x64\jre\21.0.8-win32-x86_64\bin\java.exe
0x00007ffb243f0000 - 0x00007ffb24607000 	C:\WINDOWS\SYSTEM32\ntdll.dll
0x00007ffb231d0000 - 0x00007ffb23294000 	C:\WINDOWS\System32\KERNEL32.DLL
0x00007ffb219f0000 - 0x00007ffb21dc2000 	C:\WINDOWS\System32\KERNELBASE.dll
0x00007ffb21730000 - 0x00007ffb21841000 	C:\WINDOWS\System32\ucrtbase.dll
0x00007ffb1a000000 - 0x00007ffb1a018000 	c:\Users\Shreyansh Bhardwaj\.vscode\extensions\redhat.java-1.44.0-win32-x64\jre\21.0.8-win32-x86_64\bin\jli.dll
0x00007ffb22550000 - 0x00007ffb22701000 	C:\WINDOWS\System32\USER32.dll
0x00007ffb21880000 - 0x00007ffb218a6000 	C:\WINDOWS\System32\win32u.dll
0x00007ffb23300000 - 0x00007ffb23329000 	C:\WINDOWS\System32\GDI32.dll
0x00007ffb21600000 - 0x00007ffb21723000 	C:\WINDOWS\System32\gdi32full.dll
0x00007ffb214e0000 - 0x00007ffb2157a000 	C:\WINDOWS\System32\msvcp_win.dll
0x00007ffb0eef0000 - 0x00007ffb0ef0e000 	c:\Users\Shreyansh Bhardwaj\.vscode\extensions\redhat.java-1.44.0-win32-x64\jre\21.0.8-win32-x86_64\bin\VCRUNTIME140.dll
0x00007ffb0ffe0000 - 0x00007ffb1027b000 	C:\WINDOWS\WinSxS\amd64_microsoft.windows.common-controls_6595b64144ccf1df_6.0.22621.5547_none_27104afb73855772\COMCTL32.dll
0x00007ffb23b70000 - 0x00007ffb23c17000 	C:\WINDOWS\System32\msvcrt.dll
0x00007ffb23880000 - 0x00007ffb238b1000 	C:\WINDOWS\System32\IMM32.DLL
0x00007ffb1dba0000 - 0x00007ffb1dbac000 	c:\Users\Shreyansh Bhardwaj\.vscode\extensions\redhat.java-1.44.0-win32-x64\jre\21.0.8-win32-x86_64\bin\vcruntime140_1.dll
0x00007ffae21b0000 - 0x00007ffae223d000 	c:\Users\Shreyansh Bhardwaj\.vscode\extensions\redhat.java-1.44.0-win32-x64\jre\21.0.8-win32-x86_64\bin\msvcp140.dll
0x00007ffa6b3e0000 - 0x00007ffa6c177000 	c:\Users\Shreyansh Bhardwaj\.vscode\extensions\redhat.java-1.44.0-win32-x64\jre\21.0.8-win32-x86_64\bin\server\jvm.dll
0x00007ffb22fc0000 - 0x00007ffb23071000 	C:\WINDOWS\System32\ADVAPI32.dll
0x00007ffb236c0000 - 0x00007ffb23768000 	C:\WINDOWS\System32\sechost.dll
0x00007ffb21850000 - 0x00007ffb21878000 	C:\WINDOWS\System32\bcrypt.dll
0x00007ffb23080000 - 0x00007ffb23194000 	C:\WINDOWS\System32\RPCRT4.dll
0x00007ffb23350000 - 0x00007ffb233c1000 	C:\WINDOWS\System32\WS2_32.dll
0x00007ffb213b0000 - 0x00007ffb213fd000 	C:\WINDOWS\SYSTEM32\POWRPROF.dll
0x00007ffb192b0000 - 0x00007ffb192e4000 	C:\WINDOWS\SYSTEM32\WINMM.dll
0x00007ffb17ac0000 - 0x00007ffb17aca000 	C:\WINDOWS\SYSTEM32\VERSION.dll
0x00007ffb21390000 - 0x00007ffb213a3000 	C:\WINDOWS\SYSTEM32\UMPDC.dll
0x00007ffb204e0000 - 0x00007ffb204f8000 	C:\WINDOWS\SYSTEM32\kernel.appcore.dll
0x00007ffb1db10000 - 0x00007ffb1db1a000 	c:\Users\Shreyansh Bhardwaj\.vscode\extensions\redhat.java-1.44.0-win32-x64\jre\21.0.8-win32-x86_64\bin\jimage.dll
0x00007ffb1efa0000 - 0x00007ffb1f1d3000 	C:\WINDOWS\SYSTEM32\DBGHELP.DLL
0x00007ffb23f80000 - 0x00007ffb24313000 	C:\WINDOWS\System32\combase.dll
0x00007ffb238c0000 - 0x00007ffb23997000 	C:\WINDOWS\System32\OLEAUT32.dll
0x00007ffb05580000 - 0x00007ffb055b2000 	C:\WINDOWS\SYSTEM32\dbgcore.DLL
0x00007ffb22000000 - 0x00007ffb2207b000 	C:\WINDOWS\System32\bcryptPrimitives.dll
0x00007ffb1c2d0000 - 0x00007ffb1c2df000 	c:\Users\Shreyansh Bhardwaj\.vscode\extensions\redhat.java-1.44.0-win32-x64\jre\21.0.8-win32-x86_64\bin\instrument.dll
0x00007ffb0ec90000 - 0x00007ffb0ecaf000 	c:\Users\Shreyansh Bhardwaj\.vscode\extensions\redhat.java-1.44.0-win32-x64\jre\21.0.8-win32-x86_64\bin\java.dll
0x00007ffb22710000 - 0x00007ffb22fb2000 	C:\WINDOWS\System32\SHELL32.dll
0x00007ffb218b0000 - 0x00007ffb219ef000 	C:\WINDOWS\System32\wintypes.dll
0x00007ffb1f3c0000 - 0x00007ffb1fcdd000 	C:\WINDOWS\SYSTEM32\windows.storage.dll
0x00007ffb233d0000 - 0x00007ffb234dc000 	C:\WINDOWS\System32\SHCORE.dll
0x00007ffb23d00000 - 0x00007ffb23d69000 	C:\WINDOWS\System32\shlwapi.dll
0x00007ffb21410000 - 0x00007ffb2143b000 	C:\WINDOWS\SYSTEM32\profapi.dll
0x00007ffb08f00000 - 0x00007ffb08f18000 	c:\Users\Shreyansh Bhardwaj\.vscode\extensions\redhat.java-1.44.0-win32-x64\jre\21.0.8-win32-x86_64\bin\zip.dll
0x00007ffb19a30000 - 0x00007ffb19a40000 	C:\Users\Shreyansh Bhardwaj\.vscode\extensions\redhat.java-1.44.0-win32-x64\jre\21.0.8-win32-x86_64\bin\net.dll
0x00007ffb17e60000 - 0x00007ffb17f8c000 	C:\WINDOWS\SYSTEM32\WINHTTP.dll
0x00007ffb209b0000 - 0x00007ffb20a19000 	C:\WINDOWS\system32\mswsock.dll
0x00007ffb03cc0000 - 0x00007ffb03cd6000 	C:\Users\Shreyansh Bhardwaj\.vscode\extensions\redhat.java-1.44.0-win32-x64\jre\21.0.8-win32-x86_64\bin\nio.dll
0x00007ffb154e0000 - 0x00007ffb154f0000 	c:\Users\Shreyansh Bhardwaj\.vscode\extensions\redhat.java-1.44.0-win32-x64\jre\21.0.8-win32-x86_64\bin\verify.dll
0x00007ffad7220000 - 0x00007ffad7265000 	C:\Users\Shreyansh Bhardwaj\AppData\Roaming\Code\User\globalStorage\redhat.java\1.44.0\config_ss_win\org.eclipse.equinox.launcher\org.eclipse.equinox.launcher.win32.win32.x86_64_1.2.1400.v20250730-1736\eclipse_11913.dll
0x00007ffb23de0000 - 0x00007ffb23f80000 	C:\WINDOWS\System32\ole32.dll
0x00007ffb20c00000 - 0x00007ffb20c1b000 	C:\WINDOWS\SYSTEM32\CRYPTSP.dll
0x00007ffb204a0000 - 0x00007ffb204d7000 	C:\WINDOWS\system32\rsaenh.dll
0x00007ffb20a50000 - 0x00007ffb20a78000 	C:\WINDOWS\SYSTEM32\USERENV.dll
0x00007ffb20bc0000 - 0x00007ffb20bcc000 	C:\WINDOWS\SYSTEM32\CRYPTBASE.dll
0x00007ffb1ff80000 - 0x00007ffb1ffad000 	C:\WINDOWS\SYSTEM32\IPHLPAPI.DLL
0x00007ffb23c30000 - 0x00007ffb23c39000 	C:\WINDOWS\System32\NSI.dll
0x00007ffad4240000 - 0x00007ffad4289000 	C:\Users\Shreyansh Bhardwaj\AppData\Local\Temp\jna-1901370432\jna12686081827944978680.dll
0x00007ffb23cf0000 - 0x00007ffb23cf8000 	C:\WINDOWS\System32\PSAPI.DLL
0x00007ffb17df0000 - 0x00007ffb17e09000 	C:\WINDOWS\SYSTEM32\dhcpcsvc6.DLL
0x00007ffb17db0000 - 0x00007ffb17dcf000 	C:\WINDOWS\SYSTEM32\dhcpcsvc.DLL
0x00007ffb20650000 - 0x00007ffb20684000 	C:\WINDOWS\SYSTEM32\ntmarta.dll

JVMTI agents:
c:\Users\Shreyansh Bhardwaj\.vscode\extensions\redhat.java-1.44.0-win32-x64\lombok\lombok-1.18.39-4050.jar path:c:\Users\Shreyansh Bhardwaj\.vscode\extensions\redhat.java-1.44.0-win32-x64\jre\21.0.8-win32-x86_64\bin\instrument.dll, loaded, initialized, instrumentlib options:none

dbghelp: loaded successfully - version: 4.0.5 - missing functions: none
symbol engine: initialized successfully - sym options: 0x614 - pdb path: .;c:\Users\Shreyansh Bhardwaj\.vscode\extensions\redhat.java-1.44.0-win32-x64\jre\21.0.8-win32-x86_64\bin;C:\WINDOWS\SYSTEM32;C:\WINDOWS\WinSxS\amd64_microsoft.windows.common-controls_6595b64144ccf1df_6.0.22621.5547_none_27104afb73855772;c:\Users\Shreyansh Bhardwaj\.vscode\extensions\redhat.java-1.44.0-win32-x64\jre\21.0.8-win32-x86_64\bin\server;C:\Users\Shreyansh Bhardwaj\AppData\Roaming\Code\User\globalStorage\redhat.java\1.44.0\config_ss_win\org.eclipse.equinox.launcher\org.eclipse.equinox.launcher.win32.win32.x86_64_1.2.1400.v20250730-1736;C:\Users\Shreyansh Bhardwaj\AppData\Local\Temp\jna-1901370432

VM Arguments:
jvm_args: --add-modules=ALL-SYSTEM --add-opens=java.base/java.util=ALL-UNNAMED --add-opens=java.base/java.lang=ALL-UNNAMED --add-opens=java.base/sun.nio.fs=ALL-UNNAMED -Declipse.application=org.eclipse.jdt.ls.core.id1 -Dosgi.bundles.defaultStartLevel=4 -Declipse.product=org.eclipse.jdt.ls.core.product -Djava.import.generatesMetadataFilesAtProjectRoot=false -DDetectVMInstallationsJob.disabled=true -Dfile.encoding=utf8 -XX:+UseParallelGC -XX:GCTimeRatio=4 -XX:AdaptiveSizePolicyWeight=90 -Dsun.zip.disableMemoryMapping=true -Xmx2G -Xms100m -Xlog:disable -javaagent:c:\Users\Shreyansh Bhardwaj\.vscode\extensions\redhat.java-1.44.0-win32-x64\lombok\lombok-1.18.39-4050.jar 
java_command: c:\Users\Shreyansh Bhardwaj\.vscode\extensions\redhat.java-1.44.0-win32-x64\server\plugins\org.eclipse.equinox.launcher_1.7.0.v20250519-0528.jar -configuration c:\Users\Shreyansh Bhardwaj\AppData\Roaming\Code\User\globalStorage\redhat.java\1.44.0\config_ss_win -data c:\Users\Shreyansh Bhardwaj\AppData\Roaming\Code\User\workspaceStorage\78c7e8b256210418a5575d8a2d98ab2c\redhat.java\ss_ws --pipe=\\.\pipe\lsp-66521202c5c62a5c581fd711b91477ef-sock
java_class_path (initial): c:\Users\Shreyansh Bhardwaj\.vscode\extensions\redhat.java-1.44.0-win32-x64\server\plugins\org.eclipse.equinox.launcher_1.7.0.v20250519-0528.jar
Launcher Type: SUN_STANDARD

[Global flags]
    uintx AdaptiveSizePolicyWeight                 = 90                                        {product} {command line}
     intx CICompilerCount                          = 4                                         {product} {ergonomic}
    uintx GCTimeRatio                              = 4                                         {product} {command line}
   size_t InitialHeapSize                          = 104857600                                 {product} {command line}
   size_t MaxHeapSize                              = 2147483648                                {product} {command line}
   size_t MaxNewSize                               = 715653120                                 {product} {ergonomic}
   size_t MinHeapDeltaBytes                        = 524288                                    {product} {ergonomic}
   size_t MinHeapSize                              = 104857600                                 {product} {command line}
   size_t NewSize                                  = 34603008                                  {product} {ergonomic}
    uintx NonNMethodCodeHeapSize                   = 5839372                                {pd product} {ergonomic}
    uintx NonProfiledCodeHeapSize                  = 122909434                              {pd product} {ergonomic}
   size_t OldSize                                  = 70254592                                  {product} {ergonomic}
    uintx ProfiledCodeHeapSize                     = 122909434                              {pd product} {ergonomic}
    uintx ReservedCodeCacheSize                    = 251658240                              {pd product} {ergonomic}
     bool SegmentedCodeCache                       = true                                      {product} {ergonomic}
   size_t SoftMaxHeapSize                          = 2147483648                             {manageable} {ergonomic}
     bool UseCompressedOops                        = true                           {product lp64_product} {ergonomic}
     bool UseLargePagesIndividualAllocation        = false                                  {pd product} {ergonomic}
     bool UseParallelGC                            = true                                      {product} {command line}

Logging:
Log output configuration:
 #0: stdout all=off uptime,level,tags foldmultilines=false
 #1: stderr all=off uptime,level,tags foldmultilines=false

Environment Variables:
JAVA_HOME=C:\Program Files\Java\jdk-21
PATH=C:\Program Files\SqlCmd\;C:\Program Files\Microsoft MPI\Bin\;C:\Program Files\Common Files\Oracle\Java\javapath;C:\Program Files (x86)\Common Files\Oracle\Java\java8path;C:\Program Files (x86)\Common Files\Oracle\Java\javapath;C:\Program Files\Eclipse Adoptium\jdk-21.0.3.9-hotspot\bin;C:\Windows\system32;C:\Windows;C:\Windows\System32\Wbem;C:\Windows\System32\WindowsPowerShell\v1.0\;C:\Windows\System32\OpenSSH\;C:\Program Files (x86)\NVIDIA Corporation\PhysX\Common;C:\Program Files\NVIDIA Corporation\NVIDIA NvDLISR;C:\WINDOWS\system32;C:\WINDOWS;C:\WINDOWS\System32\Wbem;C:\WINDOWS\System32\WindowsPowerShell\v1.0\;C:\WINDOWS\System32\OpenSSH\;C:\MinGW\bin;C:\SFML-2.6.1\bin;C:\Program Files\dotnet\;C:\Program Files\CMake\bin;C:\Program Files\Git\cmd;C:\Program Files\MySQL\MySQL Server 8.0\bin;C:\Program Files\Microsoft SQL Server\Client SDK\ODBC\170\Tools\Binn\;C:\Program Files (x86)\Microsoft SQL Server\160\DTS\Binn\;C:\Program Files\Azure Data Studio\bin;C:\Program Files (x86)\Windows Kits\10\Windows Performance Toolkit\;C:\Program Files (x86)\Microsoft SQL Server\160\Tools\Binn\;C:\Program Files\Microsoft SQL Server\160\Tools\Binn\;C:\Program Files\Microsoft SQL Server\160\DTS\Binn\;C:\Program Files\Docker\Docker\resources\bin;C:\Program Files\nodejs\;C:\Users\Shreyansh Bhardwaj\AppData\Local\Programs\Python\Python313\Scripts\;C:\Users\Shreyansh Bhardwaj\AppData\Local\Programs\Python\Python313\;C:\Users\Shreyansh Bhardwaj\AppData\Local\Programs\Python\Launcher\;C:\Program Files\MySQL\MySQL Shell 8.0\bin\;C:\Users\Shreyansh Bhardwaj\AppData\Local\Microsoft\WindowsApps;C:\Users\Shreyansh Bhardwaj\AppData\Local\Programs\Microsoft VS Code\bin;C:\Users\Shreyansh Bhardwaj\AppData\Local\Programs\mongosh\;C:\Users\Shreyansh Bhardwaj\.dotnet\tools;C:\msys64\ucrt64\bin;C:\Users\Shreyansh Bhardwaj\AppData\Local\Programs\Python\Python313\Scripts;;C:\Program Files\JetBrains\IntelliJ IDEA 2023.1.3\bin;;C:\Users\Shreyansh Bhardwaj\.dotnet\tools;C:\Program Files\Azure Data Studio\bin;C:\Users\Shreyansh Bhardwaj\AppData\Roaming\npm
USERNAME=Shreyansh Bhardwaj
OS=Windows_NT
PROCESSOR_IDENTIFIER=AMD64 Family 25 Model 80 Stepping 0, AuthenticAMD
TMP=C:\Users\SHREYA~1\AppData\Local\Temp
TEMP=C:\Users\SHREYA~1\AppData\Local\Temp




Periodic native trim disabled

---------------  S Y S T E M  ---------------

OS:
 Windows 11 , 64 bit Build 22621 (10.0.22621.5415)
OS uptime: 1 days 23:11 hours
Hyper-V role detected

CPU: total 12 (initial active 12) (12 cores per cpu, 2 threads per core) family 25 model 80 stepping 0 microcode 0x0, cx8, cmov, fxsr, ht, mmx, 3dnowpref, sse, sse2, sse3, ssse3, sse4a, sse4.1, sse4.2, popcnt, lzcnt, tsc, tscinvbit, avx, avx2, aes, erms, clmul, bmi1, bmi2, adx, sha, fma, vzeroupper, clflush, clflushopt, hv, rdtscp, rdpid, fsrm, f16c, cet_ss
Processor Information for the first 12 processors :
  Max Mhz: 3301, Current Mhz: 1908, Mhz Limit: 3301

Memory: 4k page, system-wide physical 7532M (296M free)
TotalPageFile size 21768M (AvailPageFile size 1M)
current process WorkingSet (physical memory assigned to process): 201M, peak: 231M
current process commit charge ("private bytes"): 332M, peak: 350M

vm_info: OpenJDK 64-Bit Server VM (21.0.8+9-LTS) for windows-amd64 JRE (21.0.8+9-LTS), built on 2025-07-15T00:00:00Z by "admin" with MS VC++ 17.7 (VS2022)

END.
