#
# There is insufficient memory for the Java Runtime Environment to continue.
# Native memory allocation (malloc) failed to allocate 535760 bytes. Error detail: Chunk::new
# Possible reasons:
#   The system is out of physical RAM or swap space
#   This process is running with CompressedOops enabled, and the Java Heap may be blocking the growth of the native heap
# Possible solutions:
#   Reduce memory load on the system
#   Increase physical memory or swap space
#   Check if swap backing store is full
#   Decrease Java heap size (-Xmx/-Xms)
#   Decrease number of Java threads
#   Decrease Java thread stack sizes (-Xss)
#   Set larger code cache with -XX:ReservedCodeCacheSize=
#   JVM is running with Unscaled Compressed Oops mode in which the Java heap is
#     placed in the first 4GB address space. The Java Heap base address is the
#     maximum limit for the native heap growth. Please use -XX:HeapBaseMinAddress
#     to set the Java Heap base and to place the Java Heap above 4GB virtual address.
# This output file may be truncated or incomplete.
#
#  Out of Memory Error (arena.cpp:168), pid=26068, tid=18676
#
# JRE version: OpenJDK Runtime Environment Temurin-21.0.8+9 (21.0.8+9) (build 21.0.8+9-LTS)
# Java VM: OpenJDK 64-Bit Server VM Temurin-21.0.8+9 (21.0.8+9-LTS, mixed mode, sharing, tiered, compressed oops, compressed class ptrs, parallel gc, windows-amd64)
# No core dump will be written. Minidumps are not enabled by default on client versions of Windows
#

---------------  S U M M A R Y ------------

Command Line: --add-modules=ALL-SYSTEM --add-opens=java.base/java.util=ALL-UNNAMED --add-opens=java.base/java.lang=ALL-UNNAMED --add-opens=java.base/sun.nio.fs=ALL-UNNAMED -Declipse.application=org.eclipse.jdt.ls.core.id1 -Dosgi.bundles.defaultStartLevel=4 -Declipse.product=org.eclipse.jdt.ls.core.product -Djava.import.generatesMetadataFilesAtProjectRoot=false -DDetectVMInstallationsJob.disabled=true -Dfile.encoding=utf8 -XX:+UseParallelGC -XX:GCTimeRatio=4 -XX:AdaptiveSizePolicyWeight=90 -Dsun.zip.disableMemoryMapping=true -Xmx2G -Xms100m -Xlog:disable -javaagent:c:\Users\Shreyansh Bhardwaj\.vscode\extensions\redhat.java-1.44.0-win32-x64\lombok\lombok-1.18.39-4050.jar c:\Users\Shreyansh Bhardwaj\.vscode\extensions\redhat.java-1.44.0-win32-x64\server\plugins\org.eclipse.equinox.launcher_1.7.0.v20250519-0528.jar -configuration c:\Users\Shreyansh Bhardwaj\AppData\Roaming\Code\User\globalStorage\redhat.java\1.44.0\config_ss_win -data c:\Users\Shreyansh Bhardwaj\AppData\Roaming\Code\User\workspaceStorage\78c7e8b256210418a5575d8a2d98ab2c\redhat.java\ss_ws --pipe=\\.\pipe\lsp-27e17a47d9797ebe795040ffb339e034-sock

Host: AMD Ryzen 5 5600H with Radeon Graphics         , 12 cores, 7G,  Windows 11 , 64 bit Build 22621 (10.0.22621.5415)
Time: Thu Aug  7 11:03:53 2025 India Standard Time elapsed time: 11.517920 seconds (0d 0h 0m 11s)

---------------  T H R E A D  ---------------

Current thread (0x00000177a0e8bd30):  JavaThread "C2 CompilerThread0" daemon [_thread_in_native, id=18676, stack(0x00000062c2200000,0x00000062c2300000) (1024K)]


Current CompileTask:
C2:11518 4273       4       jdk.internal.jimage.ImageLocation::getFullName (109 bytes)

Stack: [0x00000062c2200000,0x00000062c2300000]
Native frames: (J=compiled Java code, j=interpreted, Vv=VM code, C=native code)
V  [jvm.dll+0x6d2449]
V  [jvm.dll+0x8ae341]
V  [jvm.dll+0x8b08be]
V  [jvm.dll+0x8b0fa3]
V  [jvm.dll+0x280c96]
V  [jvm.dll+0xc581d]
V  [jvm.dll+0xc5d53]
V  [jvm.dll+0x3b919c]
V  [jvm.dll+0x1e1409]
V  [jvm.dll+0x249022]
V  [jvm.dll+0x2484af]
V  [jvm.dll+0x1c89ee]
V  [jvm.dll+0x257d4d]
V  [jvm.dll+0x2562ea]
V  [jvm.dll+0x3f2d16]
V  [jvm.dll+0x857e6b]
V  [jvm.dll+0x6d0b0d]
C  [ucrtbase.dll+0x29333]
C  [KERNEL32.DLL+0x1259d]
C  [ntdll.dll+0x5af78]


---------------  P R O C E S S  ---------------

Threads class SMR info:
_java_thread_list=0x0000017780252a20, length=40, elements={
0x00000177a0de3cf0, 0x00000177a0e863d0, 0x00000177a0d8cdc0, 0x00000177a0e86f80,
0x00000177a0e875e0, 0x00000177a0e882f0, 0x00000177a0e8afb0, 0x00000177a0e8bd30,
0x00000177a0e98280, 0x00000177a0e52120, 0x00000177f9e8aaf0, 0x00000177ff5793c0,
0x00000177ff574560, 0x00000177ff38e3d0, 0x00000177ff6816f0, 0x00000177ff731fc0,
0x00000177802214f0, 0x00000177802258c0, 0x0000017780fc98e0, 0x0000017780fcc040,
0x0000017780fcb9b0, 0x0000017780fc9f70, 0x0000017780fca600, 0x0000017780fcac90,
0x0000017780fcb320, 0x0000017780fcc6d0, 0x0000017780fc9250, 0x0000017781695620,
0x0000017781692ec0, 0x0000017781694f90, 0x0000017781692830, 0x0000017781695cb0,
0x0000017781693550, 0x0000017781693be0, 0x0000017781694270, 0x0000017781694900,
0x0000017781a83940, 0x0000017781a81f00, 0x0000017781a82590, 0x0000017781a82c20
}

Java Threads: ( => current thread )
  0x00000177a0de3cf0 JavaThread "main"                              [_thread_blocked, id=21448, stack(0x00000062c1800000,0x00000062c1900000) (1024K)]
  0x00000177a0e863d0 JavaThread "Reference Handler"          daemon [_thread_blocked, id=19932, stack(0x00000062c1c00000,0x00000062c1d00000) (1024K)]
  0x00000177a0d8cdc0 JavaThread "Finalizer"                  daemon [_thread_blocked, id=9900, stack(0x00000062c1d00000,0x00000062c1e00000) (1024K)]
  0x00000177a0e86f80 JavaThread "Signal Dispatcher"          daemon [_thread_blocked, id=3252, stack(0x00000062c1e00000,0x00000062c1f00000) (1024K)]
  0x00000177a0e875e0 JavaThread "Attach Listener"            daemon [_thread_blocked, id=21112, stack(0x00000062c1f00000,0x00000062c2000000) (1024K)]
  0x00000177a0e882f0 JavaThread "Service Thread"             daemon [_thread_blocked, id=24228, stack(0x00000062c2000000,0x00000062c2100000) (1024K)]
  0x00000177a0e8afb0 JavaThread "Monitor Deflation Thread"   daemon [_thread_blocked, id=5580, stack(0x00000062c2100000,0x00000062c2200000) (1024K)]
=>0x00000177a0e8bd30 JavaThread "C2 CompilerThread0"         daemon [_thread_in_native, id=18676, stack(0x00000062c2200000,0x00000062c2300000) (1024K)]
  0x00000177a0e98280 JavaThread "C1 CompilerThread0"         daemon [_thread_blocked, id=10200, stack(0x00000062c2300000,0x00000062c2400000) (1024K)]
  0x00000177a0e52120 JavaThread "Common-Cleaner"             daemon [_thread_blocked, id=4352, stack(0x00000062c2400000,0x00000062c2500000) (1024K)]
  0x00000177f9e8aaf0 JavaThread "Notification Thread"        daemon [_thread_blocked, id=8812, stack(0x00000062c2500000,0x00000062c2600000) (1024K)]
  0x00000177ff5793c0 JavaThread "Active Thread: Equinox Container: 1540928a-71ac-43eb-bc7c-21792420a93f"        [_thread_blocked, id=26612, stack(0x00000062c2c00000,0x00000062c2d00000) (1024K)]
  0x00000177ff574560 JavaThread "Framework Event Dispatcher: Equinox Container: 1540928a-71ac-43eb-bc7c-21792420a93f" daemon [_thread_blocked, id=4572, stack(0x00000062c2d00000,0x00000062c2e00000) (1024K)]
  0x00000177ff38e3d0 JavaThread "Start Level: Equinox Container: 1540928a-71ac-43eb-bc7c-21792420a93f" daemon [_thread_blocked, id=25548, stack(0x00000062c2e00000,0x00000062c2f00000) (1024K)]
  0x00000177ff6816f0 JavaThread "SCR Component Actor"        daemon [_thread_blocked, id=25932, stack(0x00000062c3000000,0x00000062c3100000) (1024K)]
  0x00000177ff731fc0 JavaThread "Worker-JM"                         [_thread_blocked, id=27520, stack(0x00000062c3200000,0x00000062c3300000) (1024K)]
  0x00000177802214f0 JavaThread "JNA Cleaner"                daemon [_thread_blocked, id=11916, stack(0x00000062c3500000,0x00000062c3600000) (1024K)]
  0x00000177802258c0 JavaThread "Worker-0"                          [_thread_blocked, id=22620, stack(0x00000062c3600000,0x00000062c3700000) (1024K)]
  0x0000017780fc98e0 JavaThread "Worker-1"                          [_thread_blocked, id=24668, stack(0x00000062c3700000,0x00000062c3800000) (1024K)]
  0x0000017780fcc040 JavaThread "Thread-2"                   daemon [_thread_in_native, id=26576, stack(0x00000062c3800000,0x00000062c3900000) (1024K)]
  0x0000017780fcb9b0 JavaThread "Thread-3"                   daemon [_thread_in_native, id=20196, stack(0x00000062c3900000,0x00000062c3a00000) (1024K)]
  0x0000017780fc9f70 JavaThread "Thread-4"                   daemon [_thread_in_native, id=27996, stack(0x00000062c3a00000,0x00000062c3b00000) (1024K)]
  0x0000017780fca600 JavaThread "Thread-5"                   daemon [_thread_in_native, id=2548, stack(0x00000062c3b00000,0x00000062c3c00000) (1024K)]
  0x0000017780fcac90 JavaThread "Thread-6"                   daemon [_thread_in_native, id=23308, stack(0x00000062c3c00000,0x00000062c3d00000) (1024K)]
  0x0000017780fcb320 JavaThread "Thread-7"                   daemon [_thread_in_native, id=18788, stack(0x00000062c3d00000,0x00000062c3e00000) (1024K)]
  0x0000017780fcc6d0 JavaThread "Thread-8"                   daemon [_thread_in_native, id=7152, stack(0x00000062c3e00000,0x00000062c3f00000) (1024K)]
  0x0000017780fc9250 JavaThread "Thread-9"                   daemon [_thread_in_native, id=14376, stack(0x00000062c3f00000,0x00000062c4000000) (1024K)]
  0x0000017781695620 JavaThread "Thread-10"                  daemon [_thread_in_native, id=21680, stack(0x00000062c4000000,0x00000062c4100000) (1024K)]
  0x0000017781692ec0 JavaThread "Thread-11"                  daemon [_thread_in_native, id=22424, stack(0x00000062c4100000,0x00000062c4200000) (1024K)]
  0x0000017781694f90 JavaThread "Thread-12"                  daemon [_thread_in_native, id=23452, stack(0x00000062c4200000,0x00000062c4300000) (1024K)]
  0x0000017781692830 JavaThread "Thread-13"                  daemon [_thread_in_native, id=13648, stack(0x00000062c4300000,0x00000062c4400000) (1024K)]
  0x0000017781695cb0 JavaThread "Thread-14"                  daemon [_thread_in_native, id=10424, stack(0x00000062c4400000,0x00000062c4500000) (1024K)]
  0x0000017781693550 JavaThread "pool-2-thread-1"                   [_thread_blocked, id=13620, stack(0x00000062c4500000,0x00000062c4600000) (1024K)]
  0x0000017781693be0 JavaThread "WorkspaceEventsHandler"            [_thread_blocked, id=10948, stack(0x00000062c4600000,0x00000062c4700000) (1024K)]
  0x0000017781694270 JavaThread "pool-1-thread-1"                   [_thread_blocked, id=13260, stack(0x00000062c4700000,0x00000062c4800000) (1024K)]
  0x0000017781694900 JavaThread "Worker-2"                          [_thread_blocked, id=19644, stack(0x00000062c4800000,0x00000062c4900000) (1024K)]
  0x0000017781a83940 JavaThread "ForkJoinPool.commonPool-worker-1" daemon [_thread_in_Java, id=13876, stack(0x00000062c4900000,0x00000062c4a00000) (1024K)]
  0x0000017781a81f00 JavaThread "ForkJoinPool.commonPool-worker-2" daemon [_thread_blocked, id=23100, stack(0x00000062c4a00000,0x00000062c4b00000) (1024K)]
  0x0000017781a82590 JavaThread "ForkJoinPool.commonPool-worker-3" daemon [_thread_blocked, id=28284, stack(0x00000062c4b00000,0x00000062c4c00000) (1024K)]
  0x0000017781a82c20 JavaThread "ForkJoinPool.commonPool-worker-4" daemon [_thread_blocked, id=6316, stack(0x00000062c4c00000,0x00000062c4d00000) (1024K)]
Total: 40

Other Threads:
  0x00000177a0e81c00 VMThread "VM Thread"                           [id=14556, stack(0x00000062c1b00000,0x00000062c1c00000) (1024K)]
  0x00000177a0c6c180 WatcherThread "VM Periodic Task Thread"        [id=14548, stack(0x00000062c1a00000,0x00000062c1b00000) (1024K)]
  0x00000177a0e02440 WorkerThread "GC Thread#0"                     [id=6576, stack(0x00000062c1900000,0x00000062c1a00000) (1024K)]
  0x00000177ff2021f0 WorkerThread "GC Thread#1"                     [id=10780, stack(0x00000062c2600000,0x00000062c2700000) (1024K)]
  0x00000177ff277cf0 WorkerThread "GC Thread#2"                     [id=10856, stack(0x00000062c2700000,0x00000062c2800000) (1024K)]
  0x00000177ff276ad0 WorkerThread "GC Thread#3"                     [id=19672, stack(0x00000062c2800000,0x00000062c2900000) (1024K)]
  0x00000177ff278090 WorkerThread "GC Thread#4"                     [id=12396, stack(0x00000062c2900000,0x00000062c2a00000) (1024K)]
  0x00000177ff277210 WorkerThread "GC Thread#5"                     [id=12332, stack(0x00000062c2a00000,0x00000062c2b00000) (1024K)]
  0x00000177ff278430 WorkerThread "GC Thread#6"                     [id=16432, stack(0x00000062c2b00000,0x00000062c2c00000) (1024K)]
  0x00000177ff276e70 WorkerThread "GC Thread#7"                     [id=15684, stack(0x00000062c2f00000,0x00000062c3000000) (1024K)]
  0x00000177ff277950 WorkerThread "GC Thread#8"                     [id=21948, stack(0x00000062c3300000,0x00000062c3400000) (1024K)]
  0x0000017780134020 WorkerThread "GC Thread#9"                     [id=17856, stack(0x00000062c3400000,0x00000062c3500000) (1024K)]
Total: 12

Threads with active compile tasks:
C2 CompilerThread0  11578 4273       4       jdk.internal.jimage.ImageLocation::getFullName (109 bytes)
C1 CompilerThread0  11578 4663       2       org.eclipse.jdt.internal.core.JavaProject::getEclipsePreferences (178 bytes)
Total: 2

VM state: not at safepoint (normal execution)

VM Mutex/Monitor currently owned by a thread: None

Heap address: 0x0000000080000000, size: 2048 MB, Compressed Oops mode: 32-bit

CDS archive(s) mapped at: [0x00000177b8000000-0x00000177b8ba0000-0x00000177b8ba0000), size 12189696, SharedBaseAddress: 0x00000177b8000000, ArchiveRelocationMode: 1.
Compressed class space mapped at: 0x00000177b9000000-0x00000177f9000000, reserved size: 1073741824
Narrow klass base: 0x00000177b8000000, Narrow klass shift: 0, Narrow klass range: 0x100000000

GC Precious Log:
 CardTable entry size: 512
 CPUs: 12 total, 12 available
 Memory: 7532M
 Large Page Support: Disabled
 NUMA Support: Disabled
 Compressed Oops: Enabled (32-bit)
 Alignments: Space 512K, Generation 512K, Heap 2M
 Heap Min Capacity: 100M
 Heap Initial Capacity: 100M
 Heap Max Capacity: 2G
 Pre-touch: Disabled
 Parallel Workers: 10

Heap:
 PSYoungGen      total 23552K, used 11841K [0x00000000d5580000, 0x00000000d7000000, 0x0000000100000000)
  eden space 22016K, 46% used [0x00000000d5580000,0x00000000d5f98598,0x00000000d6b00000)
  from space 1536K, 97% used [0x00000000d6e80000,0x00000000d6ff8010,0x00000000d7000000)
  to   space 2560K, 0% used [0x00000000d6c00000,0x00000000d6c00000,0x00000000d6e80000)
 ParOldGen       total 68608K, used 30812K [0x0000000080000000, 0x0000000084300000, 0x00000000d5580000)
  object space 68608K, 44% used [0x0000000080000000,0x0000000081e17040,0x0000000084300000)
 Metaspace       used 32705K, committed 33728K, reserved 1114112K
  class space    used 3324K, committed 3776K, reserved 1048576K

Card table byte_map: [0x00000177a0780000,0x00000177a0b90000] _byte_map_base: 0x00000177a0380000

Marking Bits: (ParMarkBitMap*) 0x00007ffa53e7a340
 Begin Bits: [0x00000177b3280000, 0x00000177b5280000)
 End Bits:   [0x00000177b5280000, 0x00000177b7280000)

Polling page: 0x000001779ec30000

Metaspace:

Usage:
  Non-class:     28.69 MB used.
      Class:      3.25 MB used.
       Both:     31.94 MB used.

Virtual space:
  Non-class space:       64.00 MB reserved,      29.25 MB ( 46%) committed,  1 nodes.
      Class space:        1.00 GB reserved,       3.69 MB ( <1%) committed,  1 nodes.
             Both:        1.06 GB reserved,      32.94 MB (  3%) committed. 

Chunk freelists:
   Non-Class:  2.38 MB
       Class:  12.33 MB
        Both:  14.70 MB

MaxMetaspaceSize: unlimited
CompressedClassSpaceSize: 1.00 GB
Initial GC threshold: 21.00 MB
Current GC threshold: 35.00 MB
CDS: on
 - commit_granule_bytes: 65536.
 - commit_granule_words: 8192.
 - virtual_space_node_default_size: 8388608.
 - enlarge_chunks_in_place: 1.
 - use_allocation_guard: 0.


Internal statistics:

num_allocs_failed_limit: 3.
num_arena_births: 834.
num_arena_deaths: 14.
num_vsnodes_births: 2.
num_vsnodes_deaths: 0.
num_space_committed: 527.
num_space_uncommitted: 0.
num_chunks_returned_to_freelist: 17.
num_chunks_taken_from_freelist: 2225.
num_chunk_merges: 9.
num_chunk_splits: 1391.
num_chunks_enlarged: 792.
num_inconsistent_stats: 0.

CodeHeap 'non-profiled nmethods': size=120000Kb used=1896Kb max_used=1896Kb free=118103Kb
 bounds [0x00000177abaa0000, 0x00000177abd10000, 0x00000177b2fd0000]
CodeHeap 'profiled nmethods': size=120000Kb used=8737Kb max_used=8737Kb free=111262Kb
 bounds [0x00000177a3fd0000, 0x00000177a4860000, 0x00000177ab500000]
CodeHeap 'non-nmethods': size=5760Kb used=1356Kb max_used=1407Kb free=4403Kb
 bounds [0x00000177ab500000, 0x00000177ab770000, 0x00000177abaa0000]
CodeCache: size=245760Kb, used=11989Kb, max_used=12040Kb, free=233768Kb
 total_blobs=5258, nmethods=4608, adapters=556, full_count=0
Compilation: enabled, stopped_count=0, restarted_count=0

Compilation events (20 events):
Event: 11.502 Thread 0x00000177a0e98280 4625   !   2       org.eclipse.jdt.internal.core.PackageFragmentRoot::getHandleMemento (219 bytes)
Event: 11.504 Thread 0x00000177a0e98280 nmethod 4625 0x00000177a4849290 code [0x00000177a4849600, 0x00000177a484a030]
Event: 11.504 Thread 0x00000177a0e98280 4623       2       org.eclipse.jdt.internal.core.JavaElement::getHandleMemento (18 bytes)
Event: 11.505 Thread 0x00000177a0e98280 nmethod 4623 0x00000177a484ab10 code [0x00000177a484ace0, 0x00000177a484af50]
Event: 11.505 Thread 0x00000177a0e98280 4624       2       org.eclipse.jdt.internal.core.JavaElement::getHandleMemento (27 bytes)
Event: 11.505 Thread 0x00000177a0e98280 nmethod 4624 0x00000177a484b090 code [0x00000177a484b280, 0x00000177a484b498]
Event: 11.505 Thread 0x00000177a0e98280 4626       2       org.eclipse.jdt.internal.core.JavaModel::getHandleMemento (10 bytes)
Event: 11.505 Thread 0x00000177a0e98280 nmethod 4626 0x00000177a484b610 code [0x00000177a484b7c0, 0x00000177a484b900]
Event: 11.507 Thread 0x00000177a0e98280 4628       2       org.eclipse.jdt.internal.core.JarPackageFragmentRoot::createChildren (97 bytes)
Event: 11.509 Thread 0x00000177a0e98280 nmethod 4628 0x00000177a484ba10 code [0x00000177a484bca0, 0x00000177a484c418]
Event: 11.509 Thread 0x00000177a0e98280 4629  s    2       sun.nio.ch.ChannelInputStream::read (77 bytes)
Event: 11.510 Thread 0x00000177a0e98280 nmethod 4629 0x00000177a484c910 code [0x00000177a484cb00, 0x00000177a484cf18]
Event: 11.512 Thread 0x00000177a0e98280 4630       3       java.lang.invoke.DirectMethodHandle$Accessor::checkCast (9 bytes)
Event: 11.512 Thread 0x00000177a0e98280 nmethod 4630 0x00000177a484d110 code [0x00000177a484d2e0, 0x00000177a484d5e8]
Event: 11.512 Thread 0x00000177a0e98280 4631   !   2       sun.nio.fs.WindowsPath::toAbsolutePath (56 bytes)
Event: 11.513 Thread 0x00000177a0e98280 nmethod 4631 0x00000177a484d710 code [0x00000177a484d900, 0x00000177a484dc90]
Event: 11.513 Thread 0x00000177a0e98280 4633       2       sun.nio.fs.WindowsPath::toAbsolutePath (5 bytes)
Event: 11.513 Thread 0x00000177a0e98280 nmethod 4633 0x00000177a484df10 code [0x00000177a484e0c0, 0x00000177a484e1e8]
Event: 11.513 Thread 0x00000177a0e98280 4632   !   2       org.eclipse.jdt.internal.compiler.util.JRTUtil::getJrtSystem (72 bytes)
Event: 11.514 Thread 0x00000177a0e98280 nmethod 4632 0x00000177a484e290 code [0x00000177a484e4a0, 0x00000177a484e898]

GC Heap History (20 events):
Event: 6.941 GC heap before
{Heap before GC invocations=7 (full 1):
 PSYoungGen      total 30720K, used 5326K [0x00000000d5580000, 0x00000000d7a80000, 0x0000000100000000)
  eden space 25088K, 0% used [0x00000000d5580000,0x00000000d5580000,0x00000000d6e00000)
  from space 5632K, 94% used [0x00000000d7500000,0x00000000d7a33a50,0x00000000d7a80000)
  to   space 5632K, 0% used [0x00000000d6f80000,0x00000000d6f80000,0x00000000d7500000)
 ParOldGen       total 68608K, used 9306K [0x0000000080000000, 0x0000000084300000, 0x00000000d5580000)
  object space 68608K, 13% used [0x0000000080000000,0x0000000080916ad0,0x0000000084300000)
 Metaspace       used 20802K, committed 21504K, reserved 1114112K
  class space    used 2053K, committed 2368K, reserved 1048576K
}
Event: 6.994 GC heap after
{Heap after GC invocations=7 (full 1):
 PSYoungGen      total 30720K, used 0K [0x00000000d5580000, 0x00000000d7a80000, 0x0000000100000000)
  eden space 25088K, 0% used [0x00000000d5580000,0x00000000d5580000,0x00000000d6e00000)
  from space 5632K, 0% used [0x00000000d7500000,0x00000000d7500000,0x00000000d7a80000)
  to   space 5632K, 0% used [0x00000000d6f80000,0x00000000d6f80000,0x00000000d7500000)
 ParOldGen       total 68608K, used 13573K [0x0000000080000000, 0x0000000084300000, 0x00000000d5580000)
  object space 68608K, 19% used [0x0000000080000000,0x0000000080d41440,0x0000000084300000)
 Metaspace       used 20789K, committed 21504K, reserved 1114112K
  class space    used 2049K, committed 2368K, reserved 1048576K
}
Event: 7.995 GC heap before
{Heap before GC invocations=8 (full 1):
 PSYoungGen      total 30720K, used 25088K [0x00000000d5580000, 0x00000000d7a80000, 0x0000000100000000)
  eden space 25088K, 100% used [0x00000000d5580000,0x00000000d6e00000,0x00000000d6e00000)
  from space 5632K, 0% used [0x00000000d7500000,0x00000000d7500000,0x00000000d7a80000)
  to   space 5632K, 0% used [0x00000000d6f80000,0x00000000d6f80000,0x00000000d7500000)
 ParOldGen       total 68608K, used 13573K [0x0000000080000000, 0x0000000084300000, 0x00000000d5580000)
  object space 68608K, 19% used [0x0000000080000000,0x0000000080d41440,0x0000000084300000)
 Metaspace       used 23029K, committed 23744K, reserved 1114112K
  class space    used 2225K, committed 2560K, reserved 1048576K
}
Event: 7.999 GC heap after
{Heap after GC invocations=8 (full 1):
 PSYoungGen      total 27136K, used 2419K [0x00000000d5580000, 0x00000000d7580000, 0x0000000100000000)
  eden space 24576K, 0% used [0x00000000d5580000,0x00000000d5580000,0x00000000d6d80000)
  from space 2560K, 94% used [0x00000000d6f80000,0x00000000d71dccf0,0x00000000d7200000)
  to   space 3584K, 0% used [0x00000000d7200000,0x00000000d7200000,0x00000000d7580000)
 ParOldGen       total 68608K, used 13581K [0x0000000080000000, 0x0000000084300000, 0x00000000d5580000)
  object space 68608K, 19% used [0x0000000080000000,0x0000000080d43440,0x0000000084300000)
 Metaspace       used 23029K, committed 23744K, reserved 1114112K
  class space    used 2225K, committed 2560K, reserved 1048576K
}
Event: 8.938 GC heap before
{Heap before GC invocations=9 (full 1):
 PSYoungGen      total 27136K, used 26995K [0x00000000d5580000, 0x00000000d7580000, 0x0000000100000000)
  eden space 24576K, 100% used [0x00000000d5580000,0x00000000d6d80000,0x00000000d6d80000)
  from space 2560K, 94% used [0x00000000d6f80000,0x00000000d71dccf0,0x00000000d7200000)
  to   space 3584K, 0% used [0x00000000d7200000,0x00000000d7200000,0x00000000d7580000)
 ParOldGen       total 68608K, used 13581K [0x0000000080000000, 0x0000000084300000, 0x00000000d5580000)
  object space 68608K, 19% used [0x0000000080000000,0x0000000080d43440,0x0000000084300000)
 Metaspace       used 26308K, committed 27136K, reserved 1114112K
  class space    used 2574K, committed 2944K, reserved 1048576K
}
Event: 8.944 GC heap after
{Heap after GC invocations=9 (full 1):
 PSYoungGen      total 27648K, used 3579K [0x00000000d5580000, 0x00000000d7700000, 0x0000000100000000)
  eden space 24064K, 0% used [0x00000000d5580000,0x00000000d5580000,0x00000000d6d00000)
  from space 3584K, 99% used [0x00000000d7200000,0x00000000d757edc8,0x00000000d7580000)
  to   space 5120K, 0% used [0x00000000d6d00000,0x00000000d6d00000,0x00000000d7200000)
 ParOldGen       total 68608K, used 14285K [0x0000000080000000, 0x0000000084300000, 0x00000000d5580000)
  object space 68608K, 20% used [0x0000000080000000,0x0000000080df3490,0x0000000084300000)
 Metaspace       used 26308K, committed 27136K, reserved 1114112K
  class space    used 2574K, committed 2944K, reserved 1048576K
}
Event: 9.222 GC heap before
{Heap before GC invocations=10 (full 1):
 PSYoungGen      total 27648K, used 27643K [0x00000000d5580000, 0x00000000d7700000, 0x0000000100000000)
  eden space 24064K, 100% used [0x00000000d5580000,0x00000000d6d00000,0x00000000d6d00000)
  from space 3584K, 99% used [0x00000000d7200000,0x00000000d757edc8,0x00000000d7580000)
  to   space 5120K, 0% used [0x00000000d6d00000,0x00000000d6d00000,0x00000000d7200000)
 ParOldGen       total 68608K, used 14285K [0x0000000080000000, 0x0000000084300000, 0x00000000d5580000)
  object space 68608K, 20% used [0x0000000080000000,0x0000000080df3490,0x0000000084300000)
 Metaspace       used 27697K, committed 28544K, reserved 1114112K
  class space    used 2754K, committed 3136K, reserved 1048576K
}
Event: 9.227 GC heap after
{Heap after GC invocations=10 (full 1):
 PSYoungGen      total 27648K, used 4091K [0x00000000d5580000, 0x00000000d7580000, 0x0000000100000000)
  eden space 23552K, 0% used [0x00000000d5580000,0x00000000d5580000,0x00000000d6c80000)
  from space 4096K, 99% used [0x00000000d6d00000,0x00000000d70fede8,0x00000000d7100000)
  to   space 4608K, 0% used [0x00000000d7100000,0x00000000d7100000,0x00000000d7580000)
 ParOldGen       total 68608K, used 14293K [0x0000000080000000, 0x0000000084300000, 0x00000000d5580000)
  object space 68608K, 20% used [0x0000000080000000,0x0000000080df5490,0x0000000084300000)
 Metaspace       used 27697K, committed 28544K, reserved 1114112K
  class space    used 2754K, committed 3136K, reserved 1048576K
}
Event: 9.826 GC heap before
{Heap before GC invocations=11 (full 1):
 PSYoungGen      total 27648K, used 27643K [0x00000000d5580000, 0x00000000d7580000, 0x0000000100000000)
  eden space 23552K, 100% used [0x00000000d5580000,0x00000000d6c80000,0x00000000d6c80000)
  from space 4096K, 99% used [0x00000000d6d00000,0x00000000d70fede8,0x00000000d7100000)
  to   space 4608K, 0% used [0x00000000d7100000,0x00000000d7100000,0x00000000d7580000)
 ParOldGen       total 68608K, used 14293K [0x0000000080000000, 0x0000000084300000, 0x00000000d5580000)
  object space 68608K, 20% used [0x0000000080000000,0x0000000080df5490,0x0000000084300000)
 Metaspace       used 30496K, committed 31232K, reserved 1114112K
  class space    used 3066K, committed 3392K, reserved 1048576K
}
Event: 9.837 GC heap after
{Heap after GC invocations=11 (full 1):
 PSYoungGen      total 25088K, used 1902K [0x00000000d5580000, 0x00000000d7300000, 0x0000000100000000)
  eden space 23040K, 0% used [0x00000000d5580000,0x00000000d5580000,0x00000000d6c00000)
  from space 2048K, 92% used [0x00000000d7100000,0x00000000d72dbb08,0x00000000d7300000)
  to   space 3072K, 0% used [0x00000000d6d00000,0x00000000d6d00000,0x00000000d7000000)
 ParOldGen       total 68608K, used 17833K [0x0000000080000000, 0x0000000084300000, 0x00000000d5580000)
  object space 68608K, 25% used [0x0000000080000000,0x000000008116a4f0,0x0000000084300000)
 Metaspace       used 30496K, committed 31232K, reserved 1114112K
  class space    used 3066K, committed 3392K, reserved 1048576K
}
Event: 10.509 GC heap before
{Heap before GC invocations=12 (full 1):
 PSYoungGen      total 25088K, used 24942K [0x00000000d5580000, 0x00000000d7300000, 0x0000000100000000)
  eden space 23040K, 100% used [0x00000000d5580000,0x00000000d6c00000,0x00000000d6c00000)
  from space 2048K, 92% used [0x00000000d7100000,0x00000000d72dbb08,0x00000000d7300000)
  to   space 3072K, 0% used [0x00000000d6d00000,0x00000000d6d00000,0x00000000d7000000)
 ParOldGen       total 68608K, used 17833K [0x0000000080000000, 0x0000000084300000, 0x00000000d5580000)
  object space 68608K, 25% used [0x0000000080000000,0x000000008116a4f0,0x0000000084300000)
 Metaspace       used 32014K, committed 33024K, reserved 1114112K
  class space    used 3236K, committed 3712K, reserved 1048576K
}
Event: 10.515 GC heap after
{Heap after GC invocations=12 (full 1):
 PSYoungGen      total 25088K, used 2048K [0x00000000d5580000, 0x00000000d7180000, 0x0000000100000000)
  eden space 22528K, 0% used [0x00000000d5580000,0x00000000d5580000,0x00000000d6b80000)
  from space 2560K, 80% used [0x00000000d6d00000,0x00000000d6f00030,0x00000000d6f80000)
  to   space 2048K, 0% used [0x00000000d6f80000,0x00000000d6f80000,0x00000000d7180000)
 ParOldGen       total 68608K, used 19522K [0x0000000080000000, 0x0000000084300000, 0x00000000d5580000)
  object space 68608K, 28% used [0x0000000080000000,0x00000000813109b0,0x0000000084300000)
 Metaspace       used 32014K, committed 33024K, reserved 1114112K
  class space    used 3236K, committed 3712K, reserved 1048576K
}
Event: 10.703 GC heap before
{Heap before GC invocations=13 (full 1):
 PSYoungGen      total 25088K, used 24576K [0x00000000d5580000, 0x00000000d7180000, 0x0000000100000000)
  eden space 22528K, 100% used [0x00000000d5580000,0x00000000d6b80000,0x00000000d6b80000)
  from space 2560K, 80% used [0x00000000d6d00000,0x00000000d6f00030,0x00000000d6f80000)
  to   space 2048K, 0% used [0x00000000d6f80000,0x00000000d6f80000,0x00000000d7180000)
 ParOldGen       total 68608K, used 19522K [0x0000000080000000, 0x0000000084300000, 0x00000000d5580000)
  object space 68608K, 28% used [0x0000000080000000,0x00000000813109b0,0x0000000084300000)
 Metaspace       used 32043K, committed 33088K, reserved 1114112K
  class space    used 3236K, committed 3712K, reserved 1048576K
}
Event: 10.708 GC heap after
{Heap after GC invocations=13 (full 1):
 PSYoungGen      total 24064K, used 2016K [0x00000000d5580000, 0x00000000d7400000, 0x0000000100000000)
  eden space 22016K, 0% used [0x00000000d5580000,0x00000000d5580000,0x00000000d6b00000)
  from space 2048K, 98% used [0x00000000d6f80000,0x00000000d7178010,0x00000000d7180000)
  to   space 4608K, 0% used [0x00000000d6b00000,0x00000000d6b00000,0x00000000d6f80000)
 ParOldGen       total 68608K, used 21375K [0x0000000080000000, 0x0000000084300000, 0x00000000d5580000)
  object space 68608K, 31% used [0x0000000080000000,0x00000000814dffc8,0x0000000084300000)
 Metaspace       used 32043K, committed 33088K, reserved 1114112K
  class space    used 3236K, committed 3712K, reserved 1048576K
}
Event: 10.909 GC heap before
{Heap before GC invocations=14 (full 1):
 PSYoungGen      total 24064K, used 24032K [0x00000000d5580000, 0x00000000d7400000, 0x0000000100000000)
  eden space 22016K, 100% used [0x00000000d5580000,0x00000000d6b00000,0x00000000d6b00000)
  from space 2048K, 98% used [0x00000000d6f80000,0x00000000d7178010,0x00000000d7180000)
  to   space 4608K, 0% used [0x00000000d6b00000,0x00000000d6b00000,0x00000000d6f80000)
 ParOldGen       total 68608K, used 21375K [0x0000000080000000, 0x0000000084300000, 0x00000000d5580000)
  object space 68608K, 31% used [0x0000000080000000,0x00000000814dffc8,0x0000000084300000)
 Metaspace       used 32500K, committed 33536K, reserved 1114112K
  class space    used 3320K, committed 3776K, reserved 1048576K
}
Event: 10.916 GC heap after
{Heap after GC invocations=14 (full 1):
 PSYoungGen      total 25088K, used 2850K [0x00000000d5580000, 0x00000000d7200000, 0x0000000100000000)
  eden space 22016K, 0% used [0x00000000d5580000,0x00000000d5580000,0x00000000d6b00000)
  from space 3072K, 92% used [0x00000000d6b00000,0x00000000d6dc88a0,0x00000000d6e00000)
  to   space 3584K, 0% used [0x00000000d6e80000,0x00000000d6e80000,0x00000000d7200000)
 ParOldGen       total 68608K, used 23311K [0x0000000080000000, 0x0000000084300000, 0x00000000d5580000)
  object space 68608K, 33% used [0x0000000080000000,0x00000000816c3fc8,0x0000000084300000)
 Metaspace       used 32500K, committed 33536K, reserved 1114112K
  class space    used 3320K, committed 3776K, reserved 1048576K
}
Event: 11.106 GC heap before
{Heap before GC invocations=15 (full 1):
 PSYoungGen      total 25088K, used 24866K [0x00000000d5580000, 0x00000000d7200000, 0x0000000100000000)
  eden space 22016K, 100% used [0x00000000d5580000,0x00000000d6b00000,0x00000000d6b00000)
  from space 3072K, 92% used [0x00000000d6b00000,0x00000000d6dc88a0,0x00000000d6e00000)
  to   space 3584K, 0% used [0x00000000d6e80000,0x00000000d6e80000,0x00000000d7200000)
 ParOldGen       total 68608K, used 23311K [0x0000000080000000, 0x0000000084300000, 0x00000000d5580000)
  object space 68608K, 33% used [0x0000000080000000,0x00000000816c3fc8,0x0000000084300000)
 Metaspace       used 32531K, committed 33536K, reserved 1114112K
  class space    used 3321K, committed 3776K, reserved 1048576K
}
Event: 11.110 GC heap after
{Heap after GC invocations=15 (full 1):
 PSYoungGen      total 24576K, used 2272K [0x00000000d5580000, 0x00000000d7100000, 0x0000000100000000)
  eden space 22016K, 0% used [0x00000000d5580000,0x00000000d5580000,0x00000000d6b00000)
  from space 2560K, 88% used [0x00000000d6e80000,0x00000000d70b8000,0x00000000d7100000)
  to   space 2560K, 0% used [0x00000000d6c00000,0x00000000d6c00000,0x00000000d6e80000)
 ParOldGen       total 68608K, used 25899K [0x0000000080000000, 0x0000000084300000, 0x00000000d5580000)
  object space 68608K, 37% used [0x0000000080000000,0x000000008194ad08,0x0000000084300000)
 Metaspace       used 32531K, committed 33536K, reserved 1114112K
  class space    used 3321K, committed 3776K, reserved 1048576K
}
Event: 11.301 GC heap before
{Heap before GC invocations=16 (full 1):
 PSYoungGen      total 24576K, used 24288K [0x00000000d5580000, 0x00000000d7100000, 0x0000000100000000)
  eden space 22016K, 100% used [0x00000000d5580000,0x00000000d6b00000,0x00000000d6b00000)
  from space 2560K, 88% used [0x00000000d6e80000,0x00000000d70b8000,0x00000000d7100000)
  to   space 2560K, 0% used [0x00000000d6c00000,0x00000000d6c00000,0x00000000d6e80000)
 ParOldGen       total 68608K, used 25899K [0x0000000080000000, 0x0000000084300000, 0x00000000d5580000)
  object space 68608K, 37% used [0x0000000080000000,0x000000008194ad08,0x0000000084300000)
 Metaspace       used 32556K, committed 33536K, reserved 1114112K
  class space    used 3321K, committed 3776K, reserved 1048576K
}
Event: 11.308 GC heap after
{Heap after GC invocations=16 (full 1):
 PSYoungGen      total 24576K, used 2276K [0x00000000d5580000, 0x00000000d7000000, 0x0000000100000000)
  eden space 22016K, 0% used [0x00000000d5580000,0x00000000d5580000,0x00000000d6b00000)
  from space 2560K, 88% used [0x00000000d6c00000,0x00000000d6e39000,0x00000000d6e80000)
  to   space 1536K, 0% used [0x00000000d6e80000,0x00000000d6e80000,0x00000000d7000000)
 ParOldGen       total 68608K, used 27958K [0x0000000080000000, 0x0000000084300000, 0x00000000d5580000)
  object space 68608K, 40% used [0x0000000080000000,0x0000000081b4da18,0x0000000084300000)
 Metaspace       used 32556K, committed 33536K, reserved 1114112K
  class space    used 3321K, committed 3776K, reserved 1048576K
}

Dll operation events (10 events):
Event: 0.024 Loaded shared library c:\Users\Shreyansh Bhardwaj\.vscode\extensions\redhat.java-1.44.0-win32-x64\jre\21.0.8-win32-x86_64\bin\java.dll
Event: 0.170 Loaded shared library c:\Users\Shreyansh Bhardwaj\.vscode\extensions\redhat.java-1.44.0-win32-x64\jre\21.0.8-win32-x86_64\bin\zip.dll
Event: 0.218 Loaded shared library C:\Users\Shreyansh Bhardwaj\.vscode\extensions\redhat.java-1.44.0-win32-x64\jre\21.0.8-win32-x86_64\bin\instrument.dll
Event: 0.232 Loaded shared library C:\Users\Shreyansh Bhardwaj\.vscode\extensions\redhat.java-1.44.0-win32-x64\jre\21.0.8-win32-x86_64\bin\net.dll
Event: 0.236 Loaded shared library C:\Users\Shreyansh Bhardwaj\.vscode\extensions\redhat.java-1.44.0-win32-x64\jre\21.0.8-win32-x86_64\bin\nio.dll
Event: 0.246 Loaded shared library C:\Users\Shreyansh Bhardwaj\.vscode\extensions\redhat.java-1.44.0-win32-x64\jre\21.0.8-win32-x86_64\bin\zip.dll
Event: 0.286 Loaded shared library C:\Users\Shreyansh Bhardwaj\.vscode\extensions\redhat.java-1.44.0-win32-x64\jre\21.0.8-win32-x86_64\bin\jimage.dll
Event: 0.474 Loaded shared library c:\Users\Shreyansh Bhardwaj\.vscode\extensions\redhat.java-1.44.0-win32-x64\jre\21.0.8-win32-x86_64\bin\verify.dll
Event: 3.154 Loaded shared library C:\Users\Shreyansh Bhardwaj\AppData\Roaming\Code\User\globalStorage\redhat.java\1.44.0\config_ss_win\org.eclipse.equinox.launcher\org.eclipse.equinox.launcher.win32.win32.x86_64_1.2.1400.v20250730-1736\eclipse_11913.dll
Event: 5.884 Loaded shared library C:\Users\Shreyansh Bhardwaj\AppData\Local\Temp\jna-1901370432\jna5054476336091005446.dll

Deoptimization events (20 events):
Event: 10.361 Thread 0x0000017781a82590 DEOPT PACKING pc=0x00000177abc4dfe0 sp=0x00000062c4bfd650
Event: 10.361 Thread 0x0000017781a82590 DEOPT UNPACKING pc=0x00000177ab553aa2 sp=0x00000062c4bfd5d0 mode 2
Event: 10.741 Thread 0x0000017781a81f00 Uncommon trap: trap_request=0xffffff45 fr.pc=0x00000177abaff528 relative=0x0000000000000108
Event: 10.741 Thread 0x0000017781a83940 Uncommon trap: trap_request=0xffffff45 fr.pc=0x00000177abaff528 relative=0x0000000000000108
Event: 10.741 Thread 0x0000017781a82c20 Uncommon trap: trap_request=0xffffff45 fr.pc=0x00000177abaff528 relative=0x0000000000000108
Event: 10.741 Thread 0x0000017781a81f00 Uncommon trap: reason=unstable_if action=reinterpret pc=0x00000177abaff528 method=jdk.internal.org.objectweb.asm.ByteVector.putShort(I)Ljdk/internal/org/objectweb/asm/ByteVector; @ 13 c2
Event: 10.741 Thread 0x0000017781a83940 Uncommon trap: reason=unstable_if action=reinterpret pc=0x00000177abaff528 method=jdk.internal.org.objectweb.asm.ByteVector.putShort(I)Ljdk/internal/org/objectweb/asm/ByteVector; @ 13 c2
Event: 10.741 Thread 0x0000017781a82c20 Uncommon trap: reason=unstable_if action=reinterpret pc=0x00000177abaff528 method=jdk.internal.org.objectweb.asm.ByteVector.putShort(I)Ljdk/internal/org/objectweb/asm/ByteVector; @ 13 c2
Event: 10.741 Thread 0x0000017781a81f00 DEOPT PACKING pc=0x00000177abaff528 sp=0x00000062c4afbd30
Event: 10.741 Thread 0x0000017781a83940 DEOPT PACKING pc=0x00000177abaff528 sp=0x00000062c49fbd80
Event: 10.741 Thread 0x0000017781a81f00 DEOPT UNPACKING pc=0x00000177ab553aa2 sp=0x00000062c4afbcb8 mode 2
Event: 10.742 Thread 0x0000017781a83940 DEOPT UNPACKING pc=0x00000177ab553aa2 sp=0x00000062c49fbd08 mode 2
Event: 10.742 Thread 0x0000017781a82c20 DEOPT PACKING pc=0x00000177abaff528 sp=0x00000062c4cfba20
Event: 10.742 Thread 0x0000017781a82c20 DEOPT UNPACKING pc=0x00000177ab553aa2 sp=0x00000062c4cfb9a8 mode 2
Event: 10.974 Thread 0x0000017781a82590 DEOPT PACKING pc=0x00000177a47e2eea sp=0x00000062c4bfd970
Event: 10.974 Thread 0x0000017781a82590 DEOPT UNPACKING pc=0x00000177ab554242 sp=0x00000062c4bfcdf8 mode 0
Event: 10.974 Thread 0x0000017781a82590 DEOPT PACKING pc=0x00000177a47e34ae sp=0x00000062c4bfd980
Event: 10.974 Thread 0x0000017781a82590 DEOPT UNPACKING pc=0x00000177ab554242 sp=0x00000062c4bfce08 mode 0
Event: 11.421 Thread 0x0000017781a82c20 DEOPT PACKING pc=0x00000177a47ef6a6 sp=0x00000062c4cfd720
Event: 11.421 Thread 0x0000017781a82c20 DEOPT UNPACKING pc=0x00000177ab554242 sp=0x00000062c4cfcc10 mode 0

Classes loaded (20 events):
Event: 10.333 Loading class java/lang/invoke/MethodHandleImpl$Makers$1
Event: 10.333 Loading class java/lang/invoke/MethodHandleImpl$Makers$1 done
Event: 10.333 Loading class java/lang/invoke/MethodHandleImpl$Makers$2
Event: 10.333 Loading class java/lang/invoke/MethodHandleImpl$Makers$2 done
Event: 10.333 Loading class java/lang/invoke/MethodHandleImpl$Makers$3
Event: 10.333 Loading class java/lang/invoke/MethodHandleImpl$Makers$3 done
Event: 10.339 Loading class java/lang/runtime/ObjectMethods$1
Event: 10.340 Loading class java/lang/runtime/ObjectMethods$1 done
Event: 10.738 Loading class java/lang/invoke/MethodHandleImpl$CountingWrapper
Event: 10.739 Loading class java/lang/invoke/MethodHandleImpl$CountingWrapper done
Event: 10.755 Loading class java/util/AbstractList$ListItr
Event: 10.755 Loading class java/util/AbstractList$ListItr done
Event: 10.760 Loading class java/util/concurrent/locks/ReentrantReadWriteLock$Sync$HoldCounter
Event: 10.760 Loading class java/util/concurrent/locks/ReentrantReadWriteLock$Sync$HoldCounter done
Event: 10.771 Loading class java/nio/channels/Channels$ReadableByteChannelImpl
Event: 10.772 Loading class java/nio/channels/Channels$ReadableByteChannelImpl done
Event: 10.773 Loading class java/nio/channels/NonWritableChannelException
Event: 10.773 Loading class java/nio/channels/NonWritableChannelException done
Event: 11.017 Loading class java/lang/invoke/MethodHandleImpl$CountingWrapper$1
Event: 11.017 Loading class java/lang/invoke/MethodHandleImpl$CountingWrapper$1 done

Classes unloaded (7 events):
Event: 6.950 Thread 0x00000177a0e81c00 Unloading class 0x00000177b9188c00 'java/lang/invoke/LambdaForm$MH+0x00000177b9188c00'
Event: 6.950 Thread 0x00000177a0e81c00 Unloading class 0x00000177b9188800 'java/lang/invoke/LambdaForm$MH+0x00000177b9188800'
Event: 6.950 Thread 0x00000177a0e81c00 Unloading class 0x00000177b9188400 'java/lang/invoke/LambdaForm$MH+0x00000177b9188400'
Event: 6.950 Thread 0x00000177a0e81c00 Unloading class 0x00000177b9188000 'java/lang/invoke/LambdaForm$MH+0x00000177b9188000'
Event: 6.950 Thread 0x00000177a0e81c00 Unloading class 0x00000177b9187c00 'java/lang/invoke/LambdaForm$BMH+0x00000177b9187c00'
Event: 6.950 Thread 0x00000177a0e81c00 Unloading class 0x00000177b9187800 'java/lang/invoke/LambdaForm$DMH+0x00000177b9187800'
Event: 6.950 Thread 0x00000177a0e81c00 Unloading class 0x00000177b9186400 'java/lang/invoke/LambdaForm$DMH+0x00000177b9186400'

Classes redefined (0 events):
No events

Internal exceptions (20 events):
Event: 10.345 Thread 0x0000017781a83940 Exception <a 'java/lang/NoSuchMethodError'{0x00000000d61e1cb8}: 'int java.lang.invoke.DirectMethodHandle$Holder.invokeStaticInit(java.lang.Object, double, double)'> (0x00000000d61e1cb8) 
thrown [s\src\hotspot\share\interpreter\linkResolver.cpp, line 773]
Event: 10.346 Thread 0x0000017781a83940 Exception <a 'java/lang/NoSuchMethodError'{0x00000000d61e6508}: 'int java.lang.invoke.DirectMethodHandle$Holder.invokeStatic(java.lang.Object, long)'> (0x00000000d61e6508) 
thrown [s\src\hotspot\share\interpreter\linkResolver.cpp, line 773]
Event: 10.352 Thread 0x0000017781a82590 Exception <a 'java/lang/NoSuchMethodError'{0x00000000d61bb0f8}: 'int java.lang.invoke.DirectMethodHandle$Holder.invokeSpecial(java.lang.Object, java.lang.Object, int, int)'> (0x00000000d61bb0f8) 
thrown [s\src\hotspot\share\interpreter\linkResolver.cpp, line 773]
Event: 10.354 Thread 0x0000017781a82590 Exception <a 'java/lang/NoSuchMethodError'{0x00000000d62516c8}: 'int java.lang.invoke.Invokers$Holder.linkToTargetMethod(java.lang.Object, java.lang.Object)'> (0x00000000d62516c8) 
thrown [s\src\hotspot\share\interpreter\linkResolver.cpp, line 773]
Event: 10.354 Thread 0x0000017781a81f00 Exception <a 'java/lang/NoSuchMethodError'{0x00000000d6247ad8}: 'int java.lang.invoke.Invokers$Holder.linkToTargetMethod(java.lang.Object, java.lang.Object)'> (0x00000000d6247ad8) 
thrown [s\src\hotspot\share\interpreter\linkResolver.cpp, line 773]
Event: 10.355 Thread 0x0000017781a83940 Exception <a 'java/lang/NoSuchMethodError'{0x00000000d61fe6f0}: 'int java.lang.invoke.Invokers$Holder.linkToTargetMethod(java.lang.Object, java.lang.Object)'> (0x00000000d61fe6f0) 
thrown [s\src\hotspot\share\interpreter\linkResolver.cpp, line 773]
Event: 10.355 Thread 0x0000017781694270 Exception <a 'java/lang/NoSuchMethodError'{0x00000000d62193b8}: 'int java.lang.invoke.Invokers$Holder.linkToTargetMethod(java.lang.Object, java.lang.Object)'> (0x00000000d62193b8) 
thrown [s\src\hotspot\share\interpreter\linkResolver.cpp, line 773]
Event: 10.355 Thread 0x0000017781a82c20 Exception <a 'java/lang/NoSuchMethodError'{0x00000000d6240c78}: 'int java.lang.invoke.Invokers$Holder.linkToTargetMethod(java.lang.Object, java.lang.Object)'> (0x00000000d6240c78) 
thrown [s\src\hotspot\share\interpreter\linkResolver.cpp, line 773]
Event: 10.734 Thread 0x0000017781694270 Exception <a 'java/lang/NoSuchMethodError'{0x00000000d56a91e8}: 'int java.lang.invoke.DirectMethodHandle$Holder.invokeSpecial(java.lang.Object, java.lang.Object, java.lang.Object, java.lang.Object)'> (0x00000000d56a91e8) 
thrown [s\src\hotspot\share\interpreter\linkResolver.cpp, line 773]
Event: 10.734 Thread 0x0000017781a82c20 Exception <a 'java/lang/NoSuchMethodError'{0x00000000d56cba38}: 'int java.lang.invoke.DirectMethodHandle$Holder.invokeSpecial(java.lang.Object, java.lang.Object, java.lang.Object, java.lang.Object)'> (0x00000000d56cba38) 
thrown [s\src\hotspot\share\interpreter\linkResolver.cpp, line 773]
Event: 10.735 Thread 0x0000017781a83940 Exception <a 'java/lang/NoSuchMethodError'{0x00000000d56c4ba8}: 'int java.lang.invoke.DirectMethodHandle$Holder.invokeSpecial(java.lang.Object, java.lang.Object, java.lang.Object, java.lang.Object)'> (0x00000000d56c4ba8) 
thrown [s\src\hotspot\share\interpreter\linkResolver.cpp, line 773]
Event: 10.735 Thread 0x0000017781a81f00 Exception <a 'java/lang/NoSuchMethodError'{0x00000000d56a03f0}: 'int java.lang.invoke.DirectMethodHandle$Holder.invokeSpecial(java.lang.Object, java.lang.Object, java.lang.Object, java.lang.Object)'> (0x00000000d56a03f0) 
thrown [s\src\hotspot\share\interpreter\linkResolver.cpp, line 773]
Event: 10.737 Thread 0x0000017781a81f00 Exception <a 'java/lang/NoSuchMethodError'{0x00000000d56f2268}: 'java.lang.Object java.lang.invoke.DirectMethodHandle$Holder.invokeStatic(java.lang.Object, int, java.lang.Object, java.lang.Object)'> (0x00000000d56f2268) 
thrown [s\src\hotspot\share\interpreter\linkResolver.cpp, line 773]
Event: 10.738 Thread 0x0000017781694270 Exception <a 'java/lang/NoSuchMethodError'{0x00000000d56b31d0}: 'java.lang.Object java.lang.invoke.DirectMethodHandle$Holder.invokeStatic(java.lang.Object, int, java.lang.Object, java.lang.Object)'> (0x00000000d56b31d0) 
thrown [s\src\hotspot\share\interpreter\linkResolver.cpp, line 773]
Event: 10.738 Thread 0x0000017781a81f00 Exception <a 'java/lang/NoSuchMethodError'{0x00000000d56f5d18}: 'java.lang.Object java.lang.invoke.DelegatingMethodHandle$Holder.delegate(java.lang.Object, int, java.lang.Object, java.lang.Object)'> (0x00000000d56f5d18) 
thrown [s\src\hotspot\share\interpreter\linkResolver.cpp, line 773]
Event: 10.738 Thread 0x0000017781694270 Exception <a 'java/lang/NoSuchMethodError'{0x00000000d56b67c8}: 'java.lang.Object java.lang.invoke.DelegatingMethodHandle$Holder.delegate(java.lang.Object, int, java.lang.Object, java.lang.Object)'> (0x00000000d56b67c8) 
thrown [s\src\hotspot\share\interpreter\linkResolver.cpp, line 773]
Event: 10.743 Thread 0x0000017781a82c20 Exception <a 'java/lang/NoSuchMethodError'{0x00000000d571a808}: 'int java.lang.invoke.Invokers$Holder.linkToTargetMethod(java.lang.Object, java.lang.Object, java.lang.Object)'> (0x00000000d571a808) 
thrown [s\src\hotspot\share\interpreter\linkResolver.cpp, line 773]
Event: 10.743 Thread 0x0000017781694270 Exception <a 'java/lang/NoSuchMethodError'{0x00000000d5720060}: 'int java.lang.invoke.Invokers$Holder.linkToTargetMethod(java.lang.Object, java.lang.Object, java.lang.Object)'> (0x00000000d5720060) 
thrown [s\src\hotspot\share\interpreter\linkResolver.cpp, line 773]
Event: 10.743 Thread 0x0000017781a83940 Exception <a 'java/lang/NoSuchMethodError'{0x00000000d5711798}: 'int java.lang.invoke.Invokers$Holder.linkToTargetMethod(java.lang.Object, java.lang.Object, java.lang.Object)'> (0x00000000d5711798) 
thrown [s\src\hotspot\share\interpreter\linkResolver.cpp, line 773]
Event: 10.743 Thread 0x0000017781a81f00 Exception <a 'java/lang/NoSuchMethodError'{0x00000000d5709b50}: 'int java.lang.invoke.Invokers$Holder.linkToTargetMethod(java.lang.Object, java.lang.Object, java.lang.Object)'> (0x00000000d5709b50) 
thrown [s\src\hotspot\share\interpreter\linkResolver.cpp, line 773]

ZGC Phase Switch (0 events):
No events

VM Operations (20 events):
Event: 9.826 Executing VM operation: ParallelGCFailedAllocation (Allocation Failure)
Event: 9.837 Executing VM operation: ParallelGCFailedAllocation (Allocation Failure) done
Event: 10.054 Executing VM operation: HandshakeAllThreads (Deoptimize)
Event: 10.054 Executing VM operation: HandshakeAllThreads (Deoptimize) done
Event: 10.077 Executing VM operation: HandshakeAllThreads (Deoptimize)
Event: 10.077 Executing VM operation: HandshakeAllThreads (Deoptimize) done
Event: 10.145 Executing VM operation: HandshakeAllThreads (Deoptimize)
Event: 10.145 Executing VM operation: HandshakeAllThreads (Deoptimize) done
Event: 10.360 Executing VM operation: HandshakeAllThreads (Deoptimize)
Event: 10.360 Executing VM operation: HandshakeAllThreads (Deoptimize) done
Event: 10.509 Executing VM operation: ParallelGCFailedAllocation (Allocation Failure)
Event: 10.515 Executing VM operation: ParallelGCFailedAllocation (Allocation Failure) done
Event: 10.703 Executing VM operation: ParallelGCFailedAllocation (Allocation Failure)
Event: 10.708 Executing VM operation: ParallelGCFailedAllocation (Allocation Failure) done
Event: 10.909 Executing VM operation: ParallelGCFailedAllocation (Allocation Failure)
Event: 10.916 Executing VM operation: ParallelGCFailedAllocation (Allocation Failure) done
Event: 11.106 Executing VM operation: ParallelGCFailedAllocation (Allocation Failure)
Event: 11.110 Executing VM operation: ParallelGCFailedAllocation (Allocation Failure) done
Event: 11.301 Executing VM operation: ParallelGCFailedAllocation (Allocation Failure)
Event: 11.308 Executing VM operation: ParallelGCFailedAllocation (Allocation Failure) done

Memory protections (0 events):
No events

Nmethod flushes (0 events):
No events

Events (20 events):
Event: 8.833 Thread 0x00000177a0de3cf0 Thread added: 0x0000017780fc9f70
Event: 8.833 Thread 0x00000177a0de3cf0 Thread added: 0x0000017780fca600
Event: 8.833 Thread 0x00000177a0de3cf0 Thread added: 0x0000017780fcac90
Event: 8.834 Thread 0x00000177a0de3cf0 Thread added: 0x0000017780fcb320
Event: 8.834 Thread 0x00000177a0de3cf0 Thread added: 0x0000017780fcc6d0
Event: 8.834 Thread 0x00000177a0de3cf0 Thread added: 0x0000017780fc9250
Event: 8.834 Thread 0x00000177a0de3cf0 Thread added: 0x0000017781695620
Event: 8.834 Thread 0x00000177a0de3cf0 Thread added: 0x0000017781692ec0
Event: 8.834 Thread 0x00000177a0de3cf0 Thread added: 0x0000017781694f90
Event: 8.834 Thread 0x00000177a0de3cf0 Thread added: 0x0000017781692830
Event: 8.835 Thread 0x00000177a0de3cf0 Thread added: 0x0000017781695cb0
Event: 8.895 Thread 0x00000177a0de3cf0 Thread added: 0x0000017781693550
Event: 9.304 Thread 0x00000177a0de3cf0 Thread added: 0x0000017781693be0
Event: 9.305 Thread 0x00000177a0de3cf0 Thread added: 0x0000017781694270
Event: 9.376 Thread 0x0000017780fc98e0 Thread added: 0x0000017781694900
Event: 9.863 Thread 0x0000017781694270 Thread added: 0x0000017781a83940
Event: 9.870 Thread 0x0000017781694270 Thread added: 0x0000017781a81f00
Event: 9.877 Thread 0x0000017781694270 Thread added: 0x0000017781a82590
Event: 9.880 Thread 0x0000017781694270 Thread added: 0x0000017781a82c20
Event: 11.144 Thread 0x00000177ff3b8640 Thread exited: 0x00000177ff3b8640


Dynamic libraries:
0x00007ff645c00000 - 0x00007ff645c0e000 	c:\Users\Shreyansh Bhardwaj\.vscode\extensions\redhat.java-1.44.0-win32-x64\jre\21.0.8-win32-x86_64\bin\java.exe
0x00007ffb243f0000 - 0x00007ffb24607000 	C:\WINDOWS\SYSTEM32\ntdll.dll
0x00007ffb231d0000 - 0x00007ffb23294000 	C:\WINDOWS\System32\KERNEL32.DLL
0x00007ffb219f0000 - 0x00007ffb21dc2000 	C:\WINDOWS\System32\KERNELBASE.dll
0x00007ffb21730000 - 0x00007ffb21841000 	C:\WINDOWS\System32\ucrtbase.dll
0x00007ffb03d40000 - 0x00007ffb03d58000 	c:\Users\Shreyansh Bhardwaj\.vscode\extensions\redhat.java-1.44.0-win32-x64\jre\21.0.8-win32-x86_64\bin\jli.dll
0x00007ffb22550000 - 0x00007ffb22701000 	C:\WINDOWS\System32\USER32.dll
0x00007ffb21880000 - 0x00007ffb218a6000 	C:\WINDOWS\System32\win32u.dll
0x00007ffb23300000 - 0x00007ffb23329000 	C:\WINDOWS\System32\GDI32.dll
0x00007ffb21600000 - 0x00007ffb21723000 	C:\WINDOWS\System32\gdi32full.dll
0x00007ffb0ffe0000 - 0x00007ffb1027b000 	C:\WINDOWS\WinSxS\amd64_microsoft.windows.common-controls_6595b64144ccf1df_6.0.22621.5547_none_27104afb73855772\COMCTL32.dll
0x00007ffb214e0000 - 0x00007ffb2157a000 	C:\WINDOWS\System32\msvcp_win.dll
0x00007ffb23b70000 - 0x00007ffb23c17000 	C:\WINDOWS\System32\msvcrt.dll
0x00007ffb03d20000 - 0x00007ffb03d3e000 	c:\Users\Shreyansh Bhardwaj\.vscode\extensions\redhat.java-1.44.0-win32-x64\jre\21.0.8-win32-x86_64\bin\VCRUNTIME140.dll
0x00007ffb23880000 - 0x00007ffb238b1000 	C:\WINDOWS\System32\IMM32.DLL
0x00007ffb03d10000 - 0x00007ffb03d1c000 	c:\Users\Shreyansh Bhardwaj\.vscode\extensions\redhat.java-1.44.0-win32-x64\jre\21.0.8-win32-x86_64\bin\vcruntime140_1.dll
0x00007ffada3d0000 - 0x00007ffada45d000 	c:\Users\Shreyansh Bhardwaj\.vscode\extensions\redhat.java-1.44.0-win32-x64\jre\21.0.8-win32-x86_64\bin\msvcp140.dll
0x00007ffa531c0000 - 0x00007ffa53f57000 	c:\Users\Shreyansh Bhardwaj\.vscode\extensions\redhat.java-1.44.0-win32-x64\jre\21.0.8-win32-x86_64\bin\server\jvm.dll
0x00007ffb22fc0000 - 0x00007ffb23071000 	C:\WINDOWS\System32\ADVAPI32.dll
0x00007ffb236c0000 - 0x00007ffb23768000 	C:\WINDOWS\System32\sechost.dll
0x00007ffb21850000 - 0x00007ffb21878000 	C:\WINDOWS\System32\bcrypt.dll
0x00007ffb23080000 - 0x00007ffb23194000 	C:\WINDOWS\System32\RPCRT4.dll
0x00007ffb23350000 - 0x00007ffb233c1000 	C:\WINDOWS\System32\WS2_32.dll
0x00007ffb213b0000 - 0x00007ffb213fd000 	C:\WINDOWS\SYSTEM32\POWRPROF.dll
0x00007ffb17ac0000 - 0x00007ffb17aca000 	C:\WINDOWS\SYSTEM32\VERSION.dll
0x00007ffb192b0000 - 0x00007ffb192e4000 	C:\WINDOWS\SYSTEM32\WINMM.dll
0x00007ffb21390000 - 0x00007ffb213a3000 	C:\WINDOWS\SYSTEM32\UMPDC.dll
0x00007ffb204e0000 - 0x00007ffb204f8000 	C:\WINDOWS\SYSTEM32\kernel.appcore.dll
0x00007ffb03d00000 - 0x00007ffb03d0a000 	c:\Users\Shreyansh Bhardwaj\.vscode\extensions\redhat.java-1.44.0-win32-x64\jre\21.0.8-win32-x86_64\bin\jimage.dll
0x00007ffb1efa0000 - 0x00007ffb1f1d3000 	C:\WINDOWS\SYSTEM32\DBGHELP.DLL
0x00007ffb23f80000 - 0x00007ffb24313000 	C:\WINDOWS\System32\combase.dll
0x00007ffb238c0000 - 0x00007ffb23997000 	C:\WINDOWS\System32\OLEAUT32.dll
0x00007ffb05580000 - 0x00007ffb055b2000 	C:\WINDOWS\SYSTEM32\dbgcore.DLL
0x00007ffb22000000 - 0x00007ffb2207b000 	C:\WINDOWS\System32\bcryptPrimitives.dll
0x00007ffb03cf0000 - 0x00007ffb03cff000 	c:\Users\Shreyansh Bhardwaj\.vscode\extensions\redhat.java-1.44.0-win32-x64\jre\21.0.8-win32-x86_64\bin\instrument.dll
0x00007ffb03cd0000 - 0x00007ffb03cef000 	c:\Users\Shreyansh Bhardwaj\.vscode\extensions\redhat.java-1.44.0-win32-x64\jre\21.0.8-win32-x86_64\bin\java.dll
0x00007ffb22710000 - 0x00007ffb22fb2000 	C:\WINDOWS\System32\SHELL32.dll
0x00007ffb218b0000 - 0x00007ffb219ef000 	C:\WINDOWS\System32\wintypes.dll
0x00007ffb1f3c0000 - 0x00007ffb1fcdd000 	C:\WINDOWS\SYSTEM32\windows.storage.dll
0x00007ffb233d0000 - 0x00007ffb234dc000 	C:\WINDOWS\System32\SHCORE.dll
0x00007ffb23d00000 - 0x00007ffb23d69000 	C:\WINDOWS\System32\shlwapi.dll
0x00007ffb21410000 - 0x00007ffb2143b000 	C:\WINDOWS\SYSTEM32\profapi.dll
0x00007ffaf2290000 - 0x00007ffaf22a8000 	c:\Users\Shreyansh Bhardwaj\.vscode\extensions\redhat.java-1.44.0-win32-x64\jre\21.0.8-win32-x86_64\bin\zip.dll
0x00007ffb03cc0000 - 0x00007ffb03cd0000 	C:\Users\Shreyansh Bhardwaj\.vscode\extensions\redhat.java-1.44.0-win32-x64\jre\21.0.8-win32-x86_64\bin\net.dll
0x00007ffb17e60000 - 0x00007ffb17f8c000 	C:\WINDOWS\SYSTEM32\WINHTTP.dll
0x00007ffb209b0000 - 0x00007ffb20a19000 	C:\WINDOWS\system32\mswsock.dll
0x00007ffaf2270000 - 0x00007ffaf2286000 	C:\Users\Shreyansh Bhardwaj\.vscode\extensions\redhat.java-1.44.0-win32-x64\jre\21.0.8-win32-x86_64\bin\nio.dll
0x00007ffaff5f0000 - 0x00007ffaff600000 	c:\Users\Shreyansh Bhardwaj\.vscode\extensions\redhat.java-1.44.0-win32-x64\jre\21.0.8-win32-x86_64\bin\verify.dll
0x00007ffad7f10000 - 0x00007ffad7f55000 	C:\Users\Shreyansh Bhardwaj\AppData\Roaming\Code\User\globalStorage\redhat.java\1.44.0\config_ss_win\org.eclipse.equinox.launcher\org.eclipse.equinox.launcher.win32.win32.x86_64_1.2.1400.v20250730-1736\eclipse_11913.dll
0x00007ffb23de0000 - 0x00007ffb23f80000 	C:\WINDOWS\System32\ole32.dll
0x00007ffb20c00000 - 0x00007ffb20c1b000 	C:\WINDOWS\SYSTEM32\CRYPTSP.dll
0x00007ffb204a0000 - 0x00007ffb204d7000 	C:\WINDOWS\system32\rsaenh.dll
0x00007ffb20a50000 - 0x00007ffb20a78000 	C:\WINDOWS\SYSTEM32\USERENV.dll
0x00007ffb20bc0000 - 0x00007ffb20bcc000 	C:\WINDOWS\SYSTEM32\CRYPTBASE.dll
0x00007ffb1ff80000 - 0x00007ffb1ffad000 	C:\WINDOWS\SYSTEM32\IPHLPAPI.DLL
0x00007ffb23c30000 - 0x00007ffb23c39000 	C:\WINDOWS\System32\NSI.dll
0x00007ffabb920000 - 0x00007ffabb969000 	C:\Users\Shreyansh Bhardwaj\AppData\Local\Temp\jna-1901370432\jna5054476336091005446.dll
0x00007ffb23cf0000 - 0x00007ffb23cf8000 	C:\WINDOWS\System32\PSAPI.DLL
0x00007ffb17df0000 - 0x00007ffb17e09000 	C:\WINDOWS\SYSTEM32\dhcpcsvc6.DLL
0x00007ffb17db0000 - 0x00007ffb17dcf000 	C:\WINDOWS\SYSTEM32\dhcpcsvc.DLL

JVMTI agents:
c:\Users\Shreyansh Bhardwaj\.vscode\extensions\redhat.java-1.44.0-win32-x64\lombok\lombok-1.18.39-4050.jar path:c:\Users\Shreyansh Bhardwaj\.vscode\extensions\redhat.java-1.44.0-win32-x64\jre\21.0.8-win32-x86_64\bin\instrument.dll, loaded, initialized, instrumentlib options:none

dbghelp: loaded successfully - version: 4.0.5 - missing functions: none
symbol engine: initialized successfully - sym options: 0x614 - pdb path: .;c:\Users\Shreyansh Bhardwaj\.vscode\extensions\redhat.java-1.44.0-win32-x64\jre\21.0.8-win32-x86_64\bin;C:\WINDOWS\SYSTEM32;C:\WINDOWS\WinSxS\amd64_microsoft.windows.common-controls_6595b64144ccf1df_6.0.22621.5547_none_27104afb73855772;c:\Users\Shreyansh Bhardwaj\.vscode\extensions\redhat.java-1.44.0-win32-x64\jre\21.0.8-win32-x86_64\bin\server;C:\Users\Shreyansh Bhardwaj\AppData\Roaming\Code\User\globalStorage\redhat.java\1.44.0\config_ss_win\org.eclipse.equinox.launcher\org.eclipse.equinox.launcher.win32.win32.x86_64_1.2.1400.v20250730-1736;C:\Users\Shreyansh Bhardwaj\AppData\Local\Temp\jna-1901370432

VM Arguments:
jvm_args: --add-modules=ALL-SYSTEM --add-opens=java.base/java.util=ALL-UNNAMED --add-opens=java.base/java.lang=ALL-UNNAMED --add-opens=java.base/sun.nio.fs=ALL-UNNAMED -Declipse.application=org.eclipse.jdt.ls.core.id1 -Dosgi.bundles.defaultStartLevel=4 -Declipse.product=org.eclipse.jdt.ls.core.product -Djava.import.generatesMetadataFilesAtProjectRoot=false -DDetectVMInstallationsJob.disabled=true -Dfile.encoding=utf8 -XX:+UseParallelGC -XX:GCTimeRatio=4 -XX:AdaptiveSizePolicyWeight=90 -Dsun.zip.disableMemoryMapping=true -Xmx2G -Xms100m -Xlog:disable -javaagent:c:\Users\Shreyansh Bhardwaj\.vscode\extensions\redhat.java-1.44.0-win32-x64\lombok\lombok-1.18.39-4050.jar 
java_command: c:\Users\Shreyansh Bhardwaj\.vscode\extensions\redhat.java-1.44.0-win32-x64\server\plugins\org.eclipse.equinox.launcher_1.7.0.v20250519-0528.jar -configuration c:\Users\Shreyansh Bhardwaj\AppData\Roaming\Code\User\globalStorage\redhat.java\1.44.0\config_ss_win -data c:\Users\Shreyansh Bhardwaj\AppData\Roaming\Code\User\workspaceStorage\78c7e8b256210418a5575d8a2d98ab2c\redhat.java\ss_ws --pipe=\\.\pipe\lsp-27e17a47d9797ebe795040ffb339e034-sock
java_class_path (initial): c:\Users\Shreyansh Bhardwaj\.vscode\extensions\redhat.java-1.44.0-win32-x64\server\plugins\org.eclipse.equinox.launcher_1.7.0.v20250519-0528.jar
Launcher Type: SUN_STANDARD

[Global flags]
    uintx AdaptiveSizePolicyWeight                 = 90                                        {product} {command line}
     intx CICompilerCount                          = 4                                         {product} {ergonomic}
    uintx GCTimeRatio                              = 4                                         {product} {command line}
   size_t InitialHeapSize                          = 104857600                                 {product} {command line}
   size_t MaxHeapSize                              = 2147483648                                {product} {command line}
   size_t MaxNewSize                               = 715653120                                 {product} {ergonomic}
   size_t MinHeapDeltaBytes                        = 524288                                    {product} {ergonomic}
   size_t MinHeapSize                              = 104857600                                 {product} {command line}
   size_t NewSize                                  = 34603008                                  {product} {ergonomic}
    uintx NonNMethodCodeHeapSize                   = 5839372                                {pd product} {ergonomic}
    uintx NonProfiledCodeHeapSize                  = 122909434                              {pd product} {ergonomic}
   size_t OldSize                                  = 70254592                                  {product} {ergonomic}
    uintx ProfiledCodeHeapSize                     = 122909434                              {pd product} {ergonomic}
    uintx ReservedCodeCacheSize                    = 251658240                              {pd product} {ergonomic}
     bool SegmentedCodeCache                       = true                                      {product} {ergonomic}
   size_t SoftMaxHeapSize                          = 2147483648                             {manageable} {ergonomic}
     bool UseCompressedOops                        = true                           {product lp64_product} {ergonomic}
     bool UseLargePagesIndividualAllocation        = false                                  {pd product} {ergonomic}
     bool UseParallelGC                            = true                                      {product} {command line}

Logging:
Log output configuration:
 #0: stdout all=off uptime,level,tags foldmultilines=false
 #1: stderr all=off uptime,level,tags foldmultilines=false

Environment Variables:
JAVA_HOME=C:\Program Files\Java\jdk-21
PATH=C:\Program Files\SqlCmd\;C:\Program Files\Microsoft MPI\Bin\;C:\Program Files\Common Files\Oracle\Java\javapath;C:\Program Files (x86)\Common Files\Oracle\Java\java8path;C:\Program Files (x86)\Common Files\Oracle\Java\javapath;C:\Program Files\Eclipse Adoptium\jdk-21.0.3.9-hotspot\bin;C:\Windows\system32;C:\Windows;C:\Windows\System32\Wbem;C:\Windows\System32\WindowsPowerShell\v1.0\;C:\Windows\System32\OpenSSH\;C:\Program Files (x86)\NVIDIA Corporation\PhysX\Common;C:\Program Files\NVIDIA Corporation\NVIDIA NvDLISR;C:\WINDOWS\system32;C:\WINDOWS;C:\WINDOWS\System32\Wbem;C:\WINDOWS\System32\WindowsPowerShell\v1.0\;C:\WINDOWS\System32\OpenSSH\;C:\MinGW\bin;C:\SFML-2.6.1\bin;C:\Program Files\dotnet\;C:\Program Files\CMake\bin;C:\Program Files\Git\cmd;C:\Program Files\MySQL\MySQL Server 8.0\bin;C:\Program Files\Microsoft SQL Server\Client SDK\ODBC\170\Tools\Binn\;C:\Program Files (x86)\Microsoft SQL Server\160\DTS\Binn\;C:\Program Files\Azure Data Studio\bin;C:\Program Files (x86)\Windows Kits\10\Windows Performance Toolkit\;C:\Program Files (x86)\Microsoft SQL Server\160\Tools\Binn\;C:\Program Files\Microsoft SQL Server\160\Tools\Binn\;C:\Program Files\Microsoft SQL Server\160\DTS\Binn\;C:\Program Files\Docker\Docker\resources\bin;C:\Program Files\nodejs\;C:\Users\Shreyansh Bhardwaj\AppData\Local\Programs\Python\Python313\Scripts\;C:\Users\Shreyansh Bhardwaj\AppData\Local\Programs\Python\Python313\;C:\Users\Shreyansh Bhardwaj\AppData\Local\Programs\Python\Launcher\;C:\Program Files\MySQL\MySQL Shell 8.0\bin\;C:\Users\Shreyansh Bhardwaj\AppData\Local\Microsoft\WindowsApps;C:\Users\Shreyansh Bhardwaj\AppData\Local\Programs\Microsoft VS Code\bin;C:\Users\Shreyansh Bhardwaj\AppData\Local\Programs\mongosh\;C:\Users\Shreyansh Bhardwaj\.dotnet\tools;C:\msys64\ucrt64\bin;C:\Users\Shreyansh Bhardwaj\AppData\Local\Programs\Python\Python313\Scripts;;C:\Program Files\JetBrains\IntelliJ IDEA 2023.1.3\bin;;C:\Users\Shreyansh Bhardwaj\.dotnet\tools;C:\Program Files\Azure Data Studio\bin;C:\Users\Shreyansh Bhardwaj\AppData\Roaming\npm
USERNAME=Shreyansh Bhardwaj
OS=Windows_NT
PROCESSOR_IDENTIFIER=AMD64 Family 25 Model 80 Stepping 0, AuthenticAMD
TMP=C:\Users\SHREYA~1\AppData\Local\Temp
TEMP=C:\Users\SHREYA~1\AppData\Local\Temp




Periodic native trim disabled

---------------  S Y S T E M  ---------------

OS:
 Windows 11 , 64 bit Build 22621 (10.0.22621.5415)
OS uptime: 1 days 22:53 hours
Hyper-V role detected

CPU: total 12 (initial active 12) (12 cores per cpu, 2 threads per core) family 25 model 80 stepping 0 microcode 0x0, cx8, cmov, fxsr, ht, mmx, 3dnowpref, sse, sse2, sse3, ssse3, sse4a, sse4.1, sse4.2, popcnt, lzcnt, tsc, tscinvbit, avx, avx2, aes, erms, clmul, bmi1, bmi2, adx, sha, fma, vzeroupper, clflush, clflushopt, hv, rdtscp, rdpid, fsrm, f16c, cet_ss
Processor Information for the first 12 processors :
  Max Mhz: 3301, Current Mhz: 1908, Mhz Limit: 3301

Memory: 4k page, system-wide physical 7532M (187M free)
TotalPageFile size 21768M (AvailPageFile size 1M)
current process WorkingSet (physical memory assigned to process): 183M, peak: 183M
current process commit charge ("private bytes"): 300M, peak: 310M

vm_info: OpenJDK 64-Bit Server VM (21.0.8+9-LTS) for windows-amd64 JRE (21.0.8+9-LTS), built on 2025-07-15T00:00:00Z by "admin" with MS VC++ 17.7 (VS2022)

END.
