#
# There is insufficient memory for the Java Runtime Environment to continue.
# Native memory allocation (malloc) failed to allocate 498448 bytes. Error detail: Chunk::new
# Possible reasons:
#   The system is out of physical RAM or swap space
#   This process is running with CompressedOops enabled, and the Java Heap may be blocking the growth of the native heap
# Possible solutions:
#   Reduce memory load on the system
#   Increase physical memory or swap space
#   Check if swap backing store is full
#   Decrease Java heap size (-Xmx/-Xms)
#   Decrease number of Java threads
#   Decrease Java thread stack sizes (-Xss)
#   Set larger code cache with -XX:ReservedCodeCacheSize=
#   JVM is running with Unscaled Compressed Oops mode in which the Java heap is
#     placed in the first 4GB address space. The Java Heap base address is the
#     maximum limit for the native heap growth. Please use -XX:HeapBaseMinAddress
#     to set the Java Heap base and to place the Java Heap above 4GB virtual address.
# This output file may be truncated or incomplete.
#
#  Out of Memory Error (arena.cpp:168), pid=18048, tid=27880
#
# JRE version: OpenJDK Runtime Environment Temurin-21.0.8+9 (21.0.8+9) (build 21.0.8+9-LTS)
# Java VM: OpenJDK 64-Bit Server VM Temurin-21.0.8+9 (21.0.8+9-LTS, mixed mode, sharing, tiered, compressed oops, compressed class ptrs, parallel gc, windows-amd64)
# No core dump will be written. Minidumps are not enabled by default on client versions of Windows
#

---------------  S U M M A R Y ------------

Command Line: --add-modules=ALL-SYSTEM --add-opens=java.base/java.util=ALL-UNNAMED --add-opens=java.base/java.lang=ALL-UNNAMED --add-opens=java.base/sun.nio.fs=ALL-UNNAMED -Declipse.application=org.eclipse.jdt.ls.core.id1 -Dosgi.bundles.defaultStartLevel=4 -Declipse.product=org.eclipse.jdt.ls.core.product -Djava.import.generatesMetadataFilesAtProjectRoot=false -DDetectVMInstallationsJob.disabled=true -Dfile.encoding=utf8 -XX:+UseParallelGC -XX:GCTimeRatio=4 -XX:AdaptiveSizePolicyWeight=90 -Dsun.zip.disableMemoryMapping=true -Xmx2G -Xms100m -Xlog:disable -javaagent:c:\Users\Shreyansh Bhardwaj\.vscode\extensions\redhat.java-1.44.0-win32-x64\lombok\lombok-1.18.39-4050.jar -XX:+HeapDumpOnOutOfMemoryError -XX:HeapDumpPath=c:\Users\Shreyansh Bhardwaj\AppData\Roaming\Code\User\workspaceStorage\78c7e8b256210418a5575d8a2d98ab2c\redhat.java -Daether.dependencyCollector.impl=bf c:\Users\Shreyansh Bhardwaj\.vscode\extensions\redhat.java-1.44.0-win32-x64\server\plugins\org.eclipse.equinox.launcher_1.7.0.v20250519-0528.jar -configuration c:\Users\Shreyansh Bhardwaj\AppData\Roaming\Code\User\globalStorage\redhat.java\1.44.0\config_win -data c:\Users\Shreyansh Bhardwaj\AppData\Roaming\Code\User\workspaceStorage\78c7e8b256210418a5575d8a2d98ab2c\redhat.java\jdt_ws --pipe=\\.\pipe\lsp-d97c16d226ffc96cc77ccc3f16a267de-sock

Host: AMD Ryzen 5 5600H with Radeon Graphics         , 12 cores, 7G,  Windows 11 , 64 bit Build 22621 (10.0.22621.5415)
Time: Thu Aug  7 11:03:53 2025 India Standard Time elapsed time: 10.336349 seconds (0d 0h 0m 10s)

---------------  T H R E A D  ---------------

Current thread (0x00000282741dbfb0):  JavaThread "C2 CompilerThread0" daemon [_thread_in_native, id=27880, stack(0x0000008ca8300000,0x0000008ca8400000) (1024K)]


Current CompileTask:
C2:10336 4189       4       org.lombokweb.asm.ClassReader::readMethod (1070 bytes)

Stack: [0x0000008ca8300000,0x0000008ca8400000]
Native frames: (J=compiled Java code, j=interpreted, Vv=VM code, C=native code)
V  [jvm.dll+0x6d2449]
V  [jvm.dll+0x8ae341]
V  [jvm.dll+0x8b08be]
V  [jvm.dll+0x8b0fa3]
V  [jvm.dll+0x280c96]
V  [jvm.dll+0xc581d]
V  [jvm.dll+0xc5d53]
V  [jvm.dll+0x3b919c]
V  [jvm.dll+0x1e108a]
V  [jvm.dll+0x249022]
V  [jvm.dll+0x2484af]
V  [jvm.dll+0x1c89ee]
V  [jvm.dll+0x257d4d]
V  [jvm.dll+0x2562ea]
V  [jvm.dll+0x3f2d16]
V  [jvm.dll+0x857e6b]
V  [jvm.dll+0x6d0b0d]
C  [ucrtbase.dll+0x29333]
C  [KERNEL32.DLL+0x1259d]
C  [ntdll.dll+0x5af78]


---------------  P R O C E S S  ---------------

Threads class SMR info:
_java_thread_list=0x0000028254641560, length=24, elements={
0x0000028274132110, 0x00000282741d83b0, 0x000002827bbcbe70, 0x000002827bbcde70,
0x00000282741d8f60, 0x00000282741da730, 0x00000282741db180, 0x00000282741dbfb0,
0x000002827cf32f60, 0x000002827cff1b50, 0x000002827d205fa0, 0x000002827df66a10,
0x000002827e695f40, 0x000002827e288400, 0x000002827e288a60, 0x000002827eac8360,
0x000002827ea57b80, 0x000002827f212b30, 0x000002827f39d4a0, 0x000002827f54c530,
0x000002827f0f13a0, 0x000002827f0f2750, 0x000002827f0f3b00, 0x000002827f0f4190
}

Java Threads: ( => current thread )
  0x0000028274132110 JavaThread "main"                              [_thread_blocked, id=7796, stack(0x0000008ca7900000,0x0000008ca7a00000) (1024K)]
  0x00000282741d83b0 JavaThread "Reference Handler"          daemon [_thread_blocked, id=6936, stack(0x0000008ca7d00000,0x0000008ca7e00000) (1024K)]
  0x000002827bbcbe70 JavaThread "Finalizer"                  daemon [_thread_blocked, id=20412, stack(0x0000008ca7e00000,0x0000008ca7f00000) (1024K)]
  0x000002827bbcde70 JavaThread "Signal Dispatcher"          daemon [_thread_blocked, id=27868, stack(0x0000008ca7f00000,0x0000008ca8000000) (1024K)]
  0x00000282741d8f60 JavaThread "Attach Listener"            daemon [_thread_blocked, id=15340, stack(0x0000008ca8000000,0x0000008ca8100000) (1024K)]
  0x00000282741da730 JavaThread "Service Thread"             daemon [_thread_blocked, id=19912, stack(0x0000008ca8100000,0x0000008ca8200000) (1024K)]
  0x00000282741db180 JavaThread "Monitor Deflation Thread"   daemon [_thread_blocked, id=17596, stack(0x0000008ca8200000,0x0000008ca8300000) (1024K)]
=>0x00000282741dbfb0 JavaThread "C2 CompilerThread0"         daemon [_thread_in_native, id=27880, stack(0x0000008ca8300000,0x0000008ca8400000) (1024K)]
  0x000002827cf32f60 JavaThread "C1 CompilerThread0"         daemon [_thread_in_vm, id=26480, stack(0x0000008ca8400000,0x0000008ca8500000) (1024K)]
  0x000002827cff1b50 JavaThread "Common-Cleaner"             daemon [_thread_blocked, id=24656, stack(0x0000008ca8500000,0x0000008ca8600000) (1024K)]
  0x000002827d205fa0 JavaThread "Notification Thread"        daemon [_thread_blocked, id=26464, stack(0x0000008ca8600000,0x0000008ca8700000) (1024K)]
  0x000002827df66a10 JavaThread "Active Thread: Equinox Container: 1e9db893-c31e-447b-a13a-7e31852b30c6"        [_thread_blocked, id=28356, stack(0x0000008ca8d00000,0x0000008ca8e00000) (1024K)]
  0x000002827e695f40 JavaThread "Refresh Thread: Equinox Container: 1e9db893-c31e-447b-a13a-7e31852b30c6" daemon [_thread_blocked, id=10188, stack(0x0000008ca8f00000,0x0000008ca9000000) (1024K)]
  0x000002827e288400 JavaThread "Framework Event Dispatcher: Equinox Container: 1e9db893-c31e-447b-a13a-7e31852b30c6" daemon [_thread_blocked, id=16620, stack(0x0000008ca9000000,0x0000008ca9100000) (1024K)]
  0x000002827e288a60 JavaThread "Start Level: Equinox Container: 1e9db893-c31e-447b-a13a-7e31852b30c6" daemon [_thread_in_vm, id=15608, stack(0x0000008ca9100000,0x0000008ca9200000) (1024K)]
  0x000002827eac8360 JavaThread "Bundle File Closer"         daemon [_thread_blocked, id=28288, stack(0x0000008ca9400000,0x0000008ca9500000) (1024K)]
  0x000002827ea57b80 JavaThread "SCR Component Actor"        daemon [_thread_blocked, id=2632, stack(0x0000008ca9500000,0x0000008ca9600000) (1024K)]
  0x000002827f212b30 JavaThread "SCR Component Registry"     daemon [_thread_blocked, id=20400, stack(0x0000008ca9600000,0x0000008ca9700000) (1024K)]
  0x000002827f39d4a0 JavaThread "Worker-JM"                         [_thread_blocked, id=3804, stack(0x0000008ca9700000,0x0000008ca9800000) (1024K)]
  0x000002827f54c530 JavaThread "JNA Cleaner"                daemon [_thread_blocked, id=8564, stack(0x0000008ca9800000,0x0000008ca9900000) (1024K)]
  0x000002827f0f13a0 JavaThread "Worker-0"                          [_thread_blocked, id=27608, stack(0x0000008ca9900000,0x0000008ca9a00000) (1024K)]
  0x000002827f0f2750 JavaThread "Worker-1: Repository registry initialization"        [_thread_in_Java, id=2952, stack(0x0000008ca9a00000,0x0000008ca9b00000) (1024K)]
  0x000002827f0f3b00 JavaThread "Worker-2"                          [_thread_blocked, id=18596, stack(0x0000008ca9b00000,0x0000008ca9c00000) (1024K)]
  0x000002827f0f4190 JavaThread "Java indexing"              daemon [_thread_blocked, id=14948, stack(0x0000008ca9c00000,0x0000008ca9d00000) (1024K)]
Total: 24

Other Threads:
  0x00000282741d3b30 VMThread "VM Thread"                           [id=19524, stack(0x0000008ca7c00000,0x0000008ca7d00000) (1024K)]
  0x00000282741a2e90 WatcherThread "VM Periodic Task Thread"        [id=4264, stack(0x0000008ca7b00000,0x0000008ca7c00000) (1024K)]
  0x00000282741525c0 WorkerThread "GC Thread#0"                     [id=15240, stack(0x0000008ca7a00000,0x0000008ca7b00000) (1024K)]
  0x000002827e39b9d0 WorkerThread "GC Thread#1"                     [id=10932, stack(0x0000008ca8700000,0x0000008ca8800000) (1024K)]
  0x000002827e39c170 WorkerThread "GC Thread#2"                     [id=6628, stack(0x0000008ca8800000,0x0000008ca8900000) (1024K)]
  0x000002827e39c510 WorkerThread "GC Thread#3"                     [id=2348, stack(0x0000008ca8900000,0x0000008ca8a00000) (1024K)]
  0x000002827e39c8b0 WorkerThread "GC Thread#4"                     [id=8864, stack(0x0000008ca8a00000,0x0000008ca8b00000) (1024K)]
  0x000002827e2cbf00 WorkerThread "GC Thread#5"                     [id=26876, stack(0x0000008ca8b00000,0x0000008ca8c00000) (1024K)]
  0x000002827e2cc2a0 WorkerThread "GC Thread#6"                     [id=9040, stack(0x0000008ca8c00000,0x0000008ca8d00000) (1024K)]
  0x000002827e31fd80 WorkerThread "GC Thread#7"                     [id=23660, stack(0x0000008ca8e00000,0x0000008ca8f00000) (1024K)]
  0x000002827eaeb410 WorkerThread "GC Thread#8"                     [id=12624, stack(0x0000008ca9200000,0x0000008ca9300000) (1024K)]
  0x000002827eaeb7b0 WorkerThread "GC Thread#9"                     [id=20732, stack(0x0000008ca9300000,0x0000008ca9400000) (1024K)]
Total: 12

Threads with active compile tasks:
C2 CompilerThread0  10376 4189       4       org.lombokweb.asm.ClassReader::readMethod (1070 bytes)
C1 CompilerThread0  10376 4416       3       org.codehaus.plexus.util.InterpolationFilterReader::read (477 bytes)
Total: 2

VM state: not at safepoint (normal execution)

VM Mutex/Monitor currently owned by a thread: None

Heap address: 0x0000000080000000, size: 2048 MB, Compressed Oops mode: 32-bit

CDS archive(s) mapped at: [0x000002820f000000-0x000002820fba0000-0x000002820fba0000), size 12189696, SharedBaseAddress: 0x000002820f000000, ArchiveRelocationMode: 1.
Compressed class space mapped at: 0x0000028210000000-0x0000028250000000, reserved size: 1073741824
Narrow klass base: 0x000002820f000000, Narrow klass shift: 0, Narrow klass range: 0x100000000

GC Precious Log:
 CardTable entry size: 512
 CPUs: 12 total, 12 available
 Memory: 7532M
 Large Page Support: Disabled
 NUMA Support: Disabled
 Compressed Oops: Enabled (32-bit)
 Alignments: Space 512K, Generation 512K, Heap 2M
 Heap Min Capacity: 100M
 Heap Initial Capacity: 100M
 Heap Max Capacity: 2G
 Pre-touch: Disabled
 Parallel Workers: 10

Heap:
 PSYoungGen      total 25088K, used 22944K [0x00000000d5580000, 0x00000000d7300000, 0x0000000100000000)
  eden space 23040K, 90% used [0x00000000d5580000,0x00000000d69f5140,0x00000000d6c00000)
  from space 2048K, 97% used [0x00000000d7100000,0x00000000d72f2fa0,0x00000000d7300000)
  to   space 2560K, 0% used [0x00000000d6e00000,0x00000000d6e00000,0x00000000d7080000)
 ParOldGen       total 68608K, used 14443K [0x0000000080000000, 0x0000000084300000, 0x00000000d5580000)
  object space 68608K, 21% used [0x0000000080000000,0x0000000080e1aee0,0x0000000084300000)
 Metaspace       used 30658K, committed 31616K, reserved 1114112K
  class space    used 3133K, committed 3520K, reserved 1048576K

Card table byte_map: [0x0000028273ae0000,0x0000028273ef0000] _byte_map_base: 0x00000282736e0000

Marking Bits: (ParMarkBitMap*) 0x00007ffa53e7a340
 Begin Bits: [0x00000282775d0000, 0x00000282795d0000)
 End Bits:   [0x00000282795d0000, 0x000002827b5d0000)

Polling page: 0x0000028272120000

Metaspace:

Usage:
  Non-class:     26.88 MB used.
      Class:      3.06 MB used.
       Both:     29.94 MB used.

Virtual space:
  Non-class space:       64.00 MB reserved,      27.44 MB ( 43%) committed,  1 nodes.
      Class space:        1.00 GB reserved,       3.44 MB ( <1%) committed,  1 nodes.
             Both:        1.06 GB reserved,      30.88 MB (  3%) committed. 

Chunk freelists:
   Non-Class:  4.51 MB
       Class:  12.41 MB
        Both:  16.91 MB

MaxMetaspaceSize: unlimited
CompressedClassSpaceSize: 1.00 GB
Initial GC threshold: 21.00 MB
Current GC threshold: 35.00 MB
CDS: on
 - commit_granule_bytes: 65536.
 - commit_granule_words: 8192.
 - virtual_space_node_default_size: 8388608.
 - enlarge_chunks_in_place: 1.
 - use_allocation_guard: 0.


Internal statistics:

num_allocs_failed_limit: 3.
num_arena_births: 822.
num_arena_deaths: 14.
num_vsnodes_births: 2.
num_vsnodes_deaths: 0.
num_space_committed: 494.
num_space_uncommitted: 0.
num_chunks_returned_to_freelist: 17.
num_chunks_taken_from_freelist: 2137.
num_chunk_merges: 7.
num_chunk_splits: 1337.
num_chunks_enlarged: 787.
num_inconsistent_stats: 0.

CodeHeap 'non-profiled nmethods': size=120000Kb used=1661Kb max_used=1661Kb free=118338Kb
 bounds [0x0000028207ad0000, 0x0000028207d40000, 0x000002820f000000]
CodeHeap 'profiled nmethods': size=120000Kb used=9082Kb max_used=9082Kb free=110917Kb
 bounds [0x0000028200000000, 0x00000282008e0000, 0x0000028207530000]
CodeHeap 'non-nmethods': size=5760Kb used=1336Kb max_used=1336Kb free=4423Kb
 bounds [0x0000028207530000, 0x00000282077a0000, 0x0000028207ad0000]
CodeCache: size=245760Kb, used=12079Kb, max_used=12079Kb, free=233678Kb
 total_blobs=5006, nmethods=4379, adapters=533, full_count=0
Compilation: enabled, stopped_count=0, restarted_count=0

Compilation events (20 events):
Event: 10.303 Thread 0x000002827cf32f60 nmethod 4364 0x00000282008c6810 code [0x00000282008c6a20, 0x00000282008c6df0]
Event: 10.303 Thread 0x000002827cf32f60 4365   !   2       jdk.internal.misc.ScopedMemoryAccess::getShortUnaligned (18 bytes)
Event: 10.303 Thread 0x000002827cf32f60 nmethod 4365 0x00000282008c7090 code [0x00000282008c7260, 0x00000282008c7498]
Event: 10.303 Thread 0x000002827cf32f60 4366       2       com.sun.org.apache.xerces.internal.dom.NodeImpl::needsSyncData (15 bytes)
Event: 10.304 Thread 0x000002827cf32f60 nmethod 4366 0x00000282008c7690 code [0x00000282008c7820, 0x00000282008c7940]
Event: 10.304 Thread 0x000002827cf32f60 4367       1       com.sun.org.apache.xerces.internal.dom.DocumentImpl::setMutationEvents (6 bytes)
Event: 10.304 Thread 0x000002827cf32f60 nmethod 4367 0x0000028207c6ea10 code [0x0000028207c6eba0, 0x0000028207c6ec70]
Event: 10.305 Thread 0x000002827cf32f60 4368       1       com.sun.org.apache.xerces.internal.dom.ChildNode::getNextSibling (5 bytes)
Event: 10.305 Thread 0x000002827cf32f60 nmethod 4368 0x0000028207c6ed10 code [0x0000028207c6eea0, 0x0000028207c6ef68]
Event: 10.308 Thread 0x000002827cf32f60 4369       2       java.util.HashSet::remove (20 bytes)
Event: 10.309 Thread 0x000002827cf32f60 nmethod 4369 0x00000282008c7a10 code [0x00000282008c7bc0, 0x00000282008c7d10]
Event: 10.309 Thread 0x000002827cf32f60 4370       1       java.lang.StackTraceElement::getClassName (5 bytes)
Event: 10.309 Thread 0x000002827cf32f60 nmethod 4370 0x0000028207c6f010 code [0x0000028207c6f1a0, 0x0000028207c6f268]
Event: 10.309 Thread 0x000002827cf32f60 4371       1       jdk.internal.loader.AbstractClassLoaderValue$Sub::parent (5 bytes)
Event: 10.309 Thread 0x000002827cf32f60 nmethod 4371 0x0000028207c6f310 code [0x0000028207c6f4a0, 0x0000028207c6f568]
Event: 10.323 Thread 0x000002827cf32f60 4372       2       java.util.stream.ReferencePipeline::findFirst (12 bytes)
Event: 10.323 Thread 0x000002827cf32f60 nmethod 4372 0x00000282008c7e10 code [0x00000282008c7fc0, 0x00000282008c8128]
Event: 10.324 Thread 0x000002827cf32f60 4373       2       java.util.stream.FindOps::makeRef (14 bytes)
Event: 10.324 Thread 0x000002827cf32f60 nmethod 4373 0x00000282008c8210 code [0x00000282008c83a0, 0x00000282008c84a0]
Event: 10.332 Thread 0x000002827cf32f60 4374 %     3       java.util.zip.ZipFile$Source::initCEN @ 261 (612 bytes)

GC Heap History (20 events):
Event: 3.131 GC heap before
{Heap before GC invocations=2 (full 0):
 PSYoungGen      total 29696K, used 28934K [0x00000000d5580000, 0x00000000d7680000, 0x0000000100000000)
  eden space 25600K, 100% used [0x00000000d5580000,0x00000000d6e80000,0x00000000d6e80000)
  from space 4096K, 81% used [0x00000000d6e80000,0x00000000d71c1bb8,0x00000000d7280000)
  to   space 4096K, 0% used [0x00000000d7280000,0x00000000d7280000,0x00000000d7680000)
 ParOldGen       total 68608K, used 8K [0x0000000080000000, 0x0000000084300000, 0x00000000d5580000)
  object space 68608K, 0% used [0x0000000080000000,0x0000000080002000,0x0000000084300000)
 Metaspace       used 7972K, committed 8256K, reserved 1114112K
  class space    used 831K, committed 960K, reserved 1048576K
}
Event: 3.143 GC heap after
{Heap after GC invocations=2 (full 0):
 PSYoungGen      total 29696K, used 4085K [0x00000000d5580000, 0x00000000d7680000, 0x0000000100000000)
  eden space 25600K, 0% used [0x00000000d5580000,0x00000000d5580000,0x00000000d6e80000)
  from space 4096K, 99% used [0x00000000d7280000,0x00000000d767d530,0x00000000d7680000)
  to   space 4096K, 0% used [0x00000000d6e80000,0x00000000d6e80000,0x00000000d7280000)
 ParOldGen       total 68608K, used 1673K [0x0000000080000000, 0x0000000084300000, 0x00000000d5580000)
  object space 68608K, 2% used [0x0000000080000000,0x00000000801a26a8,0x0000000084300000)
 Metaspace       used 7972K, committed 8256K, reserved 1114112K
  class space    used 831K, committed 960K, reserved 1048576K
}
Event: 4.050 GC heap before
{Heap before GC invocations=3 (full 0):
 PSYoungGen      total 29696K, used 29541K [0x00000000d5580000, 0x00000000d7680000, 0x0000000100000000)
  eden space 25600K, 99% used [0x00000000d5580000,0x00000000d6e5bed0,0x00000000d6e80000)
  from space 4096K, 99% used [0x00000000d7280000,0x00000000d767d530,0x00000000d7680000)
  to   space 4096K, 0% used [0x00000000d6e80000,0x00000000d6e80000,0x00000000d7280000)
 ParOldGen       total 68608K, used 1673K [0x0000000080000000, 0x0000000084300000, 0x00000000d5580000)
  object space 68608K, 2% used [0x0000000080000000,0x00000000801a26a8,0x0000000084300000)
 Metaspace       used 9345K, committed 9664K, reserved 1114112K
  class space    used 996K, committed 1152K, reserved 1048576K
}
Event: 4.063 GC heap after
{Heap after GC invocations=3 (full 0):
 PSYoungGen      total 29696K, used 4095K [0x00000000d5580000, 0x00000000d7680000, 0x0000000100000000)
  eden space 25600K, 0% used [0x00000000d5580000,0x00000000d5580000,0x00000000d6e80000)
  from space 4096K, 99% used [0x00000000d6e80000,0x00000000d727ffa0,0x00000000d7280000)
  to   space 4096K, 0% used [0x00000000d7280000,0x00000000d7280000,0x00000000d7680000)
 ParOldGen       total 68608K, used 4451K [0x0000000080000000, 0x0000000084300000, 0x00000000d5580000)
  object space 68608K, 6% used [0x0000000080000000,0x0000000080458cd8,0x0000000084300000)
 Metaspace       used 9345K, committed 9664K, reserved 1114112K
  class space    used 996K, committed 1152K, reserved 1048576K
}
Event: 5.126 GC heap before
{Heap before GC invocations=4 (full 0):
 PSYoungGen      total 29696K, used 29695K [0x00000000d5580000, 0x00000000d7680000, 0x0000000100000000)
  eden space 25600K, 100% used [0x00000000d5580000,0x00000000d6e80000,0x00000000d6e80000)
  from space 4096K, 99% used [0x00000000d6e80000,0x00000000d727ffa0,0x00000000d7280000)
  to   space 4096K, 0% used [0x00000000d7280000,0x00000000d7280000,0x00000000d7680000)
 ParOldGen       total 68608K, used 4451K [0x0000000080000000, 0x0000000084300000, 0x00000000d5580000)
  object space 68608K, 6% used [0x0000000080000000,0x0000000080458cd8,0x0000000084300000)
 Metaspace       used 12068K, committed 12416K, reserved 1114112K
  class space    used 1286K, committed 1472K, reserved 1048576K
}
Event: 5.138 GC heap after
{Heap after GC invocations=4 (full 0):
 PSYoungGen      total 29696K, used 4087K [0x00000000d5580000, 0x00000000d7680000, 0x0000000100000000)
  eden space 25600K, 0% used [0x00000000d5580000,0x00000000d5580000,0x00000000d6e80000)
  from space 4096K, 99% used [0x00000000d7280000,0x00000000d767dc30,0x00000000d7680000)
  to   space 4096K, 0% used [0x00000000d6e80000,0x00000000d6e80000,0x00000000d7280000)
 ParOldGen       total 68608K, used 6242K [0x0000000080000000, 0x0000000084300000, 0x00000000d5580000)
  object space 68608K, 9% used [0x0000000080000000,0x0000000080618b20,0x0000000084300000)
 Metaspace       used 12068K, committed 12416K, reserved 1114112K
  class space    used 1286K, committed 1472K, reserved 1048576K
}
Event: 6.302 GC heap before
{Heap before GC invocations=5 (full 0):
 PSYoungGen      total 29696K, used 29687K [0x00000000d5580000, 0x00000000d7680000, 0x0000000100000000)
  eden space 25600K, 100% used [0x00000000d5580000,0x00000000d6e80000,0x00000000d6e80000)
  from space 4096K, 99% used [0x00000000d7280000,0x00000000d767dc30,0x00000000d7680000)
  to   space 4096K, 0% used [0x00000000d6e80000,0x00000000d6e80000,0x00000000d7280000)
 ParOldGen       total 68608K, used 6242K [0x0000000080000000, 0x0000000084300000, 0x00000000d5580000)
  object space 68608K, 9% used [0x0000000080000000,0x0000000080618b20,0x0000000084300000)
 Metaspace       used 15253K, committed 15808K, reserved 1114112K
  class space    used 1565K, committed 1792K, reserved 1048576K
}
Event: 6.314 GC heap after
{Heap after GC invocations=5 (full 0):
 PSYoungGen      total 29184K, used 4092K [0x00000000d5580000, 0x00000000d7a00000, 0x0000000100000000)
  eden space 25088K, 0% used [0x00000000d5580000,0x00000000d5580000,0x00000000d6e00000)
  from space 4096K, 99% used [0x00000000d6e80000,0x00000000d727f138,0x00000000d7280000)
  to   space 6144K, 0% used [0x00000000d7400000,0x00000000d7400000,0x00000000d7a00000)
 ParOldGen       total 68608K, used 7943K [0x0000000080000000, 0x0000000084300000, 0x00000000d5580000)
  object space 68608K, 11% used [0x0000000080000000,0x00000000807c1da8,0x0000000084300000)
 Metaspace       used 15253K, committed 15808K, reserved 1114112K
  class space    used 1565K, committed 1792K, reserved 1048576K
}
Event: 7.669 GC heap before
{Heap before GC invocations=6 (full 0):
 PSYoungGen      total 29184K, used 29180K [0x00000000d5580000, 0x00000000d7a00000, 0x0000000100000000)
  eden space 25088K, 100% used [0x00000000d5580000,0x00000000d6e00000,0x00000000d6e00000)
  from space 4096K, 99% used [0x00000000d6e80000,0x00000000d727f138,0x00000000d7280000)
  to   space 6144K, 0% used [0x00000000d7400000,0x00000000d7400000,0x00000000d7a00000)
 ParOldGen       total 68608K, used 7943K [0x0000000080000000, 0x0000000084300000, 0x00000000d5580000)
  object space 68608K, 11% used [0x0000000080000000,0x00000000807c1da8,0x0000000084300000)
 Metaspace       used 18476K, committed 19200K, reserved 1114112K
  class space    used 1922K, committed 2240K, reserved 1048576K
}
Event: 7.678 GC heap after
{Heap after GC invocations=6 (full 0):
 PSYoungGen      total 30208K, used 5502K [0x00000000d5580000, 0x00000000d7980000, 0x0000000100000000)
  eden space 24576K, 0% used [0x00000000d5580000,0x00000000d5580000,0x00000000d6d80000)
  from space 5632K, 97% used [0x00000000d7400000,0x00000000d795f910,0x00000000d7980000)
  to   space 5632K, 0% used [0x00000000d6e80000,0x00000000d6e80000,0x00000000d7400000)
 ParOldGen       total 68608K, used 7951K [0x0000000080000000, 0x0000000084300000, 0x00000000d5580000)
  object space 68608K, 11% used [0x0000000080000000,0x00000000807c3da8,0x0000000084300000)
 Metaspace       used 18476K, committed 19200K, reserved 1114112K
  class space    used 1922K, committed 2240K, reserved 1048576K
}
Event: 8.486 GC heap before
{Heap before GC invocations=7 (full 0):
 PSYoungGen      total 30208K, used 26262K [0x00000000d5580000, 0x00000000d7980000, 0x0000000100000000)
  eden space 24576K, 84% used [0x00000000d5580000,0x00000000d69c6150,0x00000000d6d80000)
  from space 5632K, 97% used [0x00000000d7400000,0x00000000d795f910,0x00000000d7980000)
  to   space 5632K, 0% used [0x00000000d6e80000,0x00000000d6e80000,0x00000000d7400000)
 ParOldGen       total 68608K, used 7951K [0x0000000080000000, 0x0000000084300000, 0x00000000d5580000)
  object space 68608K, 11% used [0x0000000080000000,0x00000000807c3da8,0x0000000084300000)
 Metaspace       used 20629K, committed 21504K, reserved 1114112K
  class space    used 2183K, committed 2560K, reserved 1048576K
}
Event: 8.497 GC heap after
{Heap after GC invocations=7 (full 0):
 PSYoungGen      total 29184K, used 4215K [0x00000000d5580000, 0x00000000d7780000, 0x0000000100000000)
  eden space 24576K, 0% used [0x00000000d5580000,0x00000000d5580000,0x00000000d6d80000)
  from space 4608K, 91% used [0x00000000d6e80000,0x00000000d729dd40,0x00000000d7300000)
  to   space 4608K, 0% used [0x00000000d7300000,0x00000000d7300000,0x00000000d7780000)
 ParOldGen       total 68608K, used 9500K [0x0000000080000000, 0x0000000084300000, 0x00000000d5580000)
  object space 68608K, 13% used [0x0000000080000000,0x0000000080947118,0x0000000084300000)
 Metaspace       used 20629K, committed 21504K, reserved 1114112K
  class space    used 2183K, committed 2560K, reserved 1048576K
}
Event: 8.497 GC heap before
{Heap before GC invocations=8 (full 1):
 PSYoungGen      total 29184K, used 4215K [0x00000000d5580000, 0x00000000d7780000, 0x0000000100000000)
  eden space 24576K, 0% used [0x00000000d5580000,0x00000000d5580000,0x00000000d6d80000)
  from space 4608K, 91% used [0x00000000d6e80000,0x00000000d729dd40,0x00000000d7300000)
  to   space 4608K, 0% used [0x00000000d7300000,0x00000000d7300000,0x00000000d7780000)
 ParOldGen       total 68608K, used 9500K [0x0000000080000000, 0x0000000084300000, 0x00000000d5580000)
  object space 68608K, 13% used [0x0000000080000000,0x0000000080947118,0x0000000084300000)
 Metaspace       used 20629K, committed 21504K, reserved 1114112K
  class space    used 2183K, committed 2560K, reserved 1048576K
}
Event: 8.557 GC heap after
{Heap after GC invocations=8 (full 1):
 PSYoungGen      total 29184K, used 0K [0x00000000d5580000, 0x00000000d7780000, 0x0000000100000000)
  eden space 24576K, 0% used [0x00000000d5580000,0x00000000d5580000,0x00000000d6d80000)
  from space 4608K, 0% used [0x00000000d6e80000,0x00000000d6e80000,0x00000000d7300000)
  to   space 4608K, 0% used [0x00000000d7300000,0x00000000d7300000,0x00000000d7780000)
 ParOldGen       total 68608K, used 12787K [0x0000000080000000, 0x0000000084300000, 0x00000000d5580000)
  object space 68608K, 18% used [0x0000000080000000,0x0000000080c7cca8,0x0000000084300000)
 Metaspace       used 20616K, committed 21504K, reserved 1114112K
  class space    used 2179K, committed 2560K, reserved 1048576K
}
Event: 9.063 GC heap before
{Heap before GC invocations=9 (full 1):
 PSYoungGen      total 29184K, used 24576K [0x00000000d5580000, 0x00000000d7780000, 0x0000000100000000)
  eden space 24576K, 100% used [0x00000000d5580000,0x00000000d6d80000,0x00000000d6d80000)
  from space 4608K, 0% used [0x00000000d6e80000,0x00000000d6e80000,0x00000000d7300000)
  to   space 4608K, 0% used [0x00000000d7300000,0x00000000d7300000,0x00000000d7780000)
 ParOldGen       total 68608K, used 12787K [0x0000000080000000, 0x0000000084300000, 0x00000000d5580000)
  object space 68608K, 18% used [0x0000000080000000,0x0000000080c7cca8,0x0000000084300000)
 Metaspace       used 22493K, committed 23424K, reserved 1114112K
  class space    used 2348K, committed 2752K, reserved 1048576K
}
Event: 9.067 GC heap after
{Heap after GC invocations=9 (full 1):
 PSYoungGen      total 27648K, used 3120K [0x00000000d5580000, 0x00000000d7680000, 0x0000000100000000)
  eden space 24064K, 0% used [0x00000000d5580000,0x00000000d5580000,0x00000000d6d00000)
  from space 3584K, 87% used [0x00000000d7300000,0x00000000d760c280,0x00000000d7680000)
  to   space 4096K, 0% used [0x00000000d6e80000,0x00000000d6e80000,0x00000000d7280000)
 ParOldGen       total 68608K, used 12795K [0x0000000080000000, 0x0000000084300000, 0x00000000d5580000)
  object space 68608K, 18% used [0x0000000080000000,0x0000000080c7eca8,0x0000000084300000)
 Metaspace       used 22493K, committed 23424K, reserved 1114112K
  class space    used 2348K, committed 2752K, reserved 1048576K
}
Event: 9.651 GC heap before
{Heap before GC invocations=10 (full 1):
 PSYoungGen      total 27648K, used 27184K [0x00000000d5580000, 0x00000000d7680000, 0x0000000100000000)
  eden space 24064K, 100% used [0x00000000d5580000,0x00000000d6d00000,0x00000000d6d00000)
  from space 3584K, 87% used [0x00000000d7300000,0x00000000d760c280,0x00000000d7680000)
  to   space 4096K, 0% used [0x00000000d6e80000,0x00000000d6e80000,0x00000000d7280000)
 ParOldGen       total 68608K, used 12795K [0x0000000080000000, 0x0000000084300000, 0x00000000d5580000)
  object space 68608K, 18% used [0x0000000080000000,0x0000000080c7eca8,0x0000000084300000)
 Metaspace       used 26373K, committed 27328K, reserved 1114112K
  class space    used 2633K, committed 3008K, reserved 1048576K
}
Event: 9.654 GC heap after
{Heap after GC invocations=10 (full 1):
 PSYoungGen      total 25088K, used 1433K [0x00000000d5580000, 0x00000000d7380000, 0x0000000100000000)
  eden space 23552K, 0% used [0x00000000d5580000,0x00000000d5580000,0x00000000d6c80000)
  from space 1536K, 93% used [0x00000000d6e80000,0x00000000d6fe6758,0x00000000d7000000)
  to   space 2560K, 0% used [0x00000000d7100000,0x00000000d7100000,0x00000000d7380000)
 ParOldGen       total 68608K, used 12803K [0x0000000080000000, 0x0000000084300000, 0x00000000d5580000)
  object space 68608K, 18% used [0x0000000080000000,0x0000000080c80ca8,0x0000000084300000)
 Metaspace       used 26373K, committed 27328K, reserved 1114112K
  class space    used 2633K, committed 3008K, reserved 1048576K
}
Event: 10.005 GC heap before
{Heap before GC invocations=11 (full 1):
 PSYoungGen      total 25088K, used 24985K [0x00000000d5580000, 0x00000000d7380000, 0x0000000100000000)
  eden space 23552K, 100% used [0x00000000d5580000,0x00000000d6c80000,0x00000000d6c80000)
  from space 1536K, 93% used [0x00000000d6e80000,0x00000000d6fe6758,0x00000000d7000000)
  to   space 2560K, 0% used [0x00000000d7100000,0x00000000d7100000,0x00000000d7380000)
 ParOldGen       total 68608K, used 12803K [0x0000000080000000, 0x0000000084300000, 0x00000000d5580000)
  object space 68608K, 18% used [0x0000000080000000,0x0000000080c80ca8,0x0000000084300000)
 Metaspace       used 27996K, committed 28928K, reserved 1114112K
  class space    used 2799K, committed 3200K, reserved 1048576K
}
Event: 10.010 GC heap after
{Heap after GC invocations=11 (full 1):
 PSYoungGen      total 25088K, used 1995K [0x00000000d5580000, 0x00000000d7300000, 0x0000000100000000)
  eden space 23040K, 0% used [0x00000000d5580000,0x00000000d5580000,0x00000000d6c00000)
  from space 2048K, 97% used [0x00000000d7100000,0x00000000d72f2fa0,0x00000000d7300000)
  to   space 2560K, 0% used [0x00000000d6e00000,0x00000000d6e00000,0x00000000d7080000)
 ParOldGen       total 68608K, used 14443K [0x0000000080000000, 0x0000000084300000, 0x00000000d5580000)
  object space 68608K, 21% used [0x0000000080000000,0x0000000080e1aee0,0x0000000084300000)
 Metaspace       used 27996K, committed 28928K, reserved 1114112K
  class space    used 2799K, committed 3200K, reserved 1048576K
}

Dll operation events (10 events):
Event: 0.049 Loaded shared library c:\Users\Shreyansh Bhardwaj\.vscode\extensions\redhat.java-1.44.0-win32-x64\jre\21.0.8-win32-x86_64\bin\java.dll
Event: 0.256 Loaded shared library c:\Users\Shreyansh Bhardwaj\.vscode\extensions\redhat.java-1.44.0-win32-x64\jre\21.0.8-win32-x86_64\bin\zip.dll
Event: 0.301 Loaded shared library C:\Users\Shreyansh Bhardwaj\.vscode\extensions\redhat.java-1.44.0-win32-x64\jre\21.0.8-win32-x86_64\bin\instrument.dll
Event: 0.321 Loaded shared library C:\Users\Shreyansh Bhardwaj\.vscode\extensions\redhat.java-1.44.0-win32-x64\jre\21.0.8-win32-x86_64\bin\net.dll
Event: 0.331 Loaded shared library C:\Users\Shreyansh Bhardwaj\.vscode\extensions\redhat.java-1.44.0-win32-x64\jre\21.0.8-win32-x86_64\bin\nio.dll
Event: 0.347 Loaded shared library C:\Users\Shreyansh Bhardwaj\.vscode\extensions\redhat.java-1.44.0-win32-x64\jre\21.0.8-win32-x86_64\bin\zip.dll
Event: 0.415 Loaded shared library C:\Users\Shreyansh Bhardwaj\.vscode\extensions\redhat.java-1.44.0-win32-x64\jre\21.0.8-win32-x86_64\bin\jimage.dll
Event: 0.626 Loaded shared library c:\Users\Shreyansh Bhardwaj\.vscode\extensions\redhat.java-1.44.0-win32-x64\jre\21.0.8-win32-x86_64\bin\verify.dll
Event: 3.313 Loaded shared library C:\Users\Shreyansh Bhardwaj\AppData\Roaming\Code\User\globalStorage\redhat.java\1.44.0\config_win\org.eclipse.equinox.launcher\org.eclipse.equinox.launcher.win32.win32.x86_64_1.2.1400.v20250730-1736\eclipse_11913.dll
Event: 7.116 Loaded shared library C:\Users\Shreyansh Bhardwaj\AppData\Local\Temp\jna-1901370432\jna3858539873876249453.dll

Deoptimization events (20 events):
Event: 10.193 Thread 0x000002827e288a60 Uncommon trap: trap_request=0xffffffc6 fr.pc=0x0000028207b65750 relative=0x00000000000009d0
Event: 10.193 Thread 0x000002827e288a60 Uncommon trap: reason=bimorphic_or_optimized_type_check action=maybe_recompile pc=0x0000028207b65750 method=java.util.HashMap.putVal(ILjava/lang/Object;Ljava/lang/Object;ZZ)Ljava/lang/Object; @ 56 c2
Event: 10.193 Thread 0x000002827e288a60 DEOPT PACKING pc=0x0000028207b65750 sp=0x0000008ca91f99a0
Event: 10.193 Thread 0x000002827e288a60 DEOPT UNPACKING pc=0x0000028207583aa2 sp=0x0000008ca91f98a0 mode 2
Event: 10.207 Thread 0x000002827e288a60 Uncommon trap: trap_request=0xffffffc6 fr.pc=0x0000028207b6576c relative=0x00000000000009ec
Event: 10.207 Thread 0x000002827e288a60 Uncommon trap: reason=bimorphic_or_optimized_type_check action=maybe_recompile pc=0x0000028207b6576c method=java.util.HashMap.putVal(ILjava/lang/Object;Ljava/lang/Object;ZZ)Ljava/lang/Object; @ 253 c2
Event: 10.207 Thread 0x000002827e288a60 DEOPT PACKING pc=0x0000028207b6576c sp=0x0000008ca91f98f0
Event: 10.207 Thread 0x000002827e288a60 DEOPT UNPACKING pc=0x0000028207583aa2 sp=0x0000008ca91f9818 mode 2
Event: 10.287 Thread 0x000002827f0f2750 Uncommon trap: trap_request=0xffffff45 fr.pc=0x0000028207bdc3cc relative=0x000000000000088c
Event: 10.287 Thread 0x000002827f0f2750 Uncommon trap: reason=unstable_if action=reinterpret pc=0x0000028207bdc3cc method=jdk.internal.org.objectweb.asm.SymbolTable.put(Ljdk/internal/org/objectweb/asm/SymbolTable$Entry;)Ljdk/internal/org/objectweb/asm/SymbolTable$Entry; @ 13 c2
Event: 10.287 Thread 0x000002827f0f2750 DEOPT PACKING pc=0x0000028207bdc3cc sp=0x0000008ca9afd7c0
Event: 10.287 Thread 0x000002827f0f2750 DEOPT UNPACKING pc=0x0000028207583aa2 sp=0x0000008ca9afd6d8 mode 2
Event: 10.313 Thread 0x000002827f0f2750 Uncommon trap: trap_request=0xffffffc6 fr.pc=0x0000028207bf02e8 relative=0x0000000000000fe8
Event: 10.313 Thread 0x000002827f0f2750 Uncommon trap: reason=bimorphic_or_optimized_type_check action=maybe_recompile pc=0x0000028207bf02e8 method=java.util.Properties$LineReader.readLine()I @ 479 c2
Event: 10.313 Thread 0x000002827f0f2750 DEOPT PACKING pc=0x0000028207bf02e8 sp=0x0000008ca9afd7e0
Event: 10.313 Thread 0x000002827f0f2750 DEOPT UNPACKING pc=0x0000028207583aa2 sp=0x0000008ca9afd770 mode 2
Event: 10.317 Thread 0x000002827e288a60 DEOPT PACKING pc=0x000002820044cd94 sp=0x0000008ca91fa790
Event: 10.317 Thread 0x000002827e288a60 DEOPT UNPACKING pc=0x0000028207584242 sp=0x0000008ca91f9ce0 mode 0
Event: 10.317 Thread 0x000002827e288a60 DEOPT PACKING pc=0x000002820040a3c4 sp=0x0000008ca91fab10
Event: 10.317 Thread 0x000002827e288a60 DEOPT UNPACKING pc=0x0000028207584242 sp=0x0000008ca91fa0a0 mode 0

Classes loaded (20 events):
Event: 10.287 Loading class com/sun/org/apache/xerces/internal/impl/msg/XMLSerializerMessages_en
Event: 10.287 Loading class com/sun/org/apache/xerces/internal/impl/msg/XMLSerializerMessages_en done
Event: 10.287 Loading class com/sun/org/apache/xerces/internal/impl/msg/XMLSerializerMessages_en
Event: 10.287 Loading class com/sun/org/apache/xerces/internal/impl/msg/XMLSerializerMessages_en done
Event: 10.287 Loading class com/sun/org/apache/xerces/internal/impl/msg/XMLSerializerMessages_en_IN
Event: 10.287 Loading class com/sun/org/apache/xerces/internal/impl/msg/XMLSerializerMessages_en_IN done
Event: 10.287 Loading class com/sun/org/apache/xerces/internal/impl/msg/XMLSerializerMessages_en_IN
Event: 10.287 Loading class com/sun/org/apache/xerces/internal/impl/msg/XMLSerializerMessages_en_IN done
Event: 10.288 Loading class com/sun/org/apache/xerces/internal/impl/msg/XMLMessages
Event: 10.288 Loading class com/sun/org/apache/xerces/internal/impl/msg/XMLMessages done
Event: 10.288 Loading class com/sun/org/apache/xerces/internal/impl/msg/XMLMessages
Event: 10.288 Loading class com/sun/org/apache/xerces/internal/impl/msg/XMLMessages done
Event: 10.290 Loading class com/sun/org/apache/xerces/internal/impl/msg/XMLMessages_en
Event: 10.290 Loading class com/sun/org/apache/xerces/internal/impl/msg/XMLMessages_en done
Event: 10.290 Loading class com/sun/org/apache/xerces/internal/impl/msg/XMLMessages_en
Event: 10.290 Loading class com/sun/org/apache/xerces/internal/impl/msg/XMLMessages_en done
Event: 10.291 Loading class com/sun/org/apache/xerces/internal/impl/msg/XMLMessages_en_IN
Event: 10.291 Loading class com/sun/org/apache/xerces/internal/impl/msg/XMLMessages_en_IN done
Event: 10.291 Loading class com/sun/org/apache/xerces/internal/impl/msg/XMLMessages_en_IN
Event: 10.291 Loading class com/sun/org/apache/xerces/internal/impl/msg/XMLMessages_en_IN done

Classes unloaded (7 events):
Event: 8.504 Thread 0x00000282741d3b30 Unloading class 0x00000282101ab800 'java/lang/invoke/LambdaForm$MH+0x00000282101ab800'
Event: 8.504 Thread 0x00000282741d3b30 Unloading class 0x00000282101ab400 'java/lang/invoke/LambdaForm$MH+0x00000282101ab400'
Event: 8.504 Thread 0x00000282741d3b30 Unloading class 0x00000282101ab000 'java/lang/invoke/LambdaForm$MH+0x00000282101ab000'
Event: 8.504 Thread 0x00000282741d3b30 Unloading class 0x00000282101aac00 'java/lang/invoke/LambdaForm$MH+0x00000282101aac00'
Event: 8.504 Thread 0x00000282741d3b30 Unloading class 0x00000282101aa800 'java/lang/invoke/LambdaForm$BMH+0x00000282101aa800'
Event: 8.504 Thread 0x00000282741d3b30 Unloading class 0x00000282101aa400 'java/lang/invoke/LambdaForm$DMH+0x00000282101aa400'
Event: 8.504 Thread 0x00000282741d3b30 Unloading class 0x00000282101a9000 'java/lang/invoke/LambdaForm$DMH+0x00000282101a9000'

Classes redefined (0 events):
No events

Internal exceptions (20 events):
Event: 8.413 Thread 0x000002827e288a60 Exception <a 'java/lang/NoSuchMethodError'{0x00000000d6828fd0}: 'int java.lang.invoke.Invokers$Holder.linkToTargetMethod(java.lang.Object, java.lang.Object)'> (0x00000000d6828fd0) 
thrown [s\src\hotspot\share\interpreter\linkResolver.cpp, line 773]
Event: 8.474 Thread 0x000002827e288a60 Exception <a 'java/lang/NoSuchMethodError'{0x00000000d691b218}: 'java.lang.Object java.lang.invoke.Invokers$Holder.invoke_MT(java.lang.Object, java.lang.Object, java.lang.Object, java.lang.Object, java.lang.Object, java.lang.Object, java.lang.Object, java.lang.Object, java.lang.Object, java.lang.Object, java.lang.Object)'> (0x00000000d691b218) 
thrown [s\src\hotspot\share\interpreter\linkResolver.cpp, line 773]
Event: 8.570 Thread 0x000002827e288a60 Exception <a 'java/lang/NoSuchMethodError'{0x00000000d55c8158}: 'java.lang.Object java.lang.invoke.Invokers$Holder.invoke_MT(java.lang.Object, java.lang.Object, java.lang.Object, java.lang.Object, java.lang.Object, java.lang.Object, java.lang.Object, java.lang.Object, java.lang.Object, java.lang.Object)'> (0x00000000d55c8158) 
thrown [s\src\hotspot\share\interpreter\linkResolver.cpp, line 773]
Event: 8.592 Thread 0x000002827e288a60 Exception <a 'java/lang/NoSuchMethodError'{0x00000000d5677c38}: 'java.lang.Object java.lang.invoke.DirectMethodHandle$Holder.newInvokeSpecial(java.lang.Object, java.lang.Object, java.lang.Object, java.lang.Object, java.lang.Object, java.lang.Object, java.lang.Object)'> (0x00000000d5677c38) 
thrown [s\src\hotspot\share\interpreter\linkResolver.cpp, line 773]
Event: 8.609 Thread 0x000002827e288a60 Exception <a 'java/lang/NoSuchMethodError'{0x00000000d56ef8e8}: 'java.lang.Object java.lang.invoke.Invokers$Holder.invoker(java.lang.Object, java.lang.Object, java.lang.Object, java.lang.Object, java.lang.Object, java.lang.Object, java.lang.Object, java.lang.Object, java.lang.Object, java.lang.Object, java.lang.Object, java.lang.Object, java.lang.Object)'> (0x00000000d56ef8e8) 
thrown [s\src\hotspot\share\interpreter\linkResolver.cpp, line 773]
Event: 8.610 Thread 0x000002827e288a60 Exception <a 'java/lang/NoSuchMethodError'{0x00000000d56f9d80}: 'java.lang.Object java.lang.invoke.DelegatingMethodHandle$Holder.delegate(java.lang.Object, java.lang.Object, java.lang.Object, java.lang.Object, java.lang.Object, java.lang.Object, java.lang.Object, java.lang.Object, java.lang.Object, java.lang.Object, java.lang.Object, java.lang.Object, java.lang.Object)'> (0x00000000d56f9d80) 
thrown [s\src\hotspot\share\interpreter\linkResolver.cpp, line 773]
Event: 8.625 Thread 0x000002827e288a60 Exception <a 'java/lang/NoSuchMethodError'{0x00000000d5764678}: static Lorg/eclipse/m2e/core/internal/lifecyclemapping/model/PluginExecutionMetadata;.<clinit>()V> (0x00000000d5764678) 
thrown [s\src\hotspot\share\prims\jni.cpp, line 1111]
Event: 8.639 Thread 0x000002827e288a60 Exception <a 'java/lang/NoSuchMethodError'{0x00000000d57c0778}: static Lorg/eclipse/m2e/core/internal/lifecyclemapping/model/PluginExecutionFilter;.<clinit>()V> (0x00000000d57c0778) 
thrown [s\src\hotspot\share\prims\jni.cpp, line 1111]
Event: 8.645 Thread 0x000002827e288a60 Exception <a 'java/lang/NoSuchMethodError'{0x00000000d57f0128}: static Lorg/eclipse/m2e/core/internal/project/registry/MavenProjectFacade$MavenProjectConfiguration;.<clinit>()V> (0x00000000d57f0128) 
thrown [s\src\hotspot\share\prims\jni.cpp, line 1111]
Event: 8.811 Thread 0x000002827e288a60 Exception <a 'java/lang/NoSuchMethodError'{0x00000000d5d368e8}: 'double java.lang.invoke.DirectMethodHandle$Holder.invokeStatic(java.lang.Object, java.lang.Object)'> (0x00000000d5d368e8) 
thrown [s\src\hotspot\share\interpreter\linkResolver.cpp, line 773]
Event: 8.812 Thread 0x000002827e288a60 Exception <a 'java/lang/NoSuchMethodError'{0x00000000d5d39fa8}: 'double java.lang.invoke.DirectMethodHandle$Holder.invokeStaticInit(java.lang.Object, java.lang.Object)'> (0x00000000d5d39fa8) 
thrown [s\src\hotspot\share\interpreter\linkResolver.cpp, line 773]
Event: 9.094 Thread 0x000002827e288a60 Exception <a 'java/io/FileNotFoundException'{0x00000000d55fdf30}> (0x00000000d55fdf30) 
thrown [s\src\hotspot\share\prims\jni.cpp, line 520]
Event: 9.095 Thread 0x000002827e288a60 Exception <a 'java/io/FileNotFoundException'{0x00000000d55fedc0}> (0x00000000d55fedc0) 
thrown [s\src\hotspot\share\prims\jni.cpp, line 520]
Event: 9.095 Thread 0x000002827e288a60 Exception <a 'java/io/FileNotFoundException'{0x00000000d55ffd58}> (0x00000000d55ffd58) 
thrown [s\src\hotspot\share\prims\jni.cpp, line 520]
Event: 9.793 Thread 0x000002827f0f2750 Exception <a 'java/lang/NoSuchMethodError'{0x00000000d5ad5a48}: 'java.lang.Object java.lang.invoke.DirectMethodHandle$Holder.invokeSpecialIFC(java.lang.Object, java.lang.Object, java.lang.Object, java.lang.Object)'> (0x00000000d5ad5a48) 
thrown [s\src\hotspot\share\interpreter\linkResolver.cpp, line 773]
Event: 9.893 Thread 0x000002827e288a60 Exception <a 'java/lang/NoSuchMethodError'{0x00000000d66b08b0}: 'java.lang.Object java.lang.invoke.DirectMethodHandle$Holder.newInvokeSpecial(java.lang.Object, int, java.lang.Object, java.lang.Object)'> (0x00000000d66b08b0) 
thrown [s\src\hotspot\share\interpreter\linkResolver.cpp, line 773]
Event: 9.898 Thread 0x000002827e288a60 Exception <a 'java/io/FileNotFoundException'{0x00000000d66d3410}> (0x00000000d66d3410) 
thrown [s\src\hotspot\share\prims\jni.cpp, line 520]
Event: 10.284 Thread 0x000002827e288a60 Exception <a 'java/lang/ClassNotFoundException'{0x00000000d64dc178}: com/sun/org/apache/xerces/internal/impl/msg/spi/DOMMessagesProvider> (0x00000000d64dc178) 
thrown [s\src\hotspot\share\classfile\systemDictionary.cpp, line 312]
Event: 10.286 Thread 0x000002827e288a60 Exception <a 'java/lang/ClassNotFoundException'{0x00000000d64ed8e0}: com/sun/org/apache/xerces/internal/impl/msg/spi/XMLSerializerMessagesProvider> (0x00000000d64ed8e0) 
thrown [s\src\hotspot\share\classfile\systemDictionary.cpp, line 312]
Event: 10.288 Thread 0x000002827e288a60 Exception <a 'java/lang/ClassNotFoundException'{0x00000000d64fabb0}: com/sun/org/apache/xerces/internal/impl/msg/spi/XMLMessagesProvider> (0x00000000d64fabb0) 
thrown [s\src\hotspot\share\classfile\systemDictionary.cpp, line 312]

ZGC Phase Switch (0 events):
No events

VM Operations (20 events):
Event: 7.497 Executing VM operation: HandshakeAllThreads (Deoptimize)
Event: 7.498 Executing VM operation: HandshakeAllThreads (Deoptimize) done
Event: 7.669 Executing VM operation: ParallelGCFailedAllocation (Allocation Failure)
Event: 7.678 Executing VM operation: ParallelGCFailedAllocation (Allocation Failure) done
Event: 8.370 Executing VM operation: HandshakeAllThreads (Deoptimize)
Event: 8.370 Executing VM operation: HandshakeAllThreads (Deoptimize) done
Event: 8.486 Executing VM operation: CollectForMetadataAllocation (Metadata GC Threshold)
Event: 8.557 Executing VM operation: CollectForMetadataAllocation (Metadata GC Threshold) done
Event: 9.063 Executing VM operation: ParallelGCFailedAllocation (Allocation Failure)
Event: 9.067 Executing VM operation: ParallelGCFailedAllocation (Allocation Failure) done
Event: 9.651 Executing VM operation: ParallelGCFailedAllocation (Allocation Failure)
Event: 9.654 Executing VM operation: ParallelGCFailedAllocation (Allocation Failure) done
Event: 9.737 Executing VM operation: HandshakeAllThreads (Deoptimize)
Event: 9.737 Executing VM operation: HandshakeAllThreads (Deoptimize) done
Event: 10.005 Executing VM operation: ParallelGCFailedAllocation (Allocation Failure)
Event: 10.010 Executing VM operation: ParallelGCFailedAllocation (Allocation Failure) done
Event: 10.123 Executing VM operation: HandshakeAllThreads (Deoptimize)
Event: 10.123 Executing VM operation: HandshakeAllThreads (Deoptimize) done
Event: 10.318 Executing VM operation: HandshakeAllThreads (Deoptimize)
Event: 10.328 Executing VM operation: HandshakeAllThreads (Deoptimize) done

Memory protections (0 events):
No events

Nmethod flushes (0 events):
No events

Events (20 events):
Event: 0.143 Thread 0x0000028274132110 Thread added: 0x00000282741d8f60
Event: 0.143 Thread 0x0000028274132110 Thread added: 0x00000282741da730
Event: 0.143 Thread 0x0000028274132110 Thread added: 0x00000282741db180
Event: 0.143 Thread 0x0000028274132110 Thread added: 0x00000282741dbfb0
Event: 0.144 Thread 0x0000028274132110 Thread added: 0x000002827cf32f60
Event: 0.205 Thread 0x0000028274132110 Thread added: 0x000002827cff1b50
Event: 0.954 Thread 0x0000028274132110 Thread added: 0x000002827d205fa0
Event: 2.849 Thread 0x0000028274132110 Thread added: 0x000002827df66a10
Event: 3.301 Thread 0x0000028274132110 Thread added: 0x000002827e695f40
Event: 3.373 Thread 0x000002827e695f40 Thread added: 0x000002827e288400
Event: 3.386 Thread 0x0000028274132110 Thread added: 0x000002827e288a60
Event: 4.178 Thread 0x000002827e288a60 Thread added: 0x000002827eac8360
Event: 4.659 Thread 0x000002827e288a60 Thread added: 0x000002827ea57b80
Event: 4.840 Thread 0x000002827e288a60 Thread added: 0x000002827f212b30
Event: 5.863 Thread 0x000002827e288a60 Thread added: 0x000002827f39d4a0
Event: 7.164 Thread 0x000002827e288a60 Thread added: 0x000002827f54c530
Event: 7.245 Thread 0x000002827e288a60 Thread added: 0x000002827f0f13a0
Event: 7.287 Thread 0x000002827f0f13a0 Thread added: 0x000002827f0f2750
Event: 9.890 Thread 0x000002827f0f13a0 Thread added: 0x000002827f0f3b00
Event: 10.316 Thread 0x000002827e288a60 Thread added: 0x000002827f0f4190


Dynamic libraries:
0x00007ff645c00000 - 0x00007ff645c0e000 	c:\Users\Shreyansh Bhardwaj\.vscode\extensions\redhat.java-1.44.0-win32-x64\jre\21.0.8-win32-x86_64\bin\java.exe
0x00007ffb243f0000 - 0x00007ffb24607000 	C:\WINDOWS\SYSTEM32\ntdll.dll
0x00007ffb231d0000 - 0x00007ffb23294000 	C:\WINDOWS\System32\KERNEL32.DLL
0x00007ffb219f0000 - 0x00007ffb21dc2000 	C:\WINDOWS\System32\KERNELBASE.dll
0x00007ffb21730000 - 0x00007ffb21841000 	C:\WINDOWS\System32\ucrtbase.dll
0x00007ffb03d40000 - 0x00007ffb03d58000 	c:\Users\Shreyansh Bhardwaj\.vscode\extensions\redhat.java-1.44.0-win32-x64\jre\21.0.8-win32-x86_64\bin\jli.dll
0x00007ffb22550000 - 0x00007ffb22701000 	C:\WINDOWS\System32\USER32.dll
0x00007ffb21880000 - 0x00007ffb218a6000 	C:\WINDOWS\System32\win32u.dll
0x00007ffb23300000 - 0x00007ffb23329000 	C:\WINDOWS\System32\GDI32.dll
0x00007ffb21600000 - 0x00007ffb21723000 	C:\WINDOWS\System32\gdi32full.dll
0x00007ffb214e0000 - 0x00007ffb2157a000 	C:\WINDOWS\System32\msvcp_win.dll
0x00007ffb03d20000 - 0x00007ffb03d3e000 	c:\Users\Shreyansh Bhardwaj\.vscode\extensions\redhat.java-1.44.0-win32-x64\jre\21.0.8-win32-x86_64\bin\VCRUNTIME140.dll
0x00007ffb0ffe0000 - 0x00007ffb1027b000 	C:\WINDOWS\WinSxS\amd64_microsoft.windows.common-controls_6595b64144ccf1df_6.0.22621.5547_none_27104afb73855772\COMCTL32.dll
0x00007ffb23b70000 - 0x00007ffb23c17000 	C:\WINDOWS\System32\msvcrt.dll
0x00007ffb23880000 - 0x00007ffb238b1000 	C:\WINDOWS\System32\IMM32.DLL
0x00007ffb03d10000 - 0x00007ffb03d1c000 	c:\Users\Shreyansh Bhardwaj\.vscode\extensions\redhat.java-1.44.0-win32-x64\jre\21.0.8-win32-x86_64\bin\vcruntime140_1.dll
0x00007ffada3d0000 - 0x00007ffada45d000 	c:\Users\Shreyansh Bhardwaj\.vscode\extensions\redhat.java-1.44.0-win32-x64\jre\21.0.8-win32-x86_64\bin\msvcp140.dll
0x00007ffa531c0000 - 0x00007ffa53f57000 	c:\Users\Shreyansh Bhardwaj\.vscode\extensions\redhat.java-1.44.0-win32-x64\jre\21.0.8-win32-x86_64\bin\server\jvm.dll
0x00007ffb22fc0000 - 0x00007ffb23071000 	C:\WINDOWS\System32\ADVAPI32.dll
0x00007ffb236c0000 - 0x00007ffb23768000 	C:\WINDOWS\System32\sechost.dll
0x00007ffb21850000 - 0x00007ffb21878000 	C:\WINDOWS\System32\bcrypt.dll
0x00007ffb23080000 - 0x00007ffb23194000 	C:\WINDOWS\System32\RPCRT4.dll
0x00007ffb23350000 - 0x00007ffb233c1000 	C:\WINDOWS\System32\WS2_32.dll
0x00007ffb213b0000 - 0x00007ffb213fd000 	C:\WINDOWS\SYSTEM32\POWRPROF.dll
0x00007ffb192b0000 - 0x00007ffb192e4000 	C:\WINDOWS\SYSTEM32\WINMM.dll
0x00007ffb17ac0000 - 0x00007ffb17aca000 	C:\WINDOWS\SYSTEM32\VERSION.dll
0x00007ffb21390000 - 0x00007ffb213a3000 	C:\WINDOWS\SYSTEM32\UMPDC.dll
0x00007ffb204e0000 - 0x00007ffb204f8000 	C:\WINDOWS\SYSTEM32\kernel.appcore.dll
0x00007ffb03d00000 - 0x00007ffb03d0a000 	c:\Users\Shreyansh Bhardwaj\.vscode\extensions\redhat.java-1.44.0-win32-x64\jre\21.0.8-win32-x86_64\bin\jimage.dll
0x00007ffb1efa0000 - 0x00007ffb1f1d3000 	C:\WINDOWS\SYSTEM32\DBGHELP.DLL
0x00007ffb23f80000 - 0x00007ffb24313000 	C:\WINDOWS\System32\combase.dll
0x00007ffb238c0000 - 0x00007ffb23997000 	C:\WINDOWS\System32\OLEAUT32.dll
0x00007ffb05580000 - 0x00007ffb055b2000 	C:\WINDOWS\SYSTEM32\dbgcore.DLL
0x00007ffb22000000 - 0x00007ffb2207b000 	C:\WINDOWS\System32\bcryptPrimitives.dll
0x00007ffb03cf0000 - 0x00007ffb03cff000 	c:\Users\Shreyansh Bhardwaj\.vscode\extensions\redhat.java-1.44.0-win32-x64\jre\21.0.8-win32-x86_64\bin\instrument.dll
0x00007ffb03cd0000 - 0x00007ffb03cef000 	c:\Users\Shreyansh Bhardwaj\.vscode\extensions\redhat.java-1.44.0-win32-x64\jre\21.0.8-win32-x86_64\bin\java.dll
0x00007ffb22710000 - 0x00007ffb22fb2000 	C:\WINDOWS\System32\SHELL32.dll
0x00007ffb218b0000 - 0x00007ffb219ef000 	C:\WINDOWS\System32\wintypes.dll
0x00007ffb1f3c0000 - 0x00007ffb1fcdd000 	C:\WINDOWS\SYSTEM32\windows.storage.dll
0x00007ffb233d0000 - 0x00007ffb234dc000 	C:\WINDOWS\System32\SHCORE.dll
0x00007ffb23d00000 - 0x00007ffb23d69000 	C:\WINDOWS\System32\shlwapi.dll
0x00007ffb21410000 - 0x00007ffb2143b000 	C:\WINDOWS\SYSTEM32\profapi.dll
0x00007ffaf2290000 - 0x00007ffaf22a8000 	c:\Users\Shreyansh Bhardwaj\.vscode\extensions\redhat.java-1.44.0-win32-x64\jre\21.0.8-win32-x86_64\bin\zip.dll
0x00007ffb03cc0000 - 0x00007ffb03cd0000 	C:\Users\Shreyansh Bhardwaj\.vscode\extensions\redhat.java-1.44.0-win32-x64\jre\21.0.8-win32-x86_64\bin\net.dll
0x00007ffb17e60000 - 0x00007ffb17f8c000 	C:\WINDOWS\SYSTEM32\WINHTTP.dll
0x00007ffb209b0000 - 0x00007ffb20a19000 	C:\WINDOWS\system32\mswsock.dll
0x00007ffaf2270000 - 0x00007ffaf2286000 	C:\Users\Shreyansh Bhardwaj\.vscode\extensions\redhat.java-1.44.0-win32-x64\jre\21.0.8-win32-x86_64\bin\nio.dll
0x00007ffaff5f0000 - 0x00007ffaff600000 	c:\Users\Shreyansh Bhardwaj\.vscode\extensions\redhat.java-1.44.0-win32-x64\jre\21.0.8-win32-x86_64\bin\verify.dll
0x00007ffad3b30000 - 0x00007ffad3b75000 	C:\Users\Shreyansh Bhardwaj\AppData\Roaming\Code\User\globalStorage\redhat.java\1.44.0\config_win\org.eclipse.equinox.launcher\org.eclipse.equinox.launcher.win32.win32.x86_64_1.2.1400.v20250730-1736\eclipse_11913.dll
0x00007ffb23de0000 - 0x00007ffb23f80000 	C:\WINDOWS\System32\ole32.dll
0x00007ffb20c00000 - 0x00007ffb20c1b000 	C:\WINDOWS\SYSTEM32\CRYPTSP.dll
0x00007ffb204a0000 - 0x00007ffb204d7000 	C:\WINDOWS\system32\rsaenh.dll
0x00007ffb20a50000 - 0x00007ffb20a78000 	C:\WINDOWS\SYSTEM32\USERENV.dll
0x00007ffb20bc0000 - 0x00007ffb20bcc000 	C:\WINDOWS\SYSTEM32\CRYPTBASE.dll
0x00007ffb1ff80000 - 0x00007ffb1ffad000 	C:\WINDOWS\SYSTEM32\IPHLPAPI.DLL
0x00007ffb23c30000 - 0x00007ffb23c39000 	C:\WINDOWS\System32\NSI.dll
0x00007ffaa1dd0000 - 0x00007ffaa1e19000 	C:\Users\Shreyansh Bhardwaj\AppData\Local\Temp\jna-1901370432\jna3858539873876249453.dll
0x00007ffb23cf0000 - 0x00007ffb23cf8000 	C:\WINDOWS\System32\PSAPI.DLL

JVMTI agents:
c:\Users\Shreyansh Bhardwaj\.vscode\extensions\redhat.java-1.44.0-win32-x64\lombok\lombok-1.18.39-4050.jar path:c:\Users\Shreyansh Bhardwaj\.vscode\extensions\redhat.java-1.44.0-win32-x64\jre\21.0.8-win32-x86_64\bin\instrument.dll, loaded, initialized, instrumentlib options:none

dbghelp: loaded successfully - version: 4.0.5 - missing functions: none
symbol engine: initialized successfully - sym options: 0x614 - pdb path: .;c:\Users\Shreyansh Bhardwaj\.vscode\extensions\redhat.java-1.44.0-win32-x64\jre\21.0.8-win32-x86_64\bin;C:\WINDOWS\SYSTEM32;C:\WINDOWS\WinSxS\amd64_microsoft.windows.common-controls_6595b64144ccf1df_6.0.22621.5547_none_27104afb73855772;c:\Users\Shreyansh Bhardwaj\.vscode\extensions\redhat.java-1.44.0-win32-x64\jre\21.0.8-win32-x86_64\bin\server;C:\Users\Shreyansh Bhardwaj\AppData\Roaming\Code\User\globalStorage\redhat.java\1.44.0\config_win\org.eclipse.equinox.launcher\org.eclipse.equinox.launcher.win32.win32.x86_64_1.2.1400.v20250730-1736;C:\Users\Shreyansh Bhardwaj\AppData\Local\Temp\jna-1901370432

VM Arguments:
jvm_args: --add-modules=ALL-SYSTEM --add-opens=java.base/java.util=ALL-UNNAMED --add-opens=java.base/java.lang=ALL-UNNAMED --add-opens=java.base/sun.nio.fs=ALL-UNNAMED -Declipse.application=org.eclipse.jdt.ls.core.id1 -Dosgi.bundles.defaultStartLevel=4 -Declipse.product=org.eclipse.jdt.ls.core.product -Djava.import.generatesMetadataFilesAtProjectRoot=false -DDetectVMInstallationsJob.disabled=true -Dfile.encoding=utf8 -XX:+UseParallelGC -XX:GCTimeRatio=4 -XX:AdaptiveSizePolicyWeight=90 -Dsun.zip.disableMemoryMapping=true -Xmx2G -Xms100m -Xlog:disable -javaagent:c:\Users\Shreyansh Bhardwaj\.vscode\extensions\redhat.java-1.44.0-win32-x64\lombok\lombok-1.18.39-4050.jar -XX:+HeapDumpOnOutOfMemoryError -XX:HeapDumpPath=c:\Users\Shreyansh Bhardwaj\AppData\Roaming\Code\User\workspaceStorage\78c7e8b256210418a5575d8a2d98ab2c\redhat.java -Daether.dependencyCollector.impl=bf 
java_command: c:\Users\Shreyansh Bhardwaj\.vscode\extensions\redhat.java-1.44.0-win32-x64\server\plugins\org.eclipse.equinox.launcher_1.7.0.v20250519-0528.jar -configuration c:\Users\Shreyansh Bhardwaj\AppData\Roaming\Code\User\globalStorage\redhat.java\1.44.0\config_win -data c:\Users\Shreyansh Bhardwaj\AppData\Roaming\Code\User\workspaceStorage\78c7e8b256210418a5575d8a2d98ab2c\redhat.java\jdt_ws --pipe=\\.\pipe\lsp-d97c16d226ffc96cc77ccc3f16a267de-sock
java_class_path (initial): c:\Users\Shreyansh Bhardwaj\.vscode\extensions\redhat.java-1.44.0-win32-x64\server\plugins\org.eclipse.equinox.launcher_1.7.0.v20250519-0528.jar
Launcher Type: SUN_STANDARD

[Global flags]
    uintx AdaptiveSizePolicyWeight                 = 90                                        {product} {command line}
     intx CICompilerCount                          = 4                                         {product} {ergonomic}
    uintx GCTimeRatio                              = 4                                         {product} {command line}
     bool HeapDumpOnOutOfMemoryError               = true                                   {manageable} {command line}
    ccstr HeapDumpPath                             = c:\Users\Shreyansh Bhardwaj\AppData\Roaming\Code\User\workspaceStorage\78c7e8b256210418a5575d8a2d98ab2c\redhat.java         {manageable} {command line}
   size_t InitialHeapSize                          = 104857600                                 {product} {command line}
   size_t MaxHeapSize                              = 2147483648                                {product} {command line}
   size_t MaxNewSize                               = 715653120                                 {product} {ergonomic}
   size_t MinHeapDeltaBytes                        = 524288                                    {product} {ergonomic}
   size_t MinHeapSize                              = 104857600                                 {product} {command line}
   size_t NewSize                                  = 34603008                                  {product} {ergonomic}
    uintx NonNMethodCodeHeapSize                   = 5839372                                {pd product} {ergonomic}
    uintx NonProfiledCodeHeapSize                  = 122909434                              {pd product} {ergonomic}
   size_t OldSize                                  = 70254592                                  {product} {ergonomic}
    uintx ProfiledCodeHeapSize                     = 122909434                              {pd product} {ergonomic}
    uintx ReservedCodeCacheSize                    = 251658240                              {pd product} {ergonomic}
     bool SegmentedCodeCache                       = true                                      {product} {ergonomic}
   size_t SoftMaxHeapSize                          = 2147483648                             {manageable} {ergonomic}
     bool UseCompressedOops                        = true                           {product lp64_product} {ergonomic}
     bool UseLargePagesIndividualAllocation        = false                                  {pd product} {ergonomic}
     bool UseParallelGC                            = true                                      {product} {command line}

Logging:
Log output configuration:
 #0: stdout all=off uptime,level,tags foldmultilines=false
 #1: stderr all=off uptime,level,tags foldmultilines=false

Environment Variables:
JAVA_HOME=C:\Program Files\Java\jdk-21
PATH=C:\Program Files\SqlCmd\;C:\Program Files\Microsoft MPI\Bin\;C:\Program Files\Common Files\Oracle\Java\javapath;C:\Program Files (x86)\Common Files\Oracle\Java\java8path;C:\Program Files (x86)\Common Files\Oracle\Java\javapath;C:\Program Files\Eclipse Adoptium\jdk-21.0.3.9-hotspot\bin;C:\Windows\system32;C:\Windows;C:\Windows\System32\Wbem;C:\Windows\System32\WindowsPowerShell\v1.0\;C:\Windows\System32\OpenSSH\;C:\Program Files (x86)\NVIDIA Corporation\PhysX\Common;C:\Program Files\NVIDIA Corporation\NVIDIA NvDLISR;C:\WINDOWS\system32;C:\WINDOWS;C:\WINDOWS\System32\Wbem;C:\WINDOWS\System32\WindowsPowerShell\v1.0\;C:\WINDOWS\System32\OpenSSH\;C:\MinGW\bin;C:\SFML-2.6.1\bin;C:\Program Files\dotnet\;C:\Program Files\CMake\bin;C:\Program Files\Git\cmd;C:\Program Files\MySQL\MySQL Server 8.0\bin;C:\Program Files\Microsoft SQL Server\Client SDK\ODBC\170\Tools\Binn\;C:\Program Files (x86)\Microsoft SQL Server\160\DTS\Binn\;C:\Program Files\Azure Data Studio\bin;C:\Program Files (x86)\Windows Kits\10\Windows Performance Toolkit\;C:\Program Files (x86)\Microsoft SQL Server\160\Tools\Binn\;C:\Program Files\Microsoft SQL Server\160\Tools\Binn\;C:\Program Files\Microsoft SQL Server\160\DTS\Binn\;C:\Program Files\Docker\Docker\resources\bin;C:\Program Files\nodejs\;C:\Users\Shreyansh Bhardwaj\AppData\Local\Programs\Python\Python313\Scripts\;C:\Users\Shreyansh Bhardwaj\AppData\Local\Programs\Python\Python313\;C:\Users\Shreyansh Bhardwaj\AppData\Local\Programs\Python\Launcher\;C:\Program Files\MySQL\MySQL Shell 8.0\bin\;C:\Users\Shreyansh Bhardwaj\AppData\Local\Microsoft\WindowsApps;C:\Users\Shreyansh Bhardwaj\AppData\Local\Programs\Microsoft VS Code\bin;C:\Users\Shreyansh Bhardwaj\AppData\Local\Programs\mongosh\;C:\Users\Shreyansh Bhardwaj\.dotnet\tools;C:\msys64\ucrt64\bin;C:\Users\Shreyansh Bhardwaj\AppData\Local\Programs\Python\Python313\Scripts;;C:\Program Files\JetBrains\IntelliJ IDEA 2023.1.3\bin;;C:\Users\Shreyansh Bhardwaj\.dotnet\tools;C:\Program Files\Azure Data Studio\bin;C:\Users\Shreyansh Bhardwaj\AppData\Roaming\npm
USERNAME=Shreyansh Bhardwaj
OS=Windows_NT
PROCESSOR_IDENTIFIER=AMD64 Family 25 Model 80 Stepping 0, AuthenticAMD
TMP=C:\Users\SHREYA~1\AppData\Local\Temp
TEMP=C:\Users\SHREYA~1\AppData\Local\Temp




Periodic native trim disabled

---------------  S Y S T E M  ---------------

OS:
 Windows 11 , 64 bit Build 22621 (10.0.22621.5415)
OS uptime: 1 days 22:53 hours
Hyper-V role detected

CPU: total 12 (initial active 12) (12 cores per cpu, 2 threads per core) family 25 model 80 stepping 0 microcode 0x0, cx8, cmov, fxsr, ht, mmx, 3dnowpref, sse, sse2, sse3, ssse3, sse4a, sse4.1, sse4.2, popcnt, lzcnt, tsc, tscinvbit, avx, avx2, aes, erms, clmul, bmi1, bmi2, adx, sha, fma, vzeroupper, clflush, clflushopt, hv, rdtscp, rdpid, fsrm, f16c, cet_ss
Processor Information for the first 12 processors :
  Max Mhz: 3301, Current Mhz: 1908, Mhz Limit: 3301

Memory: 4k page, system-wide physical 7532M (350M free)
TotalPageFile size 21768M (AvailPageFile size 317M)
current process WorkingSet (physical memory assigned to process): 163M, peak: 164M
current process commit charge ("private bytes"): 299M, peak: 300M

vm_info: OpenJDK 64-Bit Server VM (21.0.8+9-LTS) for windows-amd64 JRE (21.0.8+9-LTS), built on 2025-07-15T00:00:00Z by "admin" with MS VC++ 17.7 (VS2022)

END.
