#
# There is insufficient memory for the Java Runtime Environment to continue.
# Native memory allocation (malloc) failed to allocate 508128 bytes. Error detail: Chunk::new
# Possible reasons:
#   The system is out of physical RAM or swap space
#   This process is running with CompressedOops enabled, and the Java Heap may be blocking the growth of the native heap
# Possible solutions:
#   Reduce memory load on the system
#   Increase physical memory or swap space
#   Check if swap backing store is full
#   Decrease Java heap size (-Xmx/-Xms)
#   Decrease number of Java threads
#   Decrease Java thread stack sizes (-Xss)
#   Set larger code cache with -XX:ReservedCodeCacheSize=
#   JVM is running with Unscaled Compressed Oops mode in which the Java heap is
#     placed in the first 4GB address space. The Java Heap base address is the
#     maximum limit for the native heap growth. Please use -XX:HeapBaseMinAddress
#     to set the Java Heap base and to place the Java Heap above 4GB virtual address.
# This output file may be truncated or incomplete.
#
#  Out of Memory Error (arena.cpp:168), pid=12532, tid=17492
#
# JRE version: OpenJDK Runtime Environment Temurin-21.0.8+9 (21.0.8+9) (build 21.0.8+9-LTS)
# Java VM: OpenJDK 64-Bit Server VM Temurin-21.0.8+9 (21.0.8+9-LTS, mixed mode, sharing, tiered, compressed oops, compressed class ptrs, parallel gc, windows-amd64)
# No core dump will be written. Minidumps are not enabled by default on client versions of Windows
#

---------------  S U M M A R Y ------------

Command Line: --add-modules=ALL-SYSTEM --add-opens=java.base/java.util=ALL-UNNAMED --add-opens=java.base/java.lang=ALL-UNNAMED --add-opens=java.base/sun.nio.fs=ALL-UNNAMED -Declipse.application=org.eclipse.jdt.ls.core.id1 -Dosgi.bundles.defaultStartLevel=4 -Declipse.product=org.eclipse.jdt.ls.core.product -Djava.import.generatesMetadataFilesAtProjectRoot=false -DDetectVMInstallationsJob.disabled=true -Dfile.encoding=utf8 -XX:+UseParallelGC -XX:GCTimeRatio=4 -XX:AdaptiveSizePolicyWeight=90 -Dsun.zip.disableMemoryMapping=true -Xmx2G -Xms100m -Xlog:disable -javaagent:c:\Users\Shreyansh Bhardwaj\.vscode\extensions\redhat.java-1.44.0-win32-x64\lombok\lombok-1.18.39-4050.jar -XX:+HeapDumpOnOutOfMemoryError -XX:HeapDumpPath=c:\Users\Shreyansh Bhardwaj\AppData\Roaming\Code\User\workspaceStorage\78c7e8b256210418a5575d8a2d98ab2c\redhat.java -Daether.dependencyCollector.impl=bf c:\Users\Shreyansh Bhardwaj\.vscode\extensions\redhat.java-1.44.0-win32-x64\server\plugins\org.eclipse.equinox.launcher_1.7.0.v20250519-0528.jar -configuration c:\Users\Shreyansh Bhardwaj\AppData\Roaming\Code\User\globalStorage\redhat.java\1.44.0\config_win -data c:\Users\Shreyansh Bhardwaj\AppData\Roaming\Code\User\workspaceStorage\78c7e8b256210418a5575d8a2d98ab2c\redhat.java\jdt_ws --pipe=\\.\pipe\lsp-8762561d9e3d9a08492d208248a5f22f-sock

Host: AMD Ryzen 5 5600H with Radeon Graphics         , 12 cores, 7G,  Windows 11 , 64 bit Build 22621 (10.0.22621.5415)
Time: Thu Aug  7 09:56:26 2025 India Standard Time elapsed time: 30.264182 seconds (0d 0h 0m 30s)

---------------  T H R E A D  ---------------

Current thread (0x000001e2e4101190):  JavaThread "C2 CompilerThread1" daemon [_thread_in_native, id=17492, stack(0x000000d51f500000,0x000000d51f600000) (1024K)]


Current CompileTask:
C2:30264 4696       4       com.google.gson.stream.JsonReader::nextQuotedValue (294 bytes)

Stack: [0x000000d51f500000,0x000000d51f600000]
Native frames: (J=compiled Java code, j=interpreted, Vv=VM code, C=native code)
V  [jvm.dll+0x6d2449]
V  [jvm.dll+0x8ae341]
V  [jvm.dll+0x8b08be]
V  [jvm.dll+0x8b0fa3]
V  [jvm.dll+0x280c96]
V  [jvm.dll+0xc581d]
V  [jvm.dll+0xc5d53]
V  [jvm.dll+0x3b919c]
V  [jvm.dll+0x385315]
V  [jvm.dll+0x38477a]
V  [jvm.dll+0x248ed0]
V  [jvm.dll+0x2484af]
V  [jvm.dll+0x1c89ee]
V  [jvm.dll+0x257d4d]
V  [jvm.dll+0x2562ea]
V  [jvm.dll+0x3f2d16]
V  [jvm.dll+0x857e6b]
V  [jvm.dll+0x6d0b0d]
C  [ucrtbase.dll+0x29333]
C  [KERNEL32.DLL+0x1259d]
C  [ntdll.dll+0x5af78]


---------------  P R O C E S S  ---------------

Threads class SMR info:
_java_thread_list=0x000001e2e57ad2b0, length=44, elements={
0x000001e285e735d0, 0x000001e29c90deb0, 0x000001e285f13750, 0x000001e285f17580,
0x000001e285f18290, 0x000001e285f1c7f0, 0x000001e285f1a240, 0x000001e285f1b070,
0x000001e285f1df70, 0x000001e2dedc6f10, 0x000001e2df0ce8a0, 0x000001e2e43d6160,
0x000001e2e40a01a0, 0x000001e2deda71e0, 0x000001e2def5d790, 0x000001e2e42cf010,
0x000001e2e46cb410, 0x000001e2e47818f0, 0x000001e2e4101190, 0x000001e2e4b769c0,
0x000001e2e4b776e0, 0x000001e2e4b77050, 0x000001e2e4b77d70, 0x000001e2e4b78400,
0x000001e2e4b75ca0, 0x000001e2e4b76330, 0x000001e2e4b78a90, 0x000001e2e4b79120,
0x000001e2e5fc85f0, 0x000001e2e5fcba70, 0x000001e2e5fcc100, 0x000001e2e5fcb3e0,
0x000001e2e5fca030, 0x000001e2e5fc78d0, 0x000001e2e5fcc790, 0x000001e2e5fcce20,
0x000001e2e5fce1d0, 0x000001e2e5fcd4b0, 0x000001e2e5fc7f60, 0x000001e2e5fcdb40,
0x000001e2e5fc99a0, 0x000001e2e5fc8c80, 0x000001e2e5fca6c0, 0x000001e2e5fc7240
}

Java Threads: ( => current thread )
  0x000001e285e735d0 JavaThread "main"                              [_thread_blocked, id=13380, stack(0x000000d51d700000,0x000000d51d800000) (1024K)]
  0x000001e29c90deb0 JavaThread "Reference Handler"          daemon [_thread_blocked, id=11460, stack(0x000000d51db00000,0x000000d51dc00000) (1024K)]
  0x000001e285f13750 JavaThread "Finalizer"                  daemon [_thread_blocked, id=7868, stack(0x000000d51dc00000,0x000000d51dd00000) (1024K)]
  0x000001e285f17580 JavaThread "Signal Dispatcher"          daemon [_thread_blocked, id=20996, stack(0x000000d51dd00000,0x000000d51de00000) (1024K)]
  0x000001e285f18290 JavaThread "Attach Listener"            daemon [_thread_blocked, id=25956, stack(0x000000d51de00000,0x000000d51df00000) (1024K)]
  0x000001e285f1c7f0 JavaThread "Service Thread"             daemon [_thread_blocked, id=23308, stack(0x000000d51df00000,0x000000d51e000000) (1024K)]
  0x000001e285f1a240 JavaThread "Monitor Deflation Thread"   daemon [_thread_blocked, id=21020, stack(0x000000d51e000000,0x000000d51e100000) (1024K)]
  0x000001e285f1b070 JavaThread "C2 CompilerThread0"         daemon [_thread_in_native, id=19912, stack(0x000000d51e100000,0x000000d51e200000) (1024K)]
  0x000001e285f1df70 JavaThread "C1 CompilerThread0"         daemon [_thread_blocked, id=27012, stack(0x000000d51e200000,0x000000d51e300000) (1024K)]
  0x000001e2dedc6f10 JavaThread "Common-Cleaner"             daemon [_thread_blocked, id=16632, stack(0x000000d51e300000,0x000000d51e400000) (1024K)]
  0x000001e2df0ce8a0 JavaThread "Notification Thread"        daemon [_thread_blocked, id=24924, stack(0x000000d51e400000,0x000000d51e500000) (1024K)]
  0x000001e2e43d6160 JavaThread "Active Thread: Equinox Container: 80601234-53fe-415a-8e64-83ff4dfcca14"        [_thread_blocked, id=21748, stack(0x000000d51eb00000,0x000000d51ec00000) (1024K)]
  0x000001e2e40a01a0 JavaThread "Refresh Thread: Equinox Container: 80601234-53fe-415a-8e64-83ff4dfcca14" daemon [_thread_blocked, id=20444, stack(0x000000d51ed00000,0x000000d51ee00000) (1024K)]
  0x000001e2deda71e0 JavaThread "Framework Event Dispatcher: Equinox Container: 80601234-53fe-415a-8e64-83ff4dfcca14" daemon [_thread_blocked, id=7340, stack(0x000000d51ee00000,0x000000d51ef00000) (1024K)]
  0x000001e2def5d790 JavaThread "Start Level: Equinox Container: 80601234-53fe-415a-8e64-83ff4dfcca14" daemon [_thread_blocked, id=21328, stack(0x000000d51ef00000,0x000000d51f000000) (1024K)]
  0x000001e2e42cf010 JavaThread "Bundle File Closer"         daemon [_thread_blocked, id=23404, stack(0x000000d51f200000,0x000000d51f300000) (1024K)]
  0x000001e2e46cb410 JavaThread "SCR Component Actor"        daemon [_thread_blocked, id=25272, stack(0x000000d51f300000,0x000000d51f400000) (1024K)]
  0x000001e2e47818f0 JavaThread "SCR Component Registry"     daemon [_thread_blocked, id=27936, stack(0x000000d51f400000,0x000000d51f500000) (1024K)]
=>0x000001e2e4101190 JavaThread "C2 CompilerThread1"         daemon [_thread_in_native, id=17492, stack(0x000000d51f500000,0x000000d51f600000) (1024K)]
  0x000001e2e4b769c0 JavaThread "Worker-JM"                         [_thread_blocked, id=1828, stack(0x000000d51f600000,0x000000d51f700000) (1024K)]
  0x000001e2e4b776e0 JavaThread "JNA Cleaner"                daemon [_thread_blocked, id=20196, stack(0x000000d51f700000,0x000000d51f800000) (1024K)]
  0x000001e2e4b77050 JavaThread "Worker-0: Repository registry initialization"        [_thread_in_vm, id=4844, stack(0x000000d51f800000,0x000000d51f900000) (1024K)]
  0x000001e2e4b77d70 JavaThread "Worker-1: Initialize After Load"        [_thread_in_vm, id=12940, stack(0x000000d51f900000,0x000000d51fa00000) (1024K)]
  0x000001e2e4b78400 JavaThread "Java indexing"              daemon [_thread_in_vm, id=17728, stack(0x000000d51fa00000,0x000000d51fb00000) (1024K)]
  0x000001e2e4b75ca0 JavaThread "Worker-2: Java indexing... "        [_thread_blocked, id=2248, stack(0x000000d51fb00000,0x000000d51fc00000) (1024K)]
  0x000001e2e4b76330 JavaThread "Worker-3"                          [_thread_blocked, id=22092, stack(0x000000d51fc00000,0x000000d51fd00000) (1024K)]
  0x000001e2e4b78a90 JavaThread "Worker-4"                          [_thread_blocked, id=2548, stack(0x000000d51fd00000,0x000000d51fe00000) (1024K)]
  0x000001e2e4b79120 JavaThread "Thread-2"                   daemon [_thread_in_native, id=23704, stack(0x000000d51fe00000,0x000000d51ff00000) (1024K)]
  0x000001e2e5fc85f0 JavaThread "Thread-3"                   daemon [_thread_in_native, id=14552, stack(0x000000d51ff00000,0x000000d520000000) (1024K)]
  0x000001e2e5fcba70 JavaThread "Thread-4"                   daemon [_thread_in_native, id=26776, stack(0x000000d520000000,0x000000d520100000) (1024K)]
  0x000001e2e5fcc100 JavaThread "Thread-5"                   daemon [_thread_in_native, id=23960, stack(0x000000d520100000,0x000000d520200000) (1024K)]
  0x000001e2e5fcb3e0 JavaThread "Thread-6"                   daemon [_thread_in_native, id=9380, stack(0x000000d520200000,0x000000d520300000) (1024K)]
  0x000001e2e5fca030 JavaThread "Thread-7"                   daemon [_thread_in_native, id=2756, stack(0x000000d520300000,0x000000d520400000) (1024K)]
  0x000001e2e5fc78d0 JavaThread "Thread-8"                   daemon [_thread_in_native, id=9432, stack(0x000000d520400000,0x000000d520500000) (1024K)]
  0x000001e2e5fcc790 JavaThread "Thread-9"                   daemon [_thread_in_native, id=25784, stack(0x000000d520500000,0x000000d520600000) (1024K)]
  0x000001e2e5fcce20 JavaThread "Thread-10"                  daemon [_thread_in_native, id=17152, stack(0x000000d520600000,0x000000d520700000) (1024K)]
  0x000001e2e5fce1d0 JavaThread "Thread-11"                  daemon [_thread_in_native, id=14064, stack(0x000000d520700000,0x000000d520800000) (1024K)]
  0x000001e2e5fcd4b0 JavaThread "Thread-12"                  daemon [_thread_in_native, id=23076, stack(0x000000d520800000,0x000000d520900000) (1024K)]
  0x000001e2e5fc7f60 JavaThread "Thread-13"                  daemon [_thread_in_native, id=25148, stack(0x000000d520900000,0x000000d520a00000) (1024K)]
  0x000001e2e5fcdb40 JavaThread "Thread-14"                  daemon [_thread_in_native, id=17420, stack(0x000000d520a00000,0x000000d520b00000) (1024K)]
  0x000001e2e5fc99a0 JavaThread "pool-2-thread-1"                   [_thread_blocked, id=20228, stack(0x000000d520b00000,0x000000d520c00000) (1024K)]
  0x000001e2e5fc8c80 JavaThread "WorkspaceEventsHandler"            [_thread_blocked, id=27128, stack(0x000000d520c00000,0x000000d520d00000) (1024K)]
  0x000001e2e5fca6c0 JavaThread "pool-1-thread-1"                   [_thread_blocked, id=4968, stack(0x000000d520d00000,0x000000d520e00000) (1024K)]
  0x000001e2e5fc7240 JavaThread "Worker-5"                          [_thread_blocked, id=4832, stack(0x000000d51d500000,0x000000d51d600000) (1024K)]
Total: 44

Other Threads:
  0x000001e29c8f4830 VMThread "VM Thread"                           [id=16628, stack(0x000000d51da00000,0x000000d51db00000) (1024K)]
  0x000001e285ee1430 WatcherThread "VM Periodic Task Thread"        [id=15296, stack(0x000000d51d900000,0x000000d51da00000) (1024K)]
  0x000001e285e91920 WorkerThread "GC Thread#0"                     [id=28456, stack(0x000000d51d800000,0x000000d51d900000) (1024K)]
  0x000001e2def1bc40 WorkerThread "GC Thread#1"                     [id=17452, stack(0x000000d51e500000,0x000000d51e600000) (1024K)]
  0x000001e2def1bfe0 WorkerThread "GC Thread#2"                     [id=28300, stack(0x000000d51e600000,0x000000d51e700000) (1024K)]
  0x000001e2def1c380 WorkerThread "GC Thread#3"                     [id=24500, stack(0x000000d51e700000,0x000000d51e800000) (1024K)]
  0x000001e2def1c720 WorkerThread "GC Thread#4"                     [id=5204, stack(0x000000d51e800000,0x000000d51e900000) (1024K)]
  0x000001e2e43e67e0 WorkerThread "GC Thread#5"                     [id=17820, stack(0x000000d51e900000,0x000000d51ea00000) (1024K)]
  0x000001e2e43e6b80 WorkerThread "GC Thread#6"                     [id=22780, stack(0x000000d51ea00000,0x000000d51eb00000) (1024K)]
  0x000001e2e42f0a60 WorkerThread "GC Thread#7"                     [id=13336, stack(0x000000d51ec00000,0x000000d51ed00000) (1024K)]
  0x000001e2e47fe7c0 WorkerThread "GC Thread#8"                     [id=21544, stack(0x000000d51f000000,0x000000d51f100000) (1024K)]
  0x000001e2e47feb60 WorkerThread "GC Thread#9"                     [id=14148, stack(0x000000d51f100000,0x000000d51f200000) (1024K)]
Total: 12

Threads with active compile tasks:
C2 CompilerThread0  30299 4644       4       org.eclipse.osgi.internal.loader.classpath.ClasspathEntry::findEntry (56 bytes)
C2 CompilerThread1  30299 4696       4       com.google.gson.stream.JsonReader::nextQuotedValue (294 bytes)
Total: 2

VM state: not at safepoint (normal execution)

VM Mutex/Monitor currently owned by a thread:  ([mutex/lock_event])
[0x00007ffa4d7d3458] Metaspace_lock - owner thread: 0x000001e2e4b78400

Heap address: 0x0000000080000000, size: 2048 MB, Compressed Oops mode: 32-bit

CDS archive(s) mapped at: [0x000001e29d000000-0x000001e29dba0000-0x000001e29dba0000), size 12189696, SharedBaseAddress: 0x000001e29d000000, ArchiveRelocationMode: 1.
Compressed class space mapped at: 0x000001e29e000000-0x000001e2de000000, reserved size: 1073741824
Narrow klass base: 0x000001e29d000000, Narrow klass shift: 0, Narrow klass range: 0x100000000

GC Precious Log:
 CardTable entry size: 512
 CPUs: 12 total, 12 available
 Memory: 7532M
 Large Page Support: Disabled
 NUMA Support: Disabled
 Compressed Oops: Enabled (32-bit)
 Alignments: Space 512K, Generation 512K, Heap 2M
 Heap Min Capacity: 100M
 Heap Initial Capacity: 100M
 Heap Max Capacity: 2G
 Pre-touch: Disabled
 Parallel Workers: 10

Heap:
 PSYoungGen      total 23552K, used 22675K [0x00000000d5580000, 0x00000000d7100000, 0x0000000100000000)
  eden space 22016K, 96% used [0x00000000d5580000,0x00000000d6a28e48,0x00000000d6b00000)
  from space 1536K, 98% used [0x00000000d6c80000,0x00000000d6dfc120,0x00000000d6e00000)
  to   space 3072K, 0% used [0x00000000d6e00000,0x00000000d6e00000,0x00000000d7100000)
 ParOldGen       total 68608K, used 20057K [0x0000000080000000, 0x0000000084300000, 0x00000000d5580000)
  object space 68608K, 29% used [0x0000000080000000,0x00000000813964b0,0x0000000084300000)
 Metaspace       used 39312K, committed 40384K, reserved 1114112K
  class space    used 4186K, committed 4608K, reserved 1048576K

Card table byte_map: [0x000001e285840000,0x000001e285c50000] _byte_map_base: 0x000001e285440000

Marking Bits: (ParMarkBitMap*) 0x00007ffa4d7da340
 Begin Bits: [0x000001e298310000, 0x000001e29a310000)
 End Bits:   [0x000001e29a310000, 0x000001e29c310000)

Polling page: 0x000001e285630000

Metaspace:

Usage:
  Non-class:     34.30 MB used.
      Class:      4.09 MB used.
       Both:     38.39 MB used.

Virtual space:
  Non-class space:       64.00 MB reserved,      34.94 MB ( 55%) committed,  1 nodes.
      Class space:        1.00 GB reserved,       4.50 MB ( <1%) committed,  1 nodes.
             Both:        1.06 GB reserved,      39.44 MB (  4%) committed. 

Chunk freelists:
   Non-Class:  12.48 MB
       Class:  11.44 MB
        Both:  23.92 MB

MaxMetaspaceSize: unlimited
CompressedClassSpaceSize: 1.00 GB
Initial GC threshold: 21.00 MB
Current GC threshold: 58.38 MB
CDS: on
 - commit_granule_bytes: 65536.
 - commit_granule_words: 8192.
 - virtual_space_node_default_size: 8388608.
 - enlarge_chunks_in_place: 1.
 - use_allocation_guard: 0.


Internal statistics:

num_allocs_failed_limit: 6.
num_arena_births: 878.
num_arena_deaths: 14.
num_vsnodes_births: 2.
num_vsnodes_deaths: 0.
num_space_committed: 631.
num_space_uncommitted: 0.
num_chunks_returned_to_freelist: 20.
num_chunks_taken_from_freelist: 2623.
num_chunk_merges: 10.
num_chunk_splits: 1622.
num_chunks_enlarged: 914.
num_inconsistent_stats: 0.

CodeHeap 'non-profiled nmethods': size=120000Kb used=1924Kb max_used=2076Kb free=118075Kb
 bounds [0x000001e290b30000, 0x000001e290da0000, 0x000001e298060000]
CodeHeap 'profiled nmethods': size=120000Kb used=10004Kb max_used=10075Kb free=109995Kb
 bounds [0x000001e289060000, 0x000001e289a40000, 0x000001e290590000]
CodeHeap 'non-nmethods': size=5760Kb used=1360Kb max_used=1411Kb free=4399Kb
 bounds [0x000001e290590000, 0x000001e290800000, 0x000001e290b30000]
CodeCache: size=245760Kb, used=13288Kb, max_used=13562Kb, free=232469Kb
 total_blobs=5548, nmethods=4894, adapters=560, full_count=0
Compilation: enabled, stopped_count=0, restarted_count=0

Compilation events (20 events):
Event: 30.253 Thread 0x000001e285f1df70 nmethod 5468 0x000001e289180e90 code [0x000001e289181020, 0x000001e289181138]
Event: 30.255 Thread 0x000001e285f1df70 5469       2       com.google.inject.internal.util.SourceProvider::shouldBeSkipped (35 bytes)
Event: 30.255 Thread 0x000001e285f1df70 nmethod 5469 0x000001e289264510 code [0x000001e2892646e0, 0x000001e289264910]
Event: 30.255 Thread 0x000001e285f1df70 5470       2       java.util.Comparator::comparing (18 bytes)
Event: 30.256 Thread 0x000001e285f1df70 nmethod 5470 0x000001e289263e90 code [0x000001e289264060, 0x000001e289264318]
Event: 30.256 Thread 0x000001e285f1df70 5471       2       java.util.Comparator$$Lambda/0x000001e29e022a58::<init> (10 bytes)
Event: 30.256 Thread 0x000001e285f1df70 nmethod 5471 0x000001e289263b10 code [0x000001e289263ca0, 0x000001e289263dc0]
Event: 30.257 Thread 0x000001e285f1df70 5472       2       sun.reflect.generics.factory.CoreReflectionFactory::make (10 bytes)
Event: 30.257 Thread 0x000001e285f1df70 nmethod 5472 0x000001e289263710 code [0x000001e2892638a0, 0x000001e289263a10]
Event: 30.257 Thread 0x000001e285f1df70 5473       2       sun.reflect.generics.factory.CoreReflectionFactory::<init> (15 bytes)
Event: 30.257 Thread 0x000001e285f1df70 nmethod 5473 0x000001e289263390 code [0x000001e289263520, 0x000001e289263650]
Event: 30.258 Thread 0x000001e285f1df70 5474       2       com.google.inject.internal.DeclaredMembers::getDeclaredMethods (76 bytes)
Event: 30.259 Thread 0x000001e285f1df70 nmethod 5474 0x000001e289262110 code [0x000001e2892623c0, 0x000001e289262d40]
Event: 30.259 Thread 0x000001e285f1df70 5477       2       com.google.common.collect.Ordering::<init> (5 bytes)
Event: 30.259 Thread 0x000001e285f1df70 nmethod 5477 0x000001e289261d90 code [0x000001e289261f20, 0x000001e289262028]
Event: 30.260 Thread 0x000001e285f1df70 5475       2       com.google.common.collect.Ordering::from (23 bytes)
Event: 30.260 Thread 0x000001e285f1df70 nmethod 5475 0x000001e289261710 code [0x000001e2892618e0, 0x000001e289261c00]
Event: 30.260 Thread 0x000001e285f1df70 5476       2       com.google.common.collect.ComparatorOrdering::<init> (16 bytes)
Event: 30.260 Thread 0x000001e285f1df70 nmethod 5476 0x000001e289261210 code [0x000001e2892613c0, 0x000001e289261600]
Event: 30.260 Thread 0x000001e285f1df70 5478   !   2       com.google.inject.spi.InjectionPoint::getInjectionPoints (491 bytes)

GC Heap History (20 events):
Event: 28.242 GC heap before
{Heap before GC invocations=8 (full 1):
 PSYoungGen      total 28672K, used 4059K [0x00000000d5580000, 0x00000000d7680000, 0x0000000100000000)
  eden space 24576K, 0% used [0x00000000d5580000,0x00000000d5580000,0x00000000d6d80000)
  from space 4096K, 99% used [0x00000000d6e00000,0x00000000d71f6e90,0x00000000d7200000)
  to   space 4608K, 0% used [0x00000000d7200000,0x00000000d7200000,0x00000000d7680000)
 ParOldGen       total 68608K, used 9912K [0x0000000080000000, 0x0000000084300000, 0x00000000d5580000)
  object space 68608K, 14% used [0x0000000080000000,0x00000000809ae168,0x0000000084300000)
 Metaspace       used 20595K, committed 21504K, reserved 1114112K
  class space    used 2181K, committed 2560K, reserved 1048576K
}
Event: 28.275 GC heap after
{Heap after GC invocations=8 (full 1):
 PSYoungGen      total 28672K, used 0K [0x00000000d5580000, 0x00000000d7680000, 0x0000000100000000)
  eden space 24576K, 0% used [0x00000000d5580000,0x00000000d5580000,0x00000000d6d80000)
  from space 4096K, 0% used [0x00000000d6e00000,0x00000000d6e00000,0x00000000d7200000)
  to   space 4608K, 0% used [0x00000000d7200000,0x00000000d7200000,0x00000000d7680000)
 ParOldGen       total 68608K, used 12744K [0x0000000080000000, 0x0000000084300000, 0x00000000d5580000)
  object space 68608K, 18% used [0x0000000080000000,0x0000000080c722b8,0x0000000084300000)
 Metaspace       used 20582K, committed 21504K, reserved 1114112K
  class space    used 2177K, committed 2560K, reserved 1048576K
}
Event: 28.514 GC heap before
{Heap before GC invocations=9 (full 1):
 PSYoungGen      total 28672K, used 24576K [0x00000000d5580000, 0x00000000d7680000, 0x0000000100000000)
  eden space 24576K, 100% used [0x00000000d5580000,0x00000000d6d80000,0x00000000d6d80000)
  from space 4096K, 0% used [0x00000000d6e00000,0x00000000d6e00000,0x00000000d7200000)
  to   space 4608K, 0% used [0x00000000d7200000,0x00000000d7200000,0x00000000d7680000)
 ParOldGen       total 68608K, used 12744K [0x0000000080000000, 0x0000000084300000, 0x00000000d5580000)
  object space 68608K, 18% used [0x0000000080000000,0x0000000080c722b8,0x0000000084300000)
 Metaspace       used 22699K, committed 23616K, reserved 1114112K
  class space    used 2363K, committed 2752K, reserved 1048576K
}
Event: 28.515 GC heap after
{Heap after GC invocations=9 (full 1):
 PSYoungGen      total 25600K, used 1042K [0x00000000d5580000, 0x00000000d7380000, 0x0000000100000000)
  eden space 24064K, 0% used [0x00000000d5580000,0x00000000d5580000,0x00000000d6d00000)
  from space 1536K, 67% used [0x00000000d7200000,0x00000000d73048c0,0x00000000d7380000)
  to   space 2560K, 0% used [0x00000000d6e80000,0x00000000d6e80000,0x00000000d7100000)
 ParOldGen       total 68608K, used 12752K [0x0000000080000000, 0x0000000084300000, 0x00000000d5580000)
  object space 68608K, 18% used [0x0000000080000000,0x0000000080c742b8,0x0000000084300000)
 Metaspace       used 22699K, committed 23616K, reserved 1114112K
  class space    used 2363K, committed 2752K, reserved 1048576K
}
Event: 28.779 GC heap before
{Heap before GC invocations=10 (full 1):
 PSYoungGen      total 25600K, used 25100K [0x00000000d5580000, 0x00000000d7380000, 0x0000000100000000)
  eden space 24064K, 99% used [0x00000000d5580000,0x00000000d6cfea48,0x00000000d6d00000)
  from space 1536K, 67% used [0x00000000d7200000,0x00000000d73048c0,0x00000000d7380000)
  to   space 2560K, 0% used [0x00000000d6e80000,0x00000000d6e80000,0x00000000d7100000)
 ParOldGen       total 68608K, used 12752K [0x0000000080000000, 0x0000000084300000, 0x00000000d5580000)
  object space 68608K, 18% used [0x0000000080000000,0x0000000080c742b8,0x0000000084300000)
 Metaspace       used 26356K, committed 27264K, reserved 1114112K
  class space    used 2632K, committed 3008K, reserved 1048576K
}
Event: 28.781 GC heap after
{Heap after GC invocations=10 (full 1):
 PSYoungGen      total 26112K, used 1214K [0x00000000d5580000, 0x00000000d7280000, 0x0000000100000000)
  eden space 23552K, 0% used [0x00000000d5580000,0x00000000d5580000,0x00000000d6c80000)
  from space 2560K, 47% used [0x00000000d6e80000,0x00000000d6faf948,0x00000000d7100000)
  to   space 1536K, 0% used [0x00000000d7100000,0x00000000d7100000,0x00000000d7280000)
 ParOldGen       total 68608K, used 12752K [0x0000000080000000, 0x0000000084300000, 0x00000000d5580000)
  object space 68608K, 18% used [0x0000000080000000,0x0000000080c742b8,0x0000000084300000)
 Metaspace       used 26356K, committed 27264K, reserved 1114112K
  class space    used 2632K, committed 3008K, reserved 1048576K
}
Event: 29.083 GC heap before
{Heap before GC invocations=11 (full 1):
 PSYoungGen      total 26112K, used 24766K [0x00000000d5580000, 0x00000000d7280000, 0x0000000100000000)
  eden space 23552K, 100% used [0x00000000d5580000,0x00000000d6c80000,0x00000000d6c80000)
  from space 2560K, 47% used [0x00000000d6e80000,0x00000000d6faf948,0x00000000d7100000)
  to   space 1536K, 0% used [0x00000000d7100000,0x00000000d7100000,0x00000000d7280000)
 ParOldGen       total 68608K, used 12752K [0x0000000080000000, 0x0000000084300000, 0x00000000d5580000)
  object space 68608K, 18% used [0x0000000080000000,0x0000000080c742b8,0x0000000084300000)
 Metaspace       used 28026K, committed 28992K, reserved 1114112K
  class space    used 2759K, committed 3136K, reserved 1048576K
}
Event: 29.087 GC heap after
{Heap after GC invocations=11 (full 1):
 PSYoungGen      total 24576K, used 1507K [0x00000000d5580000, 0x00000000d7400000, 0x0000000100000000)
  eden space 23040K, 0% used [0x00000000d5580000,0x00000000d5580000,0x00000000d6c00000)
  from space 1536K, 98% used [0x00000000d7100000,0x00000000d7278fa8,0x00000000d7280000)
  to   space 4096K, 0% used [0x00000000d6c00000,0x00000000d6c00000,0x00000000d7000000)
 ParOldGen       total 68608K, used 14719K [0x0000000080000000, 0x0000000084300000, 0x00000000d5580000)
  object space 68608K, 21% used [0x0000000080000000,0x0000000080e5fce0,0x0000000084300000)
 Metaspace       used 28026K, committed 28992K, reserved 1114112K
  class space    used 2759K, committed 3136K, reserved 1048576K
}
Event: 29.469 GC heap before
{Heap before GC invocations=12 (full 1):
 PSYoungGen      total 24576K, used 24529K [0x00000000d5580000, 0x00000000d7400000, 0x0000000100000000)
  eden space 23040K, 99% used [0x00000000d5580000,0x00000000d6bfb5a8,0x00000000d6c00000)
  from space 1536K, 98% used [0x00000000d7100000,0x00000000d7278fa8,0x00000000d7280000)
  to   space 4096K, 0% used [0x00000000d6c00000,0x00000000d6c00000,0x00000000d7000000)
 ParOldGen       total 68608K, used 14719K [0x0000000080000000, 0x0000000084300000, 0x00000000d5580000)
  object space 68608K, 21% used [0x0000000080000000,0x0000000080e5fce0,0x0000000084300000)
 Metaspace       used 31314K, committed 32384K, reserved 1114112K
  class space    used 3125K, committed 3584K, reserved 1048576K
}
Event: 29.473 GC heap after
{Heap after GC invocations=12 (full 1):
 PSYoungGen      total 24576K, used 1930K [0x00000000d5580000, 0x00000000d7180000, 0x0000000100000000)
  eden space 22528K, 0% used [0x00000000d5580000,0x00000000d5580000,0x00000000d6b80000)
  from space 2048K, 94% used [0x00000000d6c00000,0x00000000d6de28e0,0x00000000d6e00000)
  to   space 2560K, 0% used [0x00000000d6f00000,0x00000000d6f00000,0x00000000d7180000)
 ParOldGen       total 68608K, used 16071K [0x0000000080000000, 0x0000000084300000, 0x00000000d5580000)
  object space 68608K, 23% used [0x0000000080000000,0x0000000080fb1cf8,0x0000000084300000)
 Metaspace       used 31314K, committed 32384K, reserved 1114112K
  class space    used 3125K, committed 3584K, reserved 1048576K
}
Event: 29.672 GC heap before
{Heap before GC invocations=13 (full 1):
 PSYoungGen      total 24576K, used 24458K [0x00000000d5580000, 0x00000000d7180000, 0x0000000100000000)
  eden space 22528K, 100% used [0x00000000d5580000,0x00000000d6b80000,0x00000000d6b80000)
  from space 2048K, 94% used [0x00000000d6c00000,0x00000000d6de28e0,0x00000000d6e00000)
  to   space 2560K, 0% used [0x00000000d6f00000,0x00000000d6f00000,0x00000000d7180000)
 ParOldGen       total 68608K, used 16071K [0x0000000080000000, 0x0000000084300000, 0x00000000d5580000)
  object space 68608K, 23% used [0x0000000080000000,0x0000000080fb1cf8,0x0000000084300000)
 Metaspace       used 34230K, committed 35328K, reserved 1114112K
  class space    used 3500K, committed 3968K, reserved 1048576K
}
Event: 29.676 GC heap after
{Heap after GC invocations=13 (full 1):
 PSYoungGen      total 24064K, used 1712K [0x00000000d5580000, 0x00000000d7100000, 0x0000000100000000)
  eden space 22016K, 0% used [0x00000000d5580000,0x00000000d5580000,0x00000000d6b00000)
  from space 2048K, 83% used [0x00000000d6f00000,0x00000000d70ac010,0x00000000d7100000)
  to   space 2048K, 0% used [0x00000000d6d00000,0x00000000d6d00000,0x00000000d6f00000)
 ParOldGen       total 68608K, used 17842K [0x0000000080000000, 0x0000000084300000, 0x00000000d5580000)
  object space 68608K, 26% used [0x0000000080000000,0x000000008116c868,0x0000000084300000)
 Metaspace       used 34230K, committed 35328K, reserved 1114112K
  class space    used 3500K, committed 3968K, reserved 1048576K
}
Event: 29.697 GC heap before
{Heap before GC invocations=14 (full 1):
 PSYoungGen      total 24064K, used 5375K [0x00000000d5580000, 0x00000000d7100000, 0x0000000100000000)
  eden space 22016K, 16% used [0x00000000d5580000,0x00000000d5913d58,0x00000000d6b00000)
  from space 2048K, 83% used [0x00000000d6f00000,0x00000000d70ac010,0x00000000d7100000)
  to   space 2048K, 0% used [0x00000000d6d00000,0x00000000d6d00000,0x00000000d6f00000)
 ParOldGen       total 68608K, used 17842K [0x0000000080000000, 0x0000000084300000, 0x00000000d5580000)
  object space 68608K, 26% used [0x0000000080000000,0x000000008116c868,0x0000000084300000)
 Metaspace       used 34654K, committed 35840K, reserved 1114112K
  class space    used 3575K, committed 4096K, reserved 1048576K
}
Event: 29.699 GC heap after
{Heap after GC invocations=14 (full 1):
 PSYoungGen      total 22528K, used 320K [0x00000000d5580000, 0x00000000d6f80000, 0x0000000100000000)
  eden space 22016K, 0% used [0x00000000d5580000,0x00000000d5580000,0x00000000d6b00000)
  from space 512K, 62% used [0x00000000d6d00000,0x00000000d6d50000,0x00000000d6d80000)
  to   space 1024K, 0% used [0x00000000d6e80000,0x00000000d6e80000,0x00000000d6f80000)
 ParOldGen       total 68608K, used 19374K [0x0000000080000000, 0x0000000084300000, 0x00000000d5580000)
  object space 68608K, 28% used [0x0000000080000000,0x00000000812eb9a8,0x0000000084300000)
 Metaspace       used 34654K, committed 35840K, reserved 1114112K
  class space    used 3575K, committed 4096K, reserved 1048576K
}
Event: 29.699 GC heap before
{Heap before GC invocations=15 (full 2):
 PSYoungGen      total 22528K, used 320K [0x00000000d5580000, 0x00000000d6f80000, 0x0000000100000000)
  eden space 22016K, 0% used [0x00000000d5580000,0x00000000d5580000,0x00000000d6b00000)
  from space 512K, 62% used [0x00000000d6d00000,0x00000000d6d50000,0x00000000d6d80000)
  to   space 1024K, 0% used [0x00000000d6e80000,0x00000000d6e80000,0x00000000d6f80000)
 ParOldGen       total 68608K, used 19374K [0x0000000080000000, 0x0000000084300000, 0x00000000d5580000)
  object space 68608K, 28% used [0x0000000080000000,0x00000000812eb9a8,0x0000000084300000)
 Metaspace       used 34654K, committed 35840K, reserved 1114112K
  class space    used 3575K, committed 4096K, reserved 1048576K
}
Event: 29.745 GC heap after
{Heap after GC invocations=15 (full 2):
 PSYoungGen      total 22528K, used 0K [0x00000000d5580000, 0x00000000d6f80000, 0x0000000100000000)
  eden space 22016K, 0% used [0x00000000d5580000,0x00000000d5580000,0x00000000d6b00000)
  from space 512K, 0% used [0x00000000d6d00000,0x00000000d6d00000,0x00000000d6d80000)
  to   space 1024K, 0% used [0x00000000d6e80000,0x00000000d6e80000,0x00000000d6f80000)
 ParOldGen       total 68608K, used 18761K [0x0000000080000000, 0x0000000084300000, 0x00000000d5580000)
  object space 68608K, 27% used [0x0000000080000000,0x00000000812524a0,0x0000000084300000)
 Metaspace       used 34654K, committed 35840K, reserved 1114112K
  class space    used 3575K, committed 4096K, reserved 1048576K
}
Event: 29.884 GC heap before
{Heap before GC invocations=16 (full 2):
 PSYoungGen      total 22528K, used 22016K [0x00000000d5580000, 0x00000000d6f80000, 0x0000000100000000)
  eden space 22016K, 100% used [0x00000000d5580000,0x00000000d6b00000,0x00000000d6b00000)
  from space 512K, 0% used [0x00000000d6d00000,0x00000000d6d00000,0x00000000d6d80000)
  to   space 1024K, 0% used [0x00000000d6e80000,0x00000000d6e80000,0x00000000d6f80000)
 ParOldGen       total 68608K, used 18761K [0x0000000080000000, 0x0000000084300000, 0x00000000d5580000)
  object space 68608K, 27% used [0x0000000080000000,0x00000000812524a0,0x0000000084300000)
 Metaspace       used 36775K, committed 37824K, reserved 1114112K
  class space    used 3884K, committed 4352K, reserved 1048576K
}
Event: 29.886 GC heap after
{Heap after GC invocations=16 (full 2):
 PSYoungGen      total 23040K, used 1005K [0x00000000d5580000, 0x00000000d6f80000, 0x0000000100000000)
  eden space 22016K, 0% used [0x00000000d5580000,0x00000000d5580000,0x00000000d6b00000)
  from space 1024K, 98% used [0x00000000d6e80000,0x00000000d6f7b670,0x00000000d6f80000)
  to   space 1536K, 0% used [0x00000000d6c80000,0x00000000d6c80000,0x00000000d6e00000)
 ParOldGen       total 68608K, used 18985K [0x0000000080000000, 0x0000000084300000, 0x00000000d5580000)
  object space 68608K, 27% used [0x0000000080000000,0x000000008128a4a0,0x0000000084300000)
 Metaspace       used 36775K, committed 37824K, reserved 1114112K
  class space    used 3884K, committed 4352K, reserved 1048576K
}
Event: 30.009 GC heap before
{Heap before GC invocations=17 (full 2):
 PSYoungGen      total 23040K, used 23021K [0x00000000d5580000, 0x00000000d6f80000, 0x0000000100000000)
  eden space 22016K, 100% used [0x00000000d5580000,0x00000000d6b00000,0x00000000d6b00000)
  from space 1024K, 98% used [0x00000000d6e80000,0x00000000d6f7b670,0x00000000d6f80000)
  to   space 1536K, 0% used [0x00000000d6c80000,0x00000000d6c80000,0x00000000d6e00000)
 ParOldGen       total 68608K, used 18985K [0x0000000080000000, 0x0000000084300000, 0x00000000d5580000)
  object space 68608K, 27% used [0x0000000080000000,0x000000008128a4a0,0x0000000084300000)
 Metaspace       used 37740K, committed 38848K, reserved 1114112K
  class space    used 3994K, committed 4480K, reserved 1048576K
}
Event: 30.014 GC heap after
{Heap after GC invocations=17 (full 2):
 PSYoungGen      total 23552K, used 1520K [0x00000000d5580000, 0x00000000d7100000, 0x0000000100000000)
  eden space 22016K, 0% used [0x00000000d5580000,0x00000000d5580000,0x00000000d6b00000)
  from space 1536K, 98% used [0x00000000d6c80000,0x00000000d6dfc120,0x00000000d6e00000)
  to   space 3072K, 0% used [0x00000000d6e00000,0x00000000d6e00000,0x00000000d7100000)
 ParOldGen       total 68608K, used 20057K [0x0000000080000000, 0x0000000084300000, 0x00000000d5580000)
  object space 68608K, 29% used [0x0000000080000000,0x00000000813964b0,0x0000000084300000)
 Metaspace       used 37740K, committed 38848K, reserved 1114112K
  class space    used 3994K, committed 4480K, reserved 1048576K
}

Dll operation events (10 events):
Event: 0.014 Loaded shared library c:\Users\Shreyansh Bhardwaj\.vscode\extensions\redhat.java-1.44.0-win32-x64\jre\21.0.8-win32-x86_64\bin\java.dll
Event: 0.134 Loaded shared library c:\Users\Shreyansh Bhardwaj\.vscode\extensions\redhat.java-1.44.0-win32-x64\jre\21.0.8-win32-x86_64\bin\zip.dll
Event: 0.163 Loaded shared library C:\Users\Shreyansh Bhardwaj\.vscode\extensions\redhat.java-1.44.0-win32-x64\jre\21.0.8-win32-x86_64\bin\instrument.dll
Event: 0.175 Loaded shared library C:\Users\Shreyansh Bhardwaj\.vscode\extensions\redhat.java-1.44.0-win32-x64\jre\21.0.8-win32-x86_64\bin\net.dll
Event: 0.177 Loaded shared library C:\Users\Shreyansh Bhardwaj\.vscode\extensions\redhat.java-1.44.0-win32-x64\jre\21.0.8-win32-x86_64\bin\nio.dll
Event: 0.182 Loaded shared library C:\Users\Shreyansh Bhardwaj\.vscode\extensions\redhat.java-1.44.0-win32-x64\jre\21.0.8-win32-x86_64\bin\zip.dll
Event: 0.220 Loaded shared library C:\Users\Shreyansh Bhardwaj\.vscode\extensions\redhat.java-1.44.0-win32-x64\jre\21.0.8-win32-x86_64\bin\jimage.dll
Event: 0.353 Loaded shared library c:\Users\Shreyansh Bhardwaj\.vscode\extensions\redhat.java-1.44.0-win32-x64\jre\21.0.8-win32-x86_64\bin\verify.dll
Event: 10.940 Loaded shared library C:\Users\Shreyansh Bhardwaj\AppData\Roaming\Code\User\globalStorage\redhat.java\1.44.0\config_win\org.eclipse.equinox.launcher\org.eclipse.equinox.launcher.win32.win32.x86_64_1.2.1400.v20250730-1736\eclipse_11913.dll
Event: 27.566 Loaded shared library C:\Users\Shreyansh Bhardwaj\AppData\Local\Temp\jna-1901370432\jna12982526567734545986.dll

Deoptimization events (20 events):
Event: 29.862 Thread 0x000001e285e735d0 Uncommon trap: trap_request=0xffffff45 fr.pc=0x000001e290cc59dc relative=0x000000000000071c
Event: 29.862 Thread 0x000001e285e735d0 Uncommon trap: reason=unstable_if action=reinterpret pc=0x000001e290cc59dc method=java.util.regex.Pattern$BmpCharPropertyGreedy.match(Ljava/util/regex/Matcher;ILjava/lang/CharSequence;)Z @ 12 c2
Event: 29.862 Thread 0x000001e285e735d0 DEOPT PACKING pc=0x000001e290cc59dc sp=0x000000d51d7fdcc0
Event: 29.862 Thread 0x000001e285e735d0 DEOPT UNPACKING pc=0x000001e2905e3aa2 sp=0x000000d51d7fdb88 mode 2
Event: 29.863 Thread 0x000001e2e4b77050 Uncommon trap: trap_request=0xffffff45 fr.pc=0x000001e290c4a5d4 relative=0x0000000000000134
Event: 29.863 Thread 0x000001e2e4b77050 Uncommon trap: reason=unstable_if action=reinterpret pc=0x000001e290c4a5d4 method=java.util.ArrayList.indexOfRange(Ljava/lang/Object;II)I @ 7 c2
Event: 29.863 Thread 0x000001e2e4b77050 DEOPT PACKING pc=0x000001e290c4a5d4 sp=0x000000d51f8fdf90
Event: 29.863 Thread 0x000001e2e4b77050 DEOPT UNPACKING pc=0x000001e2905e3aa2 sp=0x000000d51f8fde50 mode 2
Event: 29.872 Thread 0x000001e2e4b77050 Uncommon trap: trap_request=0xffffff45 fr.pc=0x000001e290c428b0 relative=0x0000000000000110
Event: 29.872 Thread 0x000001e2e4b77050 Uncommon trap: reason=unstable_if action=reinterpret pc=0x000001e290c428b0 method=java.util.ArrayList.indexOfRange(Ljava/lang/Object;II)I @ 7 c2
Event: 29.872 Thread 0x000001e2e4b77050 DEOPT PACKING pc=0x000001e290c428b0 sp=0x000000d51f8fdee0
Event: 29.872 Thread 0x000001e2e4b77050 DEOPT UNPACKING pc=0x000001e2905e3aa2 sp=0x000000d51f8fde60 mode 2
Event: 29.883 Thread 0x000001e2e4b77d70 DEOPT PACKING pc=0x000001e2891cde93 sp=0x000000d51f9feaf0
Event: 29.883 Thread 0x000001e2e4b77d70 DEOPT UNPACKING pc=0x000001e2905e4242 sp=0x000000d51f9fe070 mode 0
Event: 29.944 Thread 0x000001e2e4b77d70 DEOPT PACKING pc=0x000001e2893aa246 sp=0x000000d51f9feaf0
Event: 29.944 Thread 0x000001e2e4b77d70 DEOPT UNPACKING pc=0x000001e2905e4242 sp=0x000000d51f9fe070 mode 0
Event: 30.003 Thread 0x000001e2e4b77d70 DEOPT PACKING pc=0x000001e2893aa246 sp=0x000000d51f9feaf0
Event: 30.003 Thread 0x000001e2e4b77d70 DEOPT UNPACKING pc=0x000001e2905e4242 sp=0x000000d51f9fe070 mode 0
Event: 30.079 Thread 0x000001e2e4b77050 DEOPT PACKING pc=0x000001e2890bd3d3 sp=0x000000d51f8fdd00
Event: 30.079 Thread 0x000001e2e4b77050 DEOPT UNPACKING pc=0x000001e2905e4242 sp=0x000000d51f8fd170 mode 0

Classes loaded (20 events):
Event: 29.892 Loading class jdk/internal/access/JavaIOPrintWriterAccess done
Event: 29.892 Loading class java/io/PrintWriter$1 done
Event: 29.893 Loading class java/time/format/DateTimeParseContext
Event: 29.893 Loading class java/time/format/DateTimeParseContext done
Event: 29.893 Loading class java/time/format/Parsed
Event: 29.894 Loading class java/time/format/Parsed done
Event: 29.899 Loading class java/lang/foreign/MemorySegment
Event: 29.900 Loading class java/lang/foreign/MemorySegment done
Event: 30.169 Loading class sun/nio/cs/ThreadLocalCoders
Event: 30.170 Loading class sun/nio/cs/ThreadLocalCoders done
Event: 30.170 Loading class sun/nio/cs/ThreadLocalCoders$1
Event: 30.170 Loading class sun/nio/cs/ThreadLocalCoders$Cache
Event: 30.170 Loading class sun/nio/cs/ThreadLocalCoders$Cache done
Event: 30.170 Loading class sun/nio/cs/ThreadLocalCoders$1 done
Event: 30.170 Loading class sun/nio/cs/ThreadLocalCoders$2
Event: 30.170 Loading class sun/nio/cs/ThreadLocalCoders$2 done
Event: 30.257 Loading class sun/reflect/annotation/AnnotatedTypeFactory$AnnotatedParameterizedTypeImpl
Event: 30.257 Loading class java/lang/reflect/AnnotatedParameterizedType
Event: 30.257 Loading class java/lang/reflect/AnnotatedParameterizedType done
Event: 30.257 Loading class sun/reflect/annotation/AnnotatedTypeFactory$AnnotatedParameterizedTypeImpl done

Classes unloaded (7 events):
Event: 28.246 Thread 0x000001e29c8f4830 Unloading class 0x000001e29e1ac800 'java/lang/invoke/LambdaForm$MH+0x000001e29e1ac800'
Event: 28.246 Thread 0x000001e29c8f4830 Unloading class 0x000001e29e1ac400 'java/lang/invoke/LambdaForm$MH+0x000001e29e1ac400'
Event: 28.246 Thread 0x000001e29c8f4830 Unloading class 0x000001e29e1ac000 'java/lang/invoke/LambdaForm$MH+0x000001e29e1ac000'
Event: 28.246 Thread 0x000001e29c8f4830 Unloading class 0x000001e29e1abc00 'java/lang/invoke/LambdaForm$MH+0x000001e29e1abc00'
Event: 28.246 Thread 0x000001e29c8f4830 Unloading class 0x000001e29e1ab800 'java/lang/invoke/LambdaForm$BMH+0x000001e29e1ab800'
Event: 28.246 Thread 0x000001e29c8f4830 Unloading class 0x000001e29e1ab400 'java/lang/invoke/LambdaForm$DMH+0x000001e29e1ab400'
Event: 28.246 Thread 0x000001e29c8f4830 Unloading class 0x000001e29e1aa000 'java/lang/invoke/LambdaForm$DMH+0x000001e29e1aa000'

Classes redefined (0 events):
No events

Internal exceptions (20 events):
Event: 29.764 Thread 0x000001e2e4b77d70 Exception <a 'sun/nio/fs/WindowsException'{0x00000000d56c4f20}> (0x00000000d56c4f20) 
thrown [s\src\hotspot\share\prims\jni.cpp, line 520]
Event: 29.764 Thread 0x000001e2e4b77d70 Exception <a 'sun/nio/fs/WindowsException'{0x00000000d56c5800}> (0x00000000d56c5800) 
thrown [s\src\hotspot\share\prims\jni.cpp, line 520]
Event: 29.766 Thread 0x000001e2e4b77d70 Exception <a 'java/lang/NoSuchMethodError'{0x00000000d5819060}: 'void java.lang.invoke.DirectMethodHandle$Holder.invokeVirtual(java.lang.Object, java.lang.Object, java.lang.Object, java.lang.Object)'> (0x00000000d5819060) 
thrown [s\src\hotspot\share\interpreter\linkResolver.cpp, line 773]
Event: 29.770 Thread 0x000001e2e4b77d70 Exception <a 'sun/nio/fs/WindowsException'{0x00000000d58a0c40}> (0x00000000d58a0c40) 
thrown [s\src\hotspot\share\prims\jni.cpp, line 520]
Event: 29.770 Thread 0x000001e2e4b77d70 Exception <a 'sun/nio/fs/WindowsException'{0x00000000d58a1540}> (0x00000000d58a1540) 
thrown [s\src\hotspot\share\prims\jni.cpp, line 520]
Event: 29.771 Thread 0x000001e2e4b77d70 Exception <a 'sun/nio/fs/WindowsException'{0x00000000d58eb8b0}> (0x00000000d58eb8b0) 
thrown [s\src\hotspot\share\prims\jni.cpp, line 520]
Event: 29.771 Thread 0x000001e2e4b77d70 Exception <a 'sun/nio/fs/WindowsException'{0x00000000d58ec190}> (0x00000000d58ec190) 
thrown [s\src\hotspot\share\prims\jni.cpp, line 520]
Event: 29.772 Thread 0x000001e2e4b77d70 Exception <a 'sun/nio/fs/WindowsException'{0x00000000d58f13a0}> (0x00000000d58f13a0) 
thrown [s\src\hotspot\share\prims\jni.cpp, line 520]
Event: 29.772 Thread 0x000001e2e4b77d70 Exception <a 'sun/nio/fs/WindowsException'{0x00000000d5938388}> (0x00000000d5938388) 
thrown [s\src\hotspot\share\prims\jni.cpp, line 520]
Event: 29.773 Thread 0x000001e2e4b77d70 Exception <a 'sun/nio/fs/WindowsException'{0x00000000d5939c70}> (0x00000000d5939c70) 
thrown [s\src\hotspot\share\prims\jni.cpp, line 520]
Event: 29.773 Thread 0x000001e2e4b77d70 Exception <a 'sun/nio/fs/WindowsException'{0x00000000d593a2a0}> (0x00000000d593a2a0) 
thrown [s\src\hotspot\share\prims\jni.cpp, line 520]
Event: 29.782 Thread 0x000001e2e4b77d70 Exception <a 'java/io/FileNotFoundException'{0x00000000d5ad95b8}> (0x00000000d5ad95b8) 
thrown [s\src\hotspot\share\prims\jni.cpp, line 520]
Event: 29.824 Thread 0x000001e285e735d0 Exception <a 'java/lang/NoSuchMethodError'{0x00000000d61e79b8}: 'void java.lang.invoke.DirectMethodHandle$Holder.invokeSpecial(java.lang.Object, java.lang.Object, java.lang.Object, java.lang.Object, java.lang.Object, java.lang.Object)'> (0x00000000d61e79b8) 
thrown [s\src\hotspot\share\interpreter\linkResolver.cpp, line 773]
Event: 29.829 Thread 0x000001e285e735d0 Exception <a 'java/lang/IncompatibleClassChangeError'{0x00000000d61efc98}: Found class java.lang.Object, but interface was expected> (0x00000000d61efc98) 
thrown [s\src\hotspot\share\interpreter\linkResolver.cpp, line 840]
Event: 29.829 Thread 0x000001e285e735d0 Exception <a 'java/lang/IncompatibleClassChangeError'{0x00000000d6237170}: Found class java.lang.Object, but interface was expected> (0x00000000d6237170) 
thrown [s\src\hotspot\share\interpreter\linkResolver.cpp, line 840]
Event: 29.841 Thread 0x000001e2e4b77050 Exception <a 'java/lang/NoClassDefFoundError'{0x00000000d637de48}: javax/enterprise/inject/Typed> (0x00000000d637de48) 
thrown [s\src\hotspot\share\classfile\systemDictionary.cpp, line 301]
Event: 29.856 Thread 0x000001e2e4b77d70 Exception <a 'sun/nio/fs/WindowsException'{0x00000000d6678df8}> (0x00000000d6678df8) 
thrown [s\src\hotspot\share\prims\jni.cpp, line 520]
Event: 29.857 Thread 0x000001e2e4b77d70 Exception <a 'sun/nio/fs/WindowsException'{0x00000000d6679428}> (0x00000000d6679428) 
thrown [s\src\hotspot\share\prims\jni.cpp, line 520]
Event: 30.138 Thread 0x000001e2e4b77d70 Exception <a 'java/io/FileNotFoundException'{0x00000000d5d2bc38}> (0x00000000d5d2bc38) 
thrown [s\src\hotspot\share\prims\jni.cpp, line 520]
Event: 30.230 Thread 0x000001e2e4b77d70 Exception <a 'sun/nio/fs/WindowsException'{0x00000000d64a57c8}> (0x00000000d64a57c8) 
thrown [s\src\hotspot\share\prims\jni.cpp, line 520]

ZGC Phase Switch (0 events):
No events

VM Operations (20 events):
Event: 29.205 Executing VM operation: HandshakeAllThreads (Deoptimize)
Event: 29.205 Executing VM operation: HandshakeAllThreads (Deoptimize) done
Event: 29.210 Executing VM operation: HandshakeAllThreads (Deoptimize)
Event: 29.210 Executing VM operation: HandshakeAllThreads (Deoptimize) done
Event: 29.231 Executing VM operation: HandshakeAllThreads (Deoptimize)
Event: 29.231 Executing VM operation: HandshakeAllThreads (Deoptimize) done
Event: 29.372 Executing VM operation: HandshakeAllThreads (Deoptimize)
Event: 29.372 Executing VM operation: HandshakeAllThreads (Deoptimize) done
Event: 29.447 Executing VM operation: ParallelGCFailedAllocation (Allocation Failure)
Event: 29.473 Executing VM operation: ParallelGCFailedAllocation (Allocation Failure) done
Event: 29.672 Executing VM operation: ParallelGCFailedAllocation (Allocation Failure)
Event: 29.676 Executing VM operation: ParallelGCFailedAllocation (Allocation Failure) done
Event: 29.697 Executing VM operation: CollectForMetadataAllocation (Metadata GC Threshold)
Event: 29.745 Executing VM operation: CollectForMetadataAllocation (Metadata GC Threshold) done
Event: 29.832 Executing VM operation: HandshakeAllThreads (Deoptimize)
Event: 29.832 Executing VM operation: HandshakeAllThreads (Deoptimize) done
Event: 29.884 Executing VM operation: ParallelGCFailedAllocation (Allocation Failure)
Event: 29.886 Executing VM operation: ParallelGCFailedAllocation (Allocation Failure) done
Event: 30.009 Executing VM operation: ParallelGCFailedAllocation (Allocation Failure)
Event: 30.014 Executing VM operation: ParallelGCFailedAllocation (Allocation Failure) done

Memory protections (0 events):
No events

Nmethod flushes (20 events):
Event: 29.722 Thread 0x000001e29c8f4830 flushing  nmethod 0x000001e28970a810
Event: 29.722 Thread 0x000001e29c8f4830 flushing  nmethod 0x000001e28970ac10
Event: 29.722 Thread 0x000001e29c8f4830 flushing  nmethod 0x000001e28970b510
Event: 29.722 Thread 0x000001e29c8f4830 flushing  nmethod 0x000001e28970c710
Event: 29.722 Thread 0x000001e29c8f4830 flushing  nmethod 0x000001e28970cf10
Event: 29.722 Thread 0x000001e29c8f4830 flushing  nmethod 0x000001e28970d690
Event: 29.722 Thread 0x000001e29c8f4830 flushing  nmethod 0x000001e28970e010
Event: 29.722 Thread 0x000001e29c8f4830 flushing  nmethod 0x000001e28970e910
Event: 29.722 Thread 0x000001e29c8f4830 flushing  nmethod 0x000001e289712790
Event: 29.722 Thread 0x000001e29c8f4830 flushing  nmethod 0x000001e289713c10
Event: 29.722 Thread 0x000001e29c8f4830 flushing  nmethod 0x000001e289738710
Event: 29.722 Thread 0x000001e29c8f4830 flushing  nmethod 0x000001e289740790
Event: 29.722 Thread 0x000001e29c8f4830 flushing  nmethod 0x000001e289750290
Event: 29.722 Thread 0x000001e29c8f4830 flushing  nmethod 0x000001e289753e90
Event: 29.722 Thread 0x000001e29c8f4830 flushing  nmethod 0x000001e28979c490
Event: 29.722 Thread 0x000001e29c8f4830 flushing  nmethod 0x000001e2897e9510
Event: 29.722 Thread 0x000001e29c8f4830 flushing  nmethod 0x000001e28980a790
Event: 29.722 Thread 0x000001e29c8f4830 flushing  nmethod 0x000001e289819890
Event: 29.722 Thread 0x000001e29c8f4830 flushing  nmethod 0x000001e289819d10
Event: 29.722 Thread 0x000001e29c8f4830 flushing  nmethod 0x000001e289839390

Events (20 events):
Event: 29.073 Thread 0x000001e2def5d790 Thread added: 0x000001e2e4b78400
Event: 29.361 Thread 0x000001e2e4b77050 Thread added: 0x000001e2e4b75ca0
Event: 29.387 Thread 0x000001e2e4b75ca0 Thread added: 0x000001e2e4b76330
Event: 29.441 Thread 0x000001e2e4b76330 Thread added: 0x000001e2e4b78a90
Event: 29.528 Thread 0x000001e285e735d0 Thread added: 0x000001e2e4b79120
Event: 29.528 Thread 0x000001e285e735d0 Thread added: 0x000001e2e5fc85f0
Event: 29.529 Thread 0x000001e285e735d0 Thread added: 0x000001e2e5fcba70
Event: 29.529 Thread 0x000001e285e735d0 Thread added: 0x000001e2e5fcc100
Event: 29.529 Thread 0x000001e285e735d0 Thread added: 0x000001e2e5fcb3e0
Event: 29.529 Thread 0x000001e285e735d0 Thread added: 0x000001e2e5fca030
Event: 29.529 Thread 0x000001e285e735d0 Thread added: 0x000001e2e5fc78d0
Event: 29.529 Thread 0x000001e285e735d0 Thread added: 0x000001e2e5fcc790
Event: 29.529 Thread 0x000001e285e735d0 Thread added: 0x000001e2e5fcce20
Event: 29.529 Thread 0x000001e285e735d0 Thread added: 0x000001e2e5fce1d0
Event: 29.529 Thread 0x000001e285e735d0 Thread added: 0x000001e2e5fcd4b0
Event: 29.529 Thread 0x000001e285e735d0 Thread added: 0x000001e2e5fc7f60
Event: 29.529 Thread 0x000001e285e735d0 Thread added: 0x000001e2e5fcdb40
Event: 29.610 Thread 0x000001e285e735d0 Thread added: 0x000001e2e5fc99a0
Event: 29.855 Thread 0x000001e285e735d0 Thread added: 0x000001e2e5fc8c80
Event: 29.855 Thread 0x000001e285e735d0 Thread added: 0x000001e2e5fca6c0


Dynamic libraries:
0x00007ff6a1f00000 - 0x00007ff6a1f0e000 	c:\Users\Shreyansh Bhardwaj\.vscode\extensions\redhat.java-1.44.0-win32-x64\jre\21.0.8-win32-x86_64\bin\java.exe
0x00007ffb243f0000 - 0x00007ffb24607000 	C:\WINDOWS\SYSTEM32\ntdll.dll
0x00007ffb231d0000 - 0x00007ffb23294000 	C:\WINDOWS\System32\KERNEL32.DLL
0x00007ffb219f0000 - 0x00007ffb21dc2000 	C:\WINDOWS\System32\KERNELBASE.dll
0x00007ffb21730000 - 0x00007ffb21841000 	C:\WINDOWS\System32\ucrtbase.dll
0x00007ffb11030000 - 0x00007ffb1104e000 	c:\Users\Shreyansh Bhardwaj\.vscode\extensions\redhat.java-1.44.0-win32-x64\jre\21.0.8-win32-x86_64\bin\VCRUNTIME140.dll
0x00007ffb091a0000 - 0x00007ffb091b8000 	c:\Users\Shreyansh Bhardwaj\.vscode\extensions\redhat.java-1.44.0-win32-x64\jre\21.0.8-win32-x86_64\bin\jli.dll
0x00007ffb22550000 - 0x00007ffb22701000 	C:\WINDOWS\System32\USER32.dll
0x00007ffb0ffe0000 - 0x00007ffb1027b000 	C:\WINDOWS\WinSxS\amd64_microsoft.windows.common-controls_6595b64144ccf1df_6.0.22621.5547_none_27104afb73855772\COMCTL32.dll
0x00007ffb21880000 - 0x00007ffb218a6000 	C:\WINDOWS\System32\win32u.dll
0x00007ffb23b70000 - 0x00007ffb23c17000 	C:\WINDOWS\System32\msvcrt.dll
0x00007ffb23300000 - 0x00007ffb23329000 	C:\WINDOWS\System32\GDI32.dll
0x00007ffb21600000 - 0x00007ffb21723000 	C:\WINDOWS\System32\gdi32full.dll
0x00007ffb214e0000 - 0x00007ffb2157a000 	C:\WINDOWS\System32\msvcp_win.dll
0x00007ffb23880000 - 0x00007ffb238b1000 	C:\WINDOWS\System32\IMM32.DLL
0x00007ffb1db10000 - 0x00007ffb1db1c000 	c:\Users\Shreyansh Bhardwaj\.vscode\extensions\redhat.java-1.44.0-win32-x64\jre\21.0.8-win32-x86_64\bin\vcruntime140_1.dll
0x00007ffaf8d90000 - 0x00007ffaf8e1d000 	c:\Users\Shreyansh Bhardwaj\.vscode\extensions\redhat.java-1.44.0-win32-x64\jre\21.0.8-win32-x86_64\bin\msvcp140.dll
0x00007ffa4cb20000 - 0x00007ffa4d8b7000 	c:\Users\Shreyansh Bhardwaj\.vscode\extensions\redhat.java-1.44.0-win32-x64\jre\21.0.8-win32-x86_64\bin\server\jvm.dll
0x00007ffb22fc0000 - 0x00007ffb23071000 	C:\WINDOWS\System32\ADVAPI32.dll
0x00007ffb236c0000 - 0x00007ffb23768000 	C:\WINDOWS\System32\sechost.dll
0x00007ffb21850000 - 0x00007ffb21878000 	C:\WINDOWS\System32\bcrypt.dll
0x00007ffb23080000 - 0x00007ffb23194000 	C:\WINDOWS\System32\RPCRT4.dll
0x00007ffb23350000 - 0x00007ffb233c1000 	C:\WINDOWS\System32\WS2_32.dll
0x00007ffb192b0000 - 0x00007ffb192e4000 	C:\WINDOWS\SYSTEM32\WINMM.dll
0x00007ffb213b0000 - 0x00007ffb213fd000 	C:\WINDOWS\SYSTEM32\POWRPROF.dll
0x00007ffb17ac0000 - 0x00007ffb17aca000 	C:\WINDOWS\SYSTEM32\VERSION.dll
0x00007ffb21390000 - 0x00007ffb213a3000 	C:\WINDOWS\SYSTEM32\UMPDC.dll
0x00007ffb204e0000 - 0x00007ffb204f8000 	C:\WINDOWS\SYSTEM32\kernel.appcore.dll
0x00007ffb09180000 - 0x00007ffb0918a000 	c:\Users\Shreyansh Bhardwaj\.vscode\extensions\redhat.java-1.44.0-win32-x64\jre\21.0.8-win32-x86_64\bin\jimage.dll
0x00007ffb1efa0000 - 0x00007ffb1f1d3000 	C:\WINDOWS\SYSTEM32\DBGHELP.DLL
0x00007ffb23f80000 - 0x00007ffb24313000 	C:\WINDOWS\System32\combase.dll
0x00007ffb238c0000 - 0x00007ffb23997000 	C:\WINDOWS\System32\OLEAUT32.dll
0x00007ffb05580000 - 0x00007ffb055b2000 	C:\WINDOWS\SYSTEM32\dbgcore.DLL
0x00007ffb22000000 - 0x00007ffb2207b000 	C:\WINDOWS\System32\bcryptPrimitives.dll
0x00007ffb09170000 - 0x00007ffb0917f000 	c:\Users\Shreyansh Bhardwaj\.vscode\extensions\redhat.java-1.44.0-win32-x64\jre\21.0.8-win32-x86_64\bin\instrument.dll
0x00007ffaf8d40000 - 0x00007ffaf8d5f000 	c:\Users\Shreyansh Bhardwaj\.vscode\extensions\redhat.java-1.44.0-win32-x64\jre\21.0.8-win32-x86_64\bin\java.dll
0x00007ffb22710000 - 0x00007ffb22fb2000 	C:\WINDOWS\System32\SHELL32.dll
0x00007ffb218b0000 - 0x00007ffb219ef000 	C:\WINDOWS\System32\wintypes.dll
0x00007ffb1f3c0000 - 0x00007ffb1fcdd000 	C:\WINDOWS\SYSTEM32\windows.storage.dll
0x00007ffb233d0000 - 0x00007ffb234dc000 	C:\WINDOWS\System32\SHCORE.dll
0x00007ffb23d00000 - 0x00007ffb23d69000 	C:\WINDOWS\System32\shlwapi.dll
0x00007ffb21410000 - 0x00007ffb2143b000 	C:\WINDOWS\SYSTEM32\profapi.dll
0x00007ffad2bc0000 - 0x00007ffad2bd8000 	c:\Users\Shreyansh Bhardwaj\.vscode\extensions\redhat.java-1.44.0-win32-x64\jre\21.0.8-win32-x86_64\bin\zip.dll
0x00007ffad2bb0000 - 0x00007ffad2bc0000 	C:\Users\Shreyansh Bhardwaj\.vscode\extensions\redhat.java-1.44.0-win32-x64\jre\21.0.8-win32-x86_64\bin\net.dll
0x00007ffb17e60000 - 0x00007ffb17f8c000 	C:\WINDOWS\SYSTEM32\WINHTTP.dll
0x00007ffb209b0000 - 0x00007ffb20a19000 	C:\WINDOWS\system32\mswsock.dll
0x00007ffad2b90000 - 0x00007ffad2ba6000 	C:\Users\Shreyansh Bhardwaj\.vscode\extensions\redhat.java-1.44.0-win32-x64\jre\21.0.8-win32-x86_64\bin\nio.dll
0x00007ffad2b40000 - 0x00007ffad2b50000 	c:\Users\Shreyansh Bhardwaj\.vscode\extensions\redhat.java-1.44.0-win32-x64\jre\21.0.8-win32-x86_64\bin\verify.dll
0x00007ffac4930000 - 0x00007ffac4975000 	C:\Users\Shreyansh Bhardwaj\AppData\Roaming\Code\User\globalStorage\redhat.java\1.44.0\config_win\org.eclipse.equinox.launcher\org.eclipse.equinox.launcher.win32.win32.x86_64_1.2.1400.v20250730-1736\eclipse_11913.dll
0x00007ffb23de0000 - 0x00007ffb23f80000 	C:\WINDOWS\System32\ole32.dll
0x00007ffb20c00000 - 0x00007ffb20c1b000 	C:\WINDOWS\SYSTEM32\CRYPTSP.dll
0x00007ffb204a0000 - 0x00007ffb204d7000 	C:\WINDOWS\system32\rsaenh.dll
0x00007ffb20a50000 - 0x00007ffb20a78000 	C:\WINDOWS\SYSTEM32\USERENV.dll
0x00007ffb20bc0000 - 0x00007ffb20bcc000 	C:\WINDOWS\SYSTEM32\CRYPTBASE.dll
0x00007ffb1ff80000 - 0x00007ffb1ffad000 	C:\WINDOWS\SYSTEM32\IPHLPAPI.DLL
0x00007ffb23c30000 - 0x00007ffb23c39000 	C:\WINDOWS\System32\NSI.dll
0x00007ffac4b00000 - 0x00007ffac4b49000 	C:\Users\Shreyansh Bhardwaj\AppData\Local\Temp\jna-1901370432\jna12982526567734545986.dll
0x00007ffb23cf0000 - 0x00007ffb23cf8000 	C:\WINDOWS\System32\PSAPI.DLL
0x00007ffb17df0000 - 0x00007ffb17e09000 	C:\WINDOWS\SYSTEM32\dhcpcsvc6.DLL
0x00007ffb17db0000 - 0x00007ffb17dcf000 	C:\WINDOWS\SYSTEM32\dhcpcsvc.DLL

JVMTI agents:
c:\Users\Shreyansh Bhardwaj\.vscode\extensions\redhat.java-1.44.0-win32-x64\lombok\lombok-1.18.39-4050.jar path:c:\Users\Shreyansh Bhardwaj\.vscode\extensions\redhat.java-1.44.0-win32-x64\jre\21.0.8-win32-x86_64\bin\instrument.dll, loaded, initialized, instrumentlib options:none

dbghelp: loaded successfully - version: 4.0.5 - missing functions: none
symbol engine: initialized successfully - sym options: 0x614 - pdb path: .;c:\Users\Shreyansh Bhardwaj\.vscode\extensions\redhat.java-1.44.0-win32-x64\jre\21.0.8-win32-x86_64\bin;C:\WINDOWS\SYSTEM32;C:\WINDOWS\WinSxS\amd64_microsoft.windows.common-controls_6595b64144ccf1df_6.0.22621.5547_none_27104afb73855772;c:\Users\Shreyansh Bhardwaj\.vscode\extensions\redhat.java-1.44.0-win32-x64\jre\21.0.8-win32-x86_64\bin\server;C:\Users\Shreyansh Bhardwaj\AppData\Roaming\Code\User\globalStorage\redhat.java\1.44.0\config_win\org.eclipse.equinox.launcher\org.eclipse.equinox.launcher.win32.win32.x86_64_1.2.1400.v20250730-1736;C:\Users\Shreyansh Bhardwaj\AppData\Local\Temp\jna-1901370432

VM Arguments:
jvm_args: --add-modules=ALL-SYSTEM --add-opens=java.base/java.util=ALL-UNNAMED --add-opens=java.base/java.lang=ALL-UNNAMED --add-opens=java.base/sun.nio.fs=ALL-UNNAMED -Declipse.application=org.eclipse.jdt.ls.core.id1 -Dosgi.bundles.defaultStartLevel=4 -Declipse.product=org.eclipse.jdt.ls.core.product -Djava.import.generatesMetadataFilesAtProjectRoot=false -DDetectVMInstallationsJob.disabled=true -Dfile.encoding=utf8 -XX:+UseParallelGC -XX:GCTimeRatio=4 -XX:AdaptiveSizePolicyWeight=90 -Dsun.zip.disableMemoryMapping=true -Xmx2G -Xms100m -Xlog:disable -javaagent:c:\Users\Shreyansh Bhardwaj\.vscode\extensions\redhat.java-1.44.0-win32-x64\lombok\lombok-1.18.39-4050.jar -XX:+HeapDumpOnOutOfMemoryError -XX:HeapDumpPath=c:\Users\Shreyansh Bhardwaj\AppData\Roaming\Code\User\workspaceStorage\78c7e8b256210418a5575d8a2d98ab2c\redhat.java -Daether.dependencyCollector.impl=bf 
java_command: c:\Users\Shreyansh Bhardwaj\.vscode\extensions\redhat.java-1.44.0-win32-x64\server\plugins\org.eclipse.equinox.launcher_1.7.0.v20250519-0528.jar -configuration c:\Users\Shreyansh Bhardwaj\AppData\Roaming\Code\User\globalStorage\redhat.java\1.44.0\config_win -data c:\Users\Shreyansh Bhardwaj\AppData\Roaming\Code\User\workspaceStorage\78c7e8b256210418a5575d8a2d98ab2c\redhat.java\jdt_ws --pipe=\\.\pipe\lsp-8762561d9e3d9a08492d208248a5f22f-sock
java_class_path (initial): c:\Users\Shreyansh Bhardwaj\.vscode\extensions\redhat.java-1.44.0-win32-x64\server\plugins\org.eclipse.equinox.launcher_1.7.0.v20250519-0528.jar
Launcher Type: SUN_STANDARD

[Global flags]
    uintx AdaptiveSizePolicyWeight                 = 90                                        {product} {command line}
     intx CICompilerCount                          = 4                                         {product} {ergonomic}
    uintx GCTimeRatio                              = 4                                         {product} {command line}
     bool HeapDumpOnOutOfMemoryError               = true                                   {manageable} {command line}
    ccstr HeapDumpPath                             = c:\Users\Shreyansh Bhardwaj\AppData\Roaming\Code\User\workspaceStorage\78c7e8b256210418a5575d8a2d98ab2c\redhat.java         {manageable} {command line}
   size_t InitialHeapSize                          = 104857600                                 {product} {command line}
   size_t MaxHeapSize                              = 2147483648                                {product} {command line}
   size_t MaxNewSize                               = 715653120                                 {product} {ergonomic}
   size_t MinHeapDeltaBytes                        = 524288                                    {product} {ergonomic}
   size_t MinHeapSize                              = 104857600                                 {product} {command line}
   size_t NewSize                                  = 34603008                                  {product} {ergonomic}
    uintx NonNMethodCodeHeapSize                   = 5839372                                {pd product} {ergonomic}
    uintx NonProfiledCodeHeapSize                  = 122909434                              {pd product} {ergonomic}
   size_t OldSize                                  = 70254592                                  {product} {ergonomic}
    uintx ProfiledCodeHeapSize                     = 122909434                              {pd product} {ergonomic}
    uintx ReservedCodeCacheSize                    = 251658240                              {pd product} {ergonomic}
     bool SegmentedCodeCache                       = true                                      {product} {ergonomic}
   size_t SoftMaxHeapSize                          = 2147483648                             {manageable} {ergonomic}
     bool UseCompressedOops                        = true                           {product lp64_product} {ergonomic}
     bool UseLargePagesIndividualAllocation        = false                                  {pd product} {ergonomic}
     bool UseParallelGC                            = true                                      {product} {command line}

Logging:
Log output configuration:
 #0: stdout all=off uptime,level,tags foldmultilines=false
 #1: stderr all=off uptime,level,tags foldmultilines=false

Environment Variables:
JAVA_HOME=C:\Program Files\Java\jdk-21
PATH=C:\Program Files\SqlCmd\;C:\Program Files\Microsoft MPI\Bin\;C:\Program Files\Common Files\Oracle\Java\javapath;C:\Program Files (x86)\Common Files\Oracle\Java\java8path;C:\Program Files (x86)\Common Files\Oracle\Java\javapath;C:\Program Files\Eclipse Adoptium\jdk-21.0.3.9-hotspot\bin;C:\Windows\system32;C:\Windows;C:\Windows\System32\Wbem;C:\Windows\System32\WindowsPowerShell\v1.0\;C:\Windows\System32\OpenSSH\;C:\Program Files (x86)\NVIDIA Corporation\PhysX\Common;C:\Program Files\NVIDIA Corporation\NVIDIA NvDLISR;C:\WINDOWS\system32;C:\WINDOWS;C:\WINDOWS\System32\Wbem;C:\WINDOWS\System32\WindowsPowerShell\v1.0\;C:\WINDOWS\System32\OpenSSH\;C:\MinGW\bin;C:\SFML-2.6.1\bin;C:\Program Files\dotnet\;C:\Program Files\CMake\bin;C:\Program Files\Git\cmd;C:\Program Files\MySQL\MySQL Server 8.0\bin;C:\Program Files\Microsoft SQL Server\Client SDK\ODBC\170\Tools\Binn\;C:\Program Files (x86)\Microsoft SQL Server\160\DTS\Binn\;C:\Program Files\Azure Data Studio\bin;C:\Program Files (x86)\Windows Kits\10\Windows Performance Toolkit\;C:\Program Files (x86)\Microsoft SQL Server\160\Tools\Binn\;C:\Program Files\Microsoft SQL Server\160\Tools\Binn\;C:\Program Files\Microsoft SQL Server\160\DTS\Binn\;C:\Program Files\Docker\Docker\resources\bin;C:\Program Files\nodejs\;C:\Users\Shreyansh Bhardwaj\AppData\Local\Programs\Python\Python313\Scripts\;C:\Users\Shreyansh Bhardwaj\AppData\Local\Programs\Python\Python313\;C:\Users\Shreyansh Bhardwaj\AppData\Local\Programs\Python\Launcher\;C:\Program Files\MySQL\MySQL Shell 8.0\bin\;C:\Users\Shreyansh Bhardwaj\AppData\Local\Microsoft\WindowsApps;C:\Users\Shreyansh Bhardwaj\AppData\Local\Programs\Microsoft VS Code\bin;C:\Users\Shreyansh Bhardwaj\AppData\Local\Programs\mongosh\;C:\Users\Shreyansh Bhardwaj\.dotnet\tools;C:\msys64\ucrt64\bin;C:\Users\Shreyansh Bhardwaj\AppData\Local\Programs\Python\Python313\Scripts;;C:\Program Files\JetBrains\IntelliJ IDEA 2023.1.3\bin;;C:\Users\Shreyansh Bhardwaj\.dotnet\tools;C:\Program Files\Azure Data Studio\bin;C:\Users\Shreyansh Bhardwaj\AppData\Roaming\npm
USERNAME=Shreyansh Bhardwaj
OS=Windows_NT
PROCESSOR_IDENTIFIER=AMD64 Family 25 Model 80 Stepping 0, AuthenticAMD
TMP=C:\Users\SHREYA~1\AppData\Local\Temp
TEMP=C:\Users\SHREYA~1\AppData\Local\Temp




Periodic native trim disabled

---------------  S Y S T E M  ---------------

OS:
 Windows 11 , 64 bit Build 22621 (10.0.22621.5415)
OS uptime: 1 days 21:46 hours
Hyper-V role detected

CPU: total 12 (initial active 12) (12 cores per cpu, 2 threads per core) family 25 model 80 stepping 0 microcode 0x0, cx8, cmov, fxsr, ht, mmx, 3dnowpref, sse, sse2, sse3, ssse3, sse4a, sse4.1, sse4.2, popcnt, lzcnt, tsc, tscinvbit, avx, avx2, aes, erms, clmul, bmi1, bmi2, adx, sha, fma, vzeroupper, clflush, clflushopt, hv, rdtscp, rdpid, fsrm, f16c, cet_ss
Processor Information for the first 12 processors :
  Max Mhz: 3301, Current Mhz: 3301, Mhz Limit: 3301

Memory: 4k page, system-wide physical 7532M (340M free)
TotalPageFile size 21768M (AvailPageFile size 1M)
current process WorkingSet (physical memory assigned to process): 205M, peak: 215M
current process commit charge ("private bytes"): 337M, peak: 347M

vm_info: OpenJDK 64-Bit Server VM (21.0.8+9-LTS) for windows-amd64 JRE (21.0.8+9-LTS), built on 2025-07-15T00:00:00Z by "admin" with MS VC++ 17.7 (VS2022)

END.
